Log file open, 10/29/14 20:59:26
LogInit:Display: Running engine for game: gaem
LogInit: Version: 4.5.1-2336687+++depot+UE4-Releases+4.5
LogInit: API Version: 2326478
LogInit: Compiled (64-bit): Oct 21 2014 22:32:40
LogInit: Compiled with Visual C++: 18.00.21005.01
LogInit: Build Configuration: Development
LogInit: Branch Name: ++depot+UE4-Releases+4.5
LogInit: Command line:  /Temp/Autosaves/Game/UEDPCMy2DMap -game -PIEVIACONSOLE -ResX=1280 -ResY=720  -Multiprocess -featureleveles2 -faketouches 
LogInit: Base directory: C:/Program Files/Unreal Engine/4.5/Engine/Binaries/Win64/
LogInit: Rocket: 1
[2014.10.30-00.59.26:434][  0]LogTaskGraph: Started task graph with 3 named threads and 4 total threads.
[2014.10.30-00.59.26:466][  0]LogOnline:Warning: No default platform service specified for OnlineSubsystem
[2014.10.30-00.59.26:512][  0]LogInit: Presizing for 0 objects not considered by GC, pre-allocating 0 bytes.
[2014.10.30-00.59.26:520][  0]LogInit: Object subsystem initialized
[2014.10.30-00.59.26:522][  0]LogConsoleResponse:Warning: Skipping Unknown console variable: 'UIScaleRule = ShortestSide'
[2014.10.30-00.59.26:522][  0]LogConsoleResponse:Warning:   Found in ini file 'C:/Users/Matt/Projects/gaem/Saved/Config/Windows/Engine.ini', in section '[/Script/Engine.RendererSettings]'
[2014.10.30-00.59.26:522][  0]LogConsoleResponse:Warning: Skipping Unknown console variable: 'UIScaleCurve = (EditorCurveData=(Keys=((Time=480.000000,Value=0.444000),(Time=720.000000,Value=0.666000),(Time=1080.000000,Value=1.000000),(Time=8640.000000,Value=8.000000))),ExternalCurve=None)'
[2014.10.30-00.59.26:522][  0]LogConsoleResponse:Warning:   Found in ini file 'C:/Users/Matt/Projects/gaem/Saved/Config/Windows/Engine.ini', in section '[/Script/Engine.RendererSettings]'
[2014.10.30-00.59.26:522][  0]LogInit: Selected Device Profile: [Windows]
[2014.10.30-00.59.26:522][  0]LogInit: Applying CVar settings loaded from the selected device profile: [Windows]
[2014.10.30-00.59.26:526][  0]LogInit: Computer: BIGRED
[2014.10.30-00.59.26:526][  0]LogInit: User: Matt
[2014.10.30-00.59.26:527][  0]LogInit: CPU Page size=4096, Cores=4
[2014.10.30-00.59.26:527][  0]LogInit: High frequency timer resolution =3.561787 MHz
[2014.10.30-00.59.26:527][  0]LogMemory: Memory total: Physical=15.7GB (16GB approx) Virtual=8192.0GB
[2014.10.30-00.59.26:527][  0]LogMemory: Platform Memory Stats for Windows
[2014.10.30-00.59.26:527][  0]LogMemory: Process Physical Memory: 63.52 MB used, 63.52 MB peak
[2014.10.30-00.59.26:527][  0]LogMemory: Process Virtual Memory: 38.59 MB used, 38.59 MB peak
[2014.10.30-00.59.26:527][  0]LogMemory: Physical Memory: 5408.64 MB used, 16066.05 MB total
[2014.10.30-00.59.26:527][  0]LogMemory: Virtual Memory: 272.20 MB used, 8388608.00 MB total
[2014.10.30-00.59.26:608][  0]LogD3D11RHI: Found D3D11 adapter 0: NVIDIA GeForce GTX 770 (Feature Level 11_0)
[2014.10.30-00.59.26:608][  0]LogD3D11RHI: Adapter has 1990MB of dedicated video memory, 0MB of dedicated system memory, and 2048MB of shared system memory, 1 output[s]
[2014.10.30-00.59.26:608][  0]LogD3D11RHI: Chosen D3D11 Adapter Id = 0
[2014.10.30-00.59.26:612][  0]LogRHI: Texture pool is 1361 MB (70% of 1945 MB)
[2014.10.30-00.59.26:620][  0]LogD3D11RHI: Async texture creation enabled
[2014.10.30-00.59.27:035][  0]LogTextLocalizationManager: The requested culture ('en_US') has no localization data; parent culture's ('en') localization data will be used.
[2014.10.30-00.59.27:137][  0]LogContentStreaming: Texture pool size is 1000.000000MB
[2014.10.30-00.59.30:832][  0]LogTargetPlatformManager:Display: Building Assets For Windows
[2014.10.30-00.59.31:306][  0]LogTargetPlatformManager:Display: Building Assets For Windows
[2014.10.30-00.59.31:367][  0]LogDerivedDataCache:Display: Max Cache Size: 512 MB
[2014.10.30-00.59.31:401][  0]LogDerivedDataCache: Loaded boot cache 0.03s 39MB C:/Users/Matt/AppData/Local/UnrealEngine/4.5/DerivedDataCache/Boot.ddc.
[2014.10.30-00.59.31:401][  0]LogDerivedDataCache:Display: Loaded Boot cache: C:/Users/Matt/AppData/Local/UnrealEngine/4.5/DerivedDataCache/Boot.ddc
[2014.10.30-00.59.31:402][  0]LogDerivedDataCache: FDerivedDataBackendGraph:  Pak pak cache file ../../../../../../Users/Matt/Projects/gaem/DerivedDataCache/DDC.ddp not found, will not use a pak cache.
[2014.10.30-00.59.31:402][  0]LogDerivedDataCache: Unable to find inner node Pak for hierarchical cache Hierarchy.
[2014.10.30-00.59.31:453][  0]LogDerivedDataCache:Display: Pak cache opened for reading ../../../Engine/DerivedDataCache/DDC.ddp.
[2014.10.30-00.59.31:464][  0]LogDerivedDataCache: Using Local data cache path C:/Users/Matt/AppData/Local/UnrealEngine/Common/DerivedDataCache: Writable
[2014.10.30-00.59.31:796][  0]LogMeshUtilities: No automatic mesh reduction module available
[2014.10.30-00.59.31:796][  0]LogMeshUtilities: No automatic mesh merging module available
[2014.10.30-00.59.31:898][  0]LogMaterial: Missing cached shader map for material WorldGridMaterial, compiling.
[2014.10.30-00.59.48:455][  0]LogMaterial: Missing cached shader map for material DefaultDeferredDecalMaterial, compiling.
[2014.10.30-00.59.48:840][  0]LogMaterial: Missing cached shader map for material DefaultLightFunctionMaterial, compiling.
[2014.10.30-00.59.48:943][  0]LogMaterial: Missing cached shader map for material DefaultPostProcessMaterial, compiling.
[2014.10.30-00.59.49:333][  0]LogMaterial: Missing cached shader map for material SkySphereMaterial, compiling.
[2014.10.30-00.59.49:338][  0]LogMaterial: Missing cached shader map for material FloorPlaneMaterial, compiling.
[2014.10.30-00.59.49:425][  0]LogMaterial: Missing cached shader map for material MatineeCam_mat, compiling.
[2014.10.30-00.59.49:436][  0]LogLinker:Warning: Asset '../../../Engine/Content/Functions/Engine_MaterialFunctions02/Texturing/FlipBook.uasset' has been saved with empty engine version. The asset will be loaded but may be incompatible.
[2014.10.30-00.59.49:441][  0]LogLinker:Warning: Asset '../../../Engine/Content/Functions/Engine_MaterialFunctions02/ExampleContent/Textures/flipbook.uasset' has been saved with empty engine version. The asset will be loaded but may be incompatible.
[2014.10.30-00.59.49:443][  0]LogMaterial: Missing cached shader map for material HelpActorMaterial, compiling.
[2014.10.30-00.59.49:473][  0]LogMaterial: Missing cached shader map for material LandscapeGizmo_Mat, compiling.
[2014.10.30-00.59.49:478][  0]LogMaterial: Missing cached shader map for material LandscapeGizmo_Mat, compiling.
[2014.10.30-00.59.49:488][  0]LogMaterial: Missing cached shader map for material LandscapeGizmoHeight_Mat, compiling.
[2014.10.30-00.59.49:521][  0]LogMaterial: Missing cached shader map for material DefaultTextMaterialOpaque, compiling.
[2014.10.30-00.59.49:537][  0]LogMaterial: Missing cached shader map for material SplineEditorMeshMat, compiling.
[2014.10.30-00.59.49:593][  0]LogMaterial: Missing cached shader map for material DefaultMaterial, compiling.
[2014.10.30-00.59.49:690][  0]LogInit: WinSock: version 1.1 (2.2), MaxSocks=32767, MaxUdp=65467
[2014.10.30-00.59.51:047][  0]LogWindowsMoviePlayer: Unable to load movie: ../../../../../../Users/Matt/Projects/gaem/Content/Movies/Default_Startup.mp4
[2014.10.30-00.59.51:111][  0]LogMaterial: Missing cached shader map for material DefaultSpriteMaterial, compiling.
[2014.10.30-00.59.51:115][  0]LogMaterial: Missing cached shader map for material DefaultSpriteMaterial, compiling.
[2014.10.30-00.59.51:119][  0]LogMaterial: Missing cached shader map for material DefaultSpriteMaterial, compiling.
[2014.10.30-00.59.51:347][  0]SourceControl: Info Source control is disabled
[2014.10.30-00.59.51:347][  0]SourceControl: Info Source control is disabled
[2014.10.30-00.59.51:362][  0]SourceControl: Info Source control is disabled
[2014.10.30-00.59.51:451][  0]LogDirectoryWatcher:Warning: Failed to begin reading directory changes for C:/Users/Matt/Projects/gaem/Binaries/Win64. Error: 0
[2014.10.30-00.59.51:553][  0]LogObj: 22484 objects as part of root set at end of initial load.
[2014.10.30-00.59.51:553][  0]LogUObjectAllocator: 4532696 out of 0 bytes used by permanent object pool.
[2014.10.30-00.59.51:661][  0]LogAutomationTest:Warning: ERR: Transient text cannot be serialized "Testing Transient serialization detection".
[2014.10.30-00.59.51:662][  0]LogEngine: Initializing Engine...
[2014.10.30-00.59.53:682][  0]LogHMD:Warning: No Oculus HMD detected! Is Oculus Run-Time installed and service is running?
[2014.10.30-00.59.53:692][  0]LogHMD: Oculus shutdown.
[2014.10.30-00.59.53:706][  0]LogMaterial: Missing cached shader map for material WireframeMaterial, compiling.
[2014.10.30-00.59.53:725][  0]LogMaterial: Missing cached shader map for material LevelColorationLitMaterial, compiling.
[2014.10.30-00.59.53:817][  0]LogMaterial: Missing cached shader map for material LevelColorationUnlitMaterial, compiling.
[2014.10.30-00.59.53:838][  0]LogMaterial: Missing cached shader map for material MAT_LevelColorationLitLightmapUV, compiling.
[2014.10.30-00.59.53:838][  0]LogMaterial:Warning: Failed to compile Material /Engine/EngineDebugMaterials/MAT_LevelColorationLitLightmapUV.MAT_LevelColorationLitLightmapUV for platform PCD3D_ES2, Default Material will be used in game.
[2014.10.30-00.59.53:839][  0]LogMaterial:Warning: 	(Node LightmapUVs) Node not supported in feature level ES2
[2014.10.30-00.59.53:843][  0]LogMaterial: Missing cached shader map for material ShadedLevelColorationLitMaterial, compiling.
[2014.10.30-00.59.53:936][  0]LogMaterial: Missing cached shader map for material ShadedLevelColorationUnlitMateri, compiling.
[2014.10.30-00.59.53:955][  0]LogMaterial: Missing cached shader map for material VertexColorMaterial, compiling.
[2014.10.30-00.59.53:970][  0]LogMaterial: Missing cached shader map for material VertexColorViewMode_ColorOnly, compiling.
[2014.10.30-00.59.53:976][  0]LogMaterial: Missing cached shader map for material VertexColorViewMode_AlphaAsColor, compiling.
[2014.10.30-00.59.53:982][  0]LogMaterial: Missing cached shader map for material VertexColorViewMode_RedOnly, compiling.
[2014.10.30-00.59.53:987][  0]LogMaterial: Missing cached shader map for material VertexColorViewMode_GreenOnly, compiling.
[2014.10.30-00.59.53:993][  0]LogMaterial: Missing cached shader map for material VertexColorViewMode_BlueOnly, compiling.
[2014.10.30-00.59.53:997][  0]LogMaterial: Missing cached shader map for material RemoveSurfaceMaterial, compiling.
[2014.10.30-00.59.54:001][  0]LogMaterial: Missing cached shader map for material DebugMeshMaterial, compiling.
[2014.10.30-00.59.54:007][  0]LogMaterial: Missing cached shader map for material M_InvalidLightmapSettings, compiling.
[2014.10.30-00.59.54:016][  0]LogMaterial: Missing cached shader map for material GizmoMaterial, compiling.
[2014.10.30-00.59.54:040][  0]LogInit: XAudio2 using 'Speakers (ASUS Xonar Essence STX Audio Device)' : 2 channels at 44.1 kHz using 16 bits per sample (channel mask 0x3)
[2014.10.30-00.59.54:045][  0]LogInit: FAudioDevice initialized.
[2014.10.30-00.59.54:048][  0]LogInit: Texture streaming: Enabled
[2014.10.30-00.59.54:050][  0]LogMaterial: Missing cached shader map for material BaseColor, compiling.
[2014.10.30-00.59.54:054][  0]LogMaterial: Missing cached shader map for material CustomDepth, compiling.
[2014.10.30-00.59.54:057][  0]LogMaterial: Missing cached shader map for material DecalMask, compiling.
[2014.10.30-00.59.54:061][  0]LogMaterial: Missing cached shader map for material DiffuseColor, compiling.
[2014.10.30-00.59.54:068][  0]LogMaterial: Missing cached shader map for material FinalImage, compiling.
[2014.10.30-00.59.54:072][  0]LogMaterial: Missing cached shader map for material LightingModel, compiling.
[2014.10.30-00.59.54:076][  0]LogMaterial: Missing cached shader map for material MaterialAO, compiling.
[2014.10.30-00.59.54:081][  0]LogMaterial: Missing cached shader map for material Metallic, compiling.
[2014.10.30-00.59.54:085][  0]LogMaterial: Missing cached shader map for material Opacity, compiling.
[2014.10.30-00.59.54:089][  0]LogMaterial: Missing cached shader map for material Roughness, compiling.
[2014.10.30-00.59.54:092][  0]LogMaterial: Missing cached shader map for material SceneColor, compiling.
[2014.10.30-00.59.54:096][  0]LogMaterial: Missing cached shader map for material SceneDepth, compiling.
[2014.10.30-00.59.54:100][  0]LogMaterial: Missing cached shader map for material SeparateTranslucencyRGB, compiling.
[2014.10.30-00.59.54:104][  0]LogMaterial: Missing cached shader map for material SeparateTranslucencyA, compiling.
[2014.10.30-00.59.54:108][  0]LogMaterial: Missing cached shader map for material SpecularColor, compiling.
[2014.10.30-00.59.54:112][  0]LogMaterial: Missing cached shader map for material Specular, compiling.
[2014.10.30-00.59.54:115][  0]LogMaterial: Missing cached shader map for material SubsurfaceColor, compiling.
[2014.10.30-00.59.54:119][  0]LogMaterial: Missing cached shader map for material WorldNormal, compiling.
[2014.10.30-00.59.54:122][  0]LogMaterial: Missing cached shader map for material AmbientOcclusion, compiling.
[2014.10.30-00.59.54:128][  0]LogMaterial: Missing cached shader map for material CustomDepthWorldUnits, compiling.
[2014.10.30-00.59.54:132][  0]LogMaterial: Missing cached shader map for material SceneDepthWorldUnits, compiling.
[2014.10.30-00.59.54:248][  0]LogNet: Browse: /Temp/Autosaves/Game/UEDPCMy2DMap?Name=Player
[2014.10.30-00.59.54:249][  0]LogLoad: LoadMap: /Temp/Autosaves/Game/UEDPCMy2DMap?Name=Player
[2014.10.30-00.59.54:268][  0]LogMemory: Platform Memory Stats for Windows
[2014.10.30-00.59.54:268][  0]LogMemory: Process Physical Memory: 460.43 MB used, 460.43 MB peak
[2014.10.30-00.59.54:268][  0]LogMemory: Process Virtual Memory: 425.28 MB used, 425.30 MB peak
[2014.10.30-00.59.54:268][  0]LogMemory: Physical Memory: 5890.07 MB used, 16066.05 MB total
[2014.10.30-00.59.54:268][  0]LogMemory: Virtual Memory: 912.09 MB used, 8388608.00 MB total
[2014.10.30-00.59.54:268][  0]LogMemory: 
[2014.10.30-00.59.54:268][  0]Allocator Stats for TBB: (not implemented)
[2014.10.30-00.59.54:277][  0]LogMaterial: Missing cached shader map for material LevelPrototype, compiling.
[2014.10.30-00.59.54:298][  0]LogWorld: Game class is 'PaperGameMode_C'
[2014.10.30-00.59.54:346][  0]LogAIModule: Creating AISystem for world My2DMap
[2014.10.30-00.59.54:347][  0]LogWorld: Bringing World /Temp/Autosaves/Game/UEDPCMy2DMap.My2DMap up for play (max tick rate 0) at 2014.10.29-20.59.54
[2014.10.30-00.59.54:347][  0]LogWorld: Bringing up level for play took: 0.001163
[2014.10.30-00.59.54:389][  0]LogInit:Display: Game Engine Initialized.
[2014.10.30-00.59.54:638][  0]LogLoad: Full Startup: 30.24 seconds (BP compile: 0.01 seconds)
[2014.10.30-00.59.54:670][  0]LogMaterial: Missing cached shader map for material HighResScreenshot, compiling.
[2014.10.30-00.59.54:673][  0]LogMaterial: Missing cached shader map for material HighResScreenshotMask, compiling.
[2014.10.30-00.59.54:681][  0]LogMaterial: Missing cached shader map for material HighResScreenshotCaptureRegion, compiling.
[2014.10.30-00.59.54:689][  0]LogRenderer:Warning: Reallocating scene render targets to support 1280x720.
[2014.10.30-01.00.58:960][936]LogEngine: All Windows Closed
[2014.10.30-01.00.58:960][936]LogWindows: FPlatformMisc::RequestExit(0)
[2014.10.30-01.00.58:963][937]LogExit: Preparing to exit.
[2014.10.30-01.00.59:078][937]LogExit: Game engine shut down
[2014.10.30-01.00.59:078][937]LogParticles: Destroying 0 GPU particle simulations for FXSystem 0x000000001751C7C0
[2014.10.30-01.00.59:089][937]LogExit: Object subsystem successfully closed.
[2014.10.30-01.00.59:125][937]LogModuleManager: Shutting down and abandoning module AndroidDeviceDetection (94)
[2014.10.30-01.00.59:125][937]LogModuleManager: Shutting down and abandoning module AutomationWorker (93)
[2014.10.30-01.00.59:125][937]LogModuleManager: Shutting down and abandoning module CharacterAI (92)
[2014.10.30-01.00.59:125][937]LogModuleManager: Shutting down and abandoning module GameplayDebugger (91)
[2014.10.30-01.00.59:125][937]LogModuleManager: Shutting down and abandoning module AIModule (90)
[2014.10.30-01.00.59:125][937]LogModuleManager: Shutting down and abandoning module GameLiveStreaming (89)
[2014.10.30-01.00.59:125][937]LogModuleManager: Shutting down and abandoning module StreamingPauseRendering (88)
[2014.10.30-01.00.59:125][937]LogModuleManager: Shutting down and abandoning module HTTP (87)
[2014.10.30-01.00.59:125][937]LogModuleManager: Shutting down and abandoning module AnalyticsET (86)
[2014.10.30-01.00.59:125][937]LogModuleManager: Shutting down and abandoning module Analytics (85)
[2014.10.30-01.00.59:125][937]LogModuleManager: Shutting down and abandoning module ProfilerService (84)
[2014.10.30-01.00.59:371][937]LogModuleManager: Shutting down and abandoning module TaskGraph (83)
[2014.10.30-01.00.59:371][937]LogModuleManager: Shutting down and abandoning module SlateRemote (82)
[2014.10.30-01.00.59:371][937]LogModuleManager: Shutting down and abandoning module CustomMeshComponent (81)
[2014.10.30-01.00.59:371][937]LogModuleManager: Shutting down and abandoning module CableComponent (80)
[2014.10.30-01.00.59:371][937]LogModuleManager: Shutting down and abandoning module DesktopPlatform (79)
[2014.10.30-01.00.59:371][937]LogModuleManager: Shutting down and abandoning module DirectoryWatcher (78)
[2014.10.30-01.00.59:371][937]LogModuleManager: Shutting down and abandoning module HotReload (77)
[2014.10.30-01.00.59:371][937]LogModuleManager: Shutting down and abandoning module VisualStudioSourceCodeAccess (76)
[2014.10.30-01.00.59:371][937]LogModuleManager: Shutting down and abandoning module UObjectPlugin (75)
[2014.10.30-01.00.59:371][937]LogModuleManager: Shutting down and abandoning module SubversionSourceControl (74)
[2014.10.30-01.00.59:371][937]LogModuleManager: Shutting down and abandoning module SourceControl (73)
[2014.10.30-01.00.59:371][937]LogModuleManager: Shutting down and abandoning module PerforceSourceControl (72)
[2014.10.30-01.00.59:371][937]LogModuleManager: Shutting down and abandoning module BlankPlugin (71)
[2014.10.30-01.00.59:371][937]LogModuleManager: Shutting down and abandoning module ScriptPlugin (70)
[2014.10.30-01.00.59:371][937]LogModuleManager: Shutting down and abandoning module UdpMessaging (69)
[2014.10.30-01.00.59:371][937]LogModuleManager: Shutting down and abandoning module Paper2D (68)
[2014.10.30-01.00.59:371][937]LogModuleManager: Shutting down and abandoning module WindowsMoviePlayer (67)
[2014.10.30-01.00.59:371][937]LogModuleManager: Shutting down and abandoning module Media (66)
[2014.10.30-01.00.59:371][937]LogModuleManager: Shutting down and abandoning module WmfMedia (65)
[2014.10.30-01.00.59:371][937]LogModuleManager: Shutting down and abandoning module OnlineBlueprintSupport (64)
[2014.10.30-01.00.59:371][937]LogModuleManager: Shutting down and abandoning module FunctionalTesting (63)
[2014.10.30-01.00.59:371][937]LogModuleManager: Shutting down and abandoning module CollisionAnalyzer (62)
[2014.10.30-01.00.59:371][937]LogModuleManager: Shutting down and abandoning module WorkspaceMenuStructure (61)
[2014.10.30-01.00.59:371][937]LogModuleManager: Shutting down and abandoning module MessageLog (60)
[2014.10.30-01.00.59:371][937]LogModuleManager: Shutting down and abandoning module Sequencer (59)
[2014.10.30-01.00.59:371][937]LogModuleManager: Shutting down and abandoning module AssetTools (58)
[2014.10.30-01.00.59:371][937]LogModuleManager: Shutting down and abandoning module UMGEditor (57)
[2014.10.30-01.00.59:371][937]LogModuleManager: Shutting down and abandoning module UMG (56)
[2014.10.30-01.00.59:371][937]LogModuleManager: Shutting down and abandoning module Slate (55)
[2014.10.30-01.00.59:371][937]LogModuleManager: Shutting down and abandoning module EditorStyle (54)
[2014.10.30-01.00.59:372][937]LogModuleManager: Shutting down and abandoning module SessionServices (53)
[2014.10.30-01.00.59:372][937]LogModuleManager: Shutting down and abandoning module SourceCodeAccess (52)
[2014.10.30-01.00.59:372][937]LogModuleManager: Shutting down and abandoning module HeadMountedDisplay (51)
[2014.10.30-01.00.59:372][937]LogModuleManager: Shutting down and abandoning module XAudio2 (50)
[2014.10.30-01.00.59:372][937]LogModuleManager: Shutting down and abandoning module Networking (48)
[2014.10.30-01.00.59:372][937]LogModuleManager: Shutting down and abandoning module Core (47)
[2014.10.30-01.00.59:372][937]LogModuleManager: Shutting down and abandoning module KismetCompiler (46)
[2014.10.30-01.00.59:372][937]LogModuleManager: Shutting down and abandoning module PhysXFormats (45)
[2014.10.30-01.00.59:372][937]LogModuleManager: Shutting down and abandoning module MeshUtilities (44)
[2014.10.30-01.00.59:372][937]LogModuleManager: Shutting down and abandoning module DerivedDataCache (43)
[2014.10.30-01.00.59:473][937]LogDerivedDataCache: Shutdown
[2014.10.30-01.00.59:473][937]LogModuleManager: Shutting down and abandoning module ShaderFormatOpenGL (42)
[2014.10.30-01.00.59:473][937]LogModuleManager: Shutting down and abandoning module ShaderFormatD3D (41)
[2014.10.30-01.00.59:473][937]LogModuleManager: Shutting down and abandoning module MetalShaderFormat (40)
[2014.10.30-01.00.59:473][937]LogModuleManager: Shutting down and abandoning module TextureFormatUncompressed (39)
[2014.10.30-01.00.59:473][937]LogModuleManager: Shutting down and abandoning module TextureFormatPVR (38)
[2014.10.30-01.00.59:473][937]LogModuleManager: Shutting down and abandoning module TextureFormatDXT (37)
[2014.10.30-01.00.59:473][937]LogModuleManager: Shutting down and abandoning module TextureFormatAndroid (36)
[2014.10.30-01.00.59:473][937]LogModuleManager: Shutting down and abandoning module AudioFormatOpus (35)
[2014.10.30-01.00.59:473][937]LogModuleManager: Shutting down and abandoning module AudioFormatOgg (34)
[2014.10.30-01.00.59:473][937]LogModuleManager: Shutting down and abandoning module AudioFormatADPCM (33)
[2014.10.30-01.00.59:473][937]LogModuleManager: Shutting down and abandoning module Messaging (32)
[2014.10.30-01.00.59:473][937]LogModuleManager: Shutting down and abandoning module IOSTargetPlatform (31)
[2014.10.30-01.00.59:473][937]LogModuleManager: Shutting down and abandoning module Android_PVRTCTargetPlatform (30)
[2014.10.30-01.00.59:473][937]LogModuleManager: Shutting down and abandoning module Android_ETC2TargetPlatform (29)
[2014.10.30-01.00.59:473][937]LogModuleManager: Shutting down and abandoning module Android_ETC1TargetPlatform (28)
[2014.10.30-01.00.59:473][937]LogModuleManager: Shutting down and abandoning module Android_DXTTargetPlatform (27)
[2014.10.30-01.00.59:473][937]LogModuleManager: Shutting down and abandoning module Android_ATCTargetPlatform (26)
[2014.10.30-01.00.59:473][937]LogModuleManager: Shutting down and abandoning module AndroidTargetPlatform (25)
[2014.10.30-01.00.59:473][937]LogModuleManager: Shutting down and abandoning module WindowsTargetPlatform (24)
[2014.10.30-01.00.59:473][937]LogModuleManager: Shutting down and abandoning module WindowsServerTargetPlatform (23)
[2014.10.30-01.00.59:473][937]LogModuleManager: Shutting down and abandoning module WindowsNoEditorTargetPlatform (22)
[2014.10.30-01.00.59:473][937]LogModuleManager: Shutting down and abandoning module WindowsClientTargetPlatform (21)
[2014.10.30-01.00.59:473][937]LogModuleManager: Shutting down and abandoning module TargetPlatform (20)
[2014.10.30-01.00.59:473][937]LogModuleManager: Shutting down and abandoning module InputCore (19)
[2014.10.30-01.00.59:473][937]LogModuleManager: Shutting down and abandoning module Settings (18)
[2014.10.30-01.00.59:473][937]LogModuleManager: Shutting down and abandoning module ImageWrapper (17)
[2014.10.30-01.00.59:473][937]LogModuleManager: Shutting down and abandoning module OculusRift (14)
[2014.10.30-01.00.59:473][937]LogModuleManager: Shutting down and abandoning module ExampleDeviceProfileSelector (13)
[2014.10.30-01.00.59:473][937]LogModuleManager: Shutting down and abandoning module TextureCompressor (12)
[2014.10.30-01.00.59:473][937]LogModuleManager: Shutting down and abandoning module ShaderCore (11)
[2014.10.30-01.00.59:473][937]LogModuleManager: Shutting down and abandoning module SlateRHIRenderer (10)
[2014.10.30-01.00.59:473][937]LogModuleManager: Shutting down and abandoning module OpenGLDrv (9)
[2014.10.30-01.00.59:474][937]LogModuleManager: Shutting down and abandoning module D3D11RHI (8)
[2014.10.30-01.00.59:474][937]LogModuleManager: Shutting down and abandoning module Renderer (7)
[2014.10.30-01.00.59:474][937]LogModuleManager: Shutting down and abandoning module Engine (6)
[2014.10.30-01.00.59:474][937]LogModuleManager: Shutting down and abandoning module CoreUObject (5)
[2014.10.30-01.00.59:474][937]LogModuleManager: Shutting down and abandoning module NetworkFile (4)
[2014.10.30-01.00.59:474][937]LogModuleManager: Shutting down and abandoning module StreamingFile (3)
[2014.10.30-01.00.59:474][937]LogModuleManager: Shutting down and abandoning module SandboxFile (2)
[2014.10.30-01.00.59:474][937]LogModuleManager: Shutting down and abandoning module PakFile (1)
[2014.10.30-01.00.59:474][937]LogExit: Exiting.
[2014.10.30-01.00.59:474][937]Log file closed, 10/29/14 21:00:59
