Log file open, 11/01/14 20:39:56
LogInit:Display: Running engine for game: gaem
LogInit: Version: 4.5.1-2336687+++depot+UE4-Releases+4.5
LogInit: API Version: 2326478
LogInit: Compiled (64-bit): Oct 21 2014 22:32:40
LogInit: Compiled with Visual C++: 18.00.21005.01
LogInit: Build Configuration: Development
LogInit: Branch Name: ++depot+UE4-Releases+4.5
LogInit: Command line:  
LogInit: Base directory: C:/Program Files/Unreal Engine/4.5/Engine/Binaries/Win64/
LogInit: Rocket: 1
[2014.11.02-00.39.56:119][  0]LogTaskGraph: Started task graph with 3 named threads and 4 total threads.
[2014.11.02-00.39.56:149][  0]LogOnline:Warning: No default platform service specified for OnlineSubsystem
[2014.11.02-00.39.56:189][  0]LogInit: Presizing for 0 objects not considered by GC, pre-allocating 0 bytes.
[2014.11.02-00.39.56:196][  0]LogInit: Object subsystem initialized
[2014.11.02-00.39.56:198][  0]LogConsoleResponse:Warning: Skipping Unknown console variable: 'UIScaleRule = ShortestSide'
[2014.11.02-00.39.56:198][  0]LogConsoleResponse:Warning:   Found in ini file 'C:/Users/Matt/Projects/gaem/Saved/Config/Windows/Engine.ini', in section '[/Script/Engine.RendererSettings]'
[2014.11.02-00.39.56:198][  0]LogConsoleResponse:Warning: Skipping Unknown console variable: 'UIScaleCurve = (EditorCurveData=(Keys=((Time=480.000000,Value=0.444000),(Time=720.000000,Value=0.666000),(Time=1080.000000,Value=1.000000),(Time=8640.000000,Value=8.000000))),ExternalCurve=None)'
[2014.11.02-00.39.56:198][  0]LogConsoleResponse:Warning:   Found in ini file 'C:/Users/Matt/Projects/gaem/Saved/Config/Windows/Engine.ini', in section '[/Script/Engine.RendererSettings]'
[2014.11.02-00.39.56:199][  0]LogInit: Selected Device Profile: [Windows]
[2014.11.02-00.39.56:199][  0]LogInit: Applying CVar settings loaded from the selected device profile: [Windows]
[2014.11.02-00.39.56:203][  0]LogInit: Computer: BIGRED
[2014.11.02-00.39.56:203][  0]LogInit: User: Matt
[2014.11.02-00.39.56:204][  0]LogInit: CPU Page size=4096, Cores=4
[2014.11.02-00.39.56:204][  0]LogInit: High frequency timer resolution =3.561826 MHz
[2014.11.02-00.39.56:204][  0]LogMemory: Memory total: Physical=15.7GB (16GB approx) Virtual=8192.0GB
[2014.11.02-00.39.56:204][  0]LogMemory: Platform Memory Stats for Windows
[2014.11.02-00.39.56:204][  0]LogMemory: Process Physical Memory: 63.49 MB used, 63.49 MB peak
[2014.11.02-00.39.56:204][  0]LogMemory: Process Virtual Memory: 38.59 MB used, 38.59 MB peak
[2014.11.02-00.39.56:204][  0]LogMemory: Physical Memory: 4027.57 MB used, 16066.05 MB total
[2014.11.02-00.39.56:204][  0]LogMemory: Virtual Memory: 272.19 MB used, 8388608.00 MB total
[2014.11.02-00.39.56:229][  0]LogD3D11RHI: Found D3D11 adapter 0: NVIDIA GeForce GTX 770 (Feature Level 11_0)
[2014.11.02-00.39.56:229][  0]LogD3D11RHI: Adapter has 1990MB of dedicated video memory, 0MB of dedicated system memory, and 2048MB of shared system memory, 1 output[s]
[2014.11.02-00.39.56:229][  0]LogD3D11RHI: Chosen D3D11 Adapter Id = 0
[2014.11.02-00.39.56:233][  0]LogRHI: Texture pool is 1361 MB (70% of 1945 MB)
[2014.11.02-00.39.56:240][  0]LogD3D11RHI: Async texture creation enabled
[2014.11.02-00.39.56:600][  0]LogTextLocalizationManager: The requested culture ('en_US') has no localization data; parent culture's ('en') localization data will be used.
[2014.11.02-00.39.56:698][  0]LogContentStreaming: Texture pool size is 0.000000MB
[2014.11.02-00.40.00:750][  0]LogTargetPlatformManager:Display: Building Assets For Windows
[2014.11.02-00.40.01:162][  0]LogTargetPlatformManager:Display: Building Assets For Windows
[2014.11.02-00.40.01:217][  0]LogDerivedDataCache:Display: Max Cache Size: 512 MB
[2014.11.02-00.40.01:244][  0]LogDerivedDataCache: Loaded boot cache 0.03s 39MB C:/Users/Matt/AppData/Local/UnrealEngine/4.5/DerivedDataCache/Boot.ddc.
[2014.11.02-00.40.01:244][  0]LogDerivedDataCache:Display: Loaded Boot cache: C:/Users/Matt/AppData/Local/UnrealEngine/4.5/DerivedDataCache/Boot.ddc
[2014.11.02-00.40.01:244][  0]LogDerivedDataCache: FDerivedDataBackendGraph:  Pak pak cache file ../../../../../../Users/Matt/Projects/gaem/DerivedDataCache/DDC.ddp not found, will not use a pak cache.
[2014.11.02-00.40.01:244][  0]LogDerivedDataCache: Unable to find inner node Pak for hierarchical cache Hierarchy.
[2014.11.02-00.40.01:293][  0]LogDerivedDataCache:Display: Pak cache opened for reading ../../../Engine/DerivedDataCache/DDC.ddp.
[2014.11.02-00.40.01:304][  0]LogDerivedDataCache: Using Local data cache path C:/Users/Matt/AppData/Local/UnrealEngine/Common/DerivedDataCache: Writable
[2014.11.02-00.40.01:449][  0]LogMeshUtilities: No automatic mesh reduction module available
[2014.11.02-00.40.01:449][  0]LogMeshUtilities: No automatic mesh merging module available
[2014.11.02-00.40.01:610][  0]LogLinker:Warning: Asset '../../../Engine/Content/Functions/Engine_MaterialFunctions02/Texturing/FlipBook.uasset' has been saved with empty engine version. The asset will be loaded but may be incompatible.
[2014.11.02-00.40.01:613][  0]LogLinker:Warning: Asset '../../../Engine/Content/Functions/Engine_MaterialFunctions02/ExampleContent/Textures/flipbook.uasset' has been saved with empty engine version. The asset will be loaded but may be incompatible.
[2014.11.02-00.40.01:784][  0]LogInit: WinSock: version 1.1 (2.2), MaxSocks=32767, MaxUdp=65467
[2014.11.02-00.40.02:679][  0]UdpMessaging: Initializing bridge on interface 0.0.0.0:0 to multicast group 230.0.0.1:6666.
[2014.11.02-00.40.02:941][  0]LogDirectoryWatcher:Warning: Failed to begin reading directory changes for C:/Users/Matt/Projects/gaem/Binaries/Win64. Error: 0
[2014.11.02-00.40.03:094][  0]SourceControl: Info Source control is disabled
[2014.11.02-00.40.03:094][  0]SourceControl: Info Source control is disabled
[2014.11.02-00.40.03:102][  0]SourceControl: Info Source control is disabled
[2014.11.02-00.40.03:292][  0]LogObj: 22915 objects as part of root set at end of initial load.
[2014.11.02-00.40.03:292][  0]LogUObjectAllocator: 4803536 out of 0 bytes used by permanent object pool.
[2014.11.02-00.40.03:355][  0]LogEngine: Initializing Engine...
[2014.11.02-00.40.03:456][  0]LogInit: XAudio2 using 'Speakers (ASUS Xonar Essence STX Audio Device)' : 2 channels at 44.1 kHz using 16 bits per sample (channel mask 0x3)
[2014.11.02-00.40.03:464][  0]LogInit: FAudioDevice initialized.
[2014.11.02-00.40.03:502][  0]LogAIModule: Creating AISystem for world NewWorld
[2014.11.02-00.40.03:518][  0]LogDerivedDataCache: Saved boot cache 0.01s 39MB C:/Users/Matt/AppData/Local/UnrealEngine/4.5/DerivedDataCache/Boot.ddc.
[2014.11.02-00.40.03:519][  0]LogInit: Texture streaming: Enabled
[2014.11.02-00.40.03:575][  0]LogInit: Transaction tracking system initialized
[2014.11.02-00.40.03:740][  0]BlueprintLog: New page: Editor Load
[2014.11.02-00.40.03:788][  0]LogAssetRegistry: FAssetRegistry took 0.0096 seconds to start up
[2014.11.02-00.40.03:788][  0]LogDirectoryWatcher:Warning: Failed to begin reading directory changes for ../../../Engine/Plugins/Experimental/CharacterAI/Content/. Error: 0
[2014.11.02-00.40.04:254][  0]LogTargetPlatformManager:Display: Building Assets For Windows
[2014.11.02-00.40.04:503][  0]LogTargetPlatformManager:Display: Building Assets For Windows
[2014.11.02-00.40.04:795][  0]LogConsoleResponse:Display: 
[2014.11.02-00.40.05:032][  0]SourceControl: Info Source control is disabled
[2014.11.02-00.40.05:032][  0]Cmd: MAP LOAD FILE="../../../../../../Users/Matt/Projects/gaem/Content/My2DMap.umap" TEMPLATE=0 SHOWPROGRESS=1
[2014.11.02-00.40.05:033][  0]LightingResults: New page: Lighting Build
[2014.11.02-00.40.05:051][  0]MapCheck: New page: Map Check
[2014.11.02-00.40.05:051][  0]LightingResults: New page: Lighting Build
[2014.11.02-00.40.05:067][  0]LogParticles: Destroying 0 GPU particle simulations for FXSystem 0x0000000020876A20
[2014.11.02-00.40.05:246][  0]LogEditorServer: Finished looking for orphan Actors (0.000 secs)
[2014.11.02-00.40.05:246][  0]LogAIModule: Creating AISystem for world My2DMap
[2014.11.02-00.40.05:246][  0]Cmd: MAP CHECKDEP
[2014.11.02-00.40.05:246][  0]MapCheck: New page: My2DMap - Nov 1, 2014, 4:40:05 PM
[2014.11.02-00.40.05:349][  0]MapCheck: Info Map check complete: 0 Error(s), 0 Warning(s), took 102.652ms to complete.
[2014.11.02-00.40.05:349][  0]LogFileHelpers: Loading map 'My2DMap' took 0.317
[2014.11.02-00.40.05:418][  0]LogCollectionManager: Loaded 0 collections in 0.001115 seconds
[2014.11.02-00.40.05:530][  0]LogCrashTracker: Crashtracker disabled due to settings.
[2014.11.02-00.40.05:534][  0]LogUObjectGlobals:Warning: Failed to find object 'Class None.'
[2014.11.02-00.40.05:558][  0]LogLoad: Full Startup: 11.49 seconds (BP compile: 0.07 seconds)
[2014.11.02-00.40.05:900][  0]LogContentBrowser:Verbose: The content browser source was changed by the sources view to '/Game/Blueprints'
[2014.11.02-00.40.06:016][  0]LogRenderer:Warning: Reallocating scene render targets to support 920x872.
[2014.11.02-00.40.06:239][  1]LogAssetRegistry: Asset discovery search completed in 2.4608 seconds
[2014.11.02-00.40.12:973][537]LogContentBrowser:Verbose: The content browser source was changed by the sources view to '/Game/Sprites'
[2014.11.02-00.40.16:278][921]LogContentBrowser:Verbose: The content browser source was changed by the sources view to '/Game/Materials'
[2014.11.02-00.40.16:957][  2]LogContentBrowser:Verbose: The content browser source was changed by the sources view to '/Game/Flipbooks'
[2014.11.02-00.40.18:018][129]LogContentBrowser:Verbose: The content browser source was changed by the sources view to '/Game/Sprites'
[2014.11.02-00.40.18:540][185]LogEditorViewport: Clicking Background
[2014.11.02-00.40.23:792][791]LogContentBrowser:Verbose: The content browser source was changed by the sources view to '/Game/Materials'
[2014.11.02-00.40.24:321][854]LogContentBrowser:Verbose: The content browser source was changed by the sources view to '/Game/Sprites'
[2014.11.02-00.40.24:632][888]LogContentBrowser:Verbose: The content browser source was changed by the sources view to '/Game/Textures'
[2014.11.02-00.40.40:169][665]LogContentBrowser:Verbose: The content browser source was changed by the sources view to '/Game/Materials'
[2014.11.02-00.40.40:490][703]LogContentBrowser:Verbose: The content browser source was changed by the sources view to '/Game/Sprites'
[2014.11.02-00.40.43:223][966]LogContentBrowser:Verbose: The content browser source was changed by the sources view to '/Game/Textures'
[2014.11.02-00.40.47:980][460]Cmd: OBJ SAVEPACKAGE PACKAGE="/Game/Sprites/PrototypeTexture_Sprite" FILE="../../../../../../Users/Matt/Projects/gaem/Content/Sprites/PrototypeTexture_Sprite.uasset" SILENT=true
[2014.11.02-00.40.48:019][460]LogSavePackage: Save=7.774102ms
[2014.11.02-00.40.48:019][460]LogSavePackage: Moving '../../../../../../Users/Matt/Projects/gaem/Saved/PrototypeTexture_Sprite08FF20814CFBB6F3AFC2CDB3FBFD7089.tmp' to '../../../../../../Users/Matt/Projects/gaem/Content/Sprites/PrototypeTexture_Sprite.uasset'
[2014.11.02-00.40.55:832][946]Cmd: TRANSACTION UNDO
[2014.11.02-00.40.55:832][946]LogEditorTransaction: Undo Edit Source Texture
[2014.11.02-00.40.57:082][ 48]LogContentBrowser:Verbose: The content browser source was changed by the sources view to '/Game/Materials'
[2014.11.02-00.40.58:035][145]LogMaterial: Missing cached shader map for material PreviewMaterial_0, compiling.
[2014.11.02-00.40.58:048][145]LogActorComponent: UnregisterComponent: (/Engine/Transient.SkeletalMeshComponent_0) Not registered. Aborting.
[2014.11.02-00.40.58:097][145]LogActorComponent: UnregisterComponent: (/Engine/Transient.SkeletalMeshComponent_0) Not registered. Aborting.
[2014.11.02-00.40.58:097][145]LogActorComponent: RegisterComponentWithWorld: (/Engine/Transient.MaterialEditorMeshComponent_0) Already registered. Aborting.
[2014.11.02-00.40.58:097][145]LogActorComponent: UnregisterComponent: (/Engine/Transient.SkeletalMeshComponent_0) Not registered. Aborting.
[2014.11.02-00.40.58:097][145]LogActorComponent: RegisterComponentWithWorld: (/Engine/Transient.MaterialEditorMeshComponent_0) Already registered. Aborting.
[2014.11.02-00.40.58:099][145]LogMaterial: Missing cached shader map for material PreviewMaterial_0, compiling.
[2014.11.02-00.40.58:128][145]LogMaterial: Missing cached shader map for material FMatExpressionPreview MaterialExpressionTextureSampleParameter2D_0, compiling.
[2014.11.02-00.40.59:594][247]MaterialEditorStats: Info Base pass shader without light map: 7 instructions
[2014.11.02-00.40.59:594][247]MaterialEditorStats: Info Vertex shader: 69 instructions
[2014.11.02-00.40.59:594][247]MaterialEditorStats: Info Texture samplers: 3/16
[2014.11.02-00.41.15:111][893]LogEditorViewport: Clicking on Actor (LMB): PaperSpriteActor (2DBackground_Sprite)
[2014.11.02-00.41.18:039][241]LogEditorViewport: Clicking Background
[2014.11.02-00.41.20:105][484]LogEditorViewport: Clicking on Actor (LMB): PaperSpriteActor (2DBackground_Sprite)
[2014.11.02-00.45.01:434][535]LogActorComponent: UnregisterComponent: (/Engine/Transient.CharacterMovementComponent_0) Not registered. Aborting.
[2014.11.02-00.45.01:455][535]LogParticles: Destroying 0 GPU particle simulations for FXSystem 0x000000001756E840
[2014.11.02-00.45.01:455][535]LogParticles: Destroying 0 GPU particle simulations for FXSystem 0x0000000015CC9120
[2014.11.02-00.45.02:738][535]Cmd: OBJ SAVEPACKAGE PACKAGE="/Game/My2DMap" FILE="../../../../../../Users/Matt/Projects/gaem/Content/My2DMap.umap" SILENT=true AUTOSAVING=false KEEPDIRTY=false
[2014.11.02-00.45.02:801][535]LogSavePackage: Save=11.540148ms
[2014.11.02-00.45.02:801][535]LogSavePackage: Moving '../../../../../../Users/Matt/Projects/gaem/Saved/My2DMapA526A5B64537ED1BACBF34BCA7C3B7A6.tmp' to '../../../../../../Users/Matt/Projects/gaem/Content/My2DMap.umap'
[2014.11.02-00.45.02:832][535]LogFileHelpers: Saving map 'My2DMap' took 0.214
[2014.11.02-00.45.03:223][536]Cmd: QUIT_EDITOR
[2014.11.02-00.45.03:464][536]LogExit: Preparing to exit.
[2014.11.02-00.45.03:768][536]LogExit: Editor shut down
[2014.11.02-00.45.03:768][536]LogExit: Transaction tracking system shut down
[2014.11.02-00.45.03:769][536]LogParticles: Destroying 0 GPU particle simulations for FXSystem 0x00000000182BADE0
[2014.11.02-00.45.03:769][536]LogParticles: Destroying 0 GPU particle simulations for FXSystem 0x0000000016E79F80
[2014.11.02-00.45.03:769][536]LogParticles: Destroying 0 GPU particle simulations for FXSystem 0x0000000020126480
[2014.11.02-00.45.03:782][536]LogExit: Object subsystem successfully closed.
[2014.11.02-00.45.03:828][536]LogModuleManager: Shutting down and abandoning module MaterialEditor (168)
[2014.11.02-00.45.03:828][536]LogModuleManager: Shutting down and abandoning module TextureEditor (167)
[2014.11.02-00.45.03:828][536]LogModuleManager: Shutting down and abandoning module AndroidDeviceDetection (166)
[2014.11.02-00.45.03:828][536]LogModuleManager: Shutting down and abandoning module CrashTracker (165)
[2014.11.02-00.45.03:828][536]LogModuleManager: Shutting down and abandoning module SuperSearch (164)
[2014.11.02-00.45.03:828][536]LogModuleManager: Shutting down and abandoning module SceneOutliner (163)
[2014.11.02-00.45.03:828][536]LogModuleManager: Shutting down and abandoning module EditorWidgets (162)
[2014.11.02-00.45.03:828][536]LogModuleManager: Shutting down and abandoning module CollectionManager (161)
[2014.11.02-00.45.03:828][536]LogModuleManager: Shutting down and abandoning module StatsViewer (160)
[2014.11.02-00.45.03:828][536]LogModuleManager: Shutting down and abandoning module FoliageEdit (159)
[2014.11.02-00.45.03:828][536]LogModuleManager: Shutting down and abandoning module LandscapeEditor (158)
[2014.11.02-00.45.03:829][536]LogModuleManager: Shutting down and abandoning module MeshPaint (157)
[2014.11.02-00.45.03:829][536]LogModuleManager: Shutting down and abandoning module ActorPickerMode (156)
[2014.11.02-00.45.03:829][536]LogModuleManager: Shutting down and abandoning module GeometryMode (155)
[2014.11.02-00.45.03:829][536]LogModuleManager: Shutting down and abandoning module TextureAlignMode (154)
[2014.11.02-00.45.03:829][536]LogModuleManager: Shutting down and abandoning module BspMode (153)
[2014.11.02-00.45.03:829][536]LogModuleManager: Shutting down and abandoning module PlacementMode (152)
[2014.11.02-00.45.03:829][536]LogModuleManager: Shutting down and abandoning module AutomationWorker (151)
[2014.11.02-00.45.03:829][536]LogModuleManager: Shutting down and abandoning module CharacterAI (150)
[2014.11.02-00.45.03:829][536]LogModuleManager: Shutting down and abandoning module GameProjectGeneration (149)
[2014.11.02-00.45.03:829][536]LogModuleManager: Shutting down and abandoning module IntroTutorials (148)
[2014.11.02-00.45.03:829][536]LogModuleManager: Shutting down and abandoning module EditorLiveStreaming (147)
[2014.11.02-00.45.03:829][536]LogModuleManager: Shutting down and abandoning module HardwareTargeting (146)
[2014.11.02-00.45.03:829][536]LogModuleManager: Shutting down and abandoning module BehaviorTreeEditor (145)
[2014.11.02-00.45.03:829][536]LogModuleManager: Shutting down and abandoning module DeviceProfileEditor (144)
[2014.11.02-00.45.03:829][536]LogModuleManager: Shutting down and abandoning module UndoHistory (143)
[2014.11.02-00.45.03:829][536]LogModuleManager: Shutting down and abandoning module GameplayTagsEditor (142)
[2014.11.02-00.45.03:829][536]LogModuleManager: Shutting down and abandoning module UserFeedback (141)
[2014.11.02-00.45.03:829][536]LogModuleManager: Shutting down and abandoning module XmlParser (140)
[2014.11.02-00.45.03:829][536]LogModuleManager: Shutting down and abandoning module Blutility (139)
[2014.11.02-00.45.03:829][536]LogModuleManager: Shutting down and abandoning module IOSPlatformEditor (138)
[2014.11.02-00.45.03:829][536]LogModuleManager: Shutting down and abandoning module IOSRuntimeSettings (137)
[2014.11.02-00.45.03:829][536]LogModuleManager: Shutting down and abandoning module AndroidPlatformEditor (136)
[2014.11.02-00.45.03:829][536]LogModuleManager: Shutting down and abandoning module AndroidRuntimeSettings (135)
[2014.11.02-00.45.03:829][536]LogModuleManager: Shutting down and abandoning module ProjectTargetPlatformEditor (134)
[2014.11.02-00.45.03:829][536]LogModuleManager: Shutting down and abandoning module ProjectSettingsViewer (133)
[2014.11.02-00.45.03:829][536]LogModuleManager: Shutting down and abandoning module InputBindingEditor (132)
[2014.11.02-00.45.03:829][536]LogModuleManager: Shutting down and abandoning module EditorSettingsViewer (131)
[2014.11.02-00.45.03:829][536]LogModuleManager: Shutting down and abandoning module SettingsEditor (130)
[2014.11.02-00.45.03:829][536]LogModuleManager: Shutting down and abandoning module ProjectLauncher (129)
[2014.11.02-00.45.03:829][536]LogModuleManager: Shutting down and abandoning module SessionFrontend (128)
[2014.11.02-00.45.03:829][536]LogModuleManager: Shutting down and abandoning module ProfilerClient (127)
[2014.11.02-00.45.03:829][536]LogModuleManager: Shutting down and abandoning module TargetDeviceServices (126)
[2014.11.02-00.45.03:829][536]LogModuleManager: Shutting down and abandoning module DeviceManager (125)
[2014.11.02-00.45.03:829][536]LogModuleManager: Shutting down and abandoning module AutomationController (124)
[2014.11.02-00.45.03:829][536]LogModuleManager: Shutting down and abandoning module AutomationWindow (123)
[2014.11.02-00.45.03:829][536]LogModuleManager: Shutting down and abandoning module Layers (122)
[2014.11.02-00.45.03:829][536]LogModuleManager: Shutting down and abandoning module ComponentVisualizers (121)
[2014.11.02-00.45.03:829][536]LogModuleManager: Shutting down and abandoning module DetailCustomizations (120)
[2014.11.02-00.45.03:829][536]LogModuleManager: Shutting down and abandoning module PackagesDialog (119)
[2014.11.02-00.45.03:829][536]LogModuleManager: Shutting down and abandoning module AssetRegistry (118)
[2014.11.02-00.45.03:838][536]LogModuleManager: Shutting down and abandoning module Persona (117)
[2014.11.02-00.45.03:838][536]LogModuleManager: Shutting down and abandoning module Kismet (116)
[2014.11.02-00.45.03:838][536]LogModuleManager: Shutting down and abandoning module GraphEditor (115)
[2014.11.02-00.45.03:838][536]LogModuleManager: Shutting down and abandoning module ClassViewer (114)
[2014.11.02-00.45.03:838][536]LogModuleManager: Shutting down and abandoning module Toolbox (113)
[2014.11.02-00.45.03:838][536]LogModuleManager: Shutting down and abandoning module ModuleUI (112)
[2014.11.02-00.45.03:838][536]LogModuleManager: Shutting down and abandoning module MovieSceneTools (111)
[2014.11.02-00.45.03:838][536]LogModuleManager: Shutting down and abandoning module OutputLog (110)
[2014.11.02-00.45.03:838][536]LogModuleManager: Shutting down and abandoning module GammaUI (109)
[2014.11.02-00.45.03:838][536]LogModuleManager: Shutting down and abandoning module Documentation (108)
[2014.11.02-00.45.03:838][536]LogModuleManager: Shutting down and abandoning module GameLiveStreaming (107)
[2014.11.02-00.45.03:838][536]LogModuleManager: Shutting down and abandoning module StreamingPauseRendering (106)
[2014.11.02-00.45.03:838][536]LogModuleManager: Shutting down and abandoning module HTTP (105)
[2014.11.02-00.45.03:838][536]LogModuleManager: Shutting down and abandoning module AnalyticsET (104)
[2014.11.02-00.45.03:838][536]LogModuleManager: Shutting down and abandoning module Analytics (103)
[2014.11.02-00.45.03:838][536]LogModuleManager: Shutting down and abandoning module GameplayDebugger (102)
[2014.11.02-00.45.03:838][536]LogModuleManager: Shutting down and abandoning module AIModule (101)
[2014.11.02-00.45.03:838][536]LogModuleManager: Shutting down and abandoning module ProfilerService (100)
[2014.11.02-00.45.03:844][536]LogModuleManager: Shutting down and abandoning module TaskGraph (99)
[2014.11.02-00.45.03:844][536]LogModuleManager: Shutting down and abandoning module SlateRemote (98)
[2014.11.02-00.45.03:844][536]LogModuleManager: Shutting down and abandoning module ScriptEditorPlugin (97)
[2014.11.02-00.45.03:844][536]LogModuleManager: Shutting down and abandoning module CustomMeshComponent (96)
[2014.11.02-00.45.03:844][536]LogModuleManager: Shutting down and abandoning module CableComponent (95)
[2014.11.02-00.45.03:844][536]LogModuleManager: Shutting down and abandoning module MessagingDebugger (94)
[2014.11.02-00.45.03:844][536]LogModuleManager: Shutting down and abandoning module MediaPlayerEditor (93)
[2014.11.02-00.45.03:844][536]LogModuleManager: Shutting down and abandoning module SpeedTreeImporter (92)
[2014.11.02-00.45.03:844][536]LogModuleManager: Shutting down and abandoning module PluginsEditor (91)
[2014.11.02-00.45.03:844][536]LogModuleManager: Shutting down and abandoning module EpicSurvey (90)
[2014.11.02-00.45.03:844][536]LogModuleManager: Shutting down and abandoning module DesktopPlatform (89)
[2014.11.02-00.45.03:844][536]LogModuleManager: Shutting down and abandoning module VisualStudioSourceCodeAccess (88)
[2014.11.02-00.45.03:844][536]LogModuleManager: Shutting down and abandoning module UObjectPlugin (87)
[2014.11.02-00.45.03:844][536]LogModuleManager: Shutting down and abandoning module SubversionSourceControl (86)
[2014.11.02-00.45.03:844][536]LogModuleManager: Shutting down and abandoning module SourceControl (85)
[2014.11.02-00.45.03:844][536]LogModuleManager: Shutting down and abandoning module PerforceSourceControl (84)
[2014.11.02-00.45.03:844][536]LogModuleManager: Shutting down and abandoning module BlankPlugin (83)
[2014.11.02-00.45.03:844][536]LogModuleManager: Shutting down and abandoning module SlateReflector (82)
[2014.11.02-00.45.03:844][536]LogModuleManager: Shutting down and abandoning module DirectoryWatcher (81)
[2014.11.02-00.45.03:844][536]LogModuleManager: Shutting down and abandoning module HotReload (80)
[2014.11.02-00.45.03:844][536]LogModuleManager: Shutting down and abandoning module MainFrame (79)
[2014.11.02-00.45.03:844][536]LogModuleManager: Shutting down and abandoning module LevelEditor (78)
[2014.11.02-00.45.03:845][536]LogModuleManager: Shutting down and abandoning module ViewportSnapping (77)
[2014.11.02-00.45.03:845][536]LogModuleManager: Shutting down and abandoning module SmartSnapping (76)
[2014.11.02-00.45.03:845][536]LogModuleManager: Shutting down and abandoning module PaperTiledImporter (75)
[2014.11.02-00.45.03:845][536]LogModuleManager: Shutting down and abandoning module PaperJsonImporter (74)
[2014.11.02-00.45.03:845][536]LogModuleManager: Shutting down and abandoning module ContentBrowser (73)
[2014.11.02-00.45.03:845][536]LogModuleManager: Shutting down and abandoning module PropertyEditor (72)
[2014.11.02-00.45.03:845][536]LogModuleManager: Shutting down and abandoning module Paper2DEditor (71)
[2014.11.02-00.45.03:845][536]LogModuleManager: Shutting down and abandoning module ScriptPlugin (70)
[2014.11.02-00.45.03:845][536]LogModuleManager: Shutting down and abandoning module UdpMessaging (69)
[2014.11.02-00.45.03:945][536]LogModuleManager: Shutting down and abandoning module Paper2D (68)
[2014.11.02-00.45.03:945][536]LogModuleManager: Shutting down and abandoning module WindowsMoviePlayer (67)
[2014.11.02-00.45.03:946][536]LogModuleManager: Shutting down and abandoning module Media (66)
[2014.11.02-00.45.03:946][536]LogModuleManager: Shutting down and abandoning module WmfMedia (65)
[2014.11.02-00.45.03:947][536]LogModuleManager: Shutting down and abandoning module OnlineBlueprintSupport (64)
[2014.11.02-00.45.03:947][536]LogModuleManager: Shutting down and abandoning module FunctionalTesting (63)
[2014.11.02-00.45.03:947][536]LogModuleManager: Shutting down and abandoning module CollisionAnalyzer (62)
[2014.11.02-00.45.03:947][536]LogModuleManager: Shutting down and abandoning module WorkspaceMenuStructure (61)
[2014.11.02-00.45.03:947][536]LogModuleManager: Shutting down and abandoning module MessageLog (60)
[2014.11.02-00.45.03:947][536]LogModuleManager: Shutting down and abandoning module Sequencer (59)
[2014.11.02-00.45.03:947][536]LogModuleManager: Shutting down and abandoning module AssetTools (58)
[2014.11.02-00.45.03:947][536]LogModuleManager: Shutting down and abandoning module UMGEditor (57)
[2014.11.02-00.45.03:947][536]LogModuleManager: Shutting down and abandoning module UMG (56)
[2014.11.02-00.45.03:947][536]LogModuleManager: Shutting down and abandoning module Slate (55)
[2014.11.02-00.45.03:947][536]LogModuleManager: Shutting down and abandoning module EditorStyle (54)
[2014.11.02-00.45.03:948][536]LogModuleManager: Shutting down and abandoning module SessionServices (53)
[2014.11.02-00.45.03:948][536]LogModuleManager: Shutting down and abandoning module SourceCodeAccess (52)
[2014.11.02-00.45.03:948][536]LogModuleManager: Shutting down and abandoning module HeadMountedDisplay (51)
[2014.11.02-00.45.03:948][536]LogModuleManager: Shutting down and abandoning module XAudio2 (50)
[2014.11.02-00.45.03:948][536]LogModuleManager: Shutting down and abandoning module Networking (48)
[2014.11.02-00.45.03:948][536]LogModuleManager: Shutting down and abandoning module Core (47)
[2014.11.02-00.45.03:948][536]LogModuleManager: Shutting down and abandoning module KismetCompiler (46)
[2014.11.02-00.45.03:948][536]LogModuleManager: Shutting down and abandoning module PhysXFormats (45)
[2014.11.02-00.45.03:948][536]LogModuleManager: Shutting down and abandoning module MeshUtilities (44)
[2014.11.02-00.45.03:948][536]LogModuleManager: Shutting down and abandoning module DerivedDataCache (43)
[2014.11.02-00.45.03:983][536]LogDerivedDataCache: Shutdown
[2014.11.02-00.45.03:983][536]LogModuleManager: Shutting down and abandoning module ShaderFormatOpenGL (42)
[2014.11.02-00.45.03:983][536]LogModuleManager: Shutting down and abandoning module ShaderFormatD3D (41)
[2014.11.02-00.45.03:983][536]LogModuleManager: Shutting down and abandoning module MetalShaderFormat (40)
[2014.11.02-00.45.03:983][536]LogModuleManager: Shutting down and abandoning module TextureFormatUncompressed (39)
[2014.11.02-00.45.03:983][536]LogModuleManager: Shutting down and abandoning module TextureFormatPVR (38)
[2014.11.02-00.45.03:983][536]LogModuleManager: Shutting down and abandoning module TextureFormatDXT (37)
[2014.11.02-00.45.03:983][536]LogModuleManager: Shutting down and abandoning module TextureFormatAndroid (36)
[2014.11.02-00.45.03:983][536]LogModuleManager: Shutting down and abandoning module AudioFormatOpus (35)
[2014.11.02-00.45.03:983][536]LogModuleManager: Shutting down and abandoning module AudioFormatOgg (34)
[2014.11.02-00.45.03:983][536]LogModuleManager: Shutting down and abandoning module AudioFormatADPCM (33)
[2014.11.02-00.45.03:983][536]LogModuleManager: Shutting down and abandoning module Messaging (32)
[2014.11.02-00.45.03:983][536]LogModuleManager: Shutting down and abandoning module IOSTargetPlatform (31)
[2014.11.02-00.45.03:983][536]LogModuleManager: Shutting down and abandoning module Android_PVRTCTargetPlatform (30)
[2014.11.02-00.45.03:983][536]LogModuleManager: Shutting down and abandoning module Android_ETC2TargetPlatform (29)
[2014.11.02-00.45.03:983][536]LogModuleManager: Shutting down and abandoning module Android_ETC1TargetPlatform (28)
[2014.11.02-00.45.03:983][536]LogModuleManager: Shutting down and abandoning module Android_DXTTargetPlatform (27)
[2014.11.02-00.45.03:983][536]LogModuleManager: Shutting down and abandoning module Android_ATCTargetPlatform (26)
[2014.11.02-00.45.03:983][536]LogModuleManager: Shutting down and abandoning module AndroidTargetPlatform (25)
[2014.11.02-00.45.03:983][536]LogModuleManager: Shutting down and abandoning module WindowsTargetPlatform (24)
[2014.11.02-00.45.03:983][536]LogModuleManager: Shutting down and abandoning module WindowsServerTargetPlatform (23)
[2014.11.02-00.45.03:983][536]LogModuleManager: Shutting down and abandoning module WindowsNoEditorTargetPlatform (22)
[2014.11.02-00.45.03:983][536]LogModuleManager: Shutting down and abandoning module WindowsClientTargetPlatform (21)
[2014.11.02-00.45.03:983][536]LogModuleManager: Shutting down and abandoning module TargetPlatform (20)
[2014.11.02-00.45.03:983][536]LogModuleManager: Shutting down and abandoning module InputCore (19)
[2014.11.02-00.45.03:983][536]LogModuleManager: Shutting down and abandoning module Settings (18)
[2014.11.02-00.45.03:983][536]LogModuleManager: Shutting down and abandoning module ImageWrapper (17)
[2014.11.02-00.45.03:983][536]LogModuleManager: Shutting down and abandoning module OculusRift (14)
[2014.11.02-00.45.03:983][536]LogModuleManager: Shutting down and abandoning module ExampleDeviceProfileSelector (13)
[2014.11.02-00.45.03:983][536]LogModuleManager: Shutting down and abandoning module TextureCompressor (12)
[2014.11.02-00.45.03:983][536]LogModuleManager: Shutting down and abandoning module ShaderCore (11)
[2014.11.02-00.45.03:983][536]LogModuleManager: Shutting down and abandoning module SlateRHIRenderer (10)
[2014.11.02-00.45.03:984][536]LogModuleManager: Shutting down and abandoning module OpenGLDrv (9)
[2014.11.02-00.45.03:984][536]LogModuleManager: Shutting down and abandoning module D3D11RHI (8)
[2014.11.02-00.45.03:984][536]LogModuleManager: Shutting down and abandoning module Renderer (7)
[2014.11.02-00.45.03:984][536]LogModuleManager: Shutting down and abandoning module Engine (6)
[2014.11.02-00.45.03:984][536]LogModuleManager: Shutting down and abandoning module CoreUObject (5)
[2014.11.02-00.45.03:984][536]LogModuleManager: Shutting down and abandoning module NetworkFile (4)
[2014.11.02-00.45.03:984][536]LogModuleManager: Shutting down and abandoning module StreamingFile (3)
[2014.11.02-00.45.03:984][536]LogModuleManager: Shutting down and abandoning module SandboxFile (2)
[2014.11.02-00.45.03:984][536]LogModuleManager: Shutting down and abandoning module PakFile (1)
[2014.11.02-00.45.03:984][536]LogExit: Exiting.
[2014.11.02-00.45.03:987][536]Log file closed, 11/01/14 20:45:03
