Log file open, 10/30/14 19:38:26
LogInit:Display: Running engine for game: gaem
LogInit: Version: 4.5.1-2336687+++depot+UE4-Releases+4.5
LogInit: API Version: 2326478
LogInit: Compiled (64-bit): Oct 21 2014 22:32:40
LogInit: Compiled with Visual C++: 18.00.21005.01
LogInit: Build Configuration: Development
LogInit: Branch Name: ++depot+UE4-Releases+4.5
LogInit: Command line: 
LogInit: Base directory: C:/Program Files/Unreal Engine/4.5/Engine/Binaries/Win64/
LogInit: Rocket: 1
[2014.10.30-23.38.26:771][  0]LogTaskGraph: Started task graph with 3 named threads and 4 total threads.
[2014.10.30-23.38.26:802][  0]LogOnline:Warning: No default platform service specified for OnlineSubsystem
[2014.10.30-23.38.26:825][  0]LogInit: Presizing for 0 objects not considered by GC, pre-allocating 0 bytes.
[2014.10.30-23.38.26:832][  0]LogInit: Object subsystem initialized
[2014.10.30-23.38.26:834][  0]LogConsoleResponse:Warning: Skipping Unknown console variable: 'UIScaleRule = ShortestSide'
[2014.10.30-23.38.26:834][  0]LogConsoleResponse:Warning:   Found in ini file 'C:/Users/Matt/Projects/gaem/Saved/Config/Windows/Engine.ini', in section '[/Script/Engine.RendererSettings]'
[2014.10.30-23.38.26:834][  0]LogConsoleResponse:Warning: Skipping Unknown console variable: 'UIScaleCurve = (EditorCurveData=(Keys=((Time=480.000000,Value=0.444000),(Time=720.000000,Value=0.666000),(Time=1080.000000,Value=1.000000),(Time=8640.000000,Value=8.000000))),ExternalCurve=None)'
[2014.10.30-23.38.26:834][  0]LogConsoleResponse:Warning:   Found in ini file 'C:/Users/Matt/Projects/gaem/Saved/Config/Windows/Engine.ini', in section '[/Script/Engine.RendererSettings]'
[2014.10.30-23.38.26:834][  0]LogInit: Selected Device Profile: [Windows]
[2014.10.30-23.38.26:834][  0]LogInit: Applying CVar settings loaded from the selected device profile: [Windows]
[2014.10.30-23.38.26:839][  0]LogInit: Computer: BIGRED
[2014.10.30-23.38.26:839][  0]LogInit: User: Matt
[2014.10.30-23.38.26:840][  0]LogInit: CPU Page size=4096, Cores=4
[2014.10.30-23.38.26:840][  0]LogInit: High frequency timer resolution =3.561787 MHz
[2014.10.30-23.38.26:840][  0]LogMemory: Memory total: Physical=15.7GB (16GB approx) Virtual=8192.0GB
[2014.10.30-23.38.26:840][  0]LogMemory: Platform Memory Stats for Windows
[2014.10.30-23.38.26:840][  0]LogMemory: Process Physical Memory: 63.46 MB used, 63.46 MB peak
[2014.10.30-23.38.26:840][  0]LogMemory: Process Virtual Memory: 38.54 MB used, 38.54 MB peak
[2014.10.30-23.38.26:840][  0]LogMemory: Physical Memory: 6267.66 MB used, 16066.05 MB total
[2014.10.30-23.38.26:840][  0]LogMemory: Virtual Memory: 272.19 MB used, 8388608.00 MB total
[2014.10.30-23.38.26:871][  0]LogD3D11RHI: Found D3D11 adapter 0: NVIDIA GeForce GTX 770 (Feature Level 11_0)
[2014.10.30-23.38.26:871][  0]LogD3D11RHI: Adapter has 1990MB of dedicated video memory, 0MB of dedicated system memory, and 2048MB of shared system memory, 1 output[s]
[2014.10.30-23.38.26:871][  0]LogD3D11RHI: Chosen D3D11 Adapter Id = 0
[2014.10.30-23.38.26:874][  0]LogRHI: Texture pool is 1361 MB (70% of 1945 MB)
[2014.10.30-23.38.26:881][  0]LogD3D11RHI: Async texture creation enabled
[2014.10.30-23.38.27:172][  0]LogTextLocalizationManager: The requested culture ('en_US') has no localization data; parent culture's ('en') localization data will be used.
[2014.10.30-23.38.27:268][  0]LogContentStreaming: Texture pool size is 0.000000MB
[2014.10.30-23.38.31:029][  0]LogTargetPlatformManager:Display: Building Assets For Windows
[2014.10.30-23.38.31:461][  0]LogTargetPlatformManager:Display: Building Assets For Windows
[2014.10.30-23.38.31:522][  0]LogDerivedDataCache:Display: Max Cache Size: 512 MB
[2014.10.30-23.38.31:548][  0]LogDerivedDataCache: Loaded boot cache 0.03s 39MB C:/Users/Matt/AppData/Local/UnrealEngine/4.5/DerivedDataCache/Boot.ddc.
[2014.10.30-23.38.31:548][  0]LogDerivedDataCache:Display: Loaded Boot cache: C:/Users/Matt/AppData/Local/UnrealEngine/4.5/DerivedDataCache/Boot.ddc
[2014.10.30-23.38.31:548][  0]LogDerivedDataCache: FDerivedDataBackendGraph:  Pak pak cache file ../../../../../../Users/Matt/Projects/gaem/DerivedDataCache/DDC.ddp not found, will not use a pak cache.
[2014.10.30-23.38.31:548][  0]LogDerivedDataCache: Unable to find inner node Pak for hierarchical cache Hierarchy.
[2014.10.30-23.38.31:598][  0]LogDerivedDataCache:Display: Pak cache opened for reading ../../../Engine/DerivedDataCache/DDC.ddp.
[2014.10.30-23.38.31:609][  0]LogDerivedDataCache: Using Local data cache path C:/Users/Matt/AppData/Local/UnrealEngine/Common/DerivedDataCache: Writable
[2014.10.30-23.38.31:759][  0]LogMeshUtilities: No automatic mesh reduction module available
[2014.10.30-23.38.31:759][  0]LogMeshUtilities: No automatic mesh merging module available
[2014.10.30-23.38.31:929][  0]LogLinker:Warning: Asset '../../../Engine/Content/Functions/Engine_MaterialFunctions02/Texturing/FlipBook.uasset' has been saved with empty engine version. The asset will be loaded but may be incompatible.
[2014.10.30-23.38.31:932][  0]LogLinker:Warning: Asset '../../../Engine/Content/Functions/Engine_MaterialFunctions02/ExampleContent/Textures/flipbook.uasset' has been saved with empty engine version. The asset will be loaded but may be incompatible.
[2014.10.30-23.38.32:111][  0]LogInit: WinSock: version 1.1 (2.2), MaxSocks=32767, MaxUdp=65467
[2014.10.30-23.38.32:979][  0]UdpMessaging: Initializing bridge on interface 0.0.0.0:0 to multicast group 230.0.0.1:6666.
[2014.10.30-23.38.33:258][  0]LogDirectoryWatcher:Warning: Failed to begin reading directory changes for C:/Users/Matt/Projects/gaem/Binaries/Win64. Error: 0
[2014.10.30-23.38.33:419][  0]SourceControl: Info Source control is disabled
[2014.10.30-23.38.33:419][  0]SourceControl: Info Source control is disabled
[2014.10.30-23.38.33:429][  0]SourceControl: Info Source control is disabled
[2014.10.30-23.38.33:634][  0]LogObj: 22915 objects as part of root set at end of initial load.
[2014.10.30-23.38.33:634][  0]LogUObjectAllocator: 4803544 out of 0 bytes used by permanent object pool.
[2014.10.30-23.38.33:700][  0]LogEngine: Initializing Engine...
[2014.10.30-23.38.33:802][  0]LogInit: XAudio2 using 'Speakers (ASUS Xonar Essence STX Audio Device)' : 2 channels at 44.1 kHz using 16 bits per sample (channel mask 0x3)
[2014.10.30-23.38.33:810][  0]LogInit: FAudioDevice initialized.
[2014.10.30-23.38.33:852][  0]LogAIModule: Creating AISystem for world NewWorld
[2014.10.30-23.38.33:868][  0]LogDerivedDataCache: Saved boot cache 0.02s 39MB C:/Users/Matt/AppData/Local/UnrealEngine/4.5/DerivedDataCache/Boot.ddc.
[2014.10.30-23.38.33:870][  0]LogInit: Texture streaming: Enabled
[2014.10.30-23.38.33:931][  0]LogInit: Transaction tracking system initialized
[2014.10.30-23.38.34:109][  0]BlueprintLog: New page: Editor Load
[2014.10.30-23.38.34:160][  0]LogAssetRegistry: FAssetRegistry took 0.0096 seconds to start up
[2014.10.30-23.38.34:160][  0]LogDirectoryWatcher:Warning: Failed to begin reading directory changes for ../../../Engine/Plugins/Experimental/CharacterAI/Content/. Error: 0
[2014.10.30-23.38.34:671][  0]LogTargetPlatformManager:Display: Building Assets For Windows
[2014.10.30-23.38.34:938][  0]LogTargetPlatformManager:Display: Building Assets For Windows
[2014.10.30-23.38.35:265][  0]LogConsoleResponse:Display: 
[2014.10.30-23.38.35:518][  0]SourceControl: Info Source control is disabled
[2014.10.30-23.38.35:518][  0]Cmd: MAP LOAD FILE="../../../../../../Users/Matt/Projects/gaem/Content/My2DMap.umap" TEMPLATE=0 SHOWPROGRESS=1
[2014.10.30-23.38.35:518][  0]LightingResults: New page: Lighting Build
[2014.10.30-23.38.35:537][  0]MapCheck: New page: Map Check
[2014.10.30-23.38.35:537][  0]LightingResults: New page: Lighting Build
[2014.10.30-23.38.35:547][  0]LogParticles: Destroying 0 GPU particle simulations for FXSystem 0x000000001BEC2A20
[2014.10.30-23.38.35:559][  0]LogEditorServer: Finished looking for orphan Actors (0.000 secs)
[2014.10.30-23.38.35:559][  0]LogAIModule: Creating AISystem for world My2DMap
[2014.10.30-23.38.35:559][  0]Cmd: MAP CHECKDEP
[2014.10.30-23.38.35:559][  0]MapCheck: New page: My2DMap - Oct 30, 2014, 3:38:35 PM
[2014.10.30-23.38.35:649][  0]MapCheck: Info Map check complete: 0 Error(s), 0 Warning(s), took 89.494ms to complete.
[2014.10.30-23.38.35:649][  0]LogFileHelpers: Loading map 'My2DMap' took 0.131
[2014.10.30-23.38.35:734][  0]LogCollectionManager: Loaded 0 collections in 0.001179 seconds
[2014.10.30-23.38.35:853][  0]LogCrashTracker: Crashtracker disabled due to settings.
[2014.10.30-23.38.35:864][  0]LogUObjectGlobals:Warning: Failed to find object 'Class None.'
[2014.10.30-23.38.35:888][  0]LogLoad: Full Startup: 11.14 seconds (BP compile: 0.00 seconds)
[2014.10.30-23.38.36:230][  0]LogContentBrowser:Verbose: The content browser source was changed by the sources view to '/Game/Blueprints'
[2014.10.30-23.38.36:341][  0]LogRenderer:Warning: Reallocating scene render targets to support 920x872.
[2014.10.30-23.38.36:568][  1]LogAssetRegistry: Asset discovery search completed in 2.4186 seconds
[2014.10.30-23.38.47:196][200]Cmd: TRANSACTION UNDO
[2014.10.30-23.38.47:196][200]LogEditorTransaction: Undo Rotate Actors
[2014.10.30-23.38.47:743][230]LogEditorViewport: Clicking on Actor (LMB): PaperSpriteActor (Platform)
[2014.10.30-23.38.52:908][837]LogEditorViewport: Clicking on Actor (LMB): PaperSpriteActor (Platform)
[2014.10.30-23.38.55:574][153]Cmd: EDIT COPY
[2014.10.30-23.38.55:760][175]Cmd: EDIT PASTE
[2014.10.30-23.38.59:967][676]LogEditorViewport: Clicking on Actor (LMB): PaperSpriteActor (Platform)
[2014.10.30-23.39.02:075][926]LogEditorViewport: Clicking on Actor (LMB): PaperSpriteActor (Platform_2)
[2014.10.30-23.39.04:385][200]LogEditorViewport: Clicking on Actor (LMB): PlayerStart (PlayerStart)
[2014.10.30-23.39.06:777][485]LogNavigationPoint: PostEditMove Clear paths rebuilt
[2014.10.30-23.39.08:283][659]LogPlayLevel: PIE:  No blueprints needed recompiling
[2014.10.30-23.39.08:283][659]PIE: New page: PIE session: My2DMap (Oct 30, 2014, 3:39:08 PM)
[2014.10.30-23.39.08:284][659]LogPlayLevel: PIE: StaticDuplicateObject took: (0.000677s)
[2014.10.30-23.39.08:284][659]LogPlayLevel: PIE: World Init took: (0.000362s)
[2014.10.30-23.39.08:284][659]LogPlayLevel: PIE: Created PIE world by copying editor world from /Game/My2DMap.My2DMap to /Game/UEDPIE_0_My2DMap.My2DMap (0.001145s)
[2014.10.30-23.39.08:388][659]LogWorld: Game class is 'PaperGameMode_C'
[2014.10.30-23.39.08:390][659]LogAIModule: Creating AISystem for world My2DMap
[2014.10.30-23.39.08:390][659]LogWorld: Bringing World /Game/UEDPIE_0_My2DMap.My2DMap up for play (max tick rate 0) at 2014.10.30-19.39.08
[2014.10.30-23.39.08:390][659]LogWorld: Bringing up level for play took: 0.000624
[2014.10.30-23.39.08:392][659]PIE: Info Play in editor start time for /Game/UEDPIE_0_My2DMap 0.945
[2014.10.30-23.39.15:551][494]LogActorComponent: UnregisterComponent: (/Engine/Transient.CharacterMovementComponent_0) Not registered. Aborting.
[2014.10.30-23.39.15:562][494]LogParticles: Destroying 0 GPU particle simulations for FXSystem 0x000000001D4B8540
[2014.10.30-23.39.16:609][617]LogEditorViewport: Clicking on Actor (LMB): PaperSpriteActor (Platform)
[2014.10.30-23.39.22:997][374]LogEditorViewport: Clicking Background
[2014.10.30-23.39.23:631][434]Cmd: OBJ SAVEPACKAGE PACKAGE="/Game/My2DMap" FILE="../../../../../../Users/Matt/Projects/gaem/Content/My2DMap.umap" SILENT=true AUTOSAVING=false KEEPDIRTY=false
[2014.10.30-23.39.23:676][434]LogSavePackage: Save=13.035872ms
[2014.10.30-23.39.23:676][434]LogSavePackage: Moving '../../../../../../Users/Matt/Projects/gaem/Saved/My2DMap6D76C4124C664DB9BA455DB12AED1D52.tmp' to '../../../../../../Users/Matt/Projects/gaem/Content/My2DMap.umap'
[2014.10.30-23.39.23:696][434]LogFileHelpers: Saving map 'My2DMap' took 0.168
[2014.10.30-23.39.24:209][494]LogPlayLevel: PIE:  No blueprints needed recompiling
[2014.10.30-23.39.24:209][494]PIE: New page: PIE session: My2DMap (Oct 30, 2014, 3:39:24 PM)
[2014.10.30-23.39.24:210][494]LogPlayLevel: PIE: StaticDuplicateObject took: (0.000607s)
[2014.10.30-23.39.24:210][494]LogPlayLevel: PIE: World Init took: (0.000353s)
[2014.10.30-23.39.24:210][494]LogPlayLevel: PIE: Created PIE world by copying editor world from /Game/My2DMap.My2DMap to /Game/UEDPIE_0_My2DMap.My2DMap (0.001078s)
[2014.10.30-23.39.24:237][494]LogWorld: Game class is 'PaperGameMode_C'
[2014.10.30-23.39.24:238][494]LogAIModule: Creating AISystem for world My2DMap
[2014.10.30-23.39.24:239][494]LogWorld: Bringing World /Game/UEDPIE_0_My2DMap.My2DMap up for play (max tick rate 0) at 2014.10.30-19.39.24
[2014.10.30-23.39.24:239][494]LogWorld: Bringing up level for play took: 0.000640
[2014.10.30-23.39.24:240][494]PIE: Info Play in editor start time for /Game/UEDPIE_0_My2DMap 0.793
[2014.10.30-23.39.29:829][159]LogParticles: Destroying 0 GPU particle simulations for FXSystem 0x00000000157496C0
[2014.10.30-23.39.47:420][708]LogSlate:Warning: GetFontFace failed to load or process 'Roboto-Regular'
[2014.10.30-23.39.47:420][708]LogSlate:Warning: GetFontFace failed to load or process 'Roboto-Regular'
[2014.10.30-23.39.47:422][708]LogSlate:Warning: GetFontFace failed to load or process 'Roboto-Regular'
[2014.10.30-23.39.47:422][708]LogSlate:Warning: GetFontFace failed to load or process 'Roboto-Regular'
[2014.10.30-23.39.47:422][708]LogSlate:Warning: GetFontFace failed to load or process 'Roboto-Regular'
[2014.10.30-23.39.47:422][708]LogSlate:Warning: GetFontFace failed to load or process 'Roboto-Regular'
[2014.10.30-23.39.47:422][708]LogSlate:Warning: GetFontFace failed to load or process 'Roboto-Regular'
[2014.10.30-23.39.47:422][708]LogSlate:Warning: GetFontFace failed to load or process 'Roboto-Regular'
[2014.10.30-23.39.47:422][708]LogSlate:Warning: GetFontFace failed to load or process 'Roboto-Regular'
[2014.10.30-23.39.47:422][708]LogSlate:Warning: GetFontFace failed to load or process 'Roboto-Regular'
[2014.10.30-23.39.47:422][708]LogSlate:Warning: GetFontFace failed to load or process 'Roboto-Regular'
[2014.10.30-23.39.47:422][708]LogSlate:Warning: GetFontFace failed to load or process 'Roboto-Regular'
[2014.10.30-23.39.47:423][708]LogSlate:Warning: GetFontFace failed to load or process 'Roboto-Regular'
[2014.10.30-23.39.47:423][708]LogSlate:Warning: GetFontFace failed to load or process 'Roboto-Regular'
[2014.10.30-23.39.47:423][708]LogSlate:Warning: GetFontFace failed to load or process 'Roboto-Regular'
[2014.10.30-23.39.47:423][708]LogSlate:Warning: GetFontFace failed to load or process 'Roboto-Regular'
[2014.10.30-23.39.47:423][708]LogSlate:Warning: GetFontFace failed to load or process 'Roboto-Regular'
[2014.10.30-23.39.47:423][708]LogSlate:Warning: GetFontFace failed to load or process 'Roboto-Regular'
[2014.10.30-23.39.47:423][708]LogSlate:Warning: GetFontFace failed to load or process 'Roboto-Regular'
[2014.10.30-23.39.54:227][443]LogEditorTransaction: Undo Add Node
[2014.10.30-23.39.54:256][443]LogActorComponent: UnregisterComponent: (/Engine/Transient.CharacterMovementComponent_1) Not registered. Aborting.
[2014.10.30-23.40.28:819][794]LogActorComponent: UnregisterComponent: (/Engine/Transient.CharacterMovementComponent_2) Not registered. Aborting.
[2014.10.30-23.40.59:213][539]LogActorComponent: UnregisterComponent: (/Engine/Transient.CharacterMovementComponent_3) Not registered. Aborting.
[2014.10.30-23.41.10:110][747]LogActorComponent: UnregisterComponent: (/Engine/Transient.CharacterMovementComponent_4) Not registered. Aborting.
[2014.10.30-23.41.49:004][ 97]LogSlate:Warning: GetFontFace failed to load or process 'Roboto-Regular'
[2014.10.30-23.41.49:004][ 97]LogSlate:Warning: GetFontFace failed to load or process 'Roboto-Regular'
[2014.10.30-23.41.49:004][ 97]LogSlate:Warning: GetFontFace failed to load or process 'Roboto-Regular'
[2014.10.30-23.41.49:004][ 97]LogSlate:Warning: GetFontFace failed to load or process 'Roboto-Regular'
[2014.10.30-23.41.49:004][ 97]LogSlate:Warning: GetFontFace failed to load or process 'Roboto-Regular'
[2014.10.30-23.41.49:004][ 97]LogSlate:Warning: GetFontFace failed to load or process 'Roboto-Regular'
[2014.10.30-23.41.55:343][612]LogEditorTransaction: Undo Add Node
[2014.10.30-23.41.55:374][612]LogActorComponent: UnregisterComponent: (/Engine/Transient.CharacterMovementComponent_5) Not registered. Aborting.
[2014.10.30-23.42.08:136][518]LogSlate:Warning: GetFontFace failed to load or process 'Roboto-Regular'
[2014.10.30-23.43.07:991][749]LogActorComponent: UnregisterComponent: (/Engine/Transient.CharacterMovementComponent_6) Not registered. Aborting.
[2014.10.30-23.43.30:587][576]LogActorComponent: UnregisterComponent: (/Engine/Transient.CharacterMovementComponent_7) Not registered. Aborting.
[2014.10.30-23.43.56:332][561]LogActorComponent: UnregisterComponent: (/Engine/Transient.CharacterMovementComponent_8) Not registered. Aborting.
[2014.10.30-23.44.17:968][118]LogSlate:Warning: GetFontFace failed to load or process 'Roboto-Regular'
[2014.10.30-23.44.17:968][118]LogSlate:Warning: GetFontFace failed to load or process 'Roboto-Regular'
[2014.10.30-23.44.17:969][118]LogSlate:Warning: GetFontFace failed to load or process 'Roboto-Regular'
[2014.10.30-23.44.17:969][118]LogSlate:Warning: GetFontFace failed to load or process 'Roboto-Regular'
[2014.10.30-23.44.17:969][118]LogSlate:Warning: GetFontFace failed to load or process 'Roboto-Regular'
[2014.10.30-23.44.42:875][319]LogActorComponent: UnregisterComponent: (/Engine/Transient.CharacterMovementComponent_9) Not registered. Aborting.
[2014.10.30-23.44.49:520][ 18]LogActorComponent: UnregisterComponent: (/Engine/Transient.CharacterMovementComponent_10) Not registered. Aborting.
[2014.10.30-23.44.49:576][ 18]Cmd: OBJ SAVEPACKAGE PACKAGE="/Game/Blueprints/MyCharacter" FILE="../../../../../../Users/Matt/Projects/gaem/Content/Blueprints/MyCharacter.uasset" SILENT=true
[2014.10.30-23.44.49:860][ 18]LogSavePackage: Save=261.464264ms
[2014.10.30-23.44.49:860][ 18]LogSavePackage: Moving '../../../../../../Users/Matt/Projects/gaem/Saved/MyCharacter75B9EECA4A112EC006F97193620D224C.tmp' to '../../../../../../Users/Matt/Projects/gaem/Content/Blueprints/MyCharacter.uasset'
[2014.10.30-23.44.50:264][ 53]BlueprintLog: New page: Compile MyCharacter
[2014.10.30-23.44.50:326][ 53]LogActorComponent: UnregisterComponent: (/Engine/Transient.CharacterMovementComponent_11) Not registered. Aborting.
[2014.10.30-23.44.50:374][ 53]BlueprintEditorCompileResults: Info [0385.55] Compile of MyCharacter successful! [in 28 ms]
[2014.10.30-23.44.51:643][174]Cmd: OBJ SAVEPACKAGE PACKAGE="/Game/Blueprints/MyCharacter" FILE="../../../../../../Users/Matt/Projects/gaem/Content/Blueprints/MyCharacter.uasset" SILENT=true
[2014.10.30-23.44.51:920][174]LogSavePackage: Save=261.280090ms
[2014.10.30-23.44.51:920][174]LogSavePackage: Moving '../../../../../../Users/Matt/Projects/gaem/Saved/MyCharacterC79E2EF449008858D98C058294C6B968.tmp' to '../../../../../../Users/Matt/Projects/gaem/Content/Blueprints/MyCharacter.uasset'
[2014.10.30-23.45.19:982][498]LogSlate:Warning: GetFontFace failed to load or process 'Roboto-Regular'
[2014.10.30-23.45.19:983][498]LogSlate:Warning: GetFontFace failed to load or process 'Roboto-Regular'
[2014.10.30-23.45.31:344][127]BlueprintLog: New page: Compile MyCharacter
[2014.10.30-23.45.31:404][127]LogActorComponent: UnregisterComponent: (/Engine/Transient.CharacterMovementComponent_12) Not registered. Aborting.
[2014.10.30-23.45.31:449][127]BlueprintEditorCompileResults: Info [0426.63] Compile of MyCharacter successful! [in 27 ms]
[2014.10.30-23.45.31:958][167]Cmd: OBJ SAVEPACKAGE PACKAGE="/Game/Blueprints/MyCharacter" FILE="../../../../../../Users/Matt/Projects/gaem/Content/Blueprints/MyCharacter.uasset" SILENT=true
[2014.10.30-23.45.32:236][167]LogSavePackage: Save=262.459534ms
[2014.10.30-23.45.32:236][167]LogSavePackage: Moving '../../../../../../Users/Matt/Projects/gaem/Saved/MyCharacter06EA35194DDBC56335FD658DDBC0586F.tmp' to '../../../../../../Users/Matt/Projects/gaem/Content/Blueprints/MyCharacter.uasset'
[2014.10.30-23.45.33:378][275]BlueprintLog: New page: Pre-PIE auto-recompile
[2014.10.30-23.45.33:378][275]LogPlayLevel: [PIE] Compiling Tutorial_BP_MacroLib before PIE...
[2014.10.30-23.45.33:408][275]LogActorComponent: UnregisterComponent: (/Engine/Transient.CharacterMovementComponent_13) Not registered. Aborting.
[2014.10.30-23.45.33:422][275]LogPlayLevel: PIE:  Blueprint regeneration took 43 ms (1 blueprints)
[2014.10.30-23.45.33:422][275]PIE: New page: PIE session: My2DMap (Oct 30, 2014, 3:45:33 PM)
[2014.10.30-23.45.33:423][275]LogPlayLevel: PIE: StaticDuplicateObject took: (0.000727s)
[2014.10.30-23.45.33:423][275]LogPlayLevel: PIE: World Init took: (0.000361s)
[2014.10.30-23.45.33:423][275]LogPlayLevel: PIE: Created PIE world by copying editor world from /Game/My2DMap.My2DMap to /Game/UEDPIE_0_My2DMap.My2DMap (0.001218s)
[2014.10.30-23.45.33:448][275]LogWorld: Game class is 'PaperGameMode_C'
[2014.10.30-23.45.33:449][275]LogAIModule: Creating AISystem for world My2DMap
[2014.10.30-23.45.33:449][275]LogWorld: Bringing World /Game/UEDPIE_0_My2DMap.My2DMap up for play (max tick rate 0) at 2014.10.30-19.45.33
[2014.10.30-23.45.33:449][275]LogWorld: Bringing up level for play took: 0.000573
[2014.10.30-23.45.33:450][275]PIE: Info Play in editor start time for /Game/UEDPIE_0_My2DMap 0.001
[2014.10.30-23.45.49:692][860]LogParticles: Destroying 0 GPU particle simulations for FXSystem 0x000000001B66CB80
[2014.10.30-23.45.49:703][861]LogParticles: Destroying 0 GPU particle simulations for FXSystem 0x00000000215062A0
[2014.10.30-23.45.58:845][637]LogEditorViewport: Clicking on Actor (LMB): PlayerStart (PlayerStart)
[2014.10.30-23.46.04:894][160]LogEditorViewport: Clicking Background
[2014.10.30-23.46.11:938][  5]LogEditorViewport: Clicking on Actor (LMB): PlayerStart (PlayerStart)
[2014.10.30-23.46.21:106][960]LogPropertyNode:Warning: UI Min (0) >= UI Max () for Ranged Numeric
[2014.10.30-23.46.21:107][960]LogPropertyNode:Warning: UI Min (0) >= UI Max () for Ranged Numeric
[2014.10.30-23.46.21:110][960]LogPropertyNode:Warning: UI Min (0) >= UI Max () for Ranged Numeric
[2014.10.30-23.46.26:628][532]LogPropertyNode:Warning: UI Min (0) >= UI Max () for Ranged Numeric
[2014.10.30-23.46.26:629][532]LogPropertyNode:Warning: UI Min (0) >= UI Max () for Ranged Numeric
[2014.10.30-23.46.26:630][532]LogPropertyNode:Warning: UI Min (0) >= UI Max () for Ranged Numeric
[2014.10.30-23.46.28:118][684]LogPropertyNode:Warning: UI Min (0) >= UI Max () for Ranged Numeric
[2014.10.30-23.46.28:136][686]LogPropertyNode:Warning: UI Min (0) >= UI Max () for Ranged Numeric
[2014.10.30-23.46.28:178][691]LogPropertyNode:Warning: UI Min (0) >= UI Max () for Ranged Numeric
[2014.10.30-23.46.28:271][702]LogPropertyNode:Warning: UI Min (0) >= UI Max () for Ranged Numeric
[2014.10.30-23.46.35:907][483]LogActorComponent: UnregisterComponent: (/Engine/Transient.CharacterMovementComponent_14) Not registered. Aborting.
[2014.10.30-23.46.38:454][742]LogActorComponent: UnregisterComponent: (/Engine/Transient.CharacterMovementComponent_15) Not registered. Aborting.
[2014.10.30-23.46.51:689][ 65]LogActorComponent: UnregisterComponent: (/Engine/Transient.CharacterMovementComponent_16) Not registered. Aborting.
[2014.10.30-23.46.54:701][375]LogPropertyNode:Warning: UI Min (0) >= UI Max () for Ranged Numeric
[2014.10.30-23.46.54:777][384]LogPropertyNode:Warning: UI Min (0) >= UI Max () for Ranged Numeric
[2014.10.30-23.46.54:786][385]LogPropertyNode:Warning: UI Min (0) >= UI Max () for Ranged Numeric
[2014.10.30-23.46.54:837][391]LogPropertyNode:Warning: UI Min (0) >= UI Max () for Ranged Numeric
[2014.10.30-23.46.55:217][435]LogPropertyNode:Warning: UI Min (0) >= UI Max () for Ranged Numeric
[2014.10.30-23.46.55:262][440]LogPropertyNode:Warning: UI Min (0) >= UI Max () for Ranged Numeric
[2014.10.30-23.46.55:280][442]LogPropertyNode:Warning: UI Min (0) >= UI Max () for Ranged Numeric
[2014.10.30-23.46.55:315][446]LogPropertyNode:Warning: UI Min (0) >= UI Max () for Ranged Numeric
[2014.10.30-23.46.55:843][509]LogPropertyNode:Warning: UI Min (0) >= UI Max () for Ranged Numeric
[2014.10.30-23.46.55:860][511]LogPropertyNode:Warning: UI Min (0) >= UI Max () for Ranged Numeric
[2014.10.30-23.46.58:332][804]LogPropertyNode:Warning: UI Min (0) >= UI Max () for Ranged Numeric
[2014.10.30-23.46.58:639][840]LogPropertyNode:Warning: UI Min (0) >= UI Max () for Ranged Numeric
[2014.10.30-23.47.01:514][153]LogActorComponent: UnregisterComponent: (/Engine/Transient.CharacterMovementComponent_17) Not registered. Aborting.
[2014.10.30-23.47.01:559][153]Cmd: OBJ SAVEPACKAGE PACKAGE="/Game/Blueprints/MyCharacter" FILE="../../../../../../Users/Matt/Projects/gaem/Content/Blueprints/MyCharacter.uasset" SILENT=true
[2014.10.30-23.47.01:841][153]LogSavePackage: Save=264.316772ms
[2014.10.30-23.47.01:841][153]LogSavePackage: Moving '../../../../../../Users/Matt/Projects/gaem/Saved/MyCharacter463784F34BE9FC4C343CE4B98B9B7AF9.tmp' to '../../../../../../Users/Matt/Projects/gaem/Content/Blueprints/MyCharacter.uasset'
[2014.10.30-23.47.05:274][505]BlueprintLog: New page: Pre-PIE auto-recompile
[2014.10.30-23.47.05:274][505]LogPlayLevel: [PIE] Compiling MyCharacter before PIE...
[2014.10.30-23.47.05:314][505]LogActorComponent: UnregisterComponent: (/Engine/Transient.CharacterMovementComponent_18) Not registered. Aborting.
[2014.10.30-23.47.05:328][505]LogPlayLevel: PIE:  Blueprint regeneration took 53 ms (1 blueprints)
[2014.10.30-23.47.05:328][505]PIE: New page: PIE session: My2DMap (Oct 30, 2014, 3:47:05 PM)
[2014.10.30-23.47.05:329][505]LogPlayLevel: PIE: StaticDuplicateObject took: (0.000643s)
[2014.10.30-23.47.05:329][505]LogPlayLevel: PIE: World Init took: (0.000343s)
[2014.10.30-23.47.05:329][505]LogPlayLevel: PIE: Created PIE world by copying editor world from /Game/My2DMap.My2DMap to /Game/UEDPIE_0_My2DMap.My2DMap (0.001082s)
[2014.10.30-23.47.05:357][505]LogWorld: Game class is 'PaperGameMode_C'
[2014.10.30-23.47.05:358][505]LogAIModule: Creating AISystem for world My2DMap
[2014.10.30-23.47.05:358][505]LogWorld: Bringing World /Game/UEDPIE_0_My2DMap.My2DMap up for play (max tick rate 0) at 2014.10.30-19.47.05
[2014.10.30-23.47.05:358][505]LogWorld: Bringing up level for play took: 0.000591
[2014.10.30-23.47.05:359][505]PIE: Info Play in editor start time for /Game/UEDPIE_0_My2DMap -0.091
[2014.10.30-23.47.13:866][508]LogParticles: Destroying 0 GPU particle simulations for FXSystem 0x0000000029D5CB80
[2014.10.30-23.47.14:665][602]LogPlayLevel: PIE:  No blueprints needed recompiling
[2014.10.30-23.47.14:666][602]PIE: New page: PIE session: My2DMap (Oct 30, 2014, 3:47:14 PM)
[2014.10.30-23.47.14:666][602]LogPlayLevel: PIE: StaticDuplicateObject took: (0.000582s)
[2014.10.30-23.47.14:667][602]LogPlayLevel: PIE: World Init took: (0.000342s)
[2014.10.30-23.47.14:667][602]LogPlayLevel: PIE: Created PIE world by copying editor world from /Game/My2DMap.My2DMap to /Game/UEDPIE_0_My2DMap.My2DMap (0.001046s)
[2014.10.30-23.47.14:696][602]LogWorld: Game class is 'PaperGameMode_C'
[2014.10.30-23.47.14:697][602]LogAIModule: Creating AISystem for world My2DMap
[2014.10.30-23.47.14:697][602]LogWorld: Bringing World /Game/UEDPIE_0_My2DMap.My2DMap up for play (max tick rate 0) at 2014.10.30-19.47.14
[2014.10.30-23.47.14:697][602]LogWorld: Bringing up level for play took: 0.000586
[2014.10.30-23.47.14:699][602]PIE: Info Play in editor start time for /Game/UEDPIE_0_My2DMap -0.752
[2014.10.30-23.47.22:306][507]LogParticles: Destroying 0 GPU particle simulations for FXSystem 0x000000002ADF4FE0
[2014.10.30-23.47.23:161][609]LogEditorViewport: Clicking on Actor (LMB): PaperSpriteActor (2DBackground_Sprite)
[2014.10.30-23.47.23:646][663]LogEditorViewport: Clicking on Actor (LMB): PaperSpriteActor (2DBackground_Sprite)
[2014.10.30-23.47.24:172][723]LogEditorViewport: Clicking on Actor (LMB): PaperSpriteActor (2DBackground_Sprite)
[2014.10.30-23.47.24:678][781]LogEditorViewport: Clicking on Actor (LMB): PaperSpriteActor (2DBackground_Sprite)
[2014.10.30-23.47.25:019][819]LogEditorViewport: Clicking on Actor (LMB): PaperSpriteActor (PrototypeTexture_Sprite)
[2014.10.30-23.47.25:669][894]LogEditorViewport: Clicking on Actor (LMB): PaperSpriteActor (2DBackground_Sprite)
[2014.10.30-23.47.26:118][945]LogEditorViewport: Clicking on Actor (LMB): PaperSpriteActor (2DBackground_Sprite)
[2014.10.30-23.47.26:401][976]LogEditorViewport: Clicking on Actor (LMB): PaperSpriteActor (2DBackground_Sprite)
[2014.10.30-23.47.28:713][247]LogEditorViewport: Clicking on Actor (LMB): PaperSpriteActor (2DBackground_Sprite)
[2014.10.30-23.47.37:873][324]LogEditorViewport: Clicking Background
[2014.10.30-23.47.38:825][437]LogPlayLevel: PIE:  No blueprints needed recompiling
[2014.10.30-23.47.38:825][437]PIE: New page: PIE session: My2DMap (Oct 30, 2014, 3:47:38 PM)
[2014.10.30-23.47.38:826][437]LogPlayLevel: PIE: StaticDuplicateObject took: (0.000590s)
[2014.10.30-23.47.38:826][437]LogPlayLevel: PIE: World Init took: (0.000342s)
[2014.10.30-23.47.38:826][437]LogPlayLevel: PIE: Created PIE world by copying editor world from /Game/My2DMap.My2DMap to /Game/UEDPIE_0_My2DMap.My2DMap (0.001032s)
[2014.10.30-23.47.38:854][437]LogWorld: Game class is 'PaperGameMode_C'
[2014.10.30-23.47.38:855][437]LogAIModule: Creating AISystem for world My2DMap
[2014.10.30-23.47.38:856][437]LogWorld: Bringing World /Game/UEDPIE_0_My2DMap.My2DMap up for play (max tick rate 0) at 2014.10.30-19.47.38
[2014.10.30-23.47.38:856][437]LogWorld: Bringing up level for play took: 0.000702
[2014.10.30-23.47.38:857][437]PIE: Info Play in editor start time for /Game/UEDPIE_0_My2DMap -0.593
[2014.10.30-23.47.44:556][115]LogParticles: Destroying 0 GPU particle simulations for FXSystem 0x0000000026D2E8E0
[2014.10.30-23.47.49:711][651]LogPropertyNode:Warning: UI Min (0) >= UI Max () for Ranged Numeric
[2014.10.30-23.47.49:712][651]LogPropertyNode:Warning: UI Min (0) >= UI Max () for Ranged Numeric
[2014.10.30-23.47.49:714][651]LogPropertyNode:Warning: UI Min (0) >= UI Max () for Ranged Numeric
[2014.10.30-23.47.50:454][737]LogPropertyNode:Warning: UI Min (0) >= UI Max () for Ranged Numeric
[2014.10.30-23.47.50:471][739]LogPropertyNode:Warning: UI Min (0) >= UI Max () for Ranged Numeric
[2014.10.30-23.47.50:496][742]LogPropertyNode:Warning: UI Min (0) >= UI Max () for Ranged Numeric
[2014.10.30-23.47.50:521][745]LogPropertyNode:Warning: UI Min (0) >= UI Max () for Ranged Numeric
[2014.10.30-23.47.54:160][170]LogActorComponent: UnregisterComponent: (/Engine/Transient.CharacterMovementComponent_19) Not registered. Aborting.
[2014.10.30-23.47.55:315][303]LogActorComponent: UnregisterComponent: (/Engine/Transient.CharacterMovementComponent_20) Not registered. Aborting.
[2014.10.30-23.47.55:489][303]Cmd: OBJ SAVEPACKAGE PACKAGE="/Game/My2DMap" FILE="../../../../../../Users/Matt/Projects/gaem/Content/My2DMap.umap" SILENT=true AUTOSAVING=false KEEPDIRTY=false
[2014.10.30-23.47.55:533][303]LogSavePackage: Save=10.577275ms
[2014.10.30-23.47.55:533][303]LogSavePackage: Moving '../../../../../../Users/Matt/Projects/gaem/Saved/My2DMapD0F5FB044A05D38B0170F3A8A53F36F4.tmp' to '../../../../../../Users/Matt/Projects/gaem/Content/My2DMap.umap'
[2014.10.30-23.47.55:553][303]LogFileHelpers: Saving map 'My2DMap' took 0.200
[2014.10.30-23.47.55:566][303]Cmd: OBJ SAVEPACKAGE PACKAGE="/Game/Blueprints/MyCharacter" FILE="../../../../../../Users/Matt/Projects/gaem/Content/Blueprints/MyCharacter.uasset" SILENT=true
[2014.10.30-23.47.55:849][303]LogSavePackage: Save=267.282410ms
[2014.10.30-23.47.55:849][303]LogSavePackage: Moving '../../../../../../Users/Matt/Projects/gaem/Saved/MyCharacterAFA2ADD74035D310DED181BFF737A48C.tmp' to '../../../../../../Users/Matt/Projects/gaem/Content/Blueprints/MyCharacter.uasset'
[2014.10.30-23.47.56:288][353]BlueprintLog: New page: Compile MyCharacter
[2014.10.30-23.47.56:365][353]LogActorComponent: UnregisterComponent: (/Engine/Transient.CharacterMovementComponent_21) Not registered. Aborting.
[2014.10.30-23.47.56:378][353]LogParticles: Destroying 0 GPU particle simulations for FXSystem 0x00000000295418A0
[2014.10.30-23.47.56:407][353]BlueprintEditorCompileResults: Info [0571.59] Compile of MyCharacter successful! [in 38 ms]
[2014.10.30-23.47.57:017][422]Cmd: OBJ SAVEPACKAGE PACKAGE="/Game/Blueprints/MyCharacter" FILE="../../../../../../Users/Matt/Projects/gaem/Content/Blueprints/MyCharacter.uasset" SILENT=true
[2014.10.30-23.47.57:299][422]LogSavePackage: Save=266.813812ms
[2014.10.30-23.47.57:299][422]LogSavePackage: Moving '../../../../../../Users/Matt/Projects/gaem/Saved/MyCharacter43C3967F4181714E7C364A915B3026DF.tmp' to '../../../../../../Users/Matt/Projects/gaem/Content/Blueprints/MyCharacter.uasset'
[2014.10.30-23.47.57:888][484]LogPlayLevel: PIE:  No blueprints needed recompiling
[2014.10.30-23.47.57:889][484]PIE: New page: PIE session: My2DMap (Oct 30, 2014, 3:47:57 PM)
[2014.10.30-23.47.57:889][484]LogPlayLevel: PIE: StaticDuplicateObject took: (0.000597s)
[2014.10.30-23.47.57:890][484]LogPlayLevel: PIE: World Init took: (0.000367s)
[2014.10.30-23.47.57:890][484]LogPlayLevel: PIE: Created PIE world by copying editor world from /Game/My2DMap.My2DMap to /Game/UEDPIE_0_My2DMap.My2DMap (0.001090s)
[2014.10.30-23.47.57:920][484]LogWorld: Game class is 'PaperGameMode_C'
[2014.10.30-23.47.57:921][484]LogAIModule: Creating AISystem for world My2DMap
[2014.10.30-23.47.57:921][484]LogWorld: Bringing World /Game/UEDPIE_0_My2DMap.My2DMap up for play (max tick rate 0) at 2014.10.30-19.47.57
[2014.10.30-23.47.57:922][484]LogWorld: Bringing up level for play took: 0.000635
[2014.10.30-23.47.57:923][484]PIE: Info Play in editor start time for /Game/UEDPIE_0_My2DMap 0.472
[2014.10.30-23.48.03:565][ 39]LogPropertyNode:Warning: UI Min (0) >= UI Max () for Ranged Numeric
[2014.10.30-23.48.03:565][ 39]LogPropertyNode:Warning: UI Min (0) >= UI Max () for Ranged Numeric
[2014.10.30-23.48.03:567][ 39]LogPropertyNode:Warning: UI Min (0) >= UI Max () for Ranged Numeric
[2014.10.30-23.48.03:567][ 39]LogPropertyNode:Warning: UI Min (0) >= UI Max () for Ranged Numeric
[2014.10.30-23.48.03:568][ 39]LogPropertyNode:Warning: UI Min (0) >= UI Max () for Ranged Numeric
[2014.10.30-23.48.03:568][ 39]LogPropertyNode:Warning: UI Min (0) >= UI Max () for Ranged Numeric
[2014.10.30-23.48.03:569][ 39]LogPropertyNode:Warning: UI Min (0) >= UI Max () for Ranged Numeric
[2014.10.30-23.48.06:619][381]LogActorComponent: UnregisterComponent: (/Engine/Transient.CharacterMovementComponent_22) Not registered. Aborting.
[2014.10.30-23.48.07:560][486]Cmd: OBJ SAVEPACKAGE PACKAGE="/Game/Blueprints/MyCharacter" FILE="../../../../../../Users/Matt/Projects/gaem/Content/Blueprints/MyCharacter.uasset" SILENT=true
[2014.10.30-23.48.07:833][486]LogSavePackage: Save=257.385956ms
[2014.10.30-23.48.07:833][486]LogSavePackage: Moving '../../../../../../Users/Matt/Projects/gaem/Saved/MyCharacterFBCF1AC142AC49314E7626810CCF91AA.tmp' to '../../../../../../Users/Matt/Projects/gaem/Content/Blueprints/MyCharacter.uasset'
[2014.10.30-23.48.11:605][926]LogActorComponent: UnregisterComponent: (/Engine/Transient.CharacterMovementComponent_23) Not registered. Aborting.
[2014.10.30-23.48.11:618][926]LogParticles: Destroying 0 GPU particle simulations for FXSystem 0x0000000006E67C40
[2014.10.30-23.48.12:121][985]BlueprintLog: New page: Pre-PIE auto-recompile
[2014.10.30-23.48.12:121][985]LogPlayLevel: [PIE] Compiling MyCharacter before PIE...
[2014.10.30-23.48.12:170][985]LogPlayLevel: PIE:  Blueprint regeneration took 49 ms (1 blueprints)
[2014.10.30-23.48.12:171][985]PIE: New page: PIE session: My2DMap (Oct 30, 2014, 3:48:12 PM)
[2014.10.30-23.48.12:171][985]LogPlayLevel: PIE: StaticDuplicateObject took: (0.000622s)
[2014.10.30-23.48.12:172][985]LogPlayLevel: PIE: World Init took: (0.000373s)
[2014.10.30-23.48.12:172][985]LogPlayLevel: PIE: Created PIE world by copying editor world from /Game/My2DMap.My2DMap to /Game/UEDPIE_0_My2DMap.My2DMap (0.001132s)
[2014.10.30-23.48.12:200][985]LogWorld: Game class is 'PaperGameMode_C'
[2014.10.30-23.48.12:201][985]LogAIModule: Creating AISystem for world My2DMap
[2014.10.30-23.48.12:201][985]LogWorld: Bringing World /Game/UEDPIE_0_My2DMap.My2DMap up for play (max tick rate 0) at 2014.10.30-19.48.12
[2014.10.30-23.48.12:201][985]LogWorld: Bringing up level for play took: 0.000571
[2014.10.30-23.48.12:202][985]PIE: Info Play in editor start time for /Game/UEDPIE_0_My2DMap 0.752
[2014.10.30-23.48.18:412][607]LogParticles: Destroying 0 GPU particle simulations for FXSystem 0x00000000172CE660
[2014.10.30-23.49.16:969][367]LogContentBrowser:Verbose: The content browser source was changed by the sources view to '/Game/Materials'
[2014.10.30-23.49.17:287][405]LogContentBrowser:Verbose: The content browser source was changed by the sources view to '/Game/Flipbooks'
[2014.10.30-23.49.17:817][468]LogContentBrowser:Verbose: The content browser source was changed by the sources view to '/Game/Materials'
[2014.10.30-23.49.18:243][519]LogContentBrowser:Verbose: The content browser source was changed by the sources view to '/Game/Sprites'
[2014.10.30-23.49.18:671][567]LogContentBrowser:Verbose: The content browser source was changed by the sources view to '/Game/Textures'
[2014.10.30-23.49.19:017][606]LogContentBrowser:Verbose: The content browser source was changed by the sources view to '/Game/Sprites'
[2014.10.30-23.49.23:827][161]LogContentBrowser:Verbose: The content browser source was changed by the sources view to '/Game/Textures'
[2014.10.30-23.49.38:680][ 79]LogContentBrowser:Verbose: The content browser source was changed by the sources view to '/Game/Textures'
[2014.10.30-23.49.48:049][172]Cmd: OBJ SAVEPACKAGE PACKAGE="/Game/Sprites/Jump1" FILE="../../../../../../Users/Matt/Projects/gaem/Content/Sprites/Jump1.uasset" SILENT=true
[2014.10.30-23.49.48:091][172]LogSavePackage: Save=39.979088ms
[2014.10.30-23.49.48:091][172]LogSavePackage: Moving '../../../../../../Users/Matt/Projects/gaem/Saved/Jump1BB83AC9B45F47051C59AFBB1D587C149.tmp' to '../../../../../../Users/Matt/Projects/gaem/Content/Sprites/Jump1.uasset'
[2014.10.30-23.49.48:107][172]LogActorComponent: UnregisterComponent: (/Engine/Transient.CharacterMovementComponent_24) Not registered. Aborting.
[2014.10.30-23.49.48:843][257]LogContentBrowser:Verbose: The content browser source was changed by the sources view to '/Game/Sprites'
[2014.10.30-23.49.50:143][401]Cmd: OBJ SAVEPACKAGE PACKAGE="/Game/Textures/Jump1" FILE="../../../../../../Users/Matt/Projects/gaem/Content/Textures/Jump1.uasset" SILENT=true
[2014.10.30-23.49.50:147][401]LogSavePackage: Save=2.247467ms
[2014.10.30-23.49.50:148][401]LogSavePackage: Moving '../../../../../../Users/Matt/Projects/gaem/Saved/Jump1708D94564A524B1DA35988BD505055D0.tmp' to '../../../../../../Users/Matt/Projects/gaem/Content/Textures/Jump1.uasset'
[2014.10.30-23.50.19:319][923]LogParticles: Destroying 0 GPU particle simulations for FXSystem 0x000000001757DC60
[2014.10.30-23.50.19:339][923]Cmd: OBJ SAVEPACKAGE PACKAGE="/Game/Sprites/Jump1" FILE="../../../../../../Users/Matt/Projects/gaem/Content/Sprites/Jump1.uasset" SILENT=true
[2014.10.30-23.50.19:401][923]LogSavePackage: Save=40.487263ms
[2014.10.30-23.50.19:401][923]LogSavePackage: Moving '../../../../../../Users/Matt/Projects/gaem/Saved/Jump17F8854A448E22367BDF0AFAE86A972F0.tmp' to '../../../../../../Users/Matt/Projects/gaem/Content/Sprites/Jump1.uasset'
[2014.10.30-23.50.21:841][181]LogContentBrowser:Verbose: The content browser source was changed by the sources view to '/Game/Flipbooks'
[2014.10.30-23.50.28:526][896]LogContentBrowser:Verbose: The content browser source was changed by the sources view to '/Game/Flipbooks'
[2014.10.30-23.50.37:578][904]LogContentBrowser:Verbose: The content browser source was changed by the sources view to '/Game/Sprites'
[2014.10.30-23.50.49:110][124]LogParticles: Destroying 0 GPU particle simulations for FXSystem 0x0000000006CD9620
[2014.10.30-23.50.49:131][124]Cmd: OBJ SAVEPACKAGE PACKAGE="/Game/Flipbooks/Jump_Flipbook" FILE="../../../../../../Users/Matt/Projects/gaem/Content/Flipbooks/Jump_Flipbook.uasset" SILENT=true
[2014.10.30-23.50.49:173][124]LogSavePackage: Save=39.545319ms
[2014.10.30-23.50.49:173][124]LogSavePackage: Moving '../../../../../../Users/Matt/Projects/gaem/Saved/Jump_Flipbook47416B904F43A769616D63A32E50FEA6.tmp' to '../../../../../../Users/Matt/Projects/gaem/Content/Flipbooks/Jump_Flipbook.uasset'
[2014.10.30-23.51.12:258][627]LogContentBrowser:Verbose: The content browser source was changed by the sources view to '/Game/Blueprints'
[2014.10.30-23.51.38:790][664]LogSlate:Warning: GetFontFace failed to load or process 'Roboto-Regular'
[2014.10.30-23.51.38:790][664]LogSlate:Warning: GetFontFace failed to load or process 'Roboto-Regular'
[2014.10.30-23.52.49:347][909]LogActorComponent: UnregisterComponent: (/Engine/Transient.CharacterMovementComponent_25) Not registered. Aborting.
[2014.10.30-23.53.09:943][389]LogActorComponent: UnregisterComponent: (/Engine/Transient.CharacterMovementComponent_26) Not registered. Aborting.
[2014.10.30-23.54.13:239][339]LogActorComponent: UnregisterComponent: (/Engine/Transient.CharacterMovementComponent_27) Not registered. Aborting.
[2014.10.30-23.54.16:287][614]LogActorComponent: UnregisterComponent: (/Engine/Transient.CharacterMovementComponent_28) Not registered. Aborting.
[2014.10.30-23.54.25:161][232]LogActorComponent: UnregisterComponent: (/Engine/Transient.CharacterMovementComponent_29) Not registered. Aborting.
[2014.10.30-23.54.43:644][ 84]LogActorComponent: UnregisterComponent: (/Engine/Transient.CharacterMovementComponent_30) Not registered. Aborting.
[2014.10.30-23.54.55:363][ 42]LogActorComponent: UnregisterComponent: (/Engine/Transient.CharacterMovementComponent_31) Not registered. Aborting.
[2014.10.30-23.55.08:727][190]LogActorComponent: UnregisterComponent: (/Engine/Transient.CharacterMovementComponent_32) Not registered. Aborting.
[2014.10.30-23.55.18:003][243]LogActorComponent: UnregisterComponent: (/Engine/Transient.CharacterMovementComponent_33) Not registered. Aborting.
[2014.10.30-23.55.26:457][196]LogActorComponent: UnregisterComponent: (/Engine/Transient.CharacterMovementComponent_34) Not registered. Aborting.
[2014.10.30-23.55.35:464][883]LogActorComponent: UnregisterComponent: (/Engine/Transient.CharacterMovementComponent_35) Not registered. Aborting.
[2014.10.30-23.56.15:330][800]LogActorComponent: UnregisterComponent: (/Engine/Transient.CharacterMovementComponent_36) Not registered. Aborting.
[2014.10.30-23.56.23:907][749]LogActorComponent: UnregisterComponent: (/Engine/Transient.CharacterMovementComponent_37) Not registered. Aborting.
[2014.10.30-23.56.28:456][253]LogActorComponent: UnregisterComponent: (/Engine/Transient.CharacterMovementComponent_38) Not registered. Aborting.
[2014.10.30-23.57.14:461][769]LogActorComponent: UnregisterComponent: (/Engine/Transient.CharacterMovementComponent_39) Not registered. Aborting.
[2014.10.30-23.57.26:618][935]LogActorComponent: UnregisterComponent: (/Engine/Transient.CharacterMovementComponent_40) Not registered. Aborting.
[2014.10.30-23.57.31:123][423]LogActorComponent: UnregisterComponent: (/Engine/Transient.CharacterMovementComponent_41) Not registered. Aborting.
[2014.10.30-23.57.34:387][767]LogActorComponent: UnregisterComponent: (/Engine/Transient.CharacterMovementComponent_42) Not registered. Aborting.
[2014.10.30-23.57.37:683][880]LogActorComponent: UnregisterComponent: (/Engine/Transient.CharacterMovementComponent_43) Not registered. Aborting.
[2014.10.30-23.57.45:827][776]LogActorComponent: UnregisterComponent: (/Engine/Transient.CharacterMovementComponent_44) Not registered. Aborting.
[2014.10.30-23.57.48:843][ 74]LogActorComponent: UnregisterComponent: (/Engine/Transient.CharacterMovementComponent_45) Not registered. Aborting.
[2014.10.30-23.57.49:697][166]BlueprintLog: New page: Compile MyCharacter
[2014.10.30-23.57.49:772][166]LogActorComponent: UnregisterComponent: (/Engine/Transient.CharacterMovementComponent_46) Not registered. Aborting.
[2014.10.30-23.57.49:792][166]LogParticles: Destroying 0 GPU particle simulations for FXSystem 0x0000000024F15DA0
[2014.10.30-23.57.49:827][166]BlueprintEditorCompileResults: Info [1164.99] Compile of MyCharacter successful! [in 30 ms]
[2014.10.30-23.58.08:951][318]LogActorComponent: UnregisterComponent: (/Engine/Transient.CharacterMovementComponent_47) Not registered. Aborting.
[2014.10.30-23.58.11:570][591]LogActorComponent: UnregisterComponent: (/Engine/Transient.CharacterMovementComponent_48) Not registered. Aborting.
[2014.10.30-23.58.14:706][925]LogActorComponent: UnregisterComponent: (/Engine/Transient.CharacterMovementComponent_49) Not registered. Aborting.
[2014.10.30-23.58.15:643][979]LogActorComponent: UnregisterComponent: (/Engine/Transient.CharacterMovementComponent_50) Not registered. Aborting.
[2014.10.30-23.58.15:659][979]LogFileHelpers: Editor autosave (incl. sublevels) for '/Game/My2DMap' took 0.016
[2014.10.30-23.58.15:666][979]OBJ SavePackage: Generating thumbnails for [1] asset(s) in package [/Game/Blueprints/MyCharacter] ([1] browsable assets)...
[2014.10.30-23.58.15:693][979]OBJ SavePackage:     Rendered thumbnail for [Blueprint /Game/Blueprints/MyCharacter.MyCharacter]
[2014.10.30-23.58.15:693][979]OBJ SavePackage: Finished generating thumbnails for package [/Game/Blueprints/MyCharacter]
[2014.10.30-23.58.15:696][979]Cmd: OBJ SAVEPACKAGE PACKAGE="/Game/Blueprints/MyCharacter" FILE="../../../../../../Users/Matt/Projects/gaem/Saved/Autosaves/Game/Blueprints/MyCharacter_Auto1.uasset" SILENT=false AUTOSAVING=true
[2014.10.30-23.58.16:025][979]LogSavePackage: Save=277.032013ms
[2014.10.30-23.58.16:025][979]LogSavePackage: Moving '../../../../../../Users/Matt/Projects/gaem/Saved/MyCharacter_Auto130CBC6034A963C0175BFE8BE05C31104.tmp' to '../../../../../../Users/Matt/Projects/gaem/Saved/Autosaves/Game/Blueprints/MyCharacter_Auto1.uasset'
[2014.10.30-23.58.16:030][979]LogFileHelpers: Auto-saving content packages took 0.371
[2014.10.30-23.58.28:443][530]LogActorComponent: UnregisterComponent: (/Engine/Transient.CharacterMovementComponent_51) Not registered. Aborting.
[2014.10.30-23.58.54:258][567]BlueprintLog: New page: Compile MyCharacter
[2014.10.30-23.58.54:325][567]LogActorComponent: UnregisterComponent: (/Engine/Transient.CharacterMovementComponent_52) Not registered. Aborting.
[2014.10.30-23.58.54:390][567]BlueprintEditorCompileResults: Info [1229.54] Compile of MyCharacter successful! [in 29 ms]
[2014.10.30-23.58.56:685][788]LogActorComponent: UnregisterComponent: (/Engine/Transient.CharacterMovementComponent_53) Not registered. Aborting.
[2014.10.30-23.58.57:756][899]BlueprintLog: New page: Compile MyCharacter
[2014.10.30-23.58.57:823][899]LogActorComponent: UnregisterComponent: (/Engine/Transient.CharacterMovementComponent_54) Not registered. Aborting.
[2014.10.30-23.58.57:889][899]BlueprintEditorCompileResults: Info [1233.04] Compile of MyCharacter successful! [in 29 ms]
[2014.10.30-23.58.58:016][911]BlueprintLog: New page: Compile MyCharacter
[2014.10.30-23.58.58:083][911]LogActorComponent: UnregisterComponent: (/Engine/Transient.CharacterMovementComponent_55) Not registered. Aborting.
[2014.10.30-23.58.58:148][911]BlueprintEditorCompileResults: Info [1233.30] Compile of MyCharacter successful! [in 29 ms]
[2014.10.30-23.59.00:729][163]Cmd: OBJ SAVEPACKAGE PACKAGE="/Game/Blueprints/MyCharacter" FILE="../../../../../../Users/Matt/Projects/gaem/Content/Blueprints/MyCharacter.uasset" SILENT=true
[2014.10.30-23.59.01:011][163]LogSavePackage: Save=266.477753ms
[2014.10.30-23.59.01:011][163]LogSavePackage: Moving '../../../../../../Users/Matt/Projects/gaem/Saved/MyCharacterF840D64543DCC29ADEEB9A829264985E.tmp' to '../../../../../../Users/Matt/Projects/gaem/Content/Blueprints/MyCharacter.uasset'
[2014.10.30-23.59.25:278][897]LogContentBrowser:Verbose: The content browser source was changed by the sources view to '/Game'
[2014.10.30-23.59.27:441][125]LogContentBrowser:Verbose: The content browser source was changed by the sources view to '/Game'
[2014.10.30-23.59.33:702][875]LogContentBrowser:Verbose: The content browser source was changed by the sources view to '/Game/Data'
[2014.10.30-23.59.39:805][348]LogContentBrowser:Verbose: The content browser source was changed by the sources view to '/Game/Data'
[2014.10.30-23.59.51:615][370]LogMetaData: Removing '/Game/Data/AnimationState.AnimationState' ref from Metadata '/Game/Data/NewUserDefinedEnum.PackageMetaData'
[2014.10.30-23.59.51:638][370]Cmd: OBJ SAVEPACKAGE PACKAGE="/Game/Data/AnimationState" FILE="../../../../../../Users/Matt/Projects/gaem/Content/Data/AnimationState.uasset" SILENT=true
[2014.10.30-23.59.51:643][370]LogSavePackage: Save=3.173407ms
[2014.10.30-23.59.51:643][370]LogSavePackage: Moving '../../../../../../Users/Matt/Projects/gaem/Saved/AnimationStateF937143840B6016AE0B37ABFCFBA2EF3.tmp' to '../../../../../../Users/Matt/Projects/gaem/Content/Data/AnimationState.uasset'
[2014.10.30-23.59.51:666][370]LogActorComponent: UnregisterComponent: (/Engine/Transient.CharacterMovementComponent_56) Not registered. Aborting.
[2014.10.30-23.59.53:749][611]LogEnum:Warning: Enum Text AnimationState::NewEnumerator0 for Enum AnimationState failed to resolve to any value
[2014.10.30-23.59.59:381][286]LogEnum:Warning: Enum Text AnimationState::NewEnumerator1 for Enum AnimationState failed to resolve to any value
[2014.10.30-23.59.59:557][307]LogEnum:Warning: Enum Text AnimationState::NewEnumerator2 for Enum AnimationState failed to resolve to any value
[2014.10.30-23.59.59:667][320]LogEnum:Warning: Enum Text AnimationState::NewEnumerator3 for Enum AnimationState failed to resolve to any value
[2014.10.31-00.00.15:389][195]Cmd: OBJ SAVEPACKAGE PACKAGE="/Game/Data/NewUserDefinedEnum" FILE="../../../../../../Users/Matt/Projects/gaem/Content/Data/NewUserDefinedEnum.uasset" SILENT=true
[2014.10.31-00.00.15:393][195]LogSavePackage: Save=2.062729ms
[2014.10.31-00.00.15:393][195]LogSavePackage: Moving '../../../../../../Users/Matt/Projects/gaem/Saved/NewUserDefinedEnumDA4BA92A4CA9EEAB07FFEAAB550DBC81.tmp' to '../../../../../../Users/Matt/Projects/gaem/Content/Data/NewUserDefinedEnum.uasset'
[2014.10.31-00.00.15:400][195]Cmd: OBJ SAVEPACKAGE PACKAGE="/Game/Data/AnimationState" FILE="../../../../../../Users/Matt/Projects/gaem/Content/Data/AnimationState.uasset" SILENT=true
[2014.10.31-00.00.15:422][195]LogSavePackage: Save=2.493973ms
[2014.10.31-00.00.15:422][195]LogSavePackage: Moving '../../../../../../Users/Matt/Projects/gaem/Saved/AnimationState5AFAD2D54E9CB52B00907680779C252A.tmp' to '../../../../../../Users/Matt/Projects/gaem/Content/Data/AnimationState.uasset'
[2014.10.31-00.00.39:114][303]LogEditorTransaction: Undo Add Variable
[2014.10.31-00.01.31:220][373]BlueprintLog: New page: Compile MyCharacter
[2014.10.31-00.01.31:359][373]BlueprintEditorCompileResults: Info [1386.51] Compile of MyCharacter successful! [in 29 ms]
[2014.10.31-00.02.42:672][912]BlueprintLog: New page: Compile MyCharacter
[2014.10.31-00.02.42:797][912]BlueprintEditorCompileResults: Info [1457.96] Compile of MyCharacter successful! [in 27 ms]
[2014.10.31-00.03.40:351][289]BlueprintLog: New page: Compile MyCharacter
[2014.10.31-00.03.40:478][289]BlueprintEditorCompileResults: Info [1515.64] Compile of MyCharacter successful! [in 29 ms]
[2014.10.31-00.03.43:110][582]Cmd: OBJ SAVEPACKAGE PACKAGE="/Game/Blueprints/MyCharacter" FILE="../../../../../../Users/Matt/Projects/gaem/Content/Blueprints/MyCharacter.uasset" SILENT=true
[2014.10.31-00.03.43:404][582]LogSavePackage: Save=272.934906ms
[2014.10.31-00.03.43:404][582]LogSavePackage: Moving '../../../../../../Users/Matt/Projects/gaem/Saved/MyCharacter988582664E23E072F3ECA3A51BE41958.tmp' to '../../../../../../Users/Matt/Projects/gaem/Content/Blueprints/MyCharacter.uasset'
[2014.10.31-00.05.43:944][660]LogActorComponent: UnregisterComponent: (/Engine/Transient.CharacterMovementComponent_57) Not registered. Aborting.
[2014.10.31-00.06.54:858][753]LogParticles: Destroying 0 GPU particle simulations for FXSystem 0x0000000017609620
[2014.10.31-00.06.55:246][754]Cmd: QUIT_EDITOR
[2014.10.31-00.06.55:479][754]LogExit: Preparing to exit.
[2014.10.31-00.06.56:187][754]LogExit: Editor shut down
[2014.10.31-00.06.56:187][754]LogExit: Transaction tracking system shut down
[2014.10.31-00.06.56:187][754]LogParticles: Destroying 0 GPU particle simulations for FXSystem 0x0000000015379080
[2014.10.31-00.06.56:187][754]LogParticles: Destroying 0 GPU particle simulations for FXSystem 0x000000001D4B9620
[2014.10.31-00.06.56:187][754]LogParticles: Destroying 0 GPU particle simulations for FXSystem 0x000000001BAF5F80
[2014.10.31-00.06.56:188][754]LogParticles: Destroying 0 GPU particle simulations for FXSystem 0x000000001DF97740
[2014.10.31-00.06.56:203][754]LogExit: Object subsystem successfully closed.
[2014.10.31-00.06.56:255][754]LogModuleManager: Shutting down and abandoning module TextureEditor (167)
[2014.10.31-00.06.56:255][754]LogModuleManager: Shutting down and abandoning module AndroidDeviceDetection (166)
[2014.10.31-00.06.56:255][754]LogModuleManager: Shutting down and abandoning module CrashTracker (165)
[2014.10.31-00.06.56:255][754]LogModuleManager: Shutting down and abandoning module SuperSearch (164)
[2014.10.31-00.06.56:255][754]LogModuleManager: Shutting down and abandoning module SceneOutliner (163)
[2014.10.31-00.06.56:255][754]LogModuleManager: Shutting down and abandoning module EditorWidgets (162)
[2014.10.31-00.06.56:255][754]LogModuleManager: Shutting down and abandoning module CollectionManager (161)
[2014.10.31-00.06.56:255][754]LogModuleManager: Shutting down and abandoning module StatsViewer (160)
[2014.10.31-00.06.56:255][754]LogModuleManager: Shutting down and abandoning module FoliageEdit (159)
[2014.10.31-00.06.56:255][754]LogModuleManager: Shutting down and abandoning module LandscapeEditor (158)
[2014.10.31-00.06.56:255][754]LogModuleManager: Shutting down and abandoning module MeshPaint (157)
[2014.10.31-00.06.56:255][754]LogModuleManager: Shutting down and abandoning module ActorPickerMode (156)
[2014.10.31-00.06.56:255][754]LogModuleManager: Shutting down and abandoning module GeometryMode (155)
[2014.10.31-00.06.56:255][754]LogModuleManager: Shutting down and abandoning module TextureAlignMode (154)
[2014.10.31-00.06.56:255][754]LogModuleManager: Shutting down and abandoning module BspMode (153)
[2014.10.31-00.06.56:255][754]LogModuleManager: Shutting down and abandoning module PlacementMode (152)
[2014.10.31-00.06.56:255][754]LogModuleManager: Shutting down and abandoning module AutomationWorker (151)
[2014.10.31-00.06.56:255][754]LogModuleManager: Shutting down and abandoning module CharacterAI (150)
[2014.10.31-00.06.56:255][754]LogModuleManager: Shutting down and abandoning module GameProjectGeneration (149)
[2014.10.31-00.06.56:255][754]LogModuleManager: Shutting down and abandoning module IntroTutorials (148)
[2014.10.31-00.06.56:255][754]LogModuleManager: Shutting down and abandoning module EditorLiveStreaming (147)
[2014.10.31-00.06.56:255][754]LogModuleManager: Shutting down and abandoning module HardwareTargeting (146)
[2014.10.31-00.06.56:255][754]LogModuleManager: Shutting down and abandoning module BehaviorTreeEditor (145)
[2014.10.31-00.06.56:255][754]LogModuleManager: Shutting down and abandoning module DeviceProfileEditor (144)
[2014.10.31-00.06.56:255][754]LogModuleManager: Shutting down and abandoning module UndoHistory (143)
[2014.10.31-00.06.56:255][754]LogModuleManager: Shutting down and abandoning module GameplayTagsEditor (142)
[2014.10.31-00.06.56:256][754]LogModuleManager: Shutting down and abandoning module UserFeedback (141)
[2014.10.31-00.06.56:256][754]LogModuleManager: Shutting down and abandoning module XmlParser (140)
[2014.10.31-00.06.56:256][754]LogModuleManager: Shutting down and abandoning module Blutility (139)
[2014.10.31-00.06.56:256][754]LogModuleManager: Shutting down and abandoning module IOSPlatformEditor (138)
[2014.10.31-00.06.56:256][754]LogModuleManager: Shutting down and abandoning module IOSRuntimeSettings (137)
[2014.10.31-00.06.56:256][754]LogModuleManager: Shutting down and abandoning module AndroidPlatformEditor (136)
[2014.10.31-00.06.56:256][754]LogModuleManager: Shutting down and abandoning module AndroidRuntimeSettings (135)
[2014.10.31-00.06.56:256][754]LogModuleManager: Shutting down and abandoning module ProjectTargetPlatformEditor (134)
[2014.10.31-00.06.56:256][754]LogModuleManager: Shutting down and abandoning module ProjectSettingsViewer (133)
[2014.10.31-00.06.56:256][754]LogModuleManager: Shutting down and abandoning module InputBindingEditor (132)
[2014.10.31-00.06.56:256][754]LogModuleManager: Shutting down and abandoning module EditorSettingsViewer (131)
[2014.10.31-00.06.56:256][754]LogModuleManager: Shutting down and abandoning module SettingsEditor (130)
[2014.10.31-00.06.56:256][754]LogModuleManager: Shutting down and abandoning module ProjectLauncher (129)
[2014.10.31-00.06.56:256][754]LogModuleManager: Shutting down and abandoning module SessionFrontend (128)
[2014.10.31-00.06.56:256][754]LogModuleManager: Shutting down and abandoning module ProfilerClient (127)
[2014.10.31-00.06.56:256][754]LogModuleManager: Shutting down and abandoning module TargetDeviceServices (126)
[2014.10.31-00.06.56:256][754]LogModuleManager: Shutting down and abandoning module DeviceManager (125)
[2014.10.31-00.06.56:256][754]LogModuleManager: Shutting down and abandoning module AutomationController (124)
[2014.10.31-00.06.56:256][754]LogModuleManager: Shutting down and abandoning module AutomationWindow (123)
[2014.10.31-00.06.56:256][754]LogModuleManager: Shutting down and abandoning module Layers (122)
[2014.10.31-00.06.56:256][754]LogModuleManager: Shutting down and abandoning module ComponentVisualizers (121)
[2014.10.31-00.06.56:256][754]LogModuleManager: Shutting down and abandoning module DetailCustomizations (120)
[2014.10.31-00.06.56:256][754]LogModuleManager: Shutting down and abandoning module PackagesDialog (119)
[2014.10.31-00.06.56:256][754]LogModuleManager: Shutting down and abandoning module AssetRegistry (118)
[2014.10.31-00.06.56:329][754]LogModuleManager: Shutting down and abandoning module Persona (117)
[2014.10.31-00.06.56:329][754]LogModuleManager: Shutting down and abandoning module Kismet (116)
[2014.10.31-00.06.56:329][754]LogModuleManager: Shutting down and abandoning module GraphEditor (115)
[2014.10.31-00.06.56:329][754]LogModuleManager: Shutting down and abandoning module ClassViewer (114)
[2014.10.31-00.06.56:329][754]LogModuleManager: Shutting down and abandoning module Toolbox (113)
[2014.10.31-00.06.56:329][754]LogModuleManager: Shutting down and abandoning module ModuleUI (112)
[2014.10.31-00.06.56:329][754]LogModuleManager: Shutting down and abandoning module MovieSceneTools (111)
[2014.10.31-00.06.56:329][754]LogModuleManager: Shutting down and abandoning module OutputLog (110)
[2014.10.31-00.06.56:329][754]LogModuleManager: Shutting down and abandoning module GammaUI (109)
[2014.10.31-00.06.56:329][754]LogModuleManager: Shutting down and abandoning module Documentation (108)
[2014.10.31-00.06.56:329][754]LogModuleManager: Shutting down and abandoning module GameLiveStreaming (107)
[2014.10.31-00.06.56:329][754]LogModuleManager: Shutting down and abandoning module StreamingPauseRendering (106)
[2014.10.31-00.06.56:329][754]LogModuleManager: Shutting down and abandoning module HTTP (105)
[2014.10.31-00.06.56:329][754]LogModuleManager: Shutting down and abandoning module AnalyticsET (104)
[2014.10.31-00.06.56:329][754]LogModuleManager: Shutting down and abandoning module Analytics (103)
[2014.10.31-00.06.56:329][754]LogModuleManager: Shutting down and abandoning module GameplayDebugger (102)
[2014.10.31-00.06.56:329][754]LogModuleManager: Shutting down and abandoning module AIModule (101)
[2014.10.31-00.06.56:329][754]LogModuleManager: Shutting down and abandoning module ProfilerService (100)
[2014.10.31-00.06.56:520][754]LogModuleManager: Shutting down and abandoning module TaskGraph (99)
[2014.10.31-00.06.56:520][754]LogModuleManager: Shutting down and abandoning module SlateRemote (98)
[2014.10.31-00.06.56:520][754]LogModuleManager: Shutting down and abandoning module ScriptEditorPlugin (97)
[2014.10.31-00.06.56:520][754]LogModuleManager: Shutting down and abandoning module CustomMeshComponent (96)
[2014.10.31-00.06.56:520][754]LogModuleManager: Shutting down and abandoning module CableComponent (95)
[2014.10.31-00.06.56:520][754]LogModuleManager: Shutting down and abandoning module MessagingDebugger (94)
[2014.10.31-00.06.56:520][754]LogModuleManager: Shutting down and abandoning module MediaPlayerEditor (93)
[2014.10.31-00.06.56:520][754]LogModuleManager: Shutting down and abandoning module SpeedTreeImporter (92)
[2014.10.31-00.06.56:520][754]LogModuleManager: Shutting down and abandoning module PluginsEditor (91)
[2014.10.31-00.06.56:520][754]LogModuleManager: Shutting down and abandoning module EpicSurvey (90)
[2014.10.31-00.06.56:520][754]LogModuleManager: Shutting down and abandoning module DesktopPlatform (89)
[2014.10.31-00.06.56:520][754]LogModuleManager: Shutting down and abandoning module VisualStudioSourceCodeAccess (88)
[2014.10.31-00.06.56:520][754]LogModuleManager: Shutting down and abandoning module UObjectPlugin (87)
[2014.10.31-00.06.56:520][754]LogModuleManager: Shutting down and abandoning module SubversionSourceControl (86)
[2014.10.31-00.06.56:520][754]LogModuleManager: Shutting down and abandoning module SourceControl (85)
[2014.10.31-00.06.56:520][754]LogModuleManager: Shutting down and abandoning module PerforceSourceControl (84)
[2014.10.31-00.06.56:520][754]LogModuleManager: Shutting down and abandoning module BlankPlugin (83)
[2014.10.31-00.06.56:520][754]LogModuleManager: Shutting down and abandoning module SlateReflector (82)
[2014.10.31-00.06.56:520][754]LogModuleManager: Shutting down and abandoning module DirectoryWatcher (81)
[2014.10.31-00.06.56:520][754]LogModuleManager: Shutting down and abandoning module HotReload (80)
[2014.10.31-00.06.56:520][754]LogModuleManager: Shutting down and abandoning module MainFrame (79)
[2014.10.31-00.06.56:520][754]LogModuleManager: Shutting down and abandoning module LevelEditor (78)
[2014.10.31-00.06.56:521][754]LogModuleManager: Shutting down and abandoning module ViewportSnapping (77)
[2014.10.31-00.06.56:521][754]LogModuleManager: Shutting down and abandoning module SmartSnapping (76)
[2014.10.31-00.06.56:521][754]LogModuleManager: Shutting down and abandoning module PaperTiledImporter (75)
[2014.10.31-00.06.56:521][754]LogModuleManager: Shutting down and abandoning module PaperJsonImporter (74)
[2014.10.31-00.06.56:521][754]LogModuleManager: Shutting down and abandoning module ContentBrowser (73)
[2014.10.31-00.06.56:521][754]LogModuleManager: Shutting down and abandoning module PropertyEditor (72)
[2014.10.31-00.06.56:521][754]LogModuleManager: Shutting down and abandoning module Paper2DEditor (71)
[2014.10.31-00.06.56:521][754]LogModuleManager: Shutting down and abandoning module ScriptPlugin (70)
[2014.10.31-00.06.56:521][754]LogModuleManager: Shutting down and abandoning module UdpMessaging (69)
[2014.10.31-00.06.56:621][754]LogModuleManager: Shutting down and abandoning module Paper2D (68)
[2014.10.31-00.06.56:621][754]LogModuleManager: Shutting down and abandoning module WindowsMoviePlayer (67)
[2014.10.31-00.06.56:622][754]LogModuleManager: Shutting down and abandoning module Media (66)
[2014.10.31-00.06.56:622][754]LogModuleManager: Shutting down and abandoning module WmfMedia (65)
[2014.10.31-00.06.56:623][754]LogModuleManager: Shutting down and abandoning module OnlineBlueprintSupport (64)
[2014.10.31-00.06.56:623][754]LogModuleManager: Shutting down and abandoning module FunctionalTesting (63)
[2014.10.31-00.06.56:623][754]LogModuleManager: Shutting down and abandoning module CollisionAnalyzer (62)
[2014.10.31-00.06.56:623][754]LogModuleManager: Shutting down and abandoning module WorkspaceMenuStructure (61)
[2014.10.31-00.06.56:623][754]LogModuleManager: Shutting down and abandoning module MessageLog (60)
[2014.10.31-00.06.56:623][754]LogModuleManager: Shutting down and abandoning module Sequencer (59)
[2014.10.31-00.06.56:623][754]LogModuleManager: Shutting down and abandoning module AssetTools (58)
[2014.10.31-00.06.56:623][754]LogModuleManager: Shutting down and abandoning module UMGEditor (57)
[2014.10.31-00.06.56:623][754]LogModuleManager: Shutting down and abandoning module UMG (56)
[2014.10.31-00.06.56:623][754]LogModuleManager: Shutting down and abandoning module Slate (55)
[2014.10.31-00.06.56:623][754]LogModuleManager: Shutting down and abandoning module EditorStyle (54)
[2014.10.31-00.06.56:624][754]LogModuleManager: Shutting down and abandoning module SessionServices (53)
[2014.10.31-00.06.56:624][754]LogModuleManager: Shutting down and abandoning module SourceCodeAccess (52)
[2014.10.31-00.06.56:624][754]LogModuleManager: Shutting down and abandoning module HeadMountedDisplay (51)
[2014.10.31-00.06.56:624][754]LogModuleManager: Shutting down and abandoning module XAudio2 (50)
[2014.10.31-00.06.56:624][754]LogModuleManager: Shutting down and abandoning module Networking (48)
[2014.10.31-00.06.56:624][754]LogModuleManager: Shutting down and abandoning module Core (47)
[2014.10.31-00.06.56:624][754]LogModuleManager: Shutting down and abandoning module KismetCompiler (46)
[2014.10.31-00.06.56:624][754]LogModuleManager: Shutting down and abandoning module PhysXFormats (45)
[2014.10.31-00.06.56:624][754]LogModuleManager: Shutting down and abandoning module MeshUtilities (44)
[2014.10.31-00.06.56:624][754]LogModuleManager: Shutting down and abandoning module DerivedDataCache (43)
[2014.10.31-00.06.56:692][754]LogDerivedDataCache: Shutdown
[2014.10.31-00.06.56:692][754]LogModuleManager: Shutting down and abandoning module ShaderFormatOpenGL (42)
[2014.10.31-00.06.56:692][754]LogModuleManager: Shutting down and abandoning module ShaderFormatD3D (41)
[2014.10.31-00.06.56:692][754]LogModuleManager: Shutting down and abandoning module MetalShaderFormat (40)
[2014.10.31-00.06.56:692][754]LogModuleManager: Shutting down and abandoning module TextureFormatUncompressed (39)
[2014.10.31-00.06.56:692][754]LogModuleManager: Shutting down and abandoning module TextureFormatPVR (38)
[2014.10.31-00.06.56:692][754]LogModuleManager: Shutting down and abandoning module TextureFormatDXT (37)
[2014.10.31-00.06.56:692][754]LogModuleManager: Shutting down and abandoning module TextureFormatAndroid (36)
[2014.10.31-00.06.56:692][754]LogModuleManager: Shutting down and abandoning module AudioFormatOpus (35)
[2014.10.31-00.06.56:692][754]LogModuleManager: Shutting down and abandoning module AudioFormatOgg (34)
[2014.10.31-00.06.56:692][754]LogModuleManager: Shutting down and abandoning module AudioFormatADPCM (33)
[2014.10.31-00.06.56:692][754]LogModuleManager: Shutting down and abandoning module Messaging (32)
[2014.10.31-00.06.56:692][754]LogModuleManager: Shutting down and abandoning module IOSTargetPlatform (31)
[2014.10.31-00.06.56:692][754]LogModuleManager: Shutting down and abandoning module Android_PVRTCTargetPlatform (30)
[2014.10.31-00.06.56:692][754]LogModuleManager: Shutting down and abandoning module Android_ETC2TargetPlatform (29)
[2014.10.31-00.06.56:692][754]LogModuleManager: Shutting down and abandoning module Android_ETC1TargetPlatform (28)
[2014.10.31-00.06.56:692][754]LogModuleManager: Shutting down and abandoning module Android_DXTTargetPlatform (27)
[2014.10.31-00.06.56:692][754]LogModuleManager: Shutting down and abandoning module Android_ATCTargetPlatform (26)
[2014.10.31-00.06.56:692][754]LogModuleManager: Shutting down and abandoning module AndroidTargetPlatform (25)
[2014.10.31-00.06.56:692][754]LogModuleManager: Shutting down and abandoning module WindowsTargetPlatform (24)
[2014.10.31-00.06.56:692][754]LogModuleManager: Shutting down and abandoning module WindowsServerTargetPlatform (23)
[2014.10.31-00.06.56:692][754]LogModuleManager: Shutting down and abandoning module WindowsNoEditorTargetPlatform (22)
[2014.10.31-00.06.56:692][754]LogModuleManager: Shutting down and abandoning module WindowsClientTargetPlatform (21)
[2014.10.31-00.06.56:692][754]LogModuleManager: Shutting down and abandoning module TargetPlatform (20)
[2014.10.31-00.06.56:692][754]LogModuleManager: Shutting down and abandoning module InputCore (19)
[2014.10.31-00.06.56:692][754]LogModuleManager: Shutting down and abandoning module Settings (18)
[2014.10.31-00.06.56:692][754]LogModuleManager: Shutting down and abandoning module ImageWrapper (17)
[2014.10.31-00.06.56:692][754]LogModuleManager: Shutting down and abandoning module OculusRift (14)
[2014.10.31-00.06.56:692][754]LogModuleManager: Shutting down and abandoning module ExampleDeviceProfileSelector (13)
[2014.10.31-00.06.56:692][754]LogModuleManager: Shutting down and abandoning module TextureCompressor (12)
[2014.10.31-00.06.56:692][754]LogModuleManager: Shutting down and abandoning module ShaderCore (11)
[2014.10.31-00.06.56:692][754]LogModuleManager: Shutting down and abandoning module SlateRHIRenderer (10)
[2014.10.31-00.06.56:693][754]LogModuleManager: Shutting down and abandoning module OpenGLDrv (9)
[2014.10.31-00.06.56:693][754]LogModuleManager: Shutting down and abandoning module D3D11RHI (8)
[2014.10.31-00.06.56:693][754]LogModuleManager: Shutting down and abandoning module Renderer (7)
[2014.10.31-00.06.56:693][754]LogModuleManager: Shutting down and abandoning module Engine (6)
[2014.10.31-00.06.56:693][754]LogModuleManager: Shutting down and abandoning module CoreUObject (5)
[2014.10.31-00.06.56:693][754]LogModuleManager: Shutting down and abandoning module NetworkFile (4)
[2014.10.31-00.06.56:693][754]LogModuleManager: Shutting down and abandoning module StreamingFile (3)
[2014.10.31-00.06.56:693][754]LogModuleManager: Shutting down and abandoning module SandboxFile (2)
[2014.10.31-00.06.56:693][754]LogModuleManager: Shutting down and abandoning module PakFile (1)
[2014.10.31-00.06.56:694][754]LogExit: Exiting.
[2014.10.31-00.06.56:697][754]Log file closed, 10/30/14 20:06:56
