Log file open, 11/05/14 05:22:42
LogInit:Display: Running engine for game: gaem
LogInit: Version: 4.5.1-2336687+++depot+UE4-Releases+4.5
LogInit: API Version: 2326478
LogInit: Compiled (64-bit): Oct 21 2014 22:32:40
LogInit: Compiled with Visual C++: 18.00.21005.01
LogInit: Build Configuration: Development
LogInit: Branch Name: ++depot+UE4-Releases+4.5
LogInit: Command line:  
LogInit: Base directory: C:/Program Files/Unreal Engine/4.5/Engine/Binaries/Win64/
LogInit: Rocket: 1
[2014.11.05-10.22.42:934][  0]LogTaskGraph: Started task graph with 3 named threads and 4 total threads.
[2014.11.05-10.22.42:966][  0]LogOnline:Warning: No default platform service specified for OnlineSubsystem
[2014.11.05-10.22.42:988][  0]LogInit: Presizing for 0 objects not considered by GC, pre-allocating 0 bytes.
[2014.11.05-10.22.42:995][  0]LogInit: Object subsystem initialized
[2014.11.05-10.22.42:997][  0]LogConsoleResponse:Warning: Skipping Unknown console variable: 'UIScaleRule = ShortestSide'
[2014.11.05-10.22.42:997][  0]LogConsoleResponse:Warning:   Found in ini file 'C:/Users/Matt/Projects/gaem/Saved/Config/Windows/Engine.ini', in section '[/Script/Engine.RendererSettings]'
[2014.11.05-10.22.42:997][  0]LogConsoleResponse:Warning: Skipping Unknown console variable: 'UIScaleCurve = (EditorCurveData=(Keys=((Time=480.000000,Value=0.444000),(Time=720.000000,Value=0.666000),(Time=1080.000000,Value=1.000000),(Time=8640.000000,Value=8.000000))),ExternalCurve=None)'
[2014.11.05-10.22.42:997][  0]LogConsoleResponse:Warning:   Found in ini file 'C:/Users/Matt/Projects/gaem/Saved/Config/Windows/Engine.ini', in section '[/Script/Engine.RendererSettings]'
[2014.11.05-10.22.42:997][  0]LogInit: Selected Device Profile: [Windows]
[2014.11.05-10.22.42:997][  0]LogInit: Applying CVar settings loaded from the selected device profile: [Windows]
[2014.11.05-10.22.43:002][  0]LogInit: Computer: BIGRED
[2014.11.05-10.22.43:002][  0]LogInit: User: Matt
[2014.11.05-10.22.43:003][  0]LogInit: CPU Page size=4096, Cores=4
[2014.11.05-10.22.43:003][  0]LogInit: High frequency timer resolution =3.561816 MHz
[2014.11.05-10.22.43:003][  0]LogMemory: Memory total: Physical=15.7GB (16GB approx) Virtual=8192.0GB
[2014.11.05-10.22.43:003][  0]LogMemory: Platform Memory Stats for Windows
[2014.11.05-10.22.43:003][  0]LogMemory: Process Physical Memory: 63.61 MB used, 63.61 MB peak
[2014.11.05-10.22.43:003][  0]LogMemory: Process Virtual Memory: 38.69 MB used, 38.69 MB peak
[2014.11.05-10.22.43:003][  0]LogMemory: Physical Memory: 4753.01 MB used, 16066.05 MB total
[2014.11.05-10.22.43:003][  0]LogMemory: Virtual Memory: 272.20 MB used, 8388608.00 MB total
[2014.11.05-10.22.43:029][  0]LogD3D11RHI: Found D3D11 adapter 0: NVIDIA GeForce GTX 770 (Feature Level 11_0)
[2014.11.05-10.22.43:029][  0]LogD3D11RHI: Adapter has 1990MB of dedicated video memory, 0MB of dedicated system memory, and 2048MB of shared system memory, 1 output[s]
[2014.11.05-10.22.43:029][  0]LogD3D11RHI: Chosen D3D11 Adapter Id = 0
[2014.11.05-10.22.43:032][  0]LogRHI: Texture pool is 1361 MB (70% of 1945 MB)
[2014.11.05-10.22.43:040][  0]LogD3D11RHI: Async texture creation enabled
[2014.11.05-10.22.43:334][  0]LogTextLocalizationManager: The requested culture ('en_US') has no localization data; parent culture's ('en') localization data will be used.
[2014.11.05-10.22.43:430][  0]LogContentStreaming: Texture pool size is 0.000000MB
[2014.11.05-10.22.47:010][  0]LogTargetPlatformManager:Display: Building Assets For Windows
[2014.11.05-10.22.47:368][  0]LogTargetPlatformManager:Display: Building Assets For Windows
[2014.11.05-10.22.47:423][  0]LogDerivedDataCache:Display: Max Cache Size: 512 MB
[2014.11.05-10.22.47:449][  0]LogDerivedDataCache: Loaded boot cache 0.03s 39MB C:/Users/Matt/AppData/Local/UnrealEngine/4.5/DerivedDataCache/Boot.ddc.
[2014.11.05-10.22.47:449][  0]LogDerivedDataCache:Display: Loaded Boot cache: C:/Users/Matt/AppData/Local/UnrealEngine/4.5/DerivedDataCache/Boot.ddc
[2014.11.05-10.22.47:449][  0]LogDerivedDataCache: FDerivedDataBackendGraph:  Pak pak cache file ../../../../../../Users/Matt/Projects/gaem/DerivedDataCache/DDC.ddp not found, will not use a pak cache.
[2014.11.05-10.22.47:449][  0]LogDerivedDataCache: Unable to find inner node Pak for hierarchical cache Hierarchy.
[2014.11.05-10.22.47:498][  0]LogDerivedDataCache:Display: Pak cache opened for reading ../../../Engine/DerivedDataCache/DDC.ddp.
[2014.11.05-10.22.47:509][  0]LogDerivedDataCache: Using Local data cache path C:/Users/Matt/AppData/Local/UnrealEngine/Common/DerivedDataCache: Writable
[2014.11.05-10.22.47:649][  0]LogMeshUtilities: No automatic mesh reduction module available
[2014.11.05-10.22.47:649][  0]LogMeshUtilities: No automatic mesh merging module available
[2014.11.05-10.22.47:811][  0]LogLinker:Warning: Asset '../../../Engine/Content/Functions/Engine_MaterialFunctions02/Texturing/FlipBook.uasset' has been saved with empty engine version. The asset will be loaded but may be incompatible.
[2014.11.05-10.22.47:813][  0]LogLinker:Warning: Asset '../../../Engine/Content/Functions/Engine_MaterialFunctions02/ExampleContent/Textures/flipbook.uasset' has been saved with empty engine version. The asset will be loaded but may be incompatible.
[2014.11.05-10.22.47:962][  0]LogInit: WinSock: version 1.1 (2.2), MaxSocks=32767, MaxUdp=65467
[2014.11.05-10.22.48:733][  0]UdpMessaging: Initializing bridge on interface 0.0.0.0:0 to multicast group 230.0.0.1:6666.
[2014.11.05-10.22.48:915][  0]LogDirectoryWatcher:Warning: Failed to begin reading directory changes for C:/Users/Matt/Projects/gaem/Binaries/Win64. Error: 0
[2014.11.05-10.22.49:040][  0]SourceControl: Info Source control is disabled
[2014.11.05-10.22.49:040][  0]SourceControl: Info Source control is disabled
[2014.11.05-10.22.49:049][  0]SourceControl: Info Source control is disabled
[2014.11.05-10.22.49:182][  0]LogObj: 22915 objects as part of root set at end of initial load.
[2014.11.05-10.22.49:182][  0]LogUObjectAllocator: 4803536 out of 0 bytes used by permanent object pool.
[2014.11.05-10.22.49:232][  0]LogEngine: Initializing Engine...
[2014.11.05-10.22.49:338][  0]LogInit: XAudio2 using 'Speakers (ASUS Xonar Essence STX Audio Device)' : 2 channels at 44.1 kHz using 16 bits per sample (channel mask 0x3)
[2014.11.05-10.22.49:345][  0]LogInit: FAudioDevice initialized.
[2014.11.05-10.22.49:369][  0]LogAIModule: Creating AISystem for world NewWorld
[2014.11.05-10.22.49:385][  0]LogDerivedDataCache: Saved boot cache 0.02s 39MB C:/Users/Matt/AppData/Local/UnrealEngine/4.5/DerivedDataCache/Boot.ddc.
[2014.11.05-10.22.49:387][  0]LogInit: Texture streaming: Enabled
[2014.11.05-10.22.49:435][  0]LogInit: Transaction tracking system initialized
[2014.11.05-10.22.49:543][  0]BlueprintLog: New page: Editor Load
[2014.11.05-10.22.49:575][  0]LogAssetRegistry: FAssetRegistry took 0.0094 seconds to start up
[2014.11.05-10.22.49:575][  0]LogDirectoryWatcher:Warning: Failed to begin reading directory changes for ../../../Engine/Plugins/Experimental/CharacterAI/Content/. Error: 0
[2014.11.05-10.22.49:975][  0]LogTargetPlatformManager:Display: Building Assets For Windows
[2014.11.05-10.22.50:226][  0]LogTargetPlatformManager:Display: Building Assets For Windows
[2014.11.05-10.22.50:455][  0]LogConsoleResponse:Display: 
[2014.11.05-10.22.50:643][  0]SourceControl: Info Source control is disabled
[2014.11.05-10.22.50:643][  0]Cmd: MAP LOAD FILE="../../../../../../Users/Matt/Projects/gaem/Content/My2DMap.umap" TEMPLATE=0 SHOWPROGRESS=1
[2014.11.05-10.22.50:643][  0]LightingResults: New page: Lighting Build
[2014.11.05-10.22.50:654][  0]MapCheck: New page: Map Check
[2014.11.05-10.22.50:654][  0]LightingResults: New page: Lighting Build
[2014.11.05-10.22.50:664][  0]LogParticles: Destroying 0 GPU particle simulations for FXSystem 0x0000000020A06A20
[2014.11.05-10.22.50:855][  0]LogEditorServer: Finished looking for orphan Actors (0.000 secs)
[2014.11.05-10.22.50:855][  0]LogAIModule: Creating AISystem for world My2DMap
[2014.11.05-10.22.50:856][  0]Cmd: MAP CHECKDEP
[2014.11.05-10.22.50:856][  0]MapCheck: New page: My2DMap - Nov 5, 2014, 12:22:50 AM
[2014.11.05-10.22.50:958][  0]MapCheck: Info Map check complete: 0 Error(s), 0 Warning(s), took 102.294ms to complete.
[2014.11.05-10.22.50:958][  0]LogFileHelpers: Loading map 'My2DMap' took 0.315
[2014.11.05-10.22.51:030][  0]LogCollectionManager: Loaded 0 collections in 0.001012 seconds
[2014.11.05-10.22.51:126][  0]LogCrashTracker: Crashtracker disabled due to settings.
[2014.11.05-10.22.51:142][  0]LogUObjectGlobals:Warning: Failed to find object 'Class None.'
[2014.11.05-10.22.51:167][  0]LogLoad: Full Startup: 10.27 seconds (BP compile: 0.06 seconds)
[2014.11.05-10.22.51:509][  0]LogContentBrowser:Verbose: The content browser source was changed by the sources view to '/Game/Blueprints'
[2014.11.05-10.22.51:619][  0]LogRenderer:Warning: Reallocating scene render targets to support 648x712.
[2014.11.05-10.22.51:849][  1]LogAssetRegistry: Asset discovery search completed in 2.2836 seconds
[2014.11.05-10.22.57:414][233]LogSlate:Warning: GetFontFace failed to load or process 'Roboto-Regular'
[2014.11.05-10.22.57:415][233]LogSlate:Warning: GetFontFace failed to load or process 'Roboto-Regular'
[2014.11.05-10.22.57:417][233]LogSlate:Warning: GetFontFace failed to load or process 'Roboto-Regular'
[2014.11.05-10.22.57:417][233]LogSlate:Warning: GetFontFace failed to load or process 'Roboto-Regular'
[2014.11.05-10.22.57:417][233]LogSlate:Warning: GetFontFace failed to load or process 'Roboto-Regular'
[2014.11.05-10.22.57:417][233]LogSlate:Warning: GetFontFace failed to load or process 'Roboto-Regular'
[2014.11.05-10.22.57:417][233]LogSlate:Warning: GetFontFace failed to load or process 'Roboto-Regular'
[2014.11.05-10.22.57:417][233]LogSlate:Warning: GetFontFace failed to load or process 'Roboto-Regular'
[2014.11.05-10.22.57:417][233]LogSlate:Warning: GetFontFace failed to load or process 'Roboto-Regular'
[2014.11.05-10.22.57:418][233]LogSlate:Warning: GetFontFace failed to load or process 'Roboto-Regular'
[2014.11.05-10.22.57:418][233]LogSlate:Warning: GetFontFace failed to load or process 'Roboto-Regular'
[2014.11.05-10.22.57:418][233]LogSlate:Warning: GetFontFace failed to load or process 'Roboto-Regular'
[2014.11.05-10.22.57:418][233]LogSlate:Warning: GetFontFace failed to load or process 'Roboto-Regular'
[2014.11.05-10.22.57:418][233]LogSlate:Warning: GetFontFace failed to load or process 'Roboto-Regular'
[2014.11.05-10.22.57:418][233]LogSlate:Warning: GetFontFace failed to load or process 'Roboto-Regular'
[2014.11.05-10.22.57:418][233]LogSlate:Warning: GetFontFace failed to load or process 'Roboto-Regular'
[2014.11.05-10.22.57:418][233]LogSlate:Warning: GetFontFace failed to load or process 'Roboto-Regular'
[2014.11.05-10.22.57:418][233]LogSlate:Warning: GetFontFace failed to load or process 'Roboto-Regular'
[2014.11.05-10.22.57:418][233]LogSlate:Warning: GetFontFace failed to load or process 'Roboto-Regular'
[2014.11.05-10.23.21:897][995]LogActorComponent: UnregisterComponent: (/Engine/Transient.CharacterMovementComponent_0) Not registered. Aborting.
[2014.11.05-10.23.25:594][295]LogActorComponent: UnregisterComponent: (/Engine/Transient.CharacterMovementComponent_1) Not registered. Aborting.
[2014.11.05-10.23.27:856][493]LogActorComponent: UnregisterComponent: (/Engine/Transient.CharacterMovementComponent_2) Not registered. Aborting.
[2014.11.05-10.23.27:873][493]LogParticles: Destroying 0 GPU particle simulations for FXSystem 0x0000000027D83CE0
[2014.11.05-10.23.29:691][494]Cmd: QUIT_EDITOR
[2014.11.05-10.23.29:921][494]LogExit: Preparing to exit.
[2014.11.05-10.23.30:828][494]LogExit: Editor shut down
[2014.11.05-10.23.30:828][494]LogExit: Transaction tracking system shut down
[2014.11.05-10.23.30:829][494]LogParticles: Destroying 0 GPU particle simulations for FXSystem 0x000000001841D760
[2014.11.05-10.23.30:829][494]LogParticles: Destroying 0 GPU particle simulations for FXSystem 0x000000001592ECA0
[2014.11.05-10.23.30:829][494]LogParticles: Destroying 0 GPU particle simulations for FXSystem 0x00000000242DE2A0
[2014.11.05-10.23.30:842][494]LogExit: Object subsystem successfully closed.
[2014.11.05-10.23.30:890][494]LogModuleManager: Shutting down and abandoning module AndroidDeviceDetection (166)
[2014.11.05-10.23.30:890][494]LogModuleManager: Shutting down and abandoning module CrashTracker (165)
[2014.11.05-10.23.30:890][494]LogModuleManager: Shutting down and abandoning module SuperSearch (164)
[2014.11.05-10.23.30:890][494]LogModuleManager: Shutting down and abandoning module SceneOutliner (163)
[2014.11.05-10.23.30:890][494]LogModuleManager: Shutting down and abandoning module EditorWidgets (162)
[2014.11.05-10.23.30:890][494]LogModuleManager: Shutting down and abandoning module CollectionManager (161)
[2014.11.05-10.23.30:890][494]LogModuleManager: Shutting down and abandoning module StatsViewer (160)
[2014.11.05-10.23.30:890][494]LogModuleManager: Shutting down and abandoning module FoliageEdit (159)
[2014.11.05-10.23.30:890][494]LogModuleManager: Shutting down and abandoning module LandscapeEditor (158)
[2014.11.05-10.23.30:890][494]LogModuleManager: Shutting down and abandoning module MeshPaint (157)
[2014.11.05-10.23.30:890][494]LogModuleManager: Shutting down and abandoning module ActorPickerMode (156)
[2014.11.05-10.23.30:890][494]LogModuleManager: Shutting down and abandoning module GeometryMode (155)
[2014.11.05-10.23.30:890][494]LogModuleManager: Shutting down and abandoning module TextureAlignMode (154)
[2014.11.05-10.23.30:890][494]LogModuleManager: Shutting down and abandoning module BspMode (153)
[2014.11.05-10.23.30:890][494]LogModuleManager: Shutting down and abandoning module PlacementMode (152)
[2014.11.05-10.23.30:890][494]LogModuleManager: Shutting down and abandoning module AutomationWorker (151)
[2014.11.05-10.23.30:890][494]LogModuleManager: Shutting down and abandoning module CharacterAI (150)
[2014.11.05-10.23.30:890][494]LogModuleManager: Shutting down and abandoning module GameProjectGeneration (149)
[2014.11.05-10.23.30:890][494]LogModuleManager: Shutting down and abandoning module IntroTutorials (148)
[2014.11.05-10.23.30:890][494]LogModuleManager: Shutting down and abandoning module EditorLiveStreaming (147)
[2014.11.05-10.23.30:890][494]LogModuleManager: Shutting down and abandoning module HardwareTargeting (146)
[2014.11.05-10.23.30:890][494]LogModuleManager: Shutting down and abandoning module BehaviorTreeEditor (145)
[2014.11.05-10.23.30:890][494]LogModuleManager: Shutting down and abandoning module DeviceProfileEditor (144)
[2014.11.05-10.23.30:890][494]LogModuleManager: Shutting down and abandoning module UndoHistory (143)
[2014.11.05-10.23.30:890][494]LogModuleManager: Shutting down and abandoning module GameplayTagsEditor (142)
[2014.11.05-10.23.30:890][494]LogModuleManager: Shutting down and abandoning module UserFeedback (141)
[2014.11.05-10.23.30:890][494]LogModuleManager: Shutting down and abandoning module XmlParser (140)
[2014.11.05-10.23.30:890][494]LogModuleManager: Shutting down and abandoning module Blutility (139)
[2014.11.05-10.23.30:891][494]LogModuleManager: Shutting down and abandoning module IOSPlatformEditor (138)
[2014.11.05-10.23.30:891][494]LogModuleManager: Shutting down and abandoning module IOSRuntimeSettings (137)
[2014.11.05-10.23.30:891][494]LogModuleManager: Shutting down and abandoning module AndroidPlatformEditor (136)
[2014.11.05-10.23.30:891][494]LogModuleManager: Shutting down and abandoning module AndroidRuntimeSettings (135)
[2014.11.05-10.23.30:891][494]LogModuleManager: Shutting down and abandoning module ProjectTargetPlatformEditor (134)
[2014.11.05-10.23.30:891][494]LogModuleManager: Shutting down and abandoning module ProjectSettingsViewer (133)
[2014.11.05-10.23.30:891][494]LogModuleManager: Shutting down and abandoning module InputBindingEditor (132)
[2014.11.05-10.23.30:891][494]LogModuleManager: Shutting down and abandoning module EditorSettingsViewer (131)
[2014.11.05-10.23.30:891][494]LogModuleManager: Shutting down and abandoning module SettingsEditor (130)
[2014.11.05-10.23.30:891][494]LogModuleManager: Shutting down and abandoning module ProjectLauncher (129)
[2014.11.05-10.23.30:891][494]LogModuleManager: Shutting down and abandoning module SessionFrontend (128)
[2014.11.05-10.23.30:891][494]LogModuleManager: Shutting down and abandoning module ProfilerClient (127)
[2014.11.05-10.23.30:891][494]LogModuleManager: Shutting down and abandoning module TargetDeviceServices (126)
[2014.11.05-10.23.30:891][494]LogModuleManager: Shutting down and abandoning module DeviceManager (125)
[2014.11.05-10.23.30:891][494]LogModuleManager: Shutting down and abandoning module AutomationController (124)
[2014.11.05-10.23.30:891][494]LogModuleManager: Shutting down and abandoning module AutomationWindow (123)
[2014.11.05-10.23.30:891][494]LogModuleManager: Shutting down and abandoning module Layers (122)
[2014.11.05-10.23.30:891][494]LogModuleManager: Shutting down and abandoning module ComponentVisualizers (121)
[2014.11.05-10.23.30:891][494]LogModuleManager: Shutting down and abandoning module DetailCustomizations (120)
[2014.11.05-10.23.30:891][494]LogModuleManager: Shutting down and abandoning module PackagesDialog (119)
[2014.11.05-10.23.30:891][494]LogModuleManager: Shutting down and abandoning module AssetRegistry (118)
[2014.11.05-10.23.30:954][494]LogModuleManager: Shutting down and abandoning module Persona (117)
[2014.11.05-10.23.30:954][494]LogModuleManager: Shutting down and abandoning module Kismet (116)
[2014.11.05-10.23.30:954][494]LogModuleManager: Shutting down and abandoning module GraphEditor (115)
[2014.11.05-10.23.30:954][494]LogModuleManager: Shutting down and abandoning module ClassViewer (114)
[2014.11.05-10.23.30:954][494]LogModuleManager: Shutting down and abandoning module Toolbox (113)
[2014.11.05-10.23.30:954][494]LogModuleManager: Shutting down and abandoning module ModuleUI (112)
[2014.11.05-10.23.30:954][494]LogModuleManager: Shutting down and abandoning module MovieSceneTools (111)
[2014.11.05-10.23.30:954][494]LogModuleManager: Shutting down and abandoning module OutputLog (110)
[2014.11.05-10.23.30:954][494]LogModuleManager: Shutting down and abandoning module GammaUI (109)
[2014.11.05-10.23.30:954][494]LogModuleManager: Shutting down and abandoning module Documentation (108)
[2014.11.05-10.23.30:954][494]LogModuleManager: Shutting down and abandoning module GameLiveStreaming (107)
[2014.11.05-10.23.30:954][494]LogModuleManager: Shutting down and abandoning module StreamingPauseRendering (106)
[2014.11.05-10.23.30:954][494]LogModuleManager: Shutting down and abandoning module HTTP (105)
[2014.11.05-10.23.30:954][494]LogModuleManager: Shutting down and abandoning module AnalyticsET (104)
[2014.11.05-10.23.30:954][494]LogModuleManager: Shutting down and abandoning module Analytics (103)
[2014.11.05-10.23.30:954][494]LogModuleManager: Shutting down and abandoning module GameplayDebugger (102)
[2014.11.05-10.23.30:954][494]LogModuleManager: Shutting down and abandoning module AIModule (101)
[2014.11.05-10.23.30:954][494]LogModuleManager: Shutting down and abandoning module ProfilerService (100)
[2014.11.05-10.23.30:956][494]LogModuleManager: Shutting down and abandoning module TaskGraph (99)
[2014.11.05-10.23.30:956][494]LogModuleManager: Shutting down and abandoning module SlateRemote (98)
[2014.11.05-10.23.30:956][494]LogModuleManager: Shutting down and abandoning module ScriptEditorPlugin (97)
[2014.11.05-10.23.30:956][494]LogModuleManager: Shutting down and abandoning module CustomMeshComponent (96)
[2014.11.05-10.23.30:956][494]LogModuleManager: Shutting down and abandoning module CableComponent (95)
[2014.11.05-10.23.30:956][494]LogModuleManager: Shutting down and abandoning module MessagingDebugger (94)
[2014.11.05-10.23.30:956][494]LogModuleManager: Shutting down and abandoning module MediaPlayerEditor (93)
[2014.11.05-10.23.30:956][494]LogModuleManager: Shutting down and abandoning module SpeedTreeImporter (92)
[2014.11.05-10.23.30:956][494]LogModuleManager: Shutting down and abandoning module PluginsEditor (91)
[2014.11.05-10.23.30:956][494]LogModuleManager: Shutting down and abandoning module EpicSurvey (90)
[2014.11.05-10.23.30:956][494]LogModuleManager: Shutting down and abandoning module DesktopPlatform (89)
[2014.11.05-10.23.30:956][494]LogModuleManager: Shutting down and abandoning module VisualStudioSourceCodeAccess (88)
[2014.11.05-10.23.30:956][494]LogModuleManager: Shutting down and abandoning module UObjectPlugin (87)
[2014.11.05-10.23.30:956][494]LogModuleManager: Shutting down and abandoning module SubversionSourceControl (86)
[2014.11.05-10.23.30:956][494]LogModuleManager: Shutting down and abandoning module SourceControl (85)
[2014.11.05-10.23.30:956][494]LogModuleManager: Shutting down and abandoning module PerforceSourceControl (84)
[2014.11.05-10.23.30:956][494]LogModuleManager: Shutting down and abandoning module BlankPlugin (83)
[2014.11.05-10.23.30:956][494]LogModuleManager: Shutting down and abandoning module SlateReflector (82)
[2014.11.05-10.23.30:956][494]LogModuleManager: Shutting down and abandoning module DirectoryWatcher (81)
[2014.11.05-10.23.30:956][494]LogModuleManager: Shutting down and abandoning module HotReload (80)
[2014.11.05-10.23.30:956][494]LogModuleManager: Shutting down and abandoning module MainFrame (79)
[2014.11.05-10.23.30:956][494]LogModuleManager: Shutting down and abandoning module LevelEditor (78)
[2014.11.05-10.23.30:957][494]LogModuleManager: Shutting down and abandoning module ViewportSnapping (77)
[2014.11.05-10.23.30:957][494]LogModuleManager: Shutting down and abandoning module SmartSnapping (76)
[2014.11.05-10.23.30:957][494]LogModuleManager: Shutting down and abandoning module PaperTiledImporter (75)
[2014.11.05-10.23.30:957][494]LogModuleManager: Shutting down and abandoning module PaperJsonImporter (74)
[2014.11.05-10.23.30:957][494]LogModuleManager: Shutting down and abandoning module ContentBrowser (73)
[2014.11.05-10.23.30:957][494]LogModuleManager: Shutting down and abandoning module PropertyEditor (72)
[2014.11.05-10.23.30:957][494]LogModuleManager: Shutting down and abandoning module Paper2DEditor (71)
[2014.11.05-10.23.30:957][494]LogModuleManager: Shutting down and abandoning module ScriptPlugin (70)
[2014.11.05-10.23.30:957][494]LogModuleManager: Shutting down and abandoning module UdpMessaging (69)
[2014.11.05-10.23.31:057][494]LogModuleManager: Shutting down and abandoning module Paper2D (68)
[2014.11.05-10.23.31:057][494]LogModuleManager: Shutting down and abandoning module WindowsMoviePlayer (67)
[2014.11.05-10.23.31:058][494]LogModuleManager: Shutting down and abandoning module Media (66)
[2014.11.05-10.23.31:058][494]LogModuleManager: Shutting down and abandoning module WmfMedia (65)
[2014.11.05-10.23.31:059][494]LogModuleManager: Shutting down and abandoning module OnlineBlueprintSupport (64)
[2014.11.05-10.23.31:059][494]LogModuleManager: Shutting down and abandoning module FunctionalTesting (63)
[2014.11.05-10.23.31:059][494]LogModuleManager: Shutting down and abandoning module CollisionAnalyzer (62)
[2014.11.05-10.23.31:059][494]LogModuleManager: Shutting down and abandoning module WorkspaceMenuStructure (61)
[2014.11.05-10.23.31:059][494]LogModuleManager: Shutting down and abandoning module MessageLog (60)
[2014.11.05-10.23.31:059][494]LogModuleManager: Shutting down and abandoning module Sequencer (59)
[2014.11.05-10.23.31:059][494]LogModuleManager: Shutting down and abandoning module AssetTools (58)
[2014.11.05-10.23.31:059][494]LogModuleManager: Shutting down and abandoning module UMGEditor (57)
[2014.11.05-10.23.31:059][494]LogModuleManager: Shutting down and abandoning module UMG (56)
[2014.11.05-10.23.31:059][494]LogModuleManager: Shutting down and abandoning module Slate (55)
[2014.11.05-10.23.31:059][494]LogModuleManager: Shutting down and abandoning module EditorStyle (54)
[2014.11.05-10.23.31:060][494]LogModuleManager: Shutting down and abandoning module SessionServices (53)
[2014.11.05-10.23.31:060][494]LogModuleManager: Shutting down and abandoning module SourceCodeAccess (52)
[2014.11.05-10.23.31:060][494]LogModuleManager: Shutting down and abandoning module HeadMountedDisplay (51)
[2014.11.05-10.23.31:060][494]LogModuleManager: Shutting down and abandoning module XAudio2 (50)
[2014.11.05-10.23.31:060][494]LogModuleManager: Shutting down and abandoning module Networking (48)
[2014.11.05-10.23.31:060][494]LogModuleManager: Shutting down and abandoning module Core (47)
[2014.11.05-10.23.31:060][494]LogModuleManager: Shutting down and abandoning module KismetCompiler (46)
[2014.11.05-10.23.31:060][494]LogModuleManager: Shutting down and abandoning module PhysXFormats (45)
[2014.11.05-10.23.31:060][494]LogModuleManager: Shutting down and abandoning module MeshUtilities (44)
[2014.11.05-10.23.31:060][494]LogModuleManager: Shutting down and abandoning module DerivedDataCache (43)
[2014.11.05-10.23.31:501][494]LogDerivedDataCache: Shutdown
[2014.11.05-10.23.31:501][494]LogModuleManager: Shutting down and abandoning module ShaderFormatOpenGL (42)
[2014.11.05-10.23.31:501][494]LogModuleManager: Shutting down and abandoning module ShaderFormatD3D (41)
[2014.11.05-10.23.31:501][494]LogModuleManager: Shutting down and abandoning module MetalShaderFormat (40)
[2014.11.05-10.23.31:501][494]LogModuleManager: Shutting down and abandoning module TextureFormatUncompressed (39)
[2014.11.05-10.23.31:501][494]LogModuleManager: Shutting down and abandoning module TextureFormatPVR (38)
[2014.11.05-10.23.31:501][494]LogModuleManager: Shutting down and abandoning module TextureFormatDXT (37)
[2014.11.05-10.23.31:501][494]LogModuleManager: Shutting down and abandoning module TextureFormatAndroid (36)
[2014.11.05-10.23.31:501][494]LogModuleManager: Shutting down and abandoning module AudioFormatOpus (35)
[2014.11.05-10.23.31:501][494]LogModuleManager: Shutting down and abandoning module AudioFormatOgg (34)
[2014.11.05-10.23.31:501][494]LogModuleManager: Shutting down and abandoning module AudioFormatADPCM (33)
[2014.11.05-10.23.31:501][494]LogModuleManager: Shutting down and abandoning module Messaging (32)
[2014.11.05-10.23.31:501][494]LogModuleManager: Shutting down and abandoning module IOSTargetPlatform (31)
[2014.11.05-10.23.31:501][494]LogModuleManager: Shutting down and abandoning module Android_PVRTCTargetPlatform (30)
[2014.11.05-10.23.31:501][494]LogModuleManager: Shutting down and abandoning module Android_ETC2TargetPlatform (29)
[2014.11.05-10.23.31:501][494]LogModuleManager: Shutting down and abandoning module Android_ETC1TargetPlatform (28)
[2014.11.05-10.23.31:501][494]LogModuleManager: Shutting down and abandoning module Android_DXTTargetPlatform (27)
[2014.11.05-10.23.31:501][494]LogModuleManager: Shutting down and abandoning module Android_ATCTargetPlatform (26)
[2014.11.05-10.23.31:501][494]LogModuleManager: Shutting down and abandoning module AndroidTargetPlatform (25)
[2014.11.05-10.23.31:501][494]LogModuleManager: Shutting down and abandoning module WindowsTargetPlatform (24)
[2014.11.05-10.23.31:501][494]LogModuleManager: Shutting down and abandoning module WindowsServerTargetPlatform (23)
[2014.11.05-10.23.31:501][494]LogModuleManager: Shutting down and abandoning module WindowsNoEditorTargetPlatform (22)
[2014.11.05-10.23.31:501][494]LogModuleManager: Shutting down and abandoning module WindowsClientTargetPlatform (21)
[2014.11.05-10.23.31:501][494]LogModuleManager: Shutting down and abandoning module TargetPlatform (20)
[2014.11.05-10.23.31:501][494]LogModuleManager: Shutting down and abandoning module InputCore (19)
[2014.11.05-10.23.31:501][494]LogModuleManager: Shutting down and abandoning module Settings (18)
[2014.11.05-10.23.31:501][494]LogModuleManager: Shutting down and abandoning module ImageWrapper (17)
[2014.11.05-10.23.31:501][494]LogModuleManager: Shutting down and abandoning module OculusRift (14)
[2014.11.05-10.23.31:501][494]LogModuleManager: Shutting down and abandoning module ExampleDeviceProfileSelector (13)
[2014.11.05-10.23.31:501][494]LogModuleManager: Shutting down and abandoning module TextureCompressor (12)
[2014.11.05-10.23.31:501][494]LogModuleManager: Shutting down and abandoning module ShaderCore (11)
[2014.11.05-10.23.31:501][494]LogModuleManager: Shutting down and abandoning module SlateRHIRenderer (10)
[2014.11.05-10.23.31:502][494]LogModuleManager: Shutting down and abandoning module OpenGLDrv (9)
[2014.11.05-10.23.31:502][494]LogModuleManager: Shutting down and abandoning module D3D11RHI (8)
[2014.11.05-10.23.31:502][494]LogModuleManager: Shutting down and abandoning module Renderer (7)
[2014.11.05-10.23.31:502][494]LogModuleManager: Shutting down and abandoning module Engine (6)
[2014.11.05-10.23.31:502][494]LogModuleManager: Shutting down and abandoning module CoreUObject (5)
[2014.11.05-10.23.31:502][494]LogModuleManager: Shutting down and abandoning module NetworkFile (4)
[2014.11.05-10.23.31:502][494]LogModuleManager: Shutting down and abandoning module StreamingFile (3)
[2014.11.05-10.23.31:502][494]LogModuleManager: Shutting down and abandoning module SandboxFile (2)
[2014.11.05-10.23.31:502][494]LogModuleManager: Shutting down and abandoning module PakFile (1)
[2014.11.05-10.23.31:502][494]LogExit: Exiting.
[2014.11.05-10.23.31:506][494]Log file closed, 11/05/14 05:23:31
