Log file open, 11/11/14 19:45:49
LogInit:Display: Running engine for game: gaem
LogInit: Version: 4.5.1-2336687+++depot+UE4-Releases+4.5
LogInit: API Version: 2326478
LogInit: Compiled (64-bit): Oct 21 2014 22:32:40
LogInit: Compiled with Visual C++: 18.00.21005.01
LogInit: Build Configuration: Development
LogInit: Branch Name: ++depot+UE4-Releases+4.5
LogInit: Command line:  
LogInit: Base directory: C:/Program Files/Unreal Engine/4.5/Engine/Binaries/Win64/
LogInit: Rocket: 1
[2014.11.12-00.45.49:469][  0]LogTaskGraph: Started task graph with 3 named threads and 4 total threads.
[2014.11.12-00.45.49:501][  0]LogOnline:Warning: No default platform service specified for OnlineSubsystem
[2014.11.12-00.45.49:523][  0]LogInit: Presizing for 0 objects not considered by GC, pre-allocating 0 bytes.
[2014.11.12-00.45.49:529][  0]LogInit: Object subsystem initialized
[2014.11.12-00.45.49:532][  0]LogConsoleResponse:Warning: Skipping Unknown console variable: 'UIScaleRule = ShortestSide'
[2014.11.12-00.45.49:532][  0]LogConsoleResponse:Warning:   Found in ini file 'C:/Users/Matt/Projects/gaem/Saved/Config/Windows/Engine.ini', in section '[/Script/Engine.RendererSettings]'
[2014.11.12-00.45.49:532][  0]LogConsoleResponse:Warning: Skipping Unknown console variable: 'UIScaleCurve = (EditorCurveData=(Keys=((Time=480.000000,Value=0.444000),(Time=720.000000,Value=0.666000),(Time=1080.000000,Value=1.000000),(Time=8640.000000,Value=8.000000))),ExternalCurve=None)'
[2014.11.12-00.45.49:532][  0]LogConsoleResponse:Warning:   Found in ini file 'C:/Users/Matt/Projects/gaem/Saved/Config/Windows/Engine.ini', in section '[/Script/Engine.RendererSettings]'
[2014.11.12-00.45.49:532][  0]LogInit: Selected Device Profile: [Windows]
[2014.11.12-00.45.49:532][  0]LogInit: Applying CVar settings loaded from the selected device profile: [Windows]
[2014.11.12-00.45.49:537][  0]LogInit: Computer: BIGRED
[2014.11.12-00.45.49:537][  0]LogInit: User: Matt
[2014.11.12-00.45.49:538][  0]LogInit: CPU Page size=4096, Cores=4
[2014.11.12-00.45.49:538][  0]LogInit: High frequency timer resolution =3.561796 MHz
[2014.11.12-00.45.49:538][  0]LogMemory: Memory total: Physical=15.7GB (16GB approx) Virtual=8192.0GB
[2014.11.12-00.45.49:538][  0]LogMemory: Platform Memory Stats for Windows
[2014.11.12-00.45.49:538][  0]LogMemory: Process Physical Memory: 63.40 MB used, 63.40 MB peak
[2014.11.12-00.45.49:538][  0]LogMemory: Process Virtual Memory: 38.65 MB used, 38.65 MB peak
[2014.11.12-00.45.49:538][  0]LogMemory: Physical Memory: 4332.61 MB used, 16066.05 MB total
[2014.11.12-00.45.49:538][  0]LogMemory: Virtual Memory: 268.77 MB used, 8388608.00 MB total
[2014.11.12-00.45.49:567][  0]LogD3D11RHI: Found D3D11 adapter 0: NVIDIA GeForce GTX 770 (Feature Level 11_0)
[2014.11.12-00.45.49:567][  0]LogD3D11RHI: Adapter has 1990MB of dedicated video memory, 0MB of dedicated system memory, and 2048MB of shared system memory, 1 output[s]
[2014.11.12-00.45.49:567][  0]LogD3D11RHI: Chosen D3D11 Adapter Id = 0
[2014.11.12-00.45.49:570][  0]LogRHI: Texture pool is 1361 MB (70% of 1945 MB)
[2014.11.12-00.45.49:577][  0]LogD3D11RHI: Async texture creation enabled
[2014.11.12-00.45.49:865][  0]LogTextLocalizationManager: The requested culture ('en_US') has no localization data; parent culture's ('en') localization data will be used.
[2014.11.12-00.45.49:961][  0]LogContentStreaming: Texture pool size is 0.000000MB
[2014.11.12-00.45.53:430][  0]LogTargetPlatformManager:Display: Building Assets For Windows
[2014.11.12-00.45.53:796][  0]LogTargetPlatformManager:Display: Building Assets For Windows
[2014.11.12-00.45.53:849][  0]LogDerivedDataCache:Display: Max Cache Size: 512 MB
[2014.11.12-00.45.53:875][  0]LogDerivedDataCache: Loaded boot cache 0.03s 39MB C:/Users/Matt/AppData/Local/UnrealEngine/4.5/DerivedDataCache/Boot.ddc.
[2014.11.12-00.45.53:875][  0]LogDerivedDataCache:Display: Loaded Boot cache: C:/Users/Matt/AppData/Local/UnrealEngine/4.5/DerivedDataCache/Boot.ddc
[2014.11.12-00.45.53:875][  0]LogDerivedDataCache: FDerivedDataBackendGraph:  Pak pak cache file ../../../../../../Users/Matt/Projects/gaem/DerivedDataCache/DDC.ddp not found, will not use a pak cache.
[2014.11.12-00.45.53:875][  0]LogDerivedDataCache: Unable to find inner node Pak for hierarchical cache Hierarchy.
[2014.11.12-00.45.53:924][  0]LogDerivedDataCache:Display: Pak cache opened for reading ../../../Engine/DerivedDataCache/DDC.ddp.
[2014.11.12-00.45.53:936][  0]LogDerivedDataCache: Using Local data cache path C:/Users/Matt/AppData/Local/UnrealEngine/Common/DerivedDataCache: Writable
[2014.11.12-00.45.54:078][  0]LogMeshUtilities: No automatic mesh reduction module available
[2014.11.12-00.45.54:078][  0]LogMeshUtilities: No automatic mesh merging module available
[2014.11.12-00.45.54:240][  0]LogLinker:Warning: Asset '../../../Engine/Content/Functions/Engine_MaterialFunctions02/Texturing/FlipBook.uasset' has been saved with empty engine version. The asset will be loaded but may be incompatible.
[2014.11.12-00.45.54:243][  0]LogLinker:Warning: Asset '../../../Engine/Content/Functions/Engine_MaterialFunctions02/ExampleContent/Textures/flipbook.uasset' has been saved with empty engine version. The asset will be loaded but may be incompatible.
[2014.11.12-00.45.54:389][  0]LogInit: WinSock: version 1.1 (2.2), MaxSocks=32767, MaxUdp=65467
[2014.11.12-00.45.55:082][  0]UdpMessaging: Initializing bridge on interface 0.0.0.0:0 to multicast group 230.0.0.1:6666.
[2014.11.12-00.45.55:261][  0]LogDirectoryWatcher:Warning: Failed to begin reading directory changes for C:/Users/Matt/Projects/gaem/Binaries/Win64. Error: 0
[2014.11.12-00.45.55:384][  0]SourceControl: Info Source control is disabled
[2014.11.12-00.45.55:384][  0]SourceControl: Info Source control is disabled
[2014.11.12-00.45.55:393][  0]SourceControl: Info Source control is disabled
[2014.11.12-00.45.55:521][  0]LogObj: 22915 objects as part of root set at end of initial load.
[2014.11.12-00.45.55:521][  0]LogUObjectAllocator: 4803536 out of 0 bytes used by permanent object pool.
[2014.11.12-00.45.55:571][  0]LogEngine: Initializing Engine...
[2014.11.12-00.45.55:671][  0]LogInit: XAudio2 using 'Speakers (ASUS Xonar Essence STX Audio Device)' : 2 channels at 44.1 kHz using 16 bits per sample (channel mask 0x3)
[2014.11.12-00.45.55:679][  0]LogInit: FAudioDevice initialized.
[2014.11.12-00.45.55:702][  0]LogAIModule: Creating AISystem for world NewWorld
[2014.11.12-00.45.55:718][  0]LogDerivedDataCache: Saved boot cache 0.02s 39MB C:/Users/Matt/AppData/Local/UnrealEngine/4.5/DerivedDataCache/Boot.ddc.
[2014.11.12-00.45.55:720][  0]LogInit: Texture streaming: Enabled
[2014.11.12-00.45.55:767][  0]LogInit: Transaction tracking system initialized
[2014.11.12-00.45.55:872][  0]BlueprintLog: New page: Editor Load
[2014.11.12-00.45.55:904][  0]LogAssetRegistry: FAssetRegistry took 0.0101 seconds to start up
[2014.11.12-00.45.55:904][  0]LogDirectoryWatcher:Warning: Failed to begin reading directory changes for ../../../Engine/Plugins/Experimental/CharacterAI/Content/. Error: 0
[2014.11.12-00.45.56:310][  0]LogTargetPlatformManager:Display: Building Assets For Windows
[2014.11.12-00.45.56:557][  0]LogTargetPlatformManager:Display: Building Assets For Windows
[2014.11.12-00.45.56:784][  0]LogConsoleResponse:Display: 
[2014.11.12-00.45.56:970][  0]SourceControl: Info Source control is disabled
[2014.11.12-00.45.56:971][  0]Cmd: MAP LOAD FILE="../../../../../../Users/Matt/Projects/gaem/Content/My2DMap.umap" TEMPLATE=0 SHOWPROGRESS=1
[2014.11.12-00.45.56:971][  0]LightingResults: New page: Lighting Build
[2014.11.12-00.45.56:982][  0]MapCheck: New page: Map Check
[2014.11.12-00.45.56:982][  0]LightingResults: New page: Lighting Build
[2014.11.12-00.45.56:998][  0]LogParticles: Destroying 0 GPU particle simulations for FXSystem 0x0000000017CD6A20
[2014.11.12-00.45.57:285][  0]LogEditorServer: Finished looking for orphan Actors (0.000 secs)
[2014.11.12-00.45.57:285][  0]LogAIModule: Creating AISystem for world My2DMap
[2014.11.12-00.45.57:286][  0]Cmd: MAP CHECKDEP
[2014.11.12-00.45.57:286][  0]MapCheck: New page: My2DMap - Nov 11, 2014, 2:45:57 PM
[2014.11.12-00.45.57:399][  0]MapCheck: Info Map check complete: 0 Error(s), 0 Warning(s), took 113.399ms to complete.
[2014.11.12-00.45.57:399][  0]LogFileHelpers: Loading map 'My2DMap' took 0.429
[2014.11.12-00.45.57:482][  0]LogCollectionManager: Loaded 0 collections in 0.001078 seconds
[2014.11.12-00.45.57:576][  0]LogCrashTracker: Crashtracker disabled due to settings.
[2014.11.12-00.45.57:597][  0]LogUObjectGlobals:Warning: Failed to find object 'Class None.'
[2014.11.12-00.45.57:621][  0]LogLoad: Full Startup: 10.16 seconds (BP compile: 0.10 seconds)
[2014.11.12-00.45.57:962][  0]LogContentBrowser:Verbose: The content browser source was changed by the sources view to '/Game/Sprites'
[2014.11.12-00.45.58:117][  0]LogRenderer:Warning: Reallocating scene render targets to support 1016x872.
[2014.11.12-00.45.58:311][  1]LogAssetRegistry: Asset discovery search completed in 2.4172 seconds
[2014.11.12-00.46.11:292][805]LogSlate:Warning: GetFontFace failed to load or process 'Roboto-Regular'
[2014.11.12-00.46.11:292][805]LogSlate:Warning: GetFontFace failed to load or process 'Roboto-Regular'
[2014.11.12-00.46.11:295][805]LogSlate:Warning: GetFontFace failed to load or process 'Roboto-Regular'
[2014.11.12-00.46.11:295][805]LogSlate:Warning: GetFontFace failed to load or process 'Roboto-Regular'
[2014.11.12-00.46.11:295][805]LogSlate:Warning: GetFontFace failed to load or process 'Roboto-Regular'
[2014.11.12-00.46.11:295][805]LogSlate:Warning: GetFontFace failed to load or process 'Roboto-Regular'
[2014.11.12-00.46.11:295][805]LogSlate:Warning: GetFontFace failed to load or process 'Roboto-Regular'
[2014.11.12-00.46.11:295][805]LogSlate:Warning: GetFontFace failed to load or process 'Roboto-Regular'
[2014.11.12-00.46.11:295][805]LogSlate:Warning: GetFontFace failed to load or process 'Roboto-Regular'
[2014.11.12-00.46.11:295][805]LogSlate:Warning: GetFontFace failed to load or process 'Roboto-Regular'
[2014.11.12-00.46.11:295][805]LogSlate:Warning: GetFontFace failed to load or process 'Roboto-Regular'
[2014.11.12-00.46.11:295][805]LogSlate:Warning: GetFontFace failed to load or process 'Roboto-Regular'
[2014.11.12-00.46.11:295][805]LogSlate:Warning: GetFontFace failed to load or process 'Roboto-Regular'
[2014.11.12-00.46.11:295][805]LogSlate:Warning: GetFontFace failed to load or process 'Roboto-Regular'
[2014.11.12-00.46.11:296][805]LogSlate:Warning: GetFontFace failed to load or process 'Roboto-Regular'
[2014.11.12-00.46.11:296][805]LogSlate:Warning: GetFontFace failed to load or process 'Roboto-Regular'
[2014.11.12-00.46.11:296][805]LogSlate:Warning: GetFontFace failed to load or process 'Roboto-Regular'
[2014.11.12-00.46.20:359][447]BlueprintLog: New page: Compile MyCharacter
[2014.11.12-00.46.20:566][447]BlueprintEditorCompileResults: Info [0032.98] Compile of MyCharacter successful! [in 45 ms]
[2014.11.12-00.46.20:857][452]Cmd: OBJ SAVEPACKAGE PACKAGE="/Game/Blueprints/MyCharacter" FILE="../../../../../../Users/Matt/Projects/gaem/Content/Blueprints/MyCharacter.uasset" SILENT=true
[2014.11.12-00.46.21:207][452]LogSavePackage: Save=273.081329ms
[2014.11.12-00.46.21:207][452]LogSavePackage: Moving '../../../../../../Users/Matt/Projects/gaem/Saved/MyCharacter6FC3A62D4BCDC74DBC058A81AAE09422.tmp' to '../../../../../../Users/Matt/Projects/gaem/Content/Blueprints/MyCharacter.uasset'
[2014.11.12-00.46.22:905][602]BlueprintLog: New page: Pre-PIE auto-recompile
[2014.11.12-00.46.22:905][602]LogPlayLevel: [PIE] Compiling LiftBlueprint before PIE...
[2014.11.12-00.46.22:959][602]LogPlayLevel: [PIE] Compiling Tutorial_BP_MacroLib before PIE...
[2014.11.12-00.46.22:990][602]LogActorComponent: UnregisterComponent: (/Engine/Transient.CharacterMovementComponent_0) Not registered. Aborting.
[2014.11.12-00.46.23:014][602]LogPlayLevel: PIE:  Blueprint regeneration took 108 ms (2 blueprints)
[2014.11.12-00.46.23:014][602]PIE: New page: PIE session: My2DMap (Nov 11, 2014, 2:46:23 PM)
[2014.11.12-00.46.23:015][602]LogPlayLevel: PIE: StaticDuplicateObjec