Log file open, 11/04/14 17:21:59
LogInit:Display: Running engine for game: gaem
LogInit: Version: 4.5.1-2336687+++depot+UE4-Releases+4.5
LogInit: API Version: 2326478
LogInit: Compiled (64-bit): Oct 21 2014 22:32:40
LogInit: Compiled with Visual C++: 18.00.21005.01
LogInit: Build Configuration: Development
LogInit: Branch Name: ++depot+UE4-Releases+4.5
LogInit: Command line:  
LogInit: Base directory: C:/Program Files/Unreal Engine/4.5/Engine/Binaries/Win64/
LogInit: Rocket: 1
[2014.11.04-22.21.59:169][  0]LogTaskGraph: Started task graph with 3 named threads and 4 total threads.
[2014.11.04-22.21.59:202][  0]LogOnline:Warning: No default platform service specified for OnlineSubsystem
[2014.11.04-22.21.59:267][  0]LogInit: Presizing for 0 objects not considered by GC, pre-allocating 0 bytes.
[2014.11.04-22.21.59:274][  0]LogInit: Object subsystem initialized
[2014.11.04-22.21.59:276][  0]LogConsoleResponse:Warning: Skipping Unknown console variable: 'UIScaleRule = ShortestSide'
[2014.11.04-22.21.59:276][  0]LogConsoleResponse:Warning:   Found in ini file 'C:/Users/Matt/Projects/gaem/Saved/Config/Windows/Engine.ini', in section '[/Script/Engine.RendererSettings]'
[2014.11.04-22.21.59:276][  0]LogConsoleResponse:Warning: Skipping Unknown console variable: 'UIScaleCurve = (EditorCurveData=(Keys=((Time=480.000000,Value=0.444000),(Time=720.000000,Value=0.666000),(Time=1080.000000,Value=1.000000),(Time=8640.000000,Value=8.000000))),ExternalCurve=None)'
[2014.11.04-22.21.59:276][  0]LogConsoleResponse:Warning:   Found in ini file 'C:/Users/Matt/Projects/gaem/Saved/Config/Windows/Engine.ini', in section '[/Script/Engine.RendererSettings]'
[2014.11.04-22.21.59:277][  0]LogInit: Selected Device Profile: [Windows]
[2014.11.04-22.21.59:277][  0]LogInit: Applying CVar settings loaded from the selected device profile: [Windows]
[2014.11.04-22.21.59:283][  0]LogInit: Computer: BIGRED
[2014.11.04-22.21.59:283][  0]LogInit: User: Matt
[2014.11.04-22.21.59:284][  0]LogInit: CPU Page size=4096, Cores=4
[2014.11.04-22.21.59:284][  0]LogInit: High frequency timer resolution =3.561816 MHz
[2014.11.04-22.21.59:284][  0]LogMemory: Memory total: Physical=15.7GB (16GB approx) Virtual=8192.0GB
[2014.11.04-22.21.59:285][  0]LogMemory: Platform Memory Stats for Windows
[2014.11.04-22.21.59:285][  0]LogMemory: Process Physical Memory: 63.58 MB used, 63.58 MB peak
[2014.11.04-22.21.59:285][  0]LogMemory: Process Virtual Memory: 38.63 MB used, 38.63 MB peak
[2014.11.04-22.21.59:285][  0]LogMemory: Physical Memory: 4698.64 MB used, 16066.05 MB total
[2014.11.04-22.21.59:285][  0]LogMemory: Virtual Memory: 272.20 MB used, 8388608.00 MB total
[2014.11.04-22.21.59:319][  0]LogD3D11RHI: Found D3D11 adapter 0: NVIDIA GeForce GTX 770 (Feature Level 11_0)
[2014.11.04-22.21.59:319][  0]LogD3D11RHI: Adapter has 1990MB of dedicated video memory, 0MB of dedicated system memory, and 2048MB of shared system memory, 1 output[s]
[2014.11.04-22.21.59:319][  0]LogD3D11RHI: Chosen D3D11 Adapter Id = 0
[2014.11.04-22.21.59:323][  0]LogRHI: Texture pool is 1361 MB (70% of 1945 MB)
[2014.11.04-22.21.59:331][  0]LogD3D11RHI: Async texture creation enabled
[2014.11.04-22.21.59:782][  0]LogTextLocalizationManager: The requested culture ('en_US') has no localization data; parent culture's ('en') localization data will be used.
[2014.11.04-22.21.59:888][  0]LogContentStreaming: Texture pool size is 0.000000MB
[2014.11.04-22.22.04:389][  0]LogTargetPlatformManager:Display: Building Assets For Windows
[2014.11.04-22.22.04:857][  0]LogTargetPlatformManager:Display: Building Assets For Windows
[2014.11.04-22.22.04:920][  0]LogDerivedDataCache:Display: Max Cache Size: 512 MB
[2014.11.04-22.22.05:068][  0]LogDerivedDataCache: Loaded boot cache 0.15s 44MB C:/Users/Matt/AppData/Local/UnrealEngine/4.5/DerivedDataCache/Boot.ddc.
[2014.11.04-22.22.05:068][  0]LogDerivedDataCache:Display: Loaded Boot cache: C:/Users/Matt/AppData/Local/UnrealEngine/4.5/DerivedDataCache/Boot.ddc
[2014.11.04-22.22.05:068][  0]LogDerivedDataCache: FDerivedDataBackendGraph:  Pak pak cache file ../../../../../../Users/Matt/Projects/gaem/DerivedDataCache/DDC.ddp not found, will not use a pak cache.
[2014.11.04-22.22.05:068][  0]LogDerivedDataCache: Unable to find inner node Pak for hierarchical cache Hierarchy.
[2014.11.04-22.22.05:124][  0]LogDerivedDataCache:Display: Pak cache opened for reading ../../../Engine/DerivedDataCache/DDC.ddp.
[2014.11.04-22.22.05:136][  0]LogDerivedDataCache: Using Local data cache path C:/Users/Matt/AppData/Local/UnrealEngine/Common/DerivedDataCache: Writable
[2014.11.04-22.22.05:497][  0]LogMeshUtilities: No automatic mesh reduction module available
[2014.11.04-22.22.05:497][  0]LogMeshUtilities: No automatic mesh merging module available
[2014.11.04-22.22.05:712][  0]LogLinker:Warning: Asset '../../../Engine/Content/Functions/Engine_MaterialFunctions02/Texturing/FlipBook.uasset' has been saved with empty engine version. The asset will be loaded but may be incompatible.
[2014.11.04-22.22.05:720][  0]LogLinker:Warning: Asset '../../../Engine/Content/Functions/Engine_MaterialFunctions02/ExampleContent/Textures/flipbook.uasset' has been saved with empty engine version. The asset will be loaded but may be incompatible.
[2014.11.04-22.22.05:927][  0]LogInit: WinSock: version 1.1 (2.2), MaxSocks=32767, MaxUdp=65467
[2014.11.04-22.22.07:829][  0]UdpMessaging: Initializing bridge on interface 0.0.0.0:0 to multicast group 230.0.0.1:6666.
[2014.11.04-22.22.08:163][  0]LogDirectoryWatcher:Warning: Failed to begin reading directory changes for C:/Users/Matt/Projects/gaem/Binaries/Win64. Error: 0
[2014.11.04-22.22.08:352][  0]SourceControl: Info Source control is disabled
[2014.11.04-22.22.08:352][  0]SourceControl: Info Source control is disabled
[2014.11.04-22.22.08:361][  0]SourceControl: Info Source control is disabled
[2014.11.04-22.22.08:599][  0]LogObj: 22915 objects as part of root set at end of initial load.
[2014.11.04-22.22.08:599][  0]LogUObjectAllocator: 4803536 out of 0 bytes used by permanent object pool.
[2014.11.04-22.22.08:671][  0]LogEngine: Initializing Engine...
[2014.11.04-22.22.08:795][  0]LogInit: XAudio2 using 'Speakers (ASUS Xonar Essence STX Audio Device)' : 2 channels at 44.1 kHz using 16 bits per sample (channel mask 0x3)
[2014.11.04-22.22.08:804][  0]LogInit: FAudioDevice initialized.
[2014.11.04-22.22.08:838][  0]LogAIModule: Creating AISystem for world NewWorld
[2014.11.04-22.22.08:858][  0]LogDerivedDataCache: Saved boot cache 0.02s 39MB C:/Users/Matt/AppData/Local/UnrealEngine/4.5/DerivedDataCache/Boot.ddc.
[2014.11.04-22.22.08:860][  0]LogInit: Texture streaming: Enabled
[2014.11.04-22.22.08:922][  0]LogInit: Transaction tracking system initialized
[2014.11.04-22.22.09:082][  0]BlueprintLog: New page: Editor Load
[2014.11.04-22.22.09:156][  0]LogAssetRegistry: FAssetRegistry took 0.0099 seconds to start up
[2014.11.04-22.22.09:156][  0]LogDirectoryWatcher:Warning: Failed to begin reading directory changes for ../../../Engine/Plugins/Experimental/CharacterAI/Content/. Error: 0
[2014.11.04-22.22.09:713][  0]LogTargetPlatformManager:Display: Building Assets For Windows
[2014.11.04-22.22.09:969][  0]LogTargetPlatformManager:Display: Building Assets For Windows
[2014.11.04-22.22.10:341][  0]LogConsoleResponse:Display: 
[2014.11.04-22.22.10:656][  0]SourceControl: Info Source control is disabled
[2014.11.04-22.22.10:656][  0]Cmd: MAP LOAD FILE="../../../../../../Users/Matt/Projects/gaem/Content/My2DMap.umap" TEMPLATE=0 SHOWPROGRESS=1
[2014.11.04-22.22.10:657][  0]LightingResults: New page: Lighting Build
[2014.11.04-22.22.10:668][  0]MapCheck: New page: Map Check
[2014.11.04-22.22.10:668][  0]LightingResults: New page: Lighting Build
[2014.11.04-22.22.10:679][  0]LogParticles: Destroying 0 GPU particle simulations for FXSystem 0x000000001C51AA20
[2014.11.04-22.22.10:876][  0]LogEditorServer: Finished looking for orphan Actors (0.000 secs)
[2014.11.04-22.22.10:876][  0]LogAIModule: Creating AISystem for world My2DMap
[2014.11.04-22.22.10:876][  0]Cmd: MAP CHECKDEP
[2014.11.04-22.22.10:876][  0]MapCheck: New page: My2DMap - Nov 4, 2014, 12:22:10 PM
[2014.11.04-22.22.10:976][  0]MapCheck: Info Map check complete: 0 Error(s), 0 Warning(s), took 99.79ms to complete.
[2014.11.04-22.22.10:976][  0]LogFileHelpers: Loading map 'My2DMap' took 0.321
[2014.11.04-22.22.11:053][  0]LogCollectionManager: Loaded 0 collections in 0.001128 seconds
[2014.11.04-22.22.11:183][  0]LogCrashTracker: Crashtracker disabled due to settings.
[2014.11.04-22.22.11:200][  0]LogUObjectGlobals:Warning: Failed to find object 'Class None.'
[2014.11.04-22.22.11:224][  0]LogLoad: Full Startup: 14.52 seconds (BP compile: 0.05 seconds)
[2014.11.04-22.22.11:566][  0]LogContentBrowser:Verbose: The content browser source was changed by the sources view to '/Game/Blueprints'
[2014.11.04-22.22.11:702][  0]LogRenderer:Warning: Reallocating scene render targets to support 920x872.
[2014.11.04-22.22.11:915][  1]LogAssetRegistry: Asset discovery search completed in 2.7694 seconds
[2014.11.04-22.22.24:958][329]LogEditorViewport: Clicking Background
[2014.11.04-22.22.30:925][ 45]LogEditorViewport: Clicking Background
[2014.11.04-22.22.42:976][491]LogEditorViewport: Clicking Background
[2014.11.04-22.22.53:637][770]LogEditorViewport: Clicking Background
[2014.11.04-22.22.55:304][970]LogEditorViewport: Clicking on Actor (LMB): PaperSpriteActor (PrototypeTexture_Sprite_3)
[2014.11.04-22.22.55:953][ 33]LogEditorViewport: Clicking Background
[2014.11.04-22.22.56:982][151]LogPlayLevel: PIE:  No blueprints needed recompiling
[2014.11.04-22.22.56:982][151]PIE: New page: PIE session: My2DMap (Nov 4, 2014, 12:22:56 PM)
[2014.11.04-22.22.56:983][151]LogPlayLevel: PIE: StaticDuplicateObject took: (0.000770s)
[2014.11.04-22.22.56:983][151]LogPlayLevel: PIE: World Init took: (0.000374s)
[2014.11.04-22.22.56:983][151]LogPlayLevel: PIE: Created PIE world by copying editor world from /Game/My2DMap.My2DMap to /Game/UEDPIE_0_My2DMap.My2DMap (0.001257s)
[2014.11.04-22.22.57:051][151]LogWorld: Game class is 'PaperGameMode_C'
[2014.11.04-22.22.57:053][151]LogAIModule: Creating AISystem for world My2DMap
[2014.11.04-22.22.57:053][151]LogWorld: Bringing World /Game/UEDPIE_0_My2DMap.My2DMap up for play (max tick rate 0) at 2014.11.04-17.22.57
[2014.11.04-22.22.57:053][151]LogWorld: Bringing up level for play took: 0.000811
[2014.11.04-22.22.57:055][151]PIE: Info Play in editor start time for /Game/UEDPIE_0_My2DMap 0.267
[2014.11.04-22.23.08:566][526]LogActorComponent: UnregisterComponent: (/Engine/Transient.CharacterMovementComponent_0) Not registered. Aborting.
[2014.11.04-22.23.08:579][526]LogParticles: Destroying 0 GPU particle simulations for FXSystem 0x0000000024078B80
[2014.11.04-22.23.13:749][ 13]LogRenderer:Warning: Reallocating scene render targets to support 976x872.
[2014.11.04-22.24.49:507][344]LogEditorTransaction: Undo Modify Component(s)
[2014.11.04-22.24.49:543][344]LogActorComponent: UnregisterComponent: (/Engine/Transient.CharacterMovementComponent_1) Not registered. Aborting.
[2014.11.04-22.24.50:460][417]LogEditorTransaction: Undo Modify Component(s)
[2014.11.04-22.24.50:496][417]LogActorComponent: UnregisterComponent: (/Engine/Transient.CharacterMovementComponent_2) Not registered. Aborting.
[2014.11.04-22.24.50:897][464]LogEditorTransaction: Undo Modify Component(s)
[2014.11.04-22.24.50:934][464]LogActorComponent: UnregisterComponent: (/Engine/Transient.CharacterMovementComponent_3) Not registered. Aborting.
[2014.11.04-22.24.51:697][554]LogEditorTransaction: Undo Clicking Background
[2014.11.04-22.24.51:747][554]LogActorComponent: UnregisterComponent: (/Engine/Transient.CharacterMovementComponent_4) Not registered. Aborting.
[2014.11.04-22.24.52:077][586]LogEditorTransaction: Undo Clicking on Actors
[2014.11.04-22.24.52:113][586]LogActorComponent: UnregisterComponent: (/Engine/Transient.CharacterMovementComponent_5) Not registered. Aborting.
[2014.11.04-22.24.53:337][728]LogEditorTransaction: Undo Modify Component(s)
[2014.11.04-22.24.53:373][728]LogActorComponent: UnregisterComponent: (/Engine/Transient.CharacterMovementComponent_6) Not registered. Aborting.
[2014.11.04-22.24.53:918][791]LogEditorTransaction: Undo Clicking Background
[2014.11.04-22.24.53:954][791]LogActorComponent: UnregisterComponent: (/Engine/Transient.CharacterMovementComponent_7) Not registered. Aborting.
[2014.11.04-22.24.54:515][856]LogEditorTransaction: Undo Clicking Background
[2014.11.04-22.24.54:552][856]LogActorComponent: UnregisterComponent: (/Engine/Transient.CharacterMovementComponent_8) Not registered. Aborting.
[2014.11.04-22.24.54:893][896]LogEditorTransaction: Undo Clicking Background
[2014.11.04-22.24.54:930][896]LogActorComponent: UnregisterComponent: (/Engine/Transient.CharacterMovementComponent_9) Not registered. Aborting.
[2014.11.04-22.24.55:072][911]LogEditorTransaction: Undo Clicking Background
[2014.11.04-22.24.55:108][911]LogActorComponent: UnregisterComponent: (/Engine/Transient.CharacterMovementComponent_10) Not registered. Aborting.
[2014.11.04-22.25.02:808][763]LogActorComponent: UnregisterComponent: (/Engine/Transient.CharacterMovementComponent_11) Not registered. Aborting.
[2014.11.04-22.25.02:822][763]LogParticles: Destroying 0 GPU particle simulations for FXSystem 0x000000001CD089A0
[2014.11.04-22.25.04:125][764]Cmd: QUIT_EDITOR
[2014.11.04-22.25.04:356][764]LogExit: Preparing to exit.
[2014.11.04-22.25.04:864][764]LogExit: Editor shut down
[2014.11.04-22.25.04:864][764]LogExit: Transaction tracking system shut down
[2014.11.04-22.25.04:865][764]LogParticles: Destroying 0 GPU particle simulations for FXSystem 0x000000001E3493A0
[2014.11.04-22.25.04:865][764]LogParticles: Destroying 0 GPU particle simulations for FXSystem 0x0000000016049EE0
[2014.11.04-22.25.04:878][764]LogParticles: Destroying 0 GPU particle simulations for FXSystem 0x00000000240CFEC0
[2014.11.04-22.25.04:878][764]LogExit: Object subsystem successfully closed.
[2014.11.04-22.25.04:929][764]LogModuleManager: Shutting down and abandoning module AndroidDeviceDetection (166)
[2014.11.04-22.25.04:929][764]LogModuleManager: Shutting down and abandoning module CrashTracker (165)
[2014.11.04-22.25.04:929][764]LogModuleManager: Shutting down and abandoning module SuperSearch (164)
[2014.11.04-22.25.04:929][764]LogModuleManager: Shutting down and abandoning module SceneOutliner (163)
[2014.11.04-22.25.04:929][764]LogModuleManager: Shutting down and abandoning module EditorWidgets (162)
[2014.11.04-22.25.04:929][764]LogModuleManager: Shutting down and abandoning module CollectionManager (161)
[2014.11.04-22.25.04:929][764]LogModuleManager: Shutting down and abandoning module StatsViewer (160)
[2014.11.04-22.25.04:929][764]LogModuleManager: Shutting down and abandoning module FoliageEdit (159)
[2014.11.04-22.25.04:929][764]LogModuleManager: Shutting down and abandoning module LandscapeEditor (158)
[2014.11.04-22.25.04:929][764]LogModuleManager: Shutting down and abandoning module MeshPaint (157)
[2014.11.04-22.25.04:929][764]LogModuleManager: Shutting down and abandoning module ActorPickerMode (156)
[2014.11.04-22.25.04:929][764]LogModuleManager: Shutting down and abandoning module GeometryMode (155)
[2014.11.04-22.25.04:929][764]LogModuleManager: Shutting down and abandoning module TextureAlignMode (154)
[2014.11.04-22.25.04:929][764]LogModuleManager: Shutting down and abandoning module BspMode (153)
[2014.11.04-22.25.04:929][764]LogModuleManager: Shutting down and abandoning module PlacementMode (152)
[2014.11.04-22.25.04:929][764]LogModuleManager: Shutting down and abandoning module AutomationWorker (151)
[2014.11.04-22.25.04:929][764]LogModuleManager: Shutting down and abandoning module CharacterAI (150)
[2014.11.04-22.25.04:929][764]LogModuleManager: Shutting down and abandoning module GameProjectGeneration (149)
[2014.11.04-22.25.04:929][764]LogModuleManager: Shutting down and abandoning module IntroTutorials (148)
[2014.11.04-22.25.04:929][764]LogModuleManager: Shutting down and abandoning module EditorLiveStreaming (147)
[2014.11.04-22.25.04:929][764]LogModuleManager: Shutting down and abandoning module HardwareTargeting (146)
[2014.11.04-22.25.04:929][764]LogModuleManager: Shutting down and abandoning module BehaviorTreeEditor (145)
[2014.11.04-22.25.04:929][764]LogModuleManager: Shutting down and abandoning module DeviceProfileEditor (144)
[2014.11.04-22.25.04:929][764]LogModuleManager: Shutting down and abandoning module UndoHistory (143)
[2014.11.04-22.25.04:929][764]LogModuleManager: Shutting down and abandoning module GameplayTagsEditor (142)
[2014.11.04-22.25.04:929][764]LogModuleManager: Shutting down and abandoning module UserFeedback (141)
[2014.11.04-22.25.04:929][764]LogModuleManager: Shutting down and abandoning module XmlParser (140)
[2014.11.04-22.25.04:929][764]LogModuleManager: Shutting down and abandoning module Blutility (139)
[2014.11.04-22.25.04:929][764]LogModuleManager: Shutting down and abandoning module IOSPlatformEditor (138)
[2014.11.04-22.25.04:929][764]LogModuleManager: Shutting down and abandoning module IOSRuntimeSettings (137)
[2014.11.04-22.25.04:929][764]LogModuleManager: Shutting down and abandoning module AndroidPlatformEditor (136)
[2014.11.04-22.25.04:929][764]LogModuleManager: Shutting down and abandoning module AndroidRuntimeSettings (135)
[2014.11.04-22.25.04:929][764]LogModuleManager: Shutting down and abandoning module ProjectTargetPlatformEditor (134)
[2014.11.04-22.25.04:929][764]LogModuleManager: Shutting down and abandoning module ProjectSettingsViewer (133)
[2014.11.04-22.25.04:929][764]LogModuleManager: Shutting down and abandoning module InputBindingEditor (132)
[2014.11.04-22.25.04:929][764]LogModuleManager: Shutting down and abandoning module EditorSettingsViewer (131)
[2014.11.04-22.25.04:930][764]LogModuleManager: Shutting down and abandoning module SettingsEditor (130)
[2014.11.04-22.25.04:930][764]LogModuleManager: Shutting down and abandoning module ProjectLauncher (129)
[2014.11.04-22.25.04:930][764]LogModuleManager: Shutting down and abandoning module SessionFrontend (128)
[2014.11.04-22.25.04:930][764]LogModuleManager: Shutting down and abandoning module ProfilerClient (127)
[2014.11.04-22.25.04:930][764]LogModuleManager: Shutting down and abandoning module TargetDeviceServices (126)
[2014.11.04-22.25.04:930][764]LogModuleManager: Shutting down and abandoning module DeviceManager (125)
[2014.11.04-22.25.04:930][764]LogModuleManager: Shutting down and abandoning module AutomationController (124)
[2014.11.04-22.25.04:930][764]LogModuleManager: Shutting down and abandoning module AutomationWindow (123)
[2014.11.04-22.25.04:930][764]LogModuleManager: Shutting down and abandoning module Layers (122)
[2014.11.04-22.25.04:930][764]LogModuleManager: Shutting down and abandoning module ComponentVisualizers (121)
[2014.11.04-22.25.04:930][764]LogModuleManager: Shutting down and abandoning module DetailCustomizations (120)
[2014.11.04-22.25.04:930][764]LogModuleManager: Shutting down and abandoning module PackagesDialog (119)
[2014.11.04-22.25.04:930][764]LogModuleManager: Shutting down and abandoning module AssetRegistry (118)
[2014.11.04-22.25.04:973][764]LogModuleManager: Shutting down and abandoning module Persona (117)
[2014.11.04-22.25.04:974][764]LogModuleManager: Shutting down and abandoning module Kismet (116)
[2014.11.04-22.25.04:974][764]LogModuleManager: Shutting down and abandoning module GraphEditor (115)
[2014.11.04-22.25.04:974][764]LogModuleManager: Shutting down and abandoning module ClassViewer (114)
[2014.11.04-22.25.04:974][764]LogModuleManager: Shutting down and abandoning module Toolbox (113)
[2014.11.04-22.25.04:974][764]LogModuleManager: Shutting down and abandoning module ModuleUI (112)
[2014.11.04-22.25.04:974][764]LogModuleManager: Shutting down and abandoning module MovieSceneTools (111)
[2014.11.04-22.25.04:974][764]LogModuleManager: Shutting down and abandoning module OutputLog (110)
[2014.11.04-22.25.04:974][764]LogModuleManager: Shutting down and abandoning module GammaUI (109)
[2014.11.04-22.25.04:974][764]LogModuleManager: Shutting down and abandoning module Documentation (108)
[2014.11.04-22.25.04:974][764]LogModuleManager: Shutting down and abandoning module GameLiveStreaming (107)
[2014.11.04-22.25.04:974][764]LogModuleManager: Shutting down and abandoning module StreamingPauseRendering (106)
[2014.11.04-22.25.04:974][764]LogModuleManager: Shutting down and abandoning module HTTP (105)
[2014.11.04-22.25.04:974][764]LogModuleManager: Shutting down and abandoning module AnalyticsET (104)
[2014.11.04-22.25.04:974][764]LogModuleManager: Shutting down and abandoning module Analytics (103)
[2014.11.04-22.25.04:974][764]LogModuleManager: Shutting down and abandoning module GameplayDebugger (102)
[2014.11.04-22.25.04:974][764]LogModuleManager: Shutting down and abandoning module AIModule (101)
[2014.11.04-22.25.04:974][764]LogModuleManager: Shutting down and abandoning module ProfilerService (100)
[2014.11.04-22.25.05:152][764]LogModuleManager: Shutting down and abandoning module TaskGraph (99)
[2014.11.04-22.25.05:152][764]LogModuleManager: Shutting down and abandoning module SlateRemote (98)
[2014.11.04-22.25.05:152][764]LogModuleManager: Shutting down and abandoning module ScriptEditorPlugin (97)
[2014.11.04-22.25.05:152][764]LogModuleManager: Shutting down and abandoning module CustomMeshComponent (96)
[2014.11.04-22.25.05:152][764]LogModuleManager: Shutting down and abandoning module CableComponent (95)
[2014.11.04-22.25.05:152][764]LogModuleManager: Shutting down and abandoning module MessagingDebugger (94)
[2014.11.04-22.25.05:152][764]LogModuleManager: Shutting down and abandoning module MediaPlayerEditor (93)
[2014.11.04-22.25.05:152][764]LogModuleManager: Shutting down and abandoning module SpeedTreeImporter (92)
[2014.11.04-22.25.05:152][764]LogModuleManager: Shutting down and abandoning module PluginsEditor (91)
[2014.11.04-22.25.05:152][764]LogModuleManager: Shutting down and abandoning module EpicSurvey (90)
[2014.11.04-22.25.05:152][764]LogModuleManager: Shutting down and abandoning module DesktopPlatform (89)
[2014.11.04-22.25.05:152][764]LogModuleManager: Shutting down and abandoning module VisualStudioSourceCodeAccess (88)
[2014.11.04-22.25.05:152][764]LogModuleManager: Shutting down and abandoning module UObjectPlugin (87)
[2014.11.04-22.25.05:152][764]LogModuleManager: Shutting down and abandoning module SubversionSourceControl (86)
[2014.11.04-22.25.05:152][764]LogModuleManager: Shutting down and abandoning module SourceControl (85)
[2014.11.04-22.25.05:152][764]LogModuleManager: Shutting down and abandoning module PerforceSourceControl (84)
[2014.11.04-22.25.05:152][764]LogModuleManager: Shutting down and abandoning module BlankPlugin (83)
[2014.11.04-22.25.05:152][764]LogModuleManager: Shutting down and abandoning module SlateReflector (82)
[2014.11.04-22.25.05:152][764]LogModuleManager: Shutting down and abandoning module DirectoryWatcher (81)
[2014.11.04-22.25.05:152][764]LogModuleManager: Shutting down and abandoning module HotReload (80)
[2014.11.04-22.25.05:152][764]LogModuleManager: Shutting down and abandoning module MainFrame (79)
[2014.11.04-22.25.05:152][764]LogModuleManager: Shutting down and abandoning module LevelEditor (78)
[2014.11.04-22.25.05:153][764]LogModuleManager: Shutting down and abandoning module ViewportSnapping (77)
[2014.11.04-22.25.05:153][764]LogModuleManager: Shutting down and abandoning module SmartSnapping (76)
[2014.11.04-22.25.05:153][764]LogModuleManager: Shutting down and abandoning module PaperTiledImporter (75)
[2014.11.04-22.25.05:153][764]LogModuleManager: Shutting down and abandoning module PaperJsonImporter (74)
[2014.11.04-22.25.05:153][764]LogModuleManager: Shutting down and abandoning module ContentBrowser (73)
[2014.11.04-22.25.05:153][764]LogModuleManager: Shutting down and abandoning module PropertyEditor (72)
[2014.11.04-22.25.05:153][764]LogModuleManager: Shutting down and abandoning module Paper2DEditor (71)
[2014.11.04-22.25.05:153][764]LogModuleManager: Shutting down and abandoning module ScriptPlugin (70)
[2014.11.04-22.25.05:153][764]LogModuleManager: Shutting down and abandoning module UdpMessaging (69)
[2014.11.04-22.25.05:253][764]LogModuleManager: Shutting down and abandoning module Paper2D (68)
[2014.11.04-22.25.05:253][764]LogModuleManager: Shutting down and abandoning module WindowsMoviePlayer (67)
[2014.11.04-22.25.05:255][764]LogModuleManager: Shutting down and abandoning module Media (66)
[2014.11.04-22.25.05:255][764]LogModuleManager: Shutting down and abandoning module WmfMedia (65)
[2014.11.04-22.25.05:255][764]LogModuleManager: Shutting down and abandoning module OnlineBlueprintSupport (64)
[2014.11.04-22.25.05:255][764]LogModuleManager: Shutting down and abandoning module FunctionalTesting (63)
[2014.11.04-22.25.05:255][764]LogModuleManager: Shutting down and abandoning module CollisionAnalyzer (62)
[2014.11.04-22.25.05:255][764]LogModuleManager: Shutting down and abandoning module WorkspaceMenuStructure (61)
[2014.11.04-22.25.05:255][764]LogModuleManager: Shutting down and abandoning module MessageLog (60)
[2014.11.04-22.25.05:255][764]LogModuleManager: Shutting down and abandoning module Sequencer (59)
[2014.11.04-22.25.05:255][764]LogModuleManager: Shutting down and abandoning module AssetTools (58)
[2014.11.04-22.25.05:255][764]LogModuleManager: Shutting down and abandoning module UMGEditor (57)
[2014.11.04-22.25.05:255][764]LogModuleManager: Shutting down and abandoning module UMG (56)
[2014.11.04-22.25.05:255][764]LogModuleManager: Shutting down and abandoning module Slate (55)
[2014.11.04-22.25.05:255][764]LogModuleManager: Shutting down and abandoning module EditorStyle (54)
[2014.11.04-22.25.05:256][764]LogModuleManager: Shutting down and abandoning module SessionServices (53)
[2014.11.04-22.25.05:256][764]LogModuleManager: Shutting down and abandoning module SourceCodeAccess (52)
[2014.11.04-22.25.05:256][764]LogModuleManager: Shutting down and abandoning module HeadMountedDisplay (51)
[2014.11.04-22.25.05:256][764]LogModuleManager: Shutting down and abandoning module XAudio2 (50)
[2014.11.04-22.25.05:256][764]LogModuleManager: Shutting down and abandoning module Networking (48)
[2014.11.04-22.25.05:256][764]LogModuleManager: Shutting down and abandoning module Core (47)
[2014.11.04-22.25.05:256][764]LogModuleManager: Shutting down and abandoning module KismetCompiler (46)
[2014.11.04-22.25.05:256][764]LogModuleManager: Shutting down and abandoning module PhysXFormats (45)
[2014.11.04-22.25.05:256][764]LogModuleManager: Shutting down and abandoning module MeshUtilities (44)
[2014.11.04-22.25.05:256][764]LogModuleManager: Shutting down and abandoning module DerivedDataCache (43)
[2014.11.04-22.25.05:264][764]LogDerivedDataCache: Shutdown
[2014.11.04-22.25.05:264][764]LogModuleManager: Shutting down and abandoning module ShaderFormatOpenGL (42)
[2014.11.04-22.25.05:264][764]LogModuleManager: Shutting down and abandoning module ShaderFormatD3D (41)
[2014.11.04-22.25.05:264][764]LogModuleManager: Shutting down and abandoning module MetalShaderFormat (40)
[2014.11.04-22.25.05:264][764]LogModuleManager: Shutting down and abandoning module TextureFormatUncompressed (39)
[2014.11.04-22.25.05:264][764]LogModuleManager: Shutting down and abandoning module TextureFormatPVR (38)
[2014.11.04-22.25.05:264][764]LogModuleManager: Shutting down and abandoning module TextureFormatDXT (37)
[2014.11.04-22.25.05:264][764]LogModuleManager: Shutting down and abandoning module TextureFormatAndroid (36)
[2014.11.04-22.25.05:264][764]LogModuleManager: Shutting down and abandoning module AudioFormatOpus (35)
[2014.11.04-22.25.05:264][764]LogModuleManager: Shutting down and abandoning module AudioFormatOgg (34)
[2014.11.04-22.25.05:264][764]LogModuleManager: Shutting down and abandoning module AudioFormatADPCM (33)
[2014.11.04-22.25.05:264][764]LogModuleManager: Shutting down and abandoning module Messaging (32)
[2014.11.04-22.25.05:264][764]LogModuleManager: Shutting down and abandoning module IOSTargetPlatform (31)
[2014.11.04-22.25.05:264][764]LogModuleManager: Shutting down and abandoning module Android_PVRTCTargetPlatform (30)
[2014.11.04-22.25.05:264][764]LogModuleManager: Shutting down and abandoning module Android_ETC2TargetPlatform (29)
[2014.11.04-22.25.05:264][764]LogModuleManager: Shutting down and abandoning module Android_ETC1TargetPlatform (28)
[2014.11.04-22.25.05:264][764]LogModuleManager: Shutting down and abandoning module Android_DXTTargetPlatform (27)
[2014.11.04-22.25.05:264][764]LogModuleManager: Shutting down and abandoning module Android_ATCTargetPlatform (26)
[2014.11.04-22.25.05:264][764]LogModuleManager: Shutting down and abandoning module AndroidTargetPlatform (25)
[2014.11.04-22.25.05:264][764]LogModuleManager: Shutting down and abandoning module WindowsTargetPlatform (24)
[2014.11.04-22.25.05:264][764]LogModuleManager: Shutting down and abandoning module WindowsServerTargetPlatform (23)
[2014.11.04-22.25.05:264][764]LogModuleManager: Shutting down and abandoning module WindowsNoEditorTargetPlatform (22)
[2014.11.04-22.25.05:264][764]LogModuleManager: Shutting down and abandoning module WindowsClientTargetPlatform (21)
[2014.11.04-22.25.05:264][764]LogModuleManager: Shutting down and abandoning module TargetPlatform (20)
[2014.11.04-22.25.05:264][764]LogModuleManager: Shutting down and abandoning module InputCore (19)
[2014.11.04-22.25.05:264][764]LogModuleManager: Shutting down and abandoning module Settings (18)
[2014.11.04-22.25.05:264][764]LogModuleManager: Shutting down and abandoning module ImageWrapper (17)
[2014.11.04-22.25.05:264][764]LogModuleManager: Shutting down and abandoning module OculusRift (14)
[2014.11.04-22.25.05:264][764]LogModuleManager: Shutting down and abandoning module ExampleDeviceProfileSelector (13)
[2014.11.04-22.25.05:264][764]LogModuleManager: Shutting down and abandoning module TextureCompressor (12)
[2014.11.04-22.25.05:264][764]LogModuleManager: Shutting down and abandoning module ShaderCore (11)
[2014.11.04-22.25.05:264][764]LogModuleManager: Shutting down and abandoning module SlateRHIRenderer (10)
[2014.11.04-22.25.05:265][764]LogModuleManager: Shutting down and abandoning module OpenGLDrv (9)
[2014.11.04-22.25.05:265][764]LogModuleManager: Shutting down and abandoning module D3D11RHI (8)
[2014.11.04-22.25.05:265][764]LogModuleManager: Shutting down and abandoning module Renderer (7)
[2014.11.04-22.25.05:265][764]LogModuleManager: Shutting down and abandoning module Engine (6)
[2014.11.04-22.25.05:265][764]LogModuleManager: Shutting down and abandoning module CoreUObject (5)
[2014.11.04-22.25.05:265][764]LogModuleManager: Shutting down and abandoning module NetworkFile (4)
[2014.11.04-22.25.05:265][764]LogModuleManager: Shutting down and abandoning module StreamingFile (3)
[2014.11.04-22.25.05:265][764]LogModuleManager: Shutting down and abandoning module SandboxFile (2)
[2014.11.04-22.25.05:265][764]LogModuleManager: Shutting down and abandoning module PakFile (1)
[2014.11.04-22.25.05:265][764]LogExit: Exiting.
[2014.11.04-22.25.05:268][764]Log file closed, 11/04/14 17:25:05
