Log file open, 11/11/14 19:46:51
LogInit:Display: Running engine for game: gaem
LogInit: Version: 4.5.1-2336687+++depot+UE4-Releases+4.5
LogInit: API Version: 2326478
LogInit: Compiled (64-bit): Oct 21 2014 22:32:40
LogInit: Compiled with Visual C++: 18.00.21005.01
LogInit: Build Configuration: Development
LogInit: Branch Name: ++depot+UE4-Releases+4.5
LogInit: Command line:  
LogInit: Base directory: C:/Program Files/Unreal Engine/4.5/Engine/Binaries/Win64/
LogInit: Rocket: 1
[2014.11.12-00.46.51:950][  0]LogTaskGraph: Started task graph with 3 named threads and 4 total threads.
[2014.11.12-00.46.51:981][  0]LogOnline:Warning: No default platform service specified for OnlineSubsystem
[2014.11.12-00.46.52:003][  0]LogInit: Presizing for 0 objects not considered by GC, pre-allocating 0 bytes.
[2014.11.12-00.46.52:010][  0]LogInit: Object subsystem initialized
[2014.11.12-00.46.52:012][  0]LogConsoleResponse:Warning: Skipping Unknown console variable: 'UIScaleRule = ShortestSide'
[2014.11.12-00.46.52:012][  0]LogConsoleResponse:Warning:   Found in ini file 'C:/Users/Matt/Projects/gaem/Saved/Config/Windows/Engine.ini', in section '[/Script/Engine.RendererSettings]'
[2014.11.12-00.46.52:012][  0]LogConsoleResponse:Warning: Skipping Unknown console variable: 'UIScaleCurve = (EditorCurveData=(Keys=((Time=480.000000,Value=0.444000),(Time=720.000000,Value=0.666000),(Time=1080.000000,Value=1.000000),(Time=8640.000000,Value=8.000000))),ExternalCurve=None)'
[2014.11.12-00.46.52:012][  0]LogConsoleResponse:Warning:   Found in ini file 'C:/Users/Matt/Projects/gaem/Saved/Config/Windows/Engine.ini', in section '[/Script/Engine.RendererSettings]'
[2014.11.12-00.46.52:013][  0]LogInit: Selected Device Profile: [Windows]
[2014.11.12-00.46.52:013][  0]LogInit: Applying CVar settings loaded from the selected device profile: [Windows]
[2014.11.12-00.46.52:018][  0]LogInit: Computer: BIGRED
[2014.11.12-00.46.52:018][  0]LogInit: User: Matt
[2014.11.12-00.46.52:018][  0]LogInit: CPU Page size=4096, Cores=4
[2014.11.12-00.46.52:018][  0]LogInit: High frequency timer resolution =3.561796 MHz
[2014.11.12-00.46.52:018][  0]LogMemory: Memory total: Physical=15.7GB (16GB approx) Virtual=8192.0GB
[2014.11.12-00.46.52:018][  0]LogMemory: Platform Memory Stats for Windows
[2014.11.12-00.46.52:018][  0]LogMemory: Process Physical Memory: 63.39 MB used, 63.39 MB peak
[2014.11.12-00.46.52:018][  0]LogMemory: Process Virtual Memory: 38.63 MB used, 38.63 MB peak
[2014.11.12-00.46.52:019][  0]LogMemory: Physical Memory: 4333.48 MB used, 16066.05 MB total
[2014.11.12-00.46.52:019][  0]LogMemory: Virtual Memory: 268.76 MB used, 8388608.00 MB total
[2014.11.12-00.46.52:048][  0]LogD3D11RHI: Found D3D11 adapter 0: NVIDIA GeForce GTX 770 (Feature Level 11_0)
[2014.11.12-00.46.52:048][  0]LogD3D11RHI: Adapter has 1990MB of dedicated video memory, 0MB of dedicated system memory, and 2048MB of shared system memory, 1 output[s]
[2014.11.12-00.46.52:048][  0]LogD3D11RHI: Chosen D3D11 Adapter Id = 0
[2014.11.12-00.46.52:052][  0]LogRHI: Texture pool is 1361 MB (70% of 1945 MB)
[2014.11.12-00.46.52:058][  0]LogD3D11RHI: Async texture creation enabled
[2014.11.12-00.46.52:346][  0]LogTextLocalizationManager: The requested culture ('en_US') has no localization data; parent culture's ('en') localization data will be used.
[2014.11.12-00.46.52:447][  0]LogContentStreaming: Texture pool size is 0.000000MB
[2014.11.12-00.46.55:919][  0]LogTargetPlatformManager:Display: Building Assets For Windows
[2014.11.12-00.46.56:276][  0]LogTargetPlatformManager:Display: Building Assets For Windows
[2014.11.12-00.46.56:330][  0]LogDerivedDataCache:Display: Max Cache Size: 512 MB
[2014.11.12-00.46.56:356][  0]LogDerivedDataCache: Loaded boot cache 0.03s 39MB C:/Users/Matt/AppData/Local/UnrealEngine/4.5/DerivedDataCache/Boot.ddc.
[2014.11.12-00.46.56:356][  0]LogDerivedDataCache:Display: Loaded Boot cache: C:/Users/Matt/AppData/Local/UnrealEngine/4.5/DerivedDataCache/Boot.ddc
[2014.11.12-00.46.56:357][  0]LogDerivedDataCache: FDerivedDataBackendGraph:  Pak pak cache file ../../../../../../Users/Matt/Projects/gaem/DerivedDataCache/DDC.ddp not found, will not use a pak cache.
[2014.11.12-00.46.56:357][  0]LogDerivedDataCache: Unable to find inner node Pak for hierarchical cache Hierarchy.
[2014.11.12-00.46.56:406][  0]LogDerivedDataCache:Display: Pak cache opened for reading ../../../Engine/DerivedDataCache/DDC.ddp.
[2014.11.12-00.46.56:418][  0]LogDerivedDataCache: Using Local data cache path C:/Users/Matt/AppData/Local/UnrealEngine/Common/DerivedDataCache: Writable
[2014.11.12-00.46.56:560][  0]LogMeshUtilities: No automatic mesh reduction module available
[2014.11.12-00.46.56:560][  0]LogMeshUtilities: No automatic mesh merging module available
[2014.11.12-00.46.56:722][  0]LogLinker:Warning: Asset '../../../Engine/Content/Functions/Engine_MaterialFunctions02/Texturing/FlipBook.uasset' has been saved with empty engine version. The asset will be loaded but may be incompatible.
[2014.11.12-00.46.56:725][  0]LogLinker:Warning: Asset '../../../Engine/Content/Functions/Engine_MaterialFunctions02/ExampleContent/Textures/flipbook.uasset' has been saved with empty engine version. The asset will be loaded but may be incompatible.
[2014.11.12-00.46.56:874][  0]LogInit: WinSock: version 1.1 (2.2), MaxSocks=32767, MaxUdp=65467
[2014.11.12-00.46.57:569][  0]UdpMessaging: Initializing bridge on interface 0.0.0.0:0 to multicast group 230.0.0.1:6666.
[2014.11.12-00.46.57:749][  0]LogDirectoryWatcher:Warning: Failed to begin reading directory changes for C:/Users/Matt/Projects/gaem/Binaries/Win64. Error: 0
[2014.11.12-00.46.57:873][  0]SourceControl: Info Source control is disabled
[2014.11.12-00.46.57:873][  0]SourceControl: Info Source control is disabled
[2014.11.12-00.46.57:882][  0]SourceControl: Info Source control is disabled
[2014.11.12-00.46.58:011][  0]LogObj: 22915 objects as part of root set at end of initial load.
[2014.11.12-00.46.58:011][  0]LogUObjectAllocator: 4803536 out of 0 bytes used by permanent object pool.
[2014.11.12-00.46.58:061][  0]LogEngine: Initializing Engine...
[2014.11.12-00.46.58:163][  0]LogInit: XAudio2 using 'Speakers (ASUS Xonar Essence STX Audio Device)' : 2 channels at 44.1 kHz using 16 bits per sample (channel mask 0x3)
[2014.11.12-00.46.58:171][  0]LogInit: FAudioDevice initialized.
[2014.11.12-00.46.58:193][  0]LogAIModule: Creating AISystem for world NewWorld
[2014.11.12-00.46.58:209][  0]LogDerivedDataCache: Saved boot cache 0.02s 39MB C:/Users/Matt/AppData/Local/UnrealEngine/4.5/DerivedDataCache/Boot.ddc.
[2014.11.12-00.46.58:211][  0]LogInit: Texture streaming: Enabled
[2014.11.12-00.46.58:258][  0]LogInit: Transaction tracking system initialized
[2014.11.12-00.46.58:368][  0]BlueprintLog: New page: Editor Load
[2014.11.12-00.46.58:400][  0]LogAssetRegistry: FAssetRegistry took 0.0093 seconds to start up
[2014.11.12-00.46.58:400][  0]LogDirectoryWatcher:Warning: Failed to begin reading directory changes for ../../../Engine/Plugins/Experimental/CharacterAI/Content/. Error: 0
[2014.11.12-00.46.58:792][  0]LogTargetPlatformManager:Display: Building Assets For Windows
[2014.11.12-00.46.59:043][  0]LogTargetPlatformManager:Display: Building Assets For Windows
[2014.11.12-00.46.59:281][  0]LogConsoleResponse:Display: 
[2014.11.12-00.46.59:471][  0]SourceControl: Info Source control is disabled
[2014.11.12-00.46.59:471][  0]Cmd: MAP LOAD FILE="../../../../../../Users/Matt/Projects/gaem/Content/My2DMap.umap" TEMPLATE=0 SHOWPROGRESS=1
[2014.11.12-00.46.59:472][  0]LightingResults: New page: Lighting Build
[2014.11.12-00.46.59:483][  0]MapCheck: New page: Map Check
[2014.11.12-00.46.59:483][  0]LightingResults: New page: Lighting Build
[2014.11.12-00.46.59:500][  0]LogParticles: Destroying 0 GPU particle simulations for FXSystem 0x0000000017A16A20
[2014.11.12-00.46.59:798][  0]LogEditorServer: Finished looking for orphan Actors (0.000 secs)
[2014.11.12-00.46.59:798][  0]LogAIModule: Creating AISystem for world My2DMap
[2014.11.12-00.46.59:798][  0]Cmd: MAP CHECKDEP
[2014.11.12-00.46.59:798][  0]MapCheck: New page: My2DMap - Nov 11, 2014, 2:46:59 PM
[2014.11.12-00.46.59:917][  0]MapCheck: Info Map check complete: 0 Error(s), 0 Warning(s), took 118.428ms to complete.
[2014.11.12-00.46.59:917][  0]LogFileHelpers: Loading map 'My2DMap' took 0.446
[2014.11.12-00.46.59:993][  0]LogCollectionManager: Loaded 0 collections in 0.000950 seconds
[2014.11.12-00.47.00:089][  0]LogCrashTracker: Crashtracker disabled due to settings.
[2014.11.12-00.47.00:110][  0]LogUObjectGlobals:Warning: Failed to find object 'Class None.'
[2014.11.12-00.47.00:134][  0]LogLoad: Full Startup: 10.20 seconds (BP compile: 0.11 seconds)
[2014.11.12-00.47.00:476][  0]LogContentBrowser:Verbose: The content browser source was changed by the sources view to '/Game/Sprites'
[2014.11.12-00.47.00:635][  0]LogRenderer:Warning: Reallocating scene render targets to support 1016x872.
[2014.11.12-00.47.00:826][  1]LogAssetRegistry: Asset discovery search completed in 2.4356 seconds
[2014.11.12-00.47.30:158][992]LogSlate:Warning: GetFontFace failed to load or process 'Roboto-Regular'
[2014.11.12-00.47.30:158][992]LogSlate:Warning: GetFontFace failed to load or process 'Roboto-Regular'
[2014.11.12-00.47.30:160][992]LogSlate:Warning: GetFontFace failed to load or process 'Roboto-Regular'
[2014.11.12-00.47.30:160][992]LogSlate:Warning: GetFontFace failed to load or process 'Roboto-Regular'
[2014.11.12-00.47.30:160][992]LogSlate:Warning: GetFontFace failed to load or process 'Roboto-Regular'
[2014.11.12-00.47.30:160][992]LogSlate:Warning: GetFontFace failed to load or process 'Roboto-Regular'
[2014.11.12-00.47.30:160][992]LogSlate:Warning: GetFontFace failed to load or process 'Roboto-Regular'
[2014.11.12-00.47.30:160][992]LogSlate:Warning: GetFontFace failed to load or process 'Roboto-Regular'
[2014.11.12-00.47.30:160][992]LogSlate:Warning: GetFontFace failed to load or process 'Roboto-Regular'
[2014.11.12-00.47.30:160][992]LogSlate:Warning: GetFontFace failed to load or process 'Roboto-Regular'
[2014.11.12-00.47.30:160][992]LogSlate:Warning: GetFontFace failed to load or process 'Roboto-Regular'
[2014.11.12-00.47.30:160][992]LogSlate:Warning: GetFontFace failed to load or process 'Roboto-Regular'
[2014.11.12-00.47.30:160][992]LogSlate:Warning: GetFontFace failed to load or process 'Roboto-Regular'
[2014.11.12-00.47.30:161][992]LogSlate:Warning: GetFontFace failed to load or process 'Roboto-Regular'
[2014.11.12-00.47.30:161][992]LogSlate:Warning: GetFontFace failed to load or process 'Roboto-Regular'
[2014.11.12-00.47.30:161][992]LogSlate:Warning: GetFontFace failed to load or process 'Roboto-Regular'
[2014.11.12-00.47.30:161][992]LogSlate:Warning: GetFontFace failed to load or process 'Roboto-Regular'
[2014.11.12-00.47.45:539][115]LogSlate:Warning: GetFontFace failed to load or process 'Roboto-Regular'
[2014.11.12-00.47.45:539][115]LogSlate:Warning: GetFontFace failed to load or process 'Roboto-Regular'
[2014.11.12-00.47.45:539][115]LogSlate:Warning: GetFontFace failed to load or process 'Roboto-Regular'
[2014.11.12-00.47.45:539][115]LogSlate:Warning: GetFontFace failed to load or process 'Roboto-Regular'
[2014.11.12-00.47.45:539][115]LogSlate:Warning: GetFontFace failed to load or process 'Roboto-Regular'
[2014.11.12-00.47.45:539][115]LogSlate:Warning: GetFontFace failed to load or process 'Roboto-Regular'
[2014.11.12-00.47.52:985][637]LogUObjectGlobals:Warning: Failed to find object 'Object None.'
[2014.11.12-00.47.58:959][ 26]BlueprintLog: New page: Compile MyCharacter
[2014.11.12-00.47.59:158][ 26]BlueprintEditorCompileResults: Info [0069.11] Compile of MyCharacter successful! [in 47 ms]
[2014.11.12-00.47.59:402][ 27]Cmd: OBJ SAVEPACKAGE PACKAGE="/Game/Blueprints/MyCharacter" FILE="../../../../../../Users/Matt/Projects/gaem/Content/Blueprints/MyCharacter.uasset" SILENT=true
[2014.11.12-00.47.59:734][ 27]LogSavePackage: Save=277.463104ms
[2014.11.12-00.47.59:734][ 27]LogSavePackage: Moving '../../../../../../Users/Matt/Projects/gaem/Saved/MyCharacter685FCA3C498A032560619BBBDE9B72F3.tmp' to '../../../../../../Users/Matt/Projects/gaem/Content/Blueprints/MyCharacter.uasset'
[2014.11.12-00.48.03:314][285]BlueprintLog: New page: Pre-PIE auto-recompile
[2014.11.12-00.48.03:314][285]LogPlayLevel: [PIE] Compiling LiftBlueprint before PIE...
[2014.11.12-00.48.03:371][285]LogPlayLevel: [PIE] Compiling Tutorial_BP_MacroLib before PIE...
[2014.11.12-00.48.03:403][285]LogActorComponent: UnregisterComponent: (/Engine/Transient.CharacterMovementComponent_0) Not registered. Aborting.
[2014.11.12-00.48.03:427][285]LogPlayLevel: PIE:  Blueprint regeneration took 113 ms (2 blueprints)
[2014.11.12-00.48.03:427][285]PIE: New page: PIE session: My2DMap (Nov 11, 2014, 2:48:03 PM)
[2014.11.12-00.48.03:428][285]LogPlayLevel: PIE: StaticDuplicateObject took: (0.000818s)
[2014.11.12-00.48.03:428][285]LogPlayLevel: PIE: World Init took: (0.000348s)
[2014.11.12-00.48.03:428][285]LogPlayLevel: PIE: Created PIE world by copying editor world from /Game/My2DMap.My2DMap to /Game/UEDPIE_0_My2DMap.My2DMap (0.001269s)
[2014.11.12-00.48.03:466][285]LogWorld: Game class is 'PaperGameMode_C'
[2014.11.12-00.48.03:467][285]LogAIModule: Creating AISystem for world My2DMap
[2014.11.12-00.48.03:467][285]LogWorld: Bringing World /Game/UEDPIE_0_My2DMap.My2DMap up for play (max tick rate 0) at 2014.11.11-19.48.03
[2014.11.12-00.48.03:468][285]LogWorld: Bringing up level for play took: 0.000780
[2014.11.12-00.48.03:469][285]PIE: Info Play in editor start time for /Game/UEDPIE_0_My2DMap 0.75
[2014.11.12-00.48.10:294][ 77]LogParticles: Destroying 0 GPU particle simulations for FXSystem 0x00000000220C19E0
[2014.11.12-00.48.27:041][370]BlueprintLog: New page: Compile MyCharacter
[2014.11.12-00.48.27:216][370]BlueprintEditorCompileResults: Info [0097.18] Compile of MyCharacter successful! [in 43 ms]
[2014.11.12-00.48.27:588][380]Cmd: OBJ SAVEPACKAGE PACKAGE="/Game/Blueprints/MyCharacter" FILE="../../../../../../Users/Matt/Projects/gaem/Content/Blueprints/MyCharacter.uasset" SILENT=true
[2014.11.12-00.48.27:910][380]LogSavePackage: Save=279.515167ms
[2014.11.12-00.48.27:910][380]LogSavePackage: Moving '../../../../../../Users/Matt/Projects/gaem/Saved/MyCharacter90CA00D34E163D06FB2C8D9D5FFF5F00.tmp' to '../../../../../../Users/Matt/Projects/gaem/Content/Blueprints/MyCharacter.uasset'
[2014.11.12-00.48.33:137][742]LogActorComponent: UnregisterComponent: (/Engine/Transient.CharacterMovementComponent_1) Not registered. Aborting.
[2014.11.12-00.48.57:249][362]BlueprintLog: New page: Compile MyCharacter
[2014.11.12-00.48.57:433][362]BlueprintEditorCompileResults: Info [0127.39] Compile of MyCharacter successful! [in 46 ms]
[2014.11.12-00.48.58:033][391]Cmd: OBJ SAVEPACKAGE PACKAGE="/Game/Blueprints/MyCharacter" FILE="../../../../../../Users/Matt/Projects/gaem/Content/Blueprints/MyCharacter.uasset" SILENT=true
[2014.11.12-00.48.58:349][391]LogSavePackage: Save=272.638306ms
[2014.11.12-00.48.58:349][391]LogSavePackage: Moving '../../../../../../Users/Matt/Projects/gaem/Saved/MyCharacterAD2FE74F41B6070D3991EB964EA2F34B.tmp' to '../../../../../../Users/Matt/Projects/gaem/Content/Blueprints/MyCharacter.uasset'
[2014.11.12-00.48.59:975][537]BlueprintLog: New page: Pre-PIE auto-recompile
[2014.11.12-00.48.59:975][537]LogPlayLevel: [PIE] Compiling LiftBlueprint before PIE...
[2014.11.12-00.49.00:031][537]LogActorComponent: UnregisterComponent: (/Engine/Transient.CharacterMovementComponent_2) Not registered. Aborting.
[2014.11.12-00.49.00:056][537]LogPlayLevel: PIE:  Blueprint regeneration took 81 ms (1 blueprints)
[2014.11.12-00.49.00:056][537]PIE: New page: PIE session: My2DMap (Nov 11, 2014, 2:49:00 PM)
[2014.11.12-00.49.00:057][537]LogPlayLevel: PIE: StaticDuplicateObject took: (0.000826s)
[2014.11.12-00.49.00:057][537]LogPlayLevel: PIE: World Init took: (0.000343s)
[2014.11.12-00.49.00:058][537]LogPlayLevel: PIE: Created PIE world by copying editor world from /Game/My2DMap.My2DMap to /Game/UEDPIE_0_My2DMap.My2DMap (0.001283s)
[2014.11.12-00.49.00:088][537]LogWorld: Game class is 'PaperGameMode_C'
[2014.11.12-00.49.00:089][537]LogAIModule: Creating AISystem for world My2DMap
[2014.11.12-00.49.00:090][537]LogWorld: Bringing World /Game/UEDPIE_0_My2DMap.My2DMap up for play (max tick rate 0) at 2014.11.11-19.49.00
[2014.11.12-00.49.00:090][537]LogWorld: Bringing up level for play took: 0.000734
[2014.11.12-00.49.00:091][537]PIE: Info Play in editor start time for /Game/UEDPIE_0_My2DMap -0.629
[2014.11.12-00.49.07:034][348]LogParticles: Destroying 0 GPU particle simulations for FXSystem 0x00000000281D0B80
[2014.11.12-00.49.10:477][622]Cmd: OBJ SAVEPACKAGE PACKAGE="/Game/My2DMap" FILE="../../../../../../Users/Matt/Projects/gaem/Content/My2DMap.umap" SILENT=true AUTOSAVING=false KEEPDIRTY=false
[2014.11.12-00.49.10:562][622]LogSavePackage: Save=12.973511ms
[2014.11.12-00.49.10:562][622]LogSavePackage: Moving '../../../../../../Users/Matt/Projects/gaem/Saved/My2DMapB5DF7D95479D87793EA9F8B14862C783.tmp' to '../../../../../../Users/Matt/Projects/gaem/Content/My2DMap.umap'
[2014.11.12-00.49.10:597][622]LogFileHelpers: Saving map 'My2DMap' took 0.255
[2014.11.12-00.50.31:229][450]BlueprintLog: New page: Compile MyCharacter
[2014.11.12-00.50.31:409][450]BlueprintEditorCompileResults: Info [0221.37] Compile of MyCharacter successful! [in 44 ms]
[2014.11.12-00.50.31:666][454]Cmd: OBJ SAVEPACKAGE PACKAGE="/Game/Blueprints/MyCharacter" FILE="../../../../../../Users/Matt/Projects/gaem/Content/Blueprints/MyCharacter.uasset" SILENT=true
[2014.11.12-00.50.32:005][454]LogSavePackage: Save=283.232666ms
[2014.11.12-00.50.32:005][454]LogSavePackage: Moving '../../../../../../Users/Matt/Projects/gaem/Saved/MyCharacterBB35195B44C64467FCBB19B0FDC1C590.tmp' to '../../../../../../Users/Matt/Projects/gaem/Content/Blueprints/MyCharacter.uasset'
[2014.11.12-00.50.33:971][634]BlueprintLog: New page: Pre-PIE auto-recompile
[2014.11.12-00.50.33:971][634]LogPlayLevel: [PIE] Compiling LiftBlueprint before PIE...
[2014.11.12-00.50.34:030][634]LogActorComponent: UnregisterComponent: (/Engine/Transient.CharacterMovementComponent_3) Not registered. Aborting.
[2014.11.12-00.50.34:054][634]LogPlayLevel: PIE:  Blueprint regeneration took 82 ms (1 blueprints)
[2014.11.12-00.50.34:054][634]PIE: New page: PIE session: My2DMap (Nov 11, 2014, 2:50:34 PM)
[2014.11.12-00.50.34:055][634]LogPlayLevel: PIE: StaticDuplicateObject took: (0.000814s)
[2014.11.12-00.50.34:056][634]LogPlayLevel: PIE: World Init took: (0.000436s)
[2014.11.12-00.50.34:056][634]LogPlayLevel: PIE: Created PIE world by copying editor world from /Game/My2DMap.My2DMap to /Game/UEDPIE_0_My2DMap.My2DMap (0.001352s)
[2014.11.12-00.50.34:084][634]LogWorld: Game class is 'PaperGameMode_C'
[2014.11.12-00.50.34:085][634]LogAIModule: Creating AISystem for world My2DMap
[2014.11.12-00.50.34:085][634]LogWorld: Bringing World /Game/UEDPIE_0_My2DMap.My2DMap up for play (max tick rate 0) at 2014.11.11-19.50.34
[2014.11.12-00.50.34:086][634]LogWorld: Bringing up level for play took: 0.000855
[2014.11.12-00.50.34:087][634]PIE: Info Play in editor start time for /Game/UEDPIE_0_My2DMap -0.634
[2014.11.12-00.50.34:441][675]LogBlueprintUserMessages: 0
[2014.11.12-00.50.34:442][675]LogBlueprintUserMessages: 1
[2014.11.12-00.50.34:442][675]LogBlueprintUserMessages: 2
[2014.11.12-00.50.34:443][675]LogBlueprintUserMessages: 3
[2014.11.12-00.50.34:443][675]LogBlueprintUserMessages: 4
[2014.11.12-00.50.34:443][675]LogBlueprintUserMessages: 5
[2014.11.12-00.50.34:444][675]LogBlueprintUserMessages: 6
[2014.11.12-00.50.34:444][675]LogBlueprintUserMessages: 7
[2014.11.12-00.50.34:445][675]LogBlueprintUserMessages: 8
[2014.11.12-00.50.34:445][675]LogBlueprintUserMessages: 9
[2014.11.12-00.50.34:446][675]LogBlueprintUserMessages: 10
[2014.11.12-00.50.35:123][746]LogBlueprintUserMessages: 0
[2014.11.12-00.50.35:123][746]LogBlueprintUserMessages: 1
[2014.11.12-00.50.35:123][746]LogBlueprintUserMessages: 2
[2014.11.12-00.50.35:124][746]LogBlueprintUserMessages: 3
[2014.11.12-00.50.35:124][746]LogBlueprintUserMessages: 4
[2014.11.12-00.50.35:124][746]LogBlueprintUserMessages: 5
[2014.11.12-00.50.35:125][746]LogBlueprintUserMessages: 6
[2014.11.12-00.50.35:125][746]LogBlueprintUserMessages: 7
[2014.11.12-00.50.35:126][746]LogBlueprintUserMessages: 8
[2014.11.12-00.50.35:127][746]LogBlueprintUserMessages: 9
[2014.11.12-00.50.35:127][746]LogBlueprintUserMessages: 10
[2014.11.12-00.50.35:446][764]LogBlueprintUserMessages: 0
[2014.11.12-00.50.35:447][764]LogBlueprintUserMessages: 1
[2014.11.12-00.50.35:447][764]LogBlueprintUserMessages: 2
[2014.11.12-00.50.35:447][764]LogBlueprintUserMessages: 3
[2014.11.12-00.50.35:448][764]LogBlueprintUserMessages: 4
[2014.11.12-00.50.35:448][764]LogBlueprintUserMessages: 5
[2014.11.12-00.50.35:449][764]LogBlueprintUserMessages: 6
[2014.11.12-00.50.35:449][764]LogBlueprintUserMessages: 7
[2014.11.12-00.50.35:450][764]LogBlueprintUserMessages: 8
[2014.11.12-00.50.35:450][764]LogBlueprintUserMessages: 9
[2014.11.12-00.50.35:451][764]LogBlueprintUserMessages: 10
[2014.11.12-00.50.35:701][772]LogBlueprintUserMessages: 0
[2014.11.12-00.50.35:702][772]LogBlueprintUserMessages: 1
[2014.11.12-00.50.35:702][772]LogBlueprintUserMessages: 2
[2014.11.12-00.50.35:702][772]LogBlueprintUserMessages: 3
[2014.11.12-00.50.35:703][772]LogBlueprintUserMessages: 4
[2014.11.12-00.50.35:703][772]LogBlueprintUserMessages: 5
[2014.11.12-00.50.35:704][772]LogBlueprintUserMessages: 6
[2014.11.12-00.50.35:704][772]LogBlueprintUserMessages: 7
[2014.11.12-00.50.35:705][772]LogBlueprintUserMessages: 8
[2014.11.12-00.50.35:705][772]LogBlueprintUserMessages: 9
[2014.11.12-00.50.35:706][772]LogBlueprintUserMessages: 10
[2014.11.12-00.50.35:865][776]LogBlueprintUserMessages: 0
[2014.11.12-00.50.35:865][776]LogBlueprintUserMessages: 1
[2014.11.12-00.50.35:866][776]LogBlueprintUserMessages: 2
[2014.11.12-00.50.35:866][776]LogBlueprintUserMessages: 3
[2014.11.12-00.50.35:867][776]LogBlueprintUserMessages: 4
[2014.11.12-00.50.35:867][776]LogBlueprintUserMessages: 5
[2014.11.12-00.50.35:867][776]LogBlueprintUserMessages: 6
[2014.11.12-00.50.35:868][776]LogBlueprintUserMessages: 7
[2014.11.12-00.50.35:869][776]LogBlueprintUserMessages: 8
[2014.11.12-00.50.35:869][776]LogBlueprintUserMessages: 9
[2014.11.12-00.50.35:870][776]LogBlueprintUserMessages: 10
[2014.11.12-00.50.36:042][779]LogBlueprintUserMessages: 0
[2014.11.12-00.50.36:043][779]LogBlueprintUserMessages: 1
[2014.11.12-00.50.36:043][779]LogBlueprintUserMessages: 2
[2014.11.12-00.50.36:043][779]LogBlueprintUserMessages: 3
[2014.11.12-00.50.36:044][779]LogBlueprintUserMessages: 4
[2014.11.12-00.50.36:044][779]LogBlueprintUserMessages: 5
[2014.11.12-00.50.36:045][779]LogBlueprintUserMessages: 6
[2014.11.12-00.50.36:045][779]LogBlueprintUserMessages: 7
[2014.11.12-00.50.36:046][779]LogBlueprintUserMessages: 8
[2014.11.12-00.50.36:047][779]LogBlueprintUserMessages: 9
[2014.11.12-00.50.36:047][779]LogBlueprintUserMessages: 10
[2014.11.12-00.50.36:196][781]LogBlueprintUserMessages: 0
[2014.11.12-00.50.36:197][781]LogBlueprintUserMessages: 1
[2014.11.12-00.50.36:197][781]LogBlueprintUserMessages: 2
[2014.11.12-00.50.36:198][781]LogBlueprintUserMessages: 3
[2014.11.12-00.50.36:198][781]LogBlueprintUserMessages: 4
[2014.11.12-00.50.36:199][781]LogBlueprintUserMessages: 5
[2014.11.12-00.50.36:199][781]LogBlueprintUserMessages: 6
[2014.11.12-00.50.36:200][781]LogBlueprintUserMessages: 7
[2014.11.12-00.50.36:200][781]LogBlueprintUserMessages: 8
[2014.11.12-00.50.36:201][781]LogBlueprintUserMessages: 9
[2014.11.12-00.50.36:202][781]LogBlueprintUserMessages: 10
[2014.11.12-00.50.37:189][795]LogBlueprintUserMessages: 0
[2014.11.12-00.50.37:190][795]LogBlueprintUserMessages: 1
[2014.11.12-00.50.37:190][795]LogBlueprintUserMessages: 2
[2014.11.12-00.50.37:190][795]LogBlueprintUserMessages: 3
[2014.11.12-00.50.37:191][795]LogBlueprintUserMessages: 4
[2014.11.12-00.50.37:191][795]LogBlueprintUserMessages: 5
[2014.11.12-00.50.37:192][795]LogBlueprintUserMessages: 6
[2014.11.12-00.50.37:192][795]LogBlueprintUserMessages: 7
[2014.11.12-00.50.37:193][795]LogBlueprintUserMessages: 8
[2014.11.12-00.50.37:194][795]LogBlueprintUserMessages: 9
[2014.11.12-00.50.37:194][795]LogBlueprintUserMessages: 10
[2014.11.12-00.50.37:676][818]LogBlueprintUserMessages: 0
[2014.11.12-00.50.37:676][818]LogBlueprintUserMessages: 1
[2014.11.12-00.50.37:676][818]LogBlueprintUserMessages: 2
[2014.11.12-00.50.37:677][818]LogBlueprintUserMessages: 3
[2014.11.12-00.50.37:677][818]LogBlueprintUserMessages: 4
[2014.11.12-00.50.37:678][818]LogBlueprintUserMessages: 5
[2014.11.12-00.50.37:678][818]LogBlueprintUserMessages: 6
[2014.11.12-00.50.37:679][818]LogBlueprintUserMessages: 7
[2014.11.12-00.50.37:679][818]LogBlueprintUserMessages: 8
[2014.11.12-00.50.37:680][818]LogBlueprintUserMessages: 9
[2014.11.12-00.50.37:680][818]LogBlueprintUserMessages: 10
[2014.11.12-00.50.37:914][833]LogBlueprintUserMessages: 0
[2014.11.12-00.50.37:914][833]LogBlueprintUserMessages: 1
[2014.11.12-00.50.37:914][833]LogBlueprintUserMessages: 2
[2014.11.12-00.50.37:915][833]LogBlueprintUserMessages: 3
[2014.11.12-00.50.37:915][833]LogBlueprintUserMessages: 4
[2014.11.12-00.50.37:916][833]LogBlueprintUserMessages: 5
[2014.11.12-00.50.37:916][833]LogBlueprintUserMessages: 6
[2014.11.12-00.50.37:917][833]LogBlueprintUserMessages: 7
[2014.11.12-00.50.37:917][833]LogBlueprintUserMessages: 8
[2014.11.12-00.50.37:918][833]LogBlueprintUserMessages: 9
[2014.11.12-00.50.37:918][833]LogBlueprintUserMessages: 10
[2014.11.12-00.50.38:108][844]LogBlueprintUserMessages: 0
[2014.11.12-00.50.38:109][844]LogBlueprintUserMessages: 1
[2014.11.12-00.50.38:109][844]LogBlueprintUserMessages: 2
[2014.11.12-00.50.38:110][844]LogBlueprintUserMessages: 3
[2014.11.12-00.50.38:110][844]LogBlueprintUserMessages: 4
[2014.11.12-00.50.38:110][844]LogBlueprintUserMessages: 5
[2014.11.12-00.50.38:111][844]LogBlueprintUserMessages: 6
[2014.11.12-00.50.38:111][844]LogBlueprintUserMessages: 7
[2014.11.12-00.50.38:112][844]LogBlueprintUserMessages: 8
[2014.11.12-00.50.38:112][844]LogBlueprintUserMessages: 9
[2014.11.12-00.50.38:113][844]LogBlueprintUserMessages: 10
[2014.11.12-00.50.38:221][850]LogBlueprintUserMessages: 0
[2014.11.12-00.50.38:222][850]LogBlueprintUserMessages: 1
[2014.11.12-00.50.38:222][850]LogBlueprintUserMessages: 2
[2014.11.12-00.50.38:223][850]LogBlueprintUserMessages: 3
[2014.11.12-00.50.38:223][850]LogBlueprintUserMessages: 4
[2014.11.12-00.50.38:223][850]LogBlueprintUserMessages: 5
[2014.11.12-00.50.38:224][850]LogBlueprintUserMessages: 6
[2014.11.12-00.50.38:224][850]LogBlueprintUserMessages: 7
[2014.11.12-00.50.38:225][850]LogBlueprintUserMessages: 8
[2014.11.12-00.50.38:226][850]LogBlueprintUserMessages: 9
[2014.11.12-00.50.38:226][850]LogBlueprintUserMessages: 10
[2014.11.12-00.50.38:599][883]LogBlueprintUserMessages: 0
[2014.11.12-00.50.38:599][883]LogBlueprintUserMessages: 1
[2014.11.12-00.50.38:599][883]LogBlueprintUserMessages: 2
[2014.11.12-00.50.38:600][883]LogBlueprintUserMessages: 3
[2014.11.12-00.50.38:600][883]LogBlueprintUserMessages: 4
[2014.11.12-00.50.38:601][883]LogBlueprintUserMessages: 5
[2014.11.12-00.50.38:601][883]LogBlueprintUserMessages: 6
[2014.11.12-00.50.38:602][883]LogBlueprintUserMessages: 7
[2014.11.12-00.50.38:602][883]LogBlueprintUserMessages: 8
[2014.11.12-00.50.38:603][883]LogBlueprintUserMessages: 9
[2014.11.12-00.50.38:603][883]LogBlueprintUserMessages: 10
[2014.11.12-00.50.38:799][894]LogBlueprintUserMessages: 0
[2014.11.12-00.50.38:799][894]LogBlueprintUserMessages: 1
[2014.11.12-00.50.38:800][894]LogBlueprintUserMessages: 2
[2014.11.12-00.50.38:800][894]LogBlueprintUserMessages: 3
[2014.11.12-00.50.38:800][894]LogBlueprintUserMessages: 4
[2014.11.12-00.50.38:801][894]LogBlueprintUserMessages: 5
[2014.11.12-00.50.38:801][894]LogBlueprintUserMessages: 6
[2014.11.12-00.50.38:802][894]LogBlueprintUserMessages: 7
[2014.11.12-00.50.38:802][894]LogBlueprintUserMessages: 8
[2014.11.12-00.50.38:803][894]LogBlueprintUserMessages: 9
[2014.11.12-00.50.38:804][894]LogBlueprintUserMessages: 10
[2014.11.12-00.50.38:999][901]LogBlueprintUserMessages: 0
[2014.11.12-00.50.39:000][901]LogBlueprintUserMessages: 1
[2014.11.12-00.50.39:000][901]LogBlueprintUserMessages: 2
[2014.11.12-00.50.39:001][901]LogBlueprintUserMessages: 3
[2014.11.12-00.50.39:001][901]LogBlueprintUserMessages: 4
[2014.11.12-00.50.39:001][901]LogBlueprintUserMessages: 5
[2014.11.12-00.50.39:002][901]LogBlueprintUserMessages: 6
[2014.11.12-00.50.39:002][901]LogBlueprintUserMessages: 7
[2014.11.12-00.50.39:003][901]LogBlueprintUserMessages: 8
[2014.11.12-00.50.39:004][901]LogBlueprintUserMessages: 9
[2014.11.12-00.50.39:004][901]LogBlueprintUserMessages: 10
[2014.11.12-00.50.39:126][904]LogBlueprintUserMessages: 0
[2014.11.12-00.50.39:126][904]LogBlueprintUserMessages: 1
[2014.11.12-00.50.39:126][904]LogBlueprintUserMessages: 2
[2014.11.12-00.50.39:127][904]LogBlueprintUserMessages: 3
[2014.11.12-00.50.39:127][904]LogBlueprintUserMessages: 4
[2014.11.12-00.50.39:128][904]LogBlueprintUserMessages: 5
[2014.11.12-00.50.39:128][904]LogBlueprintUserMessages: 6
[2014.11.12-00.50.39:129][904]LogBlueprintUserMessages: 7
[2014.11.12-00.50.39:129][904]LogBlueprintUserMessages: 8
[2014.11.12-00.50.39:130][904]LogBlueprintUserMessages: 9
[2014.11.12-00.50.39:131][904]LogBlueprintUserMessages: 10
[2014.11.12-00.50.39:248][906]LogBlueprintUserMessages: 0
[2014.11.12-00.50.39:248][906]LogBlueprintUserMessages: 1
[2014.11.12-00.50.39:249][906]LogBlueprintUserMessages: 2
[2014.11.12-00.50.39:249][906]LogBlueprintUserMessages: 3
[2014.11.12-00.50.39:250][906]LogBlueprintUserMessages: 4
[2014.11.12-00.50.39:250][906]LogBlueprintUserMessages: 5
[2014.11.12-00.50.39:251][906]LogBlueprintUserMessages: 6
[2014.11.12-00.50.39:251][906]LogBlueprintUserMessages: 7
[2014.11.12-00.50.39:252][906]LogBlueprintUserMessages: 8
[2014.11.12-00.50.39:252][906]LogBlueprintUserMessages: 9
[2014.11.12-00.50.39:253][906]LogBlueprintUserMessages: 10
[2014.11.12-00.50.39:405][908]LogBlueprintUserMessages: 0
[2014.11.12-00.50.39:405][908]LogBlueprintUserMessages: 1
[2014.11.12-00.50.39:406][908]LogBlueprintUserMessages: 2
[2014.11.12-00.50.39:406][908]LogBlueprintUserMessages: 3
[2014.11.12-00.50.39:406][908]LogBlueprintUserMessages: 4
[2014.11.12-00.50.39:407][908]LogBlueprintUserMessages: 5
[2014.11.12-00.50.39:408][908]LogBlueprintUserMessages: 6
[2014.11.12-00.50.39:408][908]LogBlueprintUserMessages: 7
[2014.11.12-00.50.39:409][908]LogBlueprintUserMessages: 8
[2014.11.12-00.50.39:409][908]LogBlueprintUserMessages: 9
[2014.11.12-00.50.39:410][908]LogBlueprintUserMessages: 10
[2014.11.12-00.50.39:594][910]LogBlueprintUserMessages: 0
[2014.11.12-00.50.39:595][910]LogBlueprintUserMessages: 1
[2014.11.12-00.50.39:595][910]LogBlueprintUserMessages: 2
[2014.11.12-00.50.39:596][910]LogBlueprintUserMessages: 3
[2014.11.12-00.50.39:596][910]LogBlueprintUserMessages: 4
[2014.11.12-00.50.39:597][910]LogBlueprintUserMessages: 5
[2014.11.12-00.50.39:597][910]LogBlueprintUserMessages: 6
[2014.11.12-00.50.39:598][910]LogBlueprintUserMessages: 7
[2014.11.12-00.50.39:598][910]LogBlueprintUserMessages: 8
[2014.11.12-00.50.39:599][910]LogBlueprintUserMessages: 9
[2014.11.12-00.50.39:600][910]LogBlueprintUserMessages: 10
[2014.11.12-00.50.39:708][911]LogBlueprintUserMessages: 0
[2014.11.12-00.50.39:709][911]LogBlueprintUserMessages: 1
[2014.11.12-00.50.39:709][911]LogBlueprintUserMessages: 2
[2014.11.12-00.50.39:710][911]LogBlueprintUserMessages: 3
[2014.11.12-00.50.39:710][911]LogBlueprintUserMessages: 4
[2014.11.12-00.50.39:711][911]LogBlueprintUserMessages: 5
[2014.11.12-00.50.39:711][911]LogBlueprintUserMessages: 6
[2014.11.12-00.50.39:712][911]LogBlueprintUserMessages: 7
[2014.11.12-00.50.39:713][911]LogBlueprintUserMessages: 8
[2014.11.12-00.50.39:713][911]LogBlueprintUserMessages: 9
[2014.11.12-00.50.39:714][911]LogBlueprintUserMessages: 10
[2014.11.12-00.50.39:869][912]LogBlueprintUserMessages: 0
[2014.11.12-00.50.39:869][912]LogBlueprintUserMessages: 1
[2014.11.12-00.50.39:870][912]LogBlueprintUserMessages: 2
[2014.11.12-00.50.39:870][912]LogBlueprintUserMessages: 3
[2014.11.12-00.50.39:871][912]LogBlueprintUserMessages: 4
[2014.11.12-00.50.39:871][912]LogBlueprintUserMessages: 5
[2014.11.12-00.50.39:872][912]LogBlueprintUserMessages: 6
[2014.11.12-00.50.39:872][912]LogBlueprintUserMessages: 7
[2014.11.12-00.50.39:873][912]LogBlueprintUserMessages: 8
[2014.11.12-00.50.39:874][912]LogBlueprintUserMessages: 9
[2014.11.12-00.50.39:874][912]LogBlueprintUserMessages: 10
[2014.11.12-00.50.40:094][913]LogBlueprintUserMessages: 0
[2014.11.12-00.50.40:095][913]LogBlueprintUserMessages: 1
[2014.11.12-00.50.40:095][913]LogBlueprintUserMessages: 2
[2014.11.12-00.50.40:096][913]LogBlueprintUserMessages: 3
[2014.11.12-00.50.40:096][913]LogBlueprintUserMessages: 4
[2014.11.12-00.50.40:097][913]LogBlueprintUserMessages: 5
[2014.11.12-00.50.40:098][913]LogBlueprintUserMessages: 6
[2014.11.12-00.50.40:098][913]LogBlueprintUserMessages: 7
[2014.11.12-00.50.40:099][913]LogBlueprintUserMessages: 8
[2014.11.12-00.50.40:100][913]LogBlueprintUserMessages: 9
[2014.11.12-00.50.40:100][913]LogBlueprintUserMessages: 10
[2014.11.12-00.50.40:101][913]LogBlueprintUserMessages: 0
[2014.11.12-00.50.40:102][913]LogBlueprintUserMessages: 1
[2014.11.12-00.50.40:103][913]LogBlueprintUserMessages: 2
[2014.11.12-00.50.40:104][913]LogBlueprintUserMessages: 3
[2014.11.12-00.50.40:105][913]LogBlueprintUserMessages: 4
[2014.11.12-00.50.40:106][913]LogBlueprintUserMessages: 5
[2014.11.12-00.50.40:106][913]LogBlueprintUserMessages: 6
[2014.11.12-00.50.40:108][913]LogBlueprintUserMessages: 7
[2014.11.12-00.50.40:109][913]LogBlueprintUserMessages: 8
[2014.11.12-00.50.40:110][913]LogBlueprintUserMessages: 9
[2014.11.12-00.50.40:111][913]LogBlueprintUserMessages: 10
[2014.11.12-00.50.42:769][927]LogBlueprintUserMessages: 0
[2014.11.12-00.50.42:769][927]LogBlueprintUserMessages: 1
[2014.11.12-00.50.42:770][927]LogBlueprintUserMessages: 2
[2014.11.12-00.50.42:770][927]LogBlueprintUserMessages: 3
[2014.11.12-00.50.42:770][927]LogBlueprintUserMessages: 4
[2014.11.12-00.50.42:771][927]LogBlueprintUserMessages: 5
[2014.11.12-00.50.42:771][927]LogBlueprintUserMessages: 6
[2014.11.12-00.50.42:772][927]LogBlueprintUserMessages: 7
[2014.11.12-00.50.42:772][927]LogBlueprintUserMessages: 8
[2014.11.12-00.50.42:773][927]LogBlueprintUserMessages: 9
[2014.11.12-00.50.42:774][927]LogBlueprintUserMessages: 10
[2014.11.12-00.50.48:001][940]LogCharacterMovement:Warning: GetSimulationTimeStep() - Max iterations 8 hit while remaining time 0.070362 > MaxSimulationTimeStep (0.050) for 'MyCharacter_C_0'
[2014.11.12-00.50.55:198][138]LogBlueprintUserMessages: 0
[2014.11.12-00.50.55:199][138]LogBlueprintUserMessages: 1
[2014.11.12-00.50.55:199][138]LogBlueprintUserMessages: 2
[2014.11.12-00.50.55:200][138]LogBlueprintUserMessages: 3
[2014.11.12-00.50.55:200][138]LogBlueprintUserMessages: 4
[2014.11.12-00.50.55:200][138]LogBlueprintUserMessages: 5
[2014.11.12-00.50.55:201][138]LogBlueprintUserMessages: 6
[2014.11.12-00.50.55:201][138]LogBlueprintUserMessages: 7
[2014.11.12-00.50.55:202][138]LogBlueprintUserMessages: 8
[2014.11.12-00.50.55:202][138]LogBlueprintUserMessages: 9
[2014.11.12-00.50.55:203][138]LogBlueprintUserMessages: 10
[2014.11.12-00.50.55:697][139]LogParticles: Destroying 0 GPU particle simulations for FXSystem 0x000000001B0DE020
[2014.11.12-00.50.56:729][259]LogPlayLevel: PIE:  No blueprints needed recompiling
[2014.11.12-00.50.56:729][259]PIE: New page: PIE session: My2DMap (Nov 11, 2014, 2:50:56 PM)
[2014.11.12-00.50.56:730][259]LogPlayLevel: PIE: StaticDuplicateObject took: (0.000780s)
[2014.11.12-00.50.56:731][259]LogPlayLevel: PIE: World Init took: (0.000399s)
[2014.11.12-00.50.56:731][259]LogPlayLevel: PIE: Created PIE world by copying editor world from /Game/My2DMap.My2DMap to /Game/UEDPIE_0_My2DMap.My2DMap (0.001277s)
[2014.11.12-00.50.56:756][259]LogWorld: Game class is 'PaperGameMode_C'
[2014.11.12-00.50.56:757][259]LogAIModule: Creating AISystem for world My2DMap
[2014.11.12-00.50.56:758][259]LogWorld: Bringing World /Game/UEDPIE_0_My2DMap.My2DMap up for play (max tick rate 0) at 2014.11.11-19.50.56
[2014.11.12-00.50.56:758][259]LogWorld: Bringing up level for play took: 0.000774
[2014.11.12-00.50.56:759][259]PIE: Info Play in editor start time for /Game/UEDPIE_0_My2DMap 0.039
[2014.11.12-00.50.58:180][428]LogBlueprintUserMessages: 0
[2014.11.12-00.50.58:181][428]LogBlueprintUserMessages: 1
[2014.11.12-00.50.58:181][428]LogBlueprintUserMessages: 2
[2014.11.12-00.50.58:181][428]LogBlueprintUserMessages: 3
[2014.11.12-00.50.58:182][428]LogBlueprintUserMessages: 4
[2014.11.12-00.50.58:182][428]LogBlueprintUserMessages: 5
[2014.11.12-00.50.58:183][428]LogBlueprintUserMessages: 6
[2014.11.12-00.50.58:183][428]LogBlueprintUserMessages: 7
[2014.11.12-00.50.58:184][428]LogBlueprintUserMessages: 8
[2014.11.12-00.50.58:184][428]LogBlueprintUserMessages: 9
[2014.11.12-00.50.58:185][428]LogBlueprintUserMessages: 10
[2014.11.12-00.50.59:955][507]LogBlueprintUserMessages: 0
[2014.11.12-00.50.59:955][507]LogBlueprintUserMessages: 1
[2014.11.12-00.50.59:956][507]LogBlueprintUserMessages: 2
[2014.11.12-00.50.59:956][507]LogBlueprintUserMessages: 3
[2014.11.12-00.50.59:956][507]LogBlueprintUserMessages: 4
[2014.11.12-00.50.59:957][507]LogBlueprintUserMessages: 5
[2014.11.12-00.50.59:957][507]LogBlueprintUserMessages: 6
[2014.11.12-00.50.59:958][507]LogBlueprintUserMessages: 7
[2014.11.12-00.50.59:958][507]LogBlueprintUserMessages: 8
[2014.11.12-00.50.59:959][507]LogBlueprintUserMessages: 9
[2014.11.12-00.50.59:960][507]LogBlueprintUserMessages: 10
[2014.11.12-00.51.00:780][531]LogBlueprintUserMessages: 0
[2014.11.12-00.51.00:780][531]LogBlueprintUserMessages: 1
[2014.11.12-00.51.00:781][531]LogBlueprintUserMessages: 2
[2014.11.12-00.51.00:781][531]LogBlueprintUserMessages: 3
[2014.11.12-00.51.00:781][531]LogBlueprintUserMessages: 4
[2014.11.12-00.51.00:782][531]LogBlueprintUserMessages: 5
[2014.11.12-00.51.00:782][531]LogBlueprintUserMessages: 6
[2014.11.12-00.51.00:783][531]LogBlueprintUserMessages: 7
[2014.11.12-00.51.00:784][531]LogBlueprintUserMessages: 8
[2014.11.12-00.51.00:784][531]LogBlueprintUserMessages: 9
[2014.11.12-00.51.00:785][531]LogBlueprintUserMessages: 10
[2014.11.12-00.51.02:154][550]LogParticles: Destroying 0 GPU particle simulations for FXSystem 0x000000000CAFA200
[2014.11.12-00.51.03:863][754]LogEditorViewport: Clicking Background
[2014.11.12-00.51.24:214][ 72]BlueprintLog: New page: Compile MyCharacter
[2014.11.12-00.51.24:392][ 72]BlueprintEditorCompileResults: Info [0274.35] Compile of MyCharacter successful! [in 44 ms]
[2014.11.12-00.51.24:597][ 73]Cmd: OBJ SAVEPACKAGE PACKAGE="/Game/Blueprints/MyCharacter" FILE="../../../../../../Users/Matt/Projects/gaem/Content/Blueprints/MyCharacter.uasset" SILENT=true
[2014.11.12-00.51.24:923][ 73]LogSavePackage: Save=278.206268ms
[2014.11.12-00.51.24:923][ 73]LogSavePackage: Moving '../../../../../../Users/Matt/Projects/gaem/Saved/MyCharacter1E7DD41C4C9DA0D1F02C6A94100B539C.tmp' to '../../../../../../Users/Matt/Projects/gaem/Content/Blueprints/MyCharacter.uasset'
[2014.11.12-00.51.27:486][284]BlueprintLog: New page: Pre-PIE auto-recompile
[2014.11.12-00.51.27:486][284]LogPlayLevel: [PIE] Compiling LiftBlueprint before PIE...
[2014.11.12-00.51.27:541][284]LogActorComponent: UnregisterComponent: (/Engine/Transient.CharacterMovementComponent_4) Not registered. Aborting.
[2014.11.12-00.51.27:565][284]LogPlayLevel: PIE:  Blueprint regeneration took 79 ms (1 blueprints)
[2014.11.12-00.51.27:565][284]PIE: New page: PIE session: My2DMap (Nov 11, 2014, 2:51:27 PM)
[2014.11.12-00.51.27:566][284]LogPlayLevel: PIE: StaticDuplicateObject took: (0.000968s)
[2014.11.12-00.51.27:567][284]LogPlayLevel: PIE: World Init took: (0.000352s)
[2014.11.12-00.51.27:567][284]LogPlayLevel: PIE: Created PIE world by copying editor world from /Game/My2DMap.My2DMap to /Game/UEDPIE_0_My2DMap.My2DMap (0.001421s)
[2014.11.12-00.51.27:597][284]LogWorld: Game class is 'PaperGameMode_C'
[2014.11.12-00.51.27:598][284]LogAIModule: Creating AISystem for world My2DMap
[2014.11.12-00.51.27:599][284]LogWorld: Bringing World /Game/UEDPIE_0_My2DMap.My2DMap up for play (max tick rate 0) at 2014.11.11-19.51.27
[2014.11.12-00.51.27:599][284]LogWorld: Bringing up level for play took: 0.000729
[2014.11.12-00.51.27:600][284]PIE: Info Play in editor start time for /Game/UEDPIE_0_My2DMap 0.879
[2014.11.12-00.51.28:161][347]LogBlueprintUserMessages: 0
[2014.11.12-00.51.28:161][347]LogBlueprintUserMessages: 1
[2014.11.12-00.51.28:161][347]LogBlueprintUserMessages: 2
[2014.11.12-00.51.28:161][347]LogBlueprintUserMessages: 3
[2014.11.12-00.51.28:161][347]LogBlueprintUserMessages: 4
[2014.11.12-00.51.28:161][347]LogBlueprintUserMessages: 5
[2014.11.12-00.51.28:161][347]LogBlueprintUserMessages: 6
[2014.11.12-00.51.28:161][347]LogBlueprintUserMessages: 7
[2014.11.12-00.51.28:161][347]LogBlueprintUserMessages: 8
[2014.11.12-00.51.28:161][347]LogBlueprintUserMessages: 9
[2014.11.12-00.51.28:161][347]LogBlueprintUserMessages: 10
[2014.11.12-00.51.30:258][598]LogBlueprintUserMessages: 0
[2014.11.12-00.51.30:258][598]LogBlueprintUserMessages: 1
[2014.11.12-00.51.30:258][598]LogBlueprintUserMessages: 2
[2014.11.12-00.51.30:258][598]LogBlueprintUserMessages: 3
[2014.11.12-00.51.30:258][598]LogBlueprintUserMessages: 4
[2014.11.12-00.51.30:258][598]LogBlueprintUserMessages: 5
[2014.11.12-00.51.30:258][598]LogBlueprintUserMessages: 6
[2014.11.12-00.51.30:258][598]LogBlueprintUserMessages: 7
[2014.11.12-00.51.30:258][598]LogBlueprintUserMessages: 8
[2014.11.12-00.51.30:258][598]LogBlueprintUserMessages: 9
[2014.11.12-00.51.30:258][598]LogBlueprintUserMessages: 10
[2014.11.12-00.51.31:017][689]LogBlueprintUserMessages: 0
[2014.11.12-00.51.31:017][689]LogBlueprintUserMessages: 1
[2014.11.12-00.51.31:017][689]LogBlueprintUserMessages: 2
[2014.11.12-00.51.31:017][689]LogBlueprintUserMessages: 3
[2014.11.12-00.51.31:017][689]LogBlueprintUserMessages: 4
[2014.11.12-00.51.31:017][689]LogBlueprintUserMessages: 5
[2014.11.12-00.51.31:017][689]LogBlueprintUserMessages: 6
[2014.11.12-00.51.31:017][689]LogBlueprintUserMessages: 7
[2014.11.12-00.51.31:017][689]LogBlueprintUserMessages: 8
[2014.11.12-00.51.31:017][689]LogBlueprintUserMessages: 9
[2014.11.12-00.51.31:017][689]LogBlueprintUserMessages: 10
[2014.11.12-00.51.32:684][889]LogBlueprintUserMessages: 0
[2014.11.12-00.51.32:684][889]LogBlueprintUserMessages: 1
[2014.11.12-00.51.32:684][889]LogBlueprintUserMessages: 2
[2014.11.12-00.51.32:684][889]LogBlueprintUserMessages: 3
[2014.11.12-00.51.32:684][889]LogBlueprintUserMessages: 4
[2014.11.12-00.51.32:684][889]LogBlueprintUserMessages: 5
[2014.11.12-00.51.32:684][889]LogBlueprintUserMessages: 6
[2014.11.12-00.51.32:684][889]LogBlueprintUserMessages: 7
[2014.11.12-00.51.32:684][889]LogBlueprintUserMessages: 8
[2014.11.12-00.51.32:684][889]LogBlueprintUserMessages: 9
[2014.11.12-00.51.32:684][889]LogBlueprintUserMessages: 10
[2014.11.12-00.51.32:886][913]LogBlueprintUserMessages: 0
[2014.11.12-00.51.32:886][913]LogBlueprintUserMessages: 1
[2014.11.12-00.51.32:886][913]LogBlueprintUserMessages: 2
[2014.11.12-00.51.32:886][913]LogBlueprintUserMessages: 3
[2014.11.12-00.51.32:886][913]LogBlueprintUserMessages: 4
[2014.11.12-00.51.32:886][913]LogBlueprintUserMessages: 5
[2014.11.12-00.51.32:886][913]LogBlueprintUserMessages: 6
[2014.11.12-00.51.32:886][913]LogBlueprintUserMessages: 7
[2014.11.12-00.51.32:886][913]LogBlueprintUserMessages: 8
[2014.11.12-00.51.32:886][913]LogBlueprintUserMessages: 9
[2014.11.12-00.51.32:886][913]LogBlueprintUserMessages: 10
[2014.11.12-00.51.32:994][926]LogBlueprintUserMessages: 0
[2014.11.12-00.51.32:994][926]LogBlueprintUserMessages: 1
[2014.11.12-00.51.32:994][926]LogBlueprintUserMessages: 2
[2014.11.12-00.51.32:994][926]LogBlueprintUserMessages: 3
[2014.11.12-00.51.32:995][926]LogBlueprintUserMessages: 4
[2014.11.12-00.51.32:995][926]LogBlueprintUserMessages: 5
[2014.11.12-00.51.32:995][926]LogBlueprintUserMessages: 6
[2014.11.12-00.51.32:995][926]LogBlueprintUserMessages: 7
[2014.11.12-00.51.32:995][926]LogBlueprintUserMessages: 8
[2014.11.12-00.51.32:995][926]LogBlueprintUserMessages: 9
[2014.11.12-00.51.32:995][926]LogBlueprintUserMessages: 10
[2014.11.12-00.51.33:128][942]LogBlueprintUserMessages: 0
[2014.11.12-00.51.33:128][942]LogBlueprintUserMessages: 1
[2014.11.12-00.51.33:128][942]LogBlueprintUserMessages: 2
[2014.11.12-00.51.33:128][942]LogBlueprintUserMessages: 3
[2014.11.12-00.51.33:128][942]LogBlueprintUserMessages: 4
[2014.11.12-00.51.33:128][942]LogBlueprintUserMessages: 5
[2014.11.12-00.51.33:128][942]LogBlueprintUserMessages: 6
[2014.11.12-00.51.33:128][942]LogBlueprintUserMessages: 7
[2014.11.12-00.51.33:128][942]LogBlueprintUserMessages: 8
[2014.11.12-00.51.33:128][942]LogBlueprintUserMessages: 9
[2014.11.12-00.51.33:128][942]LogBlueprintUserMessages: 10
[2014.11.12-00.51.33:237][955]LogBlueprintUserMessages: 0
[2014.11.12-00.51.33:237][955]LogBlueprintUserMessages: 1
[2014.11.12-00.51.33:237][955]LogBlueprintUserMessages: 2
[2014.11.12-00.51.33:237][955]LogBlueprintUserMessages: 3
[2014.11.12-00.51.33:237][955]LogBlueprintUserMessages: 4
[2014.11.12-00.51.33:237][955]LogBlueprintUserMessages: 5
[2014.11.12-00.51.33:237][955]LogBlueprintUserMessages: 6
[2014.11.12-00.51.33:237][955]LogBlueprintUserMessages: 7
[2014.11.12-00.51.33:237][955]LogBlueprintUserMessages: 8
[2014.11.12-00.51.33:237][955]LogBlueprintUserMessages: 9
[2014.11.12-00.51.33:237][955]LogBlueprintUserMessages: 10
[2014.11.12-00.51.33:329][966]LogBlueprintUserMessages: 0
[2014.11.12-00.51.33:329][966]LogBlueprintUserMessages: 1
[2014.11.12-00.51.33:329][966]LogBlueprintUserMessages: 2
[2014.11.12-00.51.33:329][966]LogBlueprintUserMessages: 3
[2014.11.12-00.51.33:329][966]LogBlueprintUserMessages: 4
[2014.11.12-00.51.33:329][966]LogBlueprintUserMessages: 5
[2014.11.12-00.51.33:329][966]LogBlueprintUserMessages: 6
[2014.11.12-00.51.33:329][966]LogBlueprintUserMessages: 7
[2014.11.12-00.51.33:329][966]LogBlueprintUserMessages: 8
[2014.11.12-00.51.33:329][966]LogBlueprintUserMessages: 9
[2014.11.12-00.51.33:329][966]LogBlueprintUserMessages: 10
[2014.11.12-00.51.33:496][986]LogBlueprintUserMessages: 0
[2014.11.12-00.51.33:496][986]LogBlueprintUserMessages: 1
[2014.11.12-00.51.33:496][986]LogBlueprintUserMessages: 2
[2014.11.12-00.51.33:496][986]LogBlueprintUserMessages: 3
[2014.11.12-00.51.33:496][986]LogBlueprintUserMessages: 4
[2014.11.12-00.51.33:496][986]LogBlueprintUserMessages: 5
[2014.11.12-00.51.33:496][986]LogBlueprintUserMessages: 6
[2014.11.12-00.51.33:496][986]LogBlueprintUserMessages: 7
[2014.11.12-00.51.33:496][986]LogBlueprintUserMessages: 8
[2014.11.12-00.51.33:496][986]LogBlueprintUserMessages: 9
[2014.11.12-00.51.33:496][986]LogBlueprintUserMessages: 10
[2014.11.12-00.51.33:655][  5]LogBlueprintUserMessages: 0
[2014.11.12-00.51.33:655][  5]LogBlueprintUserMessages: 1
[2014.11.12-00.51.33:655][  5]LogBlueprintUserMessages: 2
[2014.11.12-00.51.33:655][  5]LogBlueprintUserMessages: 3
[2014.11.12-00.51.33:655][  5]LogBlueprintUserMessages: 4
[2014.11.12-00.51.33:655][  5]LogBlueprintUserMessages: 5
[2014.11.12-00.51.33:655][  5]LogBlueprintUserMessages: 6
[2014.11.12-00.51.33:655][  5]LogBlueprintUserMessages: 7
[2014.11.12-00.51.33:655][  5]LogBlueprintUserMessages: 8
[2014.11.12-00.51.33:655][  5]LogBlueprintUserMessages: 9
[2014.11.12-00.51.33:655][  5]LogBlueprintUserMessages: 10
[2014.11.12-00.51.34:933][156]LogBlueprintUserMessages: 0
[2014.11.12-00.51.34:933][156]LogBlueprintUserMessages: 1
[2014.11.12-00.51.34:933][156]LogBlueprintUserMessages: 2
[2014.11.12-00.51.34:933][156]LogBlueprintUserMessages: 3
[2014.11.12-00.51.34:933][156]LogBlueprintUserMessages: 4
[2014.11.12-00.51.34:933][156]LogBlueprintUserMessages: 5
[2014.11.12-00.51.34:933][156]LogBlueprintUserMessages: 6
[2014.11.12-00.51.34:933][156]LogBlueprintUserMessages: 7
[2014.11.12-00.51.34:933][156]LogBlueprintUserMessages: 8
[2014.11.12-00.51.34:933][156]LogBlueprintUserMessages: 9
[2014.11.12-00.51.34:933][156]LogBlueprintUserMessages: 10
[2014.11.12-00.51.37:254][434]LogBlueprintUserMessages: 0
[2014.11.12-00.51.37:254][434]LogBlueprintUserMessages: 1
[2014.11.12-00.51.37:254][434]LogBlueprintUserMessages: 2
[2014.11.12-00.51.37:254][434]LogBlueprintUserMessages: 3
[2014.11.12-00.51.37:254][434]LogBlueprintUserMessages: 4
[2014.11.12-00.51.37:254][434]LogBlueprintUserMessages: 5
[2014.11.12-00.51.37:254][434]LogBlueprintUserMessages: 6
[2014.11.12-00.51.37:254][434]LogBlueprintUserMessages: 7
[2014.11.12-00.51.37:254][434]LogBlueprintUserMessages: 8
[2014.11.12-00.51.37:254][434]LogBlueprintUserMessages: 9
[2014.11.12-00.51.37:254][434]LogBlueprintUserMessages: 10
[2014.11.12-00.51.37:429][455]LogBlueprintUserMessages: 0
[2014.11.12-00.51.37:429][455]LogBlueprintUserMessages: 1
[2014.11.12-00.51.37:429][455]LogBlueprintUserMessages: 2
[2014.11.12-00.51.37:429][455]LogBlueprintUserMessages: 3
[2014.11.12-00.51.37:429][455]LogBlueprintUserMessages: 4
[2014.11.12-00.51.37:429][455]LogBlueprintUserMessages: 5
[2014.11.12-00.51.37:429][455]LogBlueprintUserMessages: 6
[2014.11.12-00.51.37:429][455]LogBlueprintUserMessages: 7
[2014.11.12-00.51.37:429][455]LogBlueprintUserMessages: 8
[2014.11.12-00.51.37:429][455]LogBlueprintUserMessages: 9
[2014.11.12-00.51.37:429][455]LogBlueprintUserMessages: 10
[2014.11.12-00.51.37:687][480]LogParticles: Destroying 0 GPU particle simulations for FXSystem 0x000000001FC92AC0
[2014.11.12-00.59.51:487][601]Cmd: OBJ SAVEPACKAGE PACKAGE="/Game/My2DMap" FILE="../../../../../../Users/Matt/Projects/gaem/Saved/Autosaves/Game/My2DMap_Auto1.umap" SILENT=true AUTOSAVING=true KEEPDIRTY=false
[2014.11.12-00.59.51:573][601]LogSavePackage: Save=14.426991ms
[2014.11.12-00.59.51:573][601]LogSavePackage: Moving '../../../../../../Users/Matt/Projects/gaem/Saved/My2DMap_Auto156FA82544EF0708C18157BB59BA69017.tmp' to '../../../../../../Users/Matt/Projects/gaem/Saved/Autosaves/Game/My2DMap_Auto1.umap'
[2014.11.12-00.59.51:580][601]LogFileHelpers: Editor autosave (incl. sublevels) for '/Game/My2DMap' took 0.129
[2014.11.12-00.59.51:580][601]LogFileHelpers: Editor autosave (incl. sublevels) for all levels took 0.129
[2014.11.12-00.59.51:588][601]OBJ SavePackage: Generating thumbnails for [0] asset(s) in package [/Engine/EditorBlueprintResources/StandardMacros] ([1] browsable assets)...
[2014.11.12-00.59.51:598][601]OBJ SavePackage: Finished generating thumbnails for package [/Engine/EditorBlueprintResources/StandardMacros]
[2014.11.12-00.59.51:706][601]LogSavePackage: Save=51.964794ms
[2014.11.12-00.59.51:706][601]LogSavePackage: Moving '../../../../../../Users/Matt/Projects/gaem/Saved/StandardMacros_Auto12ED58438491693835D4118A870E8043B.tmp' to '../../../../../../Users/Matt/Projects/gaem/Saved/Autosaves/Engine/EditorBlueprintResources/StandardMacros_Auto1.uasset'
[2014.11.12-00.59.51:710][601]LogFileHelpers: Auto-saving content packages took 0.130
[2014.11.12-00.59.59:268][317]LogUObjectGlobals:Warning: Failed to find object 'Object None.'
[2014.11.12-00.59.59:268][317]LogUObjectGlobals:Warning: Failed to find object 'Object None.'
[2014.11.12-00.59.59:268][317]LogUObjectHash:Warning: Ambiguous search, could be K2Node_IfThenElse /Engine/EditorBlueprintResources/StandardMacros.StandardMacros:WhileLoopWithDelay.K2Node_IfThenElse_12 or K2Node_IfThenElse /Engine/EditorBlueprintResources/StandardMacros.StandardMacros:WhileLoop.K2Node_IfThenElse_12
[2014.11.12-00.59.59:268][317]LogUObjectHash:Warning: Ambiguous search, could be K2Node_IfThenElse /Engine/EditorBlueprintResources/StandardMacros.StandardMacros:WhileLoopWithDelay.K2Node_IfThenElse_12 or K2Node_IfThenElse /Engine/EditorBlueprintResources/StandardMacros.StandardMacros:WhileLoop.K2Node_IfThenElse_12
[2014.11.12-01.00.11:336][538]LogSlate:Warning: GetFontFace failed to load or process 'Roboto-Regular'
[2014.11.12-01.00.21:965][580]LogEditorTransaction: Undo Create Pin Link
[2014.11.12-01.00.22:537][604]LogEditorTransaction: Undo Create Pin Link
[2014.11.12-01.01.21:166][249]LogWindowsTextInputMethodSystem:Error: Deactivating a context failed while setting focus to the disabled TSF document manager.
[2014.11.12-01.01.46:802][982]Cmd: OBJ SAVEPACKAGE PACKAGE="/Game/My2DMap" FILE="../../../../../../Users/Matt/Projects/gaem/Content/My2DMap.umap" SILENT=true AUTOSAVING=false KEEPDIRTY=false
[2014.11.12-01.01.46:898][982]LogSavePackage: Save=13.727063ms
[2014.11.12-01.01.46:898][982]LogSavePackage: Moving '../../../../../../Users/Matt/Projects/gaem/Saved/My2DMap9BDB6D074A6B4566DA7833BF13A811B1.tmp' to '../../../../../../Users/Matt/Projects/gaem/Content/My2DMap.umap'
[2014.11.12-01.01.46:945][982]LogFileHelpers: Saving map 'My2DMap' took 0.275
[2014.11.12-01.01.46:960][982]Cmd: OBJ SAVEPACKAGE PACKAGE="/Game/Blueprints/MyCharacter" FILE="../../../../../../Users/Matt/Projects/gaem/Content/Blueprints/MyCharacter.uasset" SILENT=true
[2014.11.12-01.01.47:303][982]LogSavePackage: Save=296.598389ms
[2014.11.12-01.01.47:303][982]LogSavePackage: Moving '../../../../../../Users/Matt/Projects/gaem/Saved/MyCharacter46FB781E48E4B69B8D4DD7874160F35F.tmp' to '../../../../../../Users/Matt/Projects/gaem/Content/Blueprints/MyCharacter.uasset'
[2014.11.12-01.01.47:312][982]Cmd: OBJ SAVEPACKAGE PACKAGE="/Engine/EditorBlueprintResources/StandardMacros" FILE="../../../Engine/Content/EditorBlueprintResources/StandardMacros.uasset" SILENT=true
[2014.11.12-01.01.47:406][982]LogSavePackage: Save=52.064182ms
[2014.11.12-01.01.47:406][982]LogSavePackage: Moving '../../../../../../Users/Matt/Projects/gaem/Saved/StandardMacros339DABB44DFD104027116194F0014267.tmp' to '../../../Engine/Content/EditorBlueprintResources/StandardMacros.uasset'
[2014.11.12-01.01.47:424][982]Cmd: OBJ SAVEPACKAGE PACKAGE="/Game/Blueprints/Bullet" FILE="../../../../../../Users/Matt/Projects/gaem/Content/Blueprints/Bullet.uasset" SILENT=true
[2014.11.12-01.01.47:663][982]LogSavePackage: Save=192.402374ms
[2014.11.12-01.01.47:663][982]LogSavePackage: Moving '../../../../../../Users/Matt/Projects/gaem/Saved/Bullet75EC2660424F5B98B19DA78F147F6641.tmp' to '../../../../../../Users/Matt/Projects/gaem/Content/Blueprints/Bullet.uasset'
[2014.11.12-01.03.00:120][848]LogActorComponent: UnregisterComponent: (/Engine/Transient.CharacterMovementComponent_5) Not registered. Aborting.
[2014.11.12-01.03.00:120][848]LogActorComponent: UnregisterComponent: (/Engine/Transient.ProjectileMovementComponent_0) Not registered. Aborting.
[2014.11.12-01.03.00:161][848]Cmd: OBJ SAVEPACKAGE PACKAGE="/Engine/EditorBlueprintResources/StandardMacros" FILE="../../../Engine/Content/EditorBlueprintResources/StandardMacros.uasset" SILENT=true
[2014.11.12-01.03.00:272][848]LogSavePackage: Save=53.442703ms
[2014.11.12-01.03.00:272][848]LogSavePackage: Moving '../../../../../../Users/Matt/Projects/gaem/Saved/StandardMacrosDCC66E684F3DD4B01EC2C5B0EFA801F3.tmp' to '../../../Engine/Content/EditorBlueprintResources/StandardMacros.uasset'
[2014.11.12-01.03.34:948][352]Cmd: OBJ SAVEPACKAGE PACKAGE="/Game/Blueprints/MyCharacter" FILE="../../../../../../Users/Matt/Projects/gaem/Content/Blueprints/MyCharacter.uasset" SILENT=true
[2014.11.12-01.03.35:288][352]LogSavePackage: Save=292.634949ms
[2014.11.12-01.03.35:288][352]LogSavePackage: Moving '../../../../../../Users/Matt/Projects/gaem/Saved/MyCharacterA45313EB41DE69C35A0786B45CC5A25F.tmp' to '../../../../../../Users/Matt/Projects/gaem/Content/Blueprints/MyCharacter.uasset'
[2014.11.12-01.03.43:376][174]LogActorComponent: UnregisterComponent: (/Engine/Transient.CharacterMovementComponent_6) Not registered. Aborting.
[2014.11.12-01.03.44:622][272]LogWindows:Error: Windows GetLastError: The operation completed successfully. (0)
[2014.11.12-01.03.44:625][272]LogCrashTracker: 


[2014.11.12-01.03.45:265][272]LogCrashTracker: 


[2014.11.12-01.03.45:265][272]LogWindows: === Critical error: ===
Assertion failed: IsValid() [File:D:\BuildFarm\buildmachine_++depot+UE4-Releases+4.5\Engine\Source\Runtime\Core\Public\Templates\SharedPointer.h] [Line: 658] 



KERNELBASE.dll!UnknownFunction (0x000007fefd45940d) + 0 bytes [UnknownFile:0]
UE4Editor-Core.dll!UnknownFunction (0x000007fee86171c4) + 0 bytes [UnknownFile:0]
UE4Editor-Core.dll!UnknownFunction (0x000007fee84a98c8) + 0 bytes [UnknownFile:0]
UE4Editor-Core.dll!UnknownFunction (0x000007fee848e892) + 0 bytes [UnknownFile:0]
UE4Editor-Kismet.dll!UnknownFunction (0x000007fee130cf9b) + 0 bytes [UnknownFile:0]
UE4Editor-Kismet.dll!UnknownFunction (0x000007fee12c6fa3) + 0 bytes [UnknownFile:0]
UE4Editor-Kismet.dll!UnknownFunction (0x000007fee12c9da8) + 0 bytes [UnknownFile:0]
UE4Editor-Slate.dll!UnknownFunction (0x000007fee526a6f7) + 0 bytes [UnknownFile:0]
UE4Editor-Slate.dll!UnknownFunction (0x000007fee511defb) + 0 bytes [UnknownFile:0]
UE4Editor-Slate.dll!UnknownFunction (0x000007fee510870c) + 0 bytes [UnknownFile:0]
UE4Editor-Slate.dll!UnknownFunction (0x000007fee50f862b) + 0 bytes [UnknownFile:0]
UE4Editor-Core.dll!UnknownFunction (0x000007fee8573ce2) + 0 bytes [UnknownFile:0]
UE4Editor-Core.dll!UnknownFunction (0x000007fee85662ab) + 0 bytes [UnknownFile:0]
UE4Editor-Core.dll!UnknownFunction (0x000007fee8575019) + 0 bytes [UnknownFile:0]
UE4Editor-Core.dll!UnknownFunction (0x000007fee8563542) + 0 bytes [UnknownFile:0]
USER32.dll!UnknownFunction (0x0000000077589bd1) + 0 bytes [UnknownFile:0]
USER32.dll!UnknownFunction (0x00000000775898da) + 0 bytes [UnknownFile:0]
UE4Editor-Core.dll!UnknownFunction (0x000007fee8612ed6) + 0 bytes [UnknownFile:0]
UE4Editor.exe!FEngineLoop::Tick() (0x000000013fcca752) + 8 bytes [d:\buildfarm\buildmachine_++depot+ue4-releases+4.5\engine\source\runtime\launch\private\launchengineloop.cpp:2111]
UE4Editor.exe!GuardedMain() (0x000000013fcbf9df) + 0 bytes [d:\buildfarm\buildmachine_++depot+ue4-releases+4.5\engine\source\runtime\launch\private\launch.cpp:133]
UE4Editor.exe!GuardedMainWrapper() (0x000000013fcbfa4a) + 5 bytes [d:\buildfarm\buildmachine_++depot+ue4-releases+4.5\engine\source\runtime\launch\private\windows\launchwindows.cpp:125]
UE4Editor.exe!WinMain() (0x000000013fccbf19) + 17 bytes [d:\buildfarm\buildmachine_++depot+ue4-releases+4.5\engine\source\runtime\launch\private\windows\launchwindows.cpp:201]
UE4Editor.exe!__tmainCRTStartup() (0x000000013fcccdc9) + 21 bytes [f:\dd\vctools\crt\crtw32\dllstuff\crtexe.c:618]
kernel32.dll!UnknownFunction (0x00000000774659ed) + 0 bytes [UnknownFile:0]
ntdll.dll!UnknownFunction (0x000000007769c541) + 0 bytes [UnknownFile:0]
ntdll.dll!UnknownFunction (0x000000007769c541) + 0 bytes [UnknownFile:0]


[2014.11.12-01.03.45:377][272]LogExit: Executing StaticShutdownAfterError
[2014.11.12-01.03.45:384][272]LogWindows: FPlatformMisc::RequestExit(1)
[2014.11.12-01.03.45:384][272]Log file closed, 11/11/14 20:03:45
