Log file open, 10/28/14 18:15:12
LogInit:Display: Running engine for game: gaem
LogInit: Version: 4.5.1-2336687+++depot+UE4-Releases+4.5
LogInit: API Version: 2326478
LogInit: Compiled (64-bit): Oct 21 2014 22:32:40
LogInit: Compiled with Visual C++: 18.00.21005.01
LogInit: Build Configuration: Development
LogInit: Branch Name: ++depot+UE4-Releases+4.5
LogInit: Command line: 
LogInit: Base directory: C:/Program Files/Unreal Engine/4.5/Engine/Binaries/Win64/
LogInit: Rocket: 1
[2014.10.28-22.15.12:046][  0]LogTaskGraph: Started task graph with 3 named threads and 4 total threads.
[2014.10.28-22.15.12:077][  0]LogOnline:Warning: No default platform service specified for OnlineSubsystem
[2014.10.28-22.15.12:123][  0]LogInit: Presizing for 0 objects not considered by GC, pre-allocating 0 bytes.
[2014.10.28-22.15.12:130][  0]LogInit: Object subsystem initialized
[2014.10.28-22.15.12:132][  0]LogConsoleResponse:Warning: Skipping Unknown console variable: 'UIScaleRule = ShortestSide'
[2014.10.28-22.15.12:132][  0]LogConsoleResponse:Warning:   Found in ini file 'C:/Users/Matt/Projects/gaem/Saved/Config/Windows/Engine.ini', in section '[/Script/Engine.RendererSettings]'
[2014.10.28-22.15.12:132][  0]LogConsoleResponse:Warning: Skipping Unknown console variable: 'UIScaleCurve = (EditorCurveData=(Keys=((Time=480,Value=0.444),(Time=720,Value=0.666),(Time=1080,Value=1.0),(Time=8640,Value=8.0))),ExternalCurve=None)'
[2014.10.28-22.15.12:132][  0]LogConsoleResponse:Warning:   Found in ini file 'C:/Users/Matt/Projects/gaem/Saved/Config/Windows/Engine.ini', in section '[/Script/Engine.RendererSettings]'
[2014.10.28-22.15.12:133][  0]LogInit: Selected Device Profile: [Windows]
[2014.10.28-22.15.12:133][  0]LogInit: Applying CVar settings loaded from the selected device profile: [Windows]
[2014.10.28-22.15.12:138][  0]LogInit: Computer: BIGRED
[2014.10.28-22.15.12:138][  0]LogInit: User: Matt
[2014.10.28-22.15.12:138][  0]LogInit: CPU Page size=4096, Cores=4
[2014.10.28-22.15.12:138][  0]LogInit: High frequency timer resolution =3.561806 MHz
[2014.10.28-22.15.12:138][  0]LogMemory: Memory total: Physical=15.7GB (16GB approx) Virtual=8192.0GB
[2014.10.28-22.15.12:139][  0]LogMemory: Platform Memory Stats for Windows
[2014.10.28-22.15.12:139][  0]LogMemory: Process Physical Memory: 63.56 MB used, 63.56 MB peak
[2014.10.28-22.15.12:139][  0]LogMemory: Process Virtual Memory: 38.77 MB used, 38.77 MB peak
[2014.10.28-22.15.12:139][  0]LogMemory: Physical Memory: 5888.82 MB used, 16066.05 MB total
[2014.10.28-22.15.12:139][  0]LogMemory: Virtual Memory: 272.19 MB used, 8388608.00 MB total
[2014.10.28-22.15.12:225][  0]LogD3D11RHI: Found D3D11 adapter 0: NVIDIA GeForce GTX 770 (Feature Level 11_0)
[2014.10.28-22.15.12:225][  0]LogD3D11RHI: Adapter has 1990MB of dedicated video memory, 0MB of dedicated system memory, and 2048MB of shared system memory, 1 output[s]
[2014.10.28-22.15.12:225][  0]LogD3D11RHI: Chosen D3D11 Adapter Id = 0
[2014.10.28-22.15.12:230][  0]LogRHI: Texture pool is 1361 MB (70% of 1945 MB)
[2014.10.28-22.15.12:237][  0]LogD3D11RHI: Async texture creation enabled
[2014.10.28-22.15.12:640][  0]LogTextLocalizationManager: The requested culture ('en_US') has no localization data; parent culture's ('en') localization data will be used.
[2014.10.28-22.15.12:751][  0]LogContentStreaming: Texture pool size is 0.000000MB
[2014.10.28-22.15.16:807][  0]LogTargetPlatformManager:Display: Building Assets For Windows
[2014.10.28-22.15.17:331][  0]LogTargetPlatformManager:Display: Building Assets For Windows
[2014.10.28-22.15.17:402][  0]LogDerivedDataCache:Display: Max Cache Size: 512 MB
[2014.10.28-22.15.17:431][  0]LogDerivedDataCache: Loaded boot cache 0.03s 39MB C:/Users/Matt/AppData/Local/UnrealEngine/4.5/DerivedDataCache/Boot.ddc.
[2014.10.28-22.15.17:431][  0]LogDerivedDataCache:Display: Loaded Boot cache: C:/Users/Matt/AppData/Local/UnrealEngine/4.5/DerivedDataCache/Boot.ddc
[2014.10.28-22.15.17:431][  0]LogDerivedDataCache: FDerivedDataBackendGraph:  Pak pak cache file ../../../../../../Users/Matt/Projects/gaem/DerivedDataCache/DDC.ddp not found, will not use a pak cache.
[2014.10.28-22.15.17:431][  0]LogDerivedDataCache: Unable to find inner node Pak for hierarchical cache Hierarchy.
[2014.10.28-22.15.17:485][  0]LogDerivedDataCache:Display: Pak cache opened for reading ../../../Engine/DerivedDataCache/DDC.ddp.
[2014.10.28-22.15.17:496][  0]LogDerivedDataCache: Using Local data cache path C:/Users/Matt/AppData/Local/UnrealEngine/Common/DerivedDataCache: Writable
[2014.10.28-22.15.17:671][  0]LogMeshUtilities: No automatic mesh reduction module available
[2014.10.28-22.15.17:672][  0]LogMeshUtilities: No automatic mesh merging module available
[2014.10.28-22.15.17:865][  0]LogLinker:Warning: Asset '../../../Engine/Content/Functions/Engine_MaterialFunctions02/Texturing/FlipBook.uasset' has been saved with empty engine version. The asset will be loaded but may be incompatible.
[2014.10.28-22.15.17:868][  0]LogLinker:Warning: Asset '../../../Engine/Content/Functions/Engine_MaterialFunctions02/ExampleContent/Textures/flipbook.uasset' has been saved with empty engine version. The asset will be loaded but may be incompatible.
[2014.10.28-22.15.18:056][  0]LogInit: WinSock: version 1.1 (2.2), MaxSocks=32767, MaxUdp=65467
[2014.10.28-22.15.19:196][  0]UdpMessaging: Initializing bridge on interface 0.0.0.0:0 to multicast group 230.0.0.1:6666.
[2014.10.28-22.15.19:497][  0]LogDirectoryWatcher:Warning: Failed to begin reading directory changes for C:/Users/Matt/Projects/gaem/Binaries/Win64. Error: 0
[2014.10.28-22.15.19:668][  0]SourceControl: Info Source control is disabled
[2014.10.28-22.15.19:668][  0]SourceControl: Info Source control is disabled
[2014.10.28-22.15.19:678][  0]SourceControl: Info Source control is disabled
[2014.10.28-22.15.19:903][  0]LogObj: 22915 objects as part of root set at end of initial load.
[2014.10.28-22.15.19:903][  0]LogUObjectAllocator: 4803544 out of 0 bytes used by permanent object pool.
[2014.10.28-22.15.19:974][  0]LogEngine: Initializing Engine...
[2014.10.28-22.15.20:098][  0]LogInit: XAudio2 using 'Speakers (ASUS Xonar Essence STX Audio Device)' : 2 channels at 44.1 kHz using 16 bits per sample (channel mask 0x3)
[2014.10.28-22.15.20:104][  0]LogInit: FAudioDevice initialized.
[2014.10.28-22.15.20:142][  0]LogAIModule: Creating AISystem for world NewWorld
[2014.10.28-22.15.20:160][  0]LogDerivedDataCache: Saved boot cache 0.02s 39MB C:/Users/Matt/AppData/Local/UnrealEngine/4.5/DerivedDataCache/Boot.ddc.
[2014.10.28-22.15.20:163][  0]LogInit: Texture streaming: Enabled
[2014.10.28-22.15.20:237][  0]LogInit: Transaction tracking system initialized
[2014.10.28-22.15.20:409][  0]BlueprintLog: New page: Editor Load
[2014.10.28-22.15.20:470][  0]LogAssetRegistry: FAssetRegistry took 0.0101 seconds to start up
[2014.10.28-22.15.20:470][  0]LogDirectoryWatcher:Warning: Failed to begin reading directory changes for ../../../Engine/Plugins/Experimental/CharacterAI/Content/. Error: 0
[2014.10.28-22.15.21:083][  0]LogTargetPlatformManager:Display: Building Assets For Windows
[2014.10.28-22.15.21:408][  0]LogTargetPlatformManager:Display: Building Assets For Windows
[2014.10.28-22.15.22:688][  0]LogConsoleResponse:Display: 
[2014.10.28-22.15.22:996][  0]SourceControl: Info Source control is disabled
[2014.10.28-22.15.22:996][  0]Cmd: MAP LOAD FILE="../../../Engine/Content/Maps/Templates/Template_Default.umap" TEMPLATE=1 SHOWPROGRESS=1
[2014.10.28-22.15.22:996][  0]LightingResults: New page: Lighting Build
[2014.10.28-22.15.23:008][  0]MapCheck: New page: Map Check
[2014.10.28-22.15.23:008][  0]LightingResults: New page: Lighting Build
[2014.10.28-22.15.23:020][  0]LogParticles: Destroying 0 GPU particle simulations for FXSystem 0x000000001B49A7A0
[2014.10.28-22.15.23:186][  0]LogEditorServer: Finished looking for orphan Actors (0.000 secs)
[2014.10.28-22.15.23:186][  0]LogAIModule: Creating AISystem for world Untitled_1
[2014.10.28-22.15.23:186][  0]Cmd: MAP CHECKDEP
[2014.10.28-22.15.23:187][  0]MapCheck: New page: Untitled_1 - Oct 28, 2014, 2:15:23 PM
[2014.10.28-22.15.23:283][  0]MapCheck: Info Map check complete: 0 Error(s), 0 Warning(s), took 96.511ms to complete.
[2014.10.28-22.15.23:283][  0]LogFileHelpers: Loading map 'Template_Default' took 0.287
[2014.10.28-22.15.23:360][  0]LogCollectionManager: Loaded 0 collections in 0.001141 seconds
[2014.10.28-22.15.23:477][  0]LogCrashTracker: Crashtracker disabled due to settings.
[2014.10.28-22.15.23:484][  0]LogUObjectGlobals:Warning: Failed to find object 'Class None.'
[2014.10.28-22.15.23:508][  0]LogLoad: Full Startup: 13.82 seconds (BP compile: 0.05 seconds)
[2014.10.28-22.15.25:067][  0]LogRenderer:Warning: Reallocating scene render targets to support 992x872.
[2014.10.28-22.15.25:479][  2]LogAssetRegistry: Asset discovery search completed in 5.0196 seconds
[2014.10.28-22.15.35:502][427]LightingResults: New page: Lighting Build
[2014.10.28-22.15.35:502][427]MapCheck: New page: Map Check
[2014.10.28-22.15.35:502][427]LightingResults: New page: Lighting Build
[2014.10.28-22.15.35:516][427]LogParticles: Destroying 0 GPU particle simulations for FXSystem 0x0000000018232AC0
[2014.10.28-22.15.35:520][427]LogAIModule: Creating AISystem for world NewWorld
[2014.10.28-22.15.35:521][427]LoadErrors: New page: New Map
[2014.10.28-22.15.40:473][  5]LogContentBrowser:Verbose: The content browser source was changed by the sources view to '/Game'
[2014.10.28-22.15.47:621][850]LogContentBrowser:Verbose: The content browser source was changed by the sources view to '/Game'
[2014.10.28-22.15.51:937][365]LogContentBrowser:Verbose: The content browser source was changed by the sources view to '/Game/Materials'
[2014.10.28-22.15.53:868][572]LogContentBrowser:Verbose: The content browser source was changed by the sources view to '/Game/Materials'
[2014.10.28-22.16.03:129][678]LogMaterial: Missing cached shader map for material PreviewMaterial_0, compiling.
[2014.10.28-22.16.03:149][678]LogActorComponent: UnregisterComponent: (/Engine/Transient.SkeletalMeshComponent_0) Not registered. Aborting.
[2014.10.28-22.16.03:182][678]LogActorComponent: UnregisterComponent: (/Engine/Transient.SkeletalMeshComponent_0) Not registered. Aborting.
[2014.10.28-22.16.03:182][678]LogActorComponent: RegisterComponentWithWorld: (/Engine/Transient.MaterialEditorMeshComponent_0) Already registered. Aborting.
[2014.10.28-22.16.03:184][678]LogMaterial: Missing cached shader map for material PreviewMaterial_0, compiling.
[2014.10.28-22.16.04:734][764]MaterialEditorStats: Info Base pass shader with only dynamic lighting: 33 instructions
[2014.10.28-22.16.04:734][764]MaterialEditorStats: Info Vertex shader: 31 instructions
[2014.10.28-22.16.04:734][764]MaterialEditorStats: Info Texture samplers: 0/16
[2014.10.28-22.16.13:943][570]LogMaterial: Missing cached shader map for material PreviewMaterial_0, compiling.
[2014.10.28-22.16.13:945][570]LogMaterial: Missing cached shader map for material PreviewMaterial_0, compiling.
[2014.10.28-22.16.14:076][577]MaterialEditorStats: Info Base pass shader without light map: 17 instructions
[2014.10.28-22.16.14:076][577]MaterialEditorStats: Info Vertex shader: 31 instructions
[2014.10.28-22.16.14:076][577]MaterialEditorStats: Info Texture samplers: 0/16
[2014.10.28-22.16.39:387][294]LogContentBrowser:Verbose: The content browser source was changed by the sources view to '/Game/Textures'
[2014.10.28-22.16.54:732][691]LogMaterial: Missing cached shader map for material PreviewMaterial_0, compiling.
[2014.10.28-22.16.54:759][691]LogMaterial: Missing cached shader map for material LevelPrototype, compiling.
[2014.10.28-22.16.54:762][691]LogMaterial: Missing cached shader map for material LevelPrototype, compiling.
[2014.10.28-22.16.54:765][691]LogMaterial: 0.000556 seconds spent updating 1 materials, 1 interfaces, 0 instances, 0 with static permutations.
[2014.10.28-22.17.18:107][909]LogFactory: FactoryCreateBinary: Texture with TextureFactory (0 0 C:\Users\Matt\Desktop\Paper2DTextures\2DCharacter_IdleAnimAtlas.TGA)
[2014.10.28-22.17.18:114][909]0.000017 seconds to analyze Texture2D /Game/Textures/2DCharacter_IdleAnimAtlas.2DCharacter_IdleAnimAtlas

[2014.10.28-22.17.18:123][909]LogTexture:Display: Building textures: 2DCharacter_IdleAnimAtlas (AutoDXT)
[2014.10.28-22.17.18:291][909]LogFactory: FactoryCreateBinary: Texture with TextureFactory (0 0 C:\Users\Matt\Desktop\Paper2DTextures\2DCharacter_RunAnimAtlas.TGA)
[2014.10.28-22.17.18:296][909]0.000022 seconds to analyze Texture2D /Game/Textures/2DCharacter_RunAnimAtlas.2DCharacter_RunAnimAtlas

[2014.10.28-22.17.18:297][909]LogTexture:Display: Building textures: 2DCharacter_RunAnimAtlas (AutoDXT)
[2014.10.28-22.17.18:513][909]LogFactory: FactoryCreateBinary: Texture with TextureFactory (0 0 C:\Users\Matt\Desktop\Paper2DTextures\CharacterJumping.png)
[2014.10.28-22.17.18:515][909]0.000008 seconds to analyze Texture2D /Game/Textures/CharacterJumping.CharacterJumping

[2014.10.28-22.17.18:516][909]LogTexture:Display: Building textures: CharacterJumping (AutoDXT)
[2014.10.28-22.17.18:552][909]LogFactory: FactoryCreateBinary: Texture with TextureFactory (0 0 C:\Users\Matt\Desktop\Paper2DTextures\PrototypeTexture.png)
[2014.10.28-22.17.18:553][909]0.000011 seconds to analyze Texture2D /Game/Textures/PrototypeTexture.PrototypeTexture

[2014.10.28-22.17.18:554][909]LogTexture:Display: Building textures: PrototypeTexture (AutoDXT)
[2014.10.28-22.17.18:607][909]LogFactory: FactoryCreateBinary: Texture with TextureFactory (0 0 C:\Users\Matt\Desktop\Paper2DTextures\2DBackground.TGA)
[2014.10.28-22.17.18:609][909]0.000011 seconds to analyze Texture2D /Game/Textures/2DBackground.2DBackground

[2014.10.28-22.17.18:609][909]LogTexture:Display: Building textures: 2DBackground (AutoDXT)
[2014.10.28-22.17.18:667][909]LogFactory: FactoryCreateBinary: Texture with TextureFactory (0 0 C:\Users\Matt\Desktop\Paper2DTextures\2DBackgroundBlockAtlas.TGA)
[2014.10.28-22.17.18:671][909]0.000019 seconds to analyze Texture2D /Game/Textures/2DBackgroundBlockAtlas.2DBackgroundBlockAtlas

[2014.10.28-22.17.18:672][909]LogTexture:Display: Building textures: 2DBackgroundBlockAtlas (AutoDXT)
[2014.10.28-22.17.18:815][909]LogFactory: FactoryCreateBinary: Texture with TextureFactory (0 0 C:\Users\Matt\Desktop\Paper2DTextures\2DBackgroundTile.TGA)
[2014.10.28-22.17.18:816][909]0.000011 seconds to analyze Texture2D /Game/Textures/2DBackgroundTile.2DBackgroundTile

[2014.10.28-22.17.18:817][909]LogTexture:Display: Building textures: 2DBackgroundTile (AutoDXT)
[2014.10.28-22.17.18:826][909]LogContentBrowser:Verbose: The content browser source was changed by the sources view to 'None'
[2014.10.28-22.17.18:826][909]LogContentBrowser:Verbose: The content browser source was changed by the sources view to '/Game/Textures'
[2014.10.28-22.17.18:826][909]LogContentBrowser:Verbose: The content browser source was changed by the sources view to '/Game/Textures'
[2014.10.28-22.17.18:827][909]LogContentBrowser:Verbose: The content browser source was changed by the sources view to '/Game/Textures'
[2014.10.28-22.17.18:827][909]LogContentBrowser:Verbose: The content browser source was changed by the sources view to '/Game/Textures'
[2014.10.28-22.17.18:827][909]LogContentBrowser:Verbose: The content browser source was changed by the sources view to '/Game/Textures'
[2014.10.28-22.17.18:827][909]LogContentBrowser:Verbose: The content browser source was changed by the sources view to '/Game/Textures'
[2014.10.28-22.17.18:827][909]LogContentBrowser:Verbose: The content browser source was changed by the sources view to '/Game/Textures'
[2014.10.28-22.17.38:526][306]LogContentBrowser:Verbose: The content browser source was changed by the sources view to '/Game/Materials'
[2014.10.28-22.17.39:241][385]LogMaterial: Missing cached shader map for material PreviewMaterial_1, compiling.
[2014.10.28-22.17.39:248][385]LogActorComponent: UnregisterComponent: (/Engine/Transient.SkeletalMeshComponent_1) Not registered. Aborting.
[2014.10.28-22.17.39:286][385]LogActorComponent: UnregisterComponent: (/Engine/Transient.SkeletalMeshComponent_1) Not registered. Aborting.
[2014.10.28-22.17.39:286][385]LogActorComponent: RegisterComponentWithWorld: (/Engine/Transient.MaterialEditorMeshComponent_1) Already registered. Aborting.
[2014.10.28-22.17.39:286][385]LogActorComponent: UnregisterComponent: (/Engine/Transient.SkeletalMeshComponent_1) Not registered. Aborting.
[2014.10.28-22.17.39:286][385]LogActorComponent: RegisterComponentWithWorld: (/Engine/Transient.MaterialEditorMeshComponent_1) Already registered. Aborting.
[2014.10.28-22.17.39:287][385]LogMaterial: Missing cached shader map for material PreviewMaterial_1, compiling.
[2014.10.28-22.17.40:144][440]MaterialEditorStats: Info Base pass shader without light map: 17 instructions
[2014.10.28-22.17.40:144][440]MaterialEditorStats: Info Vertex shader: 31 instructions
[2014.10.28-22.17.40:144][440]MaterialEditorStats: Info Texture samplers: 0/16
[2014.10.28-22.18.14:864][452]LogWindowsTextInputMethodSystem:Error: Deactivating a context failed while setting focus to the disabled TSF document manager.
[2014.10.28-22.18.24:650][613]LogEditorViewport: Clicking Background
[2014.10.28-22.18.51:008][463]LogWindowsTextInputMethodSystem:Error: Deactivating a context failed while setting focus to the disabled TSF document manager.
[2014.10.28-22.18.51:014][463]LogMaterial: Missing cached shader map for material PreviewMaterial_1, compiling.
[2014.10.28-22.18.51:999][534]MaterialEditorStats: Info Base pass shader without light map: 17 instructions
[2014.10.28-22.18.51:999][534]MaterialEditorStats: Info Vertex shader: 31 instructions
[2014.10.28-22.18.51:999][534]MaterialEditorStats: Info Texture samplers: 0/16
[2014.10.28-22.19.24:983][244]LogWindowsTextInputMethodSystem:Error: Deactivating a context failed while setting focus to the disabled TSF document manager.
[2014.10.28-22.19.25:096][255]LogMaterial: Missing cached shader map for material PreviewMaterial_1, compiling.
[2014.10.28-22.19.26:090][324]MaterialEditorStats: Info Base pass shader without light map: 17 instructions
[2014.10.28-22.19.26:090][324]MaterialEditorStats: Info Vertex shader: 31 instructions
[2014.10.28-22.19.26:090][324]MaterialEditorStats: Info Texture samplers: 0/16
[2014.10.28-22.19.26:907][398]LogMaterial: Missing cached shader map for material PreviewMaterial_1, compiling.
[2014.10.28-22.19.27:031][405]MaterialEditorStats: Info Base pass shader without light map: 17 instructions
[2014.10.28-22.19.27:031][405]MaterialEditorStats: Info Vertex shader: 31 instructions
[2014.10.28-22.19.27:031][405]MaterialEditorStats: Info Texture samplers: 0/16
[2014.10.28-22.19.39:245][745]LogWindowsTextInputMethodSystem:Error: Deactivating a context failed while setting focus to the disabled TSF document manager.
[2014.10.28-22.19.44:616][843]LogLinker:Warning: Asset '../../../Engine/Content/Functions/Engine_MaterialFunctions02/Utility/CustomReflectionVector.uasset' has been saved with empty engine version. The asset will be loaded but may be incompatible.
[2014.10.28-22.19.44:956][843]LogWindowsTextInputMethodSystem:Error: Deactivating a context failed while setting focus to the disabled TSF document manager.
[2014.10.28-22.19.52:359][619]LogWindowsTextInputMethodSystem:Error: Deactivating a context failed while setting focus to the disabled TSF document manager.
[2014.10.28-22.19.52:365][619]LogMaterial: Missing cached shader map for material PreviewMaterial_1, compiling.
[2014.10.28-22.19.52:367][619]LogMaterial: Missing cached shader map for material PreviewMaterial_1, compiling.
[2014.10.28-22.19.53:570][704]MaterialEditorStats: Info Base pass shader without light map: 17 instructions
[2014.10.28-22.19.53:570][704]MaterialEditorStats: Info Vertex shader: 31 instructions
[2014.10.28-22.19.53:570][704]MaterialEditorStats: Info Texture samplers: 0/16
[2014.10.28-22.20.10:143][729]LogMaterial: Missing cached shader map for material PreviewMaterial_1, compiling.
[2014.10.28-22.20.10:257][735]MaterialEditorStats: Info Base pass shader without light map: 17 instructions
[2014.10.28-22.20.10:257][735]MaterialEditorStats: Info Vertex shader: 31 instructions
[2014.10.28-22.20.10:257][735]MaterialEditorStats: Info Texture samplers: 0/16
[2014.10.28-22.20.17:417][515]LogWindowsTextInputMethodSystem:Error: Deactivating a context failed while setting focus to the disabled TSF document manager.
[2014.10.28-22.20.17:428][515]LogMaterial: Missing cached shader map for material PreviewMaterial_1, compiling.
[2014.10.28-22.20.17:430][515]LogMaterial: Missing cached shader map for material PreviewMaterial_1, compiling.
[2014.10.28-22.20.17:543][521]MaterialEditorStats: Info Base pass shader without light map: 17 instructions
[2014.10.28-22.20.17:543][521]MaterialEditorStats: Info Vertex shader: 31 instructions
[2014.10.28-22.20.17:543][521]MaterialEditorStats: Info Texture samplers: 0/16
[2014.10.28-22.20.26:704][191]LogMaterial: Missing cached shader map for material PreviewMaterial_1, compiling.
[2014.10.28-22.20.26:817][198]LogMaterial: Missing cached shader map for material PreviewMaterial_1, compiling.
[2014.10.28-22.20.26:840][199]MaterialEditorStats: Info Base pass shader without light map: 17 instructions
[2014.10.28-22.20.26:840][199]MaterialEditorStats: Info Vertex shader: 31 instructions
[2014.10.28-22.20.26:840][199]MaterialEditorStats: Info Texture samplers: 0/16
[2014.10.28-22.20.27:447][249]LogMaterial: Missing cached shader map for material PreviewMaterial_1, compiling.
[2014.10.28-22.20.27:655][261]MaterialEditorStats: Info Base pass shader without light map: 17 instructions
[2014.10.28-22.20.27:655][261]MaterialEditorStats: Info Vertex shader: 31 instructions
[2014.10.28-22.20.27:655][261]MaterialEditorStats: Info Texture samplers: 0/16
[2014.10.28-22.20.28:068][297]LogMaterial: Missing cached shader map for material PreviewMaterial_1, compiling.
[2014.10.28-22.20.28:228][307]MaterialEditorStats: Info Base pass shader without light map: 17 instructions
[2014.10.28-22.20.28:228][307]MaterialEditorStats: Info Vertex shader: 31 instructions
[2014.10.28-22.20.28:228][307]MaterialEditorStats: Info Texture samplers: 0/16
[2014.10.28-22.20.47:753][ 91]LogWindowsTextInputMethodSystem:Error: Deactivating a context failed while setting focus to the disabled TSF document manager.
[2014.10.28-22.20.59:180][491]LogMaterial: Missing cached shader map for material PreviewMaterial_2, compiling.
[2014.10.28-22.20.59:200][491]LogActorComponent: UnregisterComponent: (/Engine/Transient.SkeletalMeshComponent_2) Not registered. Aborting.
[2014.10.28-22.20.59:287][491]LogActorComponent: UnregisterComponent: (/Engine/Transient.SkeletalMeshComponent_2) Not registered. Aborting.
[2014.10.28-22.20.59:287][491]LogActorComponent: RegisterComponentWithWorld: (/Engine/Transient.MaterialEditorMeshComponent_2) Already registered. Aborting.
[2014.10.28-22.20.59:287][491]LogActorComponent: UnregisterComponent: (/Engine/Transient.SkeletalMeshComponent_2) Not registered. Aborting.
[2014.10.28-22.20.59:287][491]LogActorComponent: RegisterComponentWithWorld: (/Engine/Transient.MaterialEditorMeshComponent_2) Already registered. Aborting.
[2014.10.28-22.20.59:289][491]LogMaterial: Missing cached shader map for material PreviewMaterial_2, compiling.
[2014.10.28-22.21.00:597][554]MaterialEditorStats: Info Base pass shader with only dynamic lighting: 33 instructions
[2014.10.28-22.21.00:597][554]MaterialEditorStats: Info Vertex shader: 31 instructions
[2014.10.28-22.21.00:597][554]MaterialEditorStats: Info Texture samplers: 0/16
[2014.10.28-22.21.38:327][206]LogMaterial: Missing cached shader map for material PreviewMaterial_1, compiling.
[2014.10.28-22.21.39:329][273]MaterialEditorStats: Info Base pass shader without light map: 17 instructions
[2014.10.28-22.21.39:329][273]MaterialEditorStats: Info Vertex shader: 31 instructions
[2014.10.28-22.21.39:329][273]MaterialEditorStats: Info Texture samplers: 0/16
[2014.10.28-22.21.40:477][383]LogMaterial: Missing cached shader map for material PreviewMaterial_1, compiling.
[2014.10.28-22.21.40:487][383]LogMaterial: Missing cached shader map for material PreviewMaterial_1, compiling.
[2014.10.28-22.21.40:655][389]MaterialEditorStats: Info Base pass shader without light map: 17 instructions
[2014.10.28-22.21.40:655][389]MaterialEditorStats: Info Vertex shader: 31 instructions
[2014.10.28-22.21.40:655][389]MaterialEditorStats: Info Texture samplers: 0/16
[2014.10.28-22.21.48:526][111]LogWindowsTextInputMethodSystem:Error: Deactivating a context failed while setting focus to the disabled TSF document manager.
[2014.10.28-22.21.54:801][443]LogWindowsTextInputMethodSystem:Error: Deactivating a context failed while setting focus to the disabled TSF document manager.
[2014.10.28-22.21.56:797][632]LogEditorTransaction: Undo Rename Node
[2014.10.28-22.21.56:803][632]LogMaterial: Missing cached shader map for material PreviewMaterial_1, compiling.
[2014.10.28-22.21.56:901][636]MaterialEditorStats: Info Base pass shader without light map: 17 instructions
[2014.10.28-22.21.56:901][636]MaterialEditorStats: Info Vertex shader: 31 instructions
[2014.10.28-22.21.56:901][636]MaterialEditorStats: Info Texture samplers: 0/16
[2014.10.28-22.21.58:178][734]LogMaterial: Missing cached shader map for material PreviewMaterial_1, compiling.
[2014.10.28-22.21.58:286][739]MaterialEditorStats: Info Base pass shader without light map: 17 instructions
[2014.10.28-22.21.58:286][739]MaterialEditorStats: Info Vertex shader: 31 instructions
[2014.10.28-22.21.58:286][739]MaterialEditorStats: Info Texture samplers: 0/16
[2014.10.28-22.22.03:845][  3]LogMaterial: Missing cached shader map for material PreviewMaterial_1, compiling.
[2014.10.28-22.22.03:957][  9]MaterialEditorStats: Info Base pass shader without light map: 17 instructions
[2014.10.28-22.22.03:957][  9]MaterialEditorStats: Info Vertex shader: 31 instructions
[2014.10.28-22.22.03:957][  9]MaterialEditorStats: Info Texture samplers: 0/16
[2014.10.28-22.22.05:349][143]LogMaterial: Missing cached shader map for material PreviewMaterial_1, compiling.
[2014.10.28-22.22.05:505][155]MaterialEditorStats: Info Base pass shader without light map: 17 instructions
[2014.10.28-22.22.05:505][155]MaterialEditorStats: Info Vertex shader: 31 instructions
[2014.10.28-22.22.05:505][155]MaterialEditorStats: Info Texture samplers: 0/16
[2014.10.28-22.22.06:979][309]LogMaterial: Missing cached shader map for material FMatExpressionPreview MaterialExpressionDivide_1, compiling.
[2014.10.28-22.22.07:765][385]LogMaterial: Missing cached shader map for material PreviewMaterial_1, compiling.
[2014.10.28-22.22.07:888][392]MaterialEditorStats: Info Base pass shader without light map: 17 instructions
[2014.10.28-22.22.07:888][392]MaterialEditorStats: Info Vertex shader: 31 instructions
[2014.10.28-22.22.07:888][392]MaterialEditorStats: Info Texture samplers: 0/16
[2014.10.28-22.22.09:807][582]LogWindowsTextInputMethodSystem:Error: Deactivating a context failed while setting focus to the disabled TSF document manager.
[2014.10.28-22.22.11:832][783]LogWindowsTextInputMethodSystem:Error: Deactivating a context failed while setting focus to the disabled TSF document manager.
[2014.10.28-22.22.20:762][721]LogWindowsTextInputMethodSystem:Error: Deactivating a context failed while setting focus to the disabled TSF document manager.
[2014.10.28-22.22.20:839][730]LogWindowsTextInputMethodSystem:Error: Deactivating a context failed while setting focus to the disabled TSF document manager.
[2014.10.28-22.22.21:565][811]LogWindowsTextInputMethodSystem:Error: Deactivating a context failed while setting focus to the disabled TSF document manager.
[2014.10.28-22.22.23:027][964]LogMaterial: Missing cached shader map for material PreviewMaterial_1, compiling.
[2014.10.28-22.22.23:126][969]MaterialEditorStats: Info Base pass shader without light map: 17 instructions
[2014.10.28-22.22.23:126][969]MaterialEditorStats: Info Vertex shader: 31 instructions
[2014.10.28-22.22.23:126][969]MaterialEditorStats: Info Texture samplers: 0/16
[2014.10.28-22.22.30:927][626]LogMaterial: Missing cached shader map for material PreviewMaterial_1, compiling.
[2014.10.28-22.22.31:041][634]MaterialEditorStats: Info Base pass shader without light map: 17 instructions
[2014.10.28-22.22.31:041][634]MaterialEditorStats: Info Vertex shader: 31 instructions
[2014.10.28-22.22.31:041][634]MaterialEditorStats: Info Texture samplers: 0/16
[2014.10.28-22.22.46:089][778]LogMaterial: Missing cached shader map for material PreviewMaterial_1, compiling.
[2014.10.28-22.22.46:218][784]MaterialEditorStats: Info Base pass shader without light map: 17 instructions
[2014.10.28-22.22.46:218][784]MaterialEditorStats: Info Vertex shader: 31 instructions
[2014.10.28-22.22.46:218][784]MaterialEditorStats: Info Texture samplers: 0/16
[2014.10.28-22.22.48:094][957]LogMaterial: Missing cached shader map for material PreviewMaterial_1, compiling.
[2014.10.28-22.22.48:219][965]MaterialEditorStats: Info Base pass shader without light map: 17 instructions
[2014.10.28-22.22.48:219][965]MaterialEditorStats: Info Vertex shader: 31 instructions
[2014.10.28-22.22.48:219][965]MaterialEditorStats: Info Texture samplers: 0/16
[2014.10.28-22.22.55:329][361]LogMaterial: Missing cached shader map for material PreviewMaterial_1, compiling.
[2014.10.28-22.22.55:440][369]MaterialEditorStats: Info Base pass shader without light map: 17 instructions
[2014.10.28-22.22.55:440][369]MaterialEditorStats: Info Vertex shader: 31 instructions
[2014.10.28-22.22.55:440][369]MaterialEditorStats: Info Texture samplers: 0/16
[2014.10.28-22.22.55:658][390]LogWindowsTextInputMethodSystem:Error: Deactivating a context failed while setting focus to the disabled TSF document manager.
[2014.10.28-22.23.13:022][713]LogWindowsTextInputMethodSystem:Error: Deactivating a context failed while setting focus to the disabled TSF document manager.
[2014.10.28-22.23.13:023][713]LogMaterial: Missing cached shader map for material PreviewMaterial_1, compiling.
[2014.10.28-22.23.13:148][720]MaterialEditorStats: Info Base pass shader without light map: 17 instructions
[2014.10.28-22.23.13:148][720]MaterialEditorStats: Info Vertex shader: 31 instructions
[2014.10.28-22.23.13:148][720]MaterialEditorStats: Info Texture samplers: 0/16
[2014.10.28-22.23.23:898][874]LogMaterial: Missing cached shader map for material PreviewMaterial_1, compiling.
[2014.10.28-22.23.24:022][881]MaterialEditorStats: Info Base pass shader without light map: 17 instructions
[2014.10.28-22.23.24:022][881]MaterialEditorStats: Info Vertex shader: 31 instructions
[2014.10.28-22.23.24:022][881]MaterialEditorStats: Info Texture samplers: 0/16
[2014.10.28-22.23.30:454][572]LogMaterial: Missing cached shader map for material FMatExpressionPreview MaterialExpressionMultiply_0, compiling.
[2014.10.28-22.23.53:704][265]LogMaterial: Missing cached shader map for material PreviewMaterial_1, compiling.
[2014.10.28-22.23.54:759][341]MaterialEditorStats: Info Base pass shader without light map: 17 instructions
[2014.10.28-22.23.54:759][341]MaterialEditorStats: Info Vertex shader: 31 instructions
[2014.10.28-22.23.54:759][341]MaterialEditorStats: Info Texture samplers: 0/16
[2014.10.28-22.24.03:076][963]LogMaterial: Missing cached shader map for material PreviewMaterial_1, compiling.
[2014.10.28-22.24.03:193][971]MaterialEditorStats: Info Base pass shader without light map: 17 instructions
[2014.10.28-22.24.03:194][971]MaterialEditorStats: Info Vertex shader: 31 instructions
[2014.10.28-22.24.03:194][971]MaterialEditorStats: Info Texture samplers: 0/16
[2014.10.28-22.24.03:895][ 41]LogMaterial: Missing cached shader map for material PreviewMaterial_1, compiling.
[2014.10.28-22.24.04:001][ 49]MaterialEditorStats: Info Base pass shader without light map: 17 instructions
[2014.10.28-22.24.04:001][ 49]MaterialEditorStats: Info Vertex shader: 31 instructions
[2014.10.28-22.24.04:001][ 49]MaterialEditorStats: Info Texture samplers: 0/16
[2014.10.28-22.24.05:967][262]LogWindowsTextInputMethodSystem:Error: Deactivating a context failed while setting focus to the disabled TSF document manager.
[2014.10.28-22.24.14:592][238]LogMaterial: Missing cached shader map for material PreviewMaterial_1, compiling.
[2014.10.28-22.24.14:594][238]LogMaterial: Missing cached shader map for material FMatExpressionPreview MaterialExpressionStaticComponentMaskParameter_0, compiling.
[2014.10.28-22.24.14:596][238]LogMaterial: Missing cached shader map for material FMatExpressionPreview MaterialExpressionStaticComponentMaskParameter_0, compiling.
[2014.10.28-22.24.14:628][238]LogMaterial: Missing cached shader map for material PreviewMaterial_1, compiling.
[2014.10.28-22.24.14:651][238]LogMaterial: Missing cached shader map for material FMatExpressionPreview MaterialExpressionStaticComponentMaskParameter_0, compiling.
[2014.10.28-22.24.14:723][240]MaterialEditorStats: Info Base pass shader without light map: 17 instructions
[2014.10.28-22.24.14:723][240]MaterialEditorStats: Info Vertex shader: 31 instructions
[2014.10.28-22.24.14:723][240]MaterialEditorStats: Info Texture samplers: 0/16
[2014.10.28-22.24.15:579][314]LogEditorTransaction: Undo Material Editor: Convert to Parameter
[2014.10.28-22.24.15:580][314]LogMaterial: Missing cached shader map for material PreviewMaterial_1, compiling.
[2014.10.28-22.24.15:587][314]LogMaterial: Missing cached shader map for material PreviewMaterial_1, compiling.
[2014.10.28-22.24.15:597][314]LogWindowsTextInputMethodSystem:Error: Deactivating a context failed while setting focus to the disabled TSF document manager.
[2014.10.28-22.24.15:713][319]MaterialEditorStats: Info Base pass shader without light map: 17 instructions
[2014.10.28-22.24.15:713][319]MaterialEditorStats: Info Vertex shader: 31 instructions
[2014.10.28-22.24.15:713][319]MaterialEditorStats: Info Texture samplers: 0/16
[2014.10.28-22.24.53:662][453]LogWindowsTextInputMethodSystem:Error: Deactivating a context failed while setting focus to the disabled TSF document manager.
[2014.10.28-22.24.53:667][453]LogMaterial: Missing cached shader map for material PreviewMaterial_1, compiling.
[2014.10.28-22.24.54:579][526]MaterialEditorStats: Info Base pass shader without light map: 17 instructions
[2014.10.28-22.24.54:579][526]MaterialEditorStats: Info Vertex shader: 31 instructions
[2014.10.28-22.24.54:579][526]MaterialEditorStats: Info Texture samplers: 0/16
[2014.10.28-22.24.56:359][702]LogMaterial: Missing cached shader map for material PreviewMaterial_1, compiling.
[2014.10.28-22.24.56:473][708]MaterialEditorStats: Info Base pass shader without light map: 17 instructions
[2014.10.28-22.24.56:473][708]MaterialEditorStats: Info Vertex shader: 31 instructions
[2014.10.28-22.24.56:473][708]MaterialEditorStats: Info Texture samplers: 0/16
[2014.10.28-22.25.00:129][ 91]LogWindowsTextInputMethodSystem:Error: Deactivating a context failed while setting focus to the disabled TSF document manager.
[2014.10.28-22.25.00:135][ 91]LogMaterial: Missing cached shader map for material PreviewMaterial_1, compiling.
[2014.10.28-22.25.00:247][ 97]MaterialEditorStats: Info Base pass shader without light map: 17 instructions
[2014.10.28-22.25.00:247][ 97]MaterialEditorStats: Info Vertex shader: 31 instructions
[2014.10.28-22.25.00:247][ 97]MaterialEditorStats: Info Texture samplers: 0/16
[2014.10.28-22.25.07:140][789]LogMaterial: Missing cached shader map for material PreviewMaterial_1, compiling.
[2014.10.28-22.25.07:250][794]MaterialEditorStats: Info Base pass shader without light map: 17 instructions
[2014.10.28-22.25.07:250][794]MaterialEditorStats: Info Vertex shader: 31 instructions
[2014.10.28-22.25.07:250][794]MaterialEditorStats: Info Texture samplers: 0/16
[2014.10.28-22.25.24:744][661]LogMaterial: Missing cached shader map for material PreviewMaterial_1, compiling.
[2014.10.28-22.25.24:857][666]MaterialEditorStats: Info Base pass shader without light map: 17 instructions
[2014.10.28-22.25.24:857][666]MaterialEditorStats: Info Vertex shader: 31 instructions
[2014.10.28-22.25.24:857][666]MaterialEditorStats: Info Texture samplers: 0/16
[2014.10.28-22.25.26:951][801]LogMaterial: Missing cached shader map for material PreviewMaterial_1, compiling.
[2014.10.28-22.25.27:072][808]MaterialEditorStats: Info Base pass shader without light map: 17 instructions
[2014.10.28-22.25.27:072][808]MaterialEditorStats: Info Vertex shader: 31 instructions
[2014.10.28-22.25.27:072][808]MaterialEditorStats: Info Texture samplers: 0/16
[2014.10.28-22.25.28:426][927]LogMaterial: Missing cached shader map for material PreviewMaterial_1, compiling.
[2014.10.28-22.25.28:541][934]MaterialEditorStats: Info Base pass shader without light map: 17 instructions
[2014.10.28-22.25.28:541][934]MaterialEditorStats: Info Vertex shader: 31 instructions
[2014.10.28-22.25.28:541][934]MaterialEditorStats: Info Texture samplers: 0/16
[2014.10.28-22.25.30:567][ 96]LogParticles: Destroying 0 GPU particle simulations for FXSystem 0x00000000193CB2E0
[2014.10.28-22.25.30:567][ 96]LogParticles: Destroying 0 GPU particle simulations for FXSystem 0x0000000028305300
[2014.10.28-22.25.30:568][ 96]LogFileHelpers: Editor autosave (incl. sublevels) for '/Temp/Untitled_2' took 0.017
[2014.10.28-22.25.30:576][ 96]OBJ SavePackage: Generating thumbnails for [1] asset(s) in package [/Game/Materials/LevelPrototype] ([1] browsable assets)...
[2014.10.28-22.25.30:607][ 96]OBJ SavePackage:     Rendered thumbnail for [Material /Game/Materials/LevelPrototype.LevelPrototype]
[2014.10.28-22.25.30:607][ 96]OBJ SavePackage: Finished generating thumbnails for package [/Game/Materials/LevelPrototype]
[2014.10.28-22.25.30:611][ 96]Cmd: OBJ SAVEPACKAGE PACKAGE="/Game/Materials/LevelPrototype" FILE="../../../../../../Users/Matt/Projects/gaem/Saved/Autosaves/Game/Materials/LevelPrototype_Auto1.uasset" SILENT=false AUTOSAVING=true
[2014.10.28-22.25.30:775][ 96]LogSavePackage: Save=141.264572ms
[2014.10.28-22.25.30:775][ 96]LogSavePackage: Moving '../../../../../../Users/Matt/Projects/gaem/Saved/LevelPrototype_Auto1CCAE007B4CEA47B29038F68BE24253F5.tmp' to '../../../../../../Users/Matt/Projects/gaem/Saved/Autosaves/Game/Materials/LevelPrototype_Auto1.uasset'
[2014.10.28-22.25.30:791][ 96]OBJ SavePackage: Generating thumbnails for [1] asset(s) in package [/Game/Textures/2DCharacter_IdleAnimAtlas] ([1] browsable assets)...
[2014.10.28-22.25.30:814][ 96]OBJ SavePackage:     Rendered thumbnail for [Texture2D /Game/Textures/2DCharacter_IdleAnimAtlas.2DCharacter_IdleAnimAtlas]
[2014.10.28-22.25.30:814][ 96]OBJ SavePackage: Finished generating thumbnails for package [/Game/Textures/2DCharacter_IdleAnimAtlas]
[2014.10.28-22.25.31:159][ 96]LogSavePackage: Save=324.410980ms
[2014.10.28-22.25.31:159][ 96]LogSavePackage: Moving '../../../../../../Users/Matt/Projects/gaem/Saved/2DCharacter_IdleAnimAtlas_Auto1D4A233B140E56D32F5AAAB9395107D50.tmp' to '../../../../../../Users/Matt/Projects/gaem/Saved/Autosaves/Game/Textures/2DCharacter_IdleAnimAtlas_Auto1.uasset'
[2014.10.28-22.25.31:172][ 96]OBJ SavePackage: Generating thumbnails for [1] asset(s) in package [/Game/Textures/2DCharacter_RunAnimAtlas] ([1] browsable assets)...
[2014.10.28-22.25.31:196][ 96]OBJ SavePackage:     Rendered thumbnail for [Texture2D /Game/Textures/2DCharacter_RunAnimAtlas.2DCharacter_RunAnimAtlas]
[2014.10.28-22.25.31:196][ 96]OBJ SavePackage: Finished generating thumbnails for package [/Game/Textures/2DCharacter_RunAnimAtlas]
[2014.10.28-22.25.31:779][ 96]LogSavePackage: Save=561.570984ms
[2014.10.28-22.25.31:779][ 96]LogSavePackage: Moving '../../../../../../Users/Matt/Projects/gaem/Saved/2DCharacter_RunAnimAtlas_Auto17AB2D5B24D06BBFFFA13B9BC08D23AB3.tmp' to '../../../../../../Users/Matt/Projects/gaem/Saved/Autosaves/Game/Textures/2DCharacter_RunAnimAtlas_Auto1.uasset'
[2014.10.28-22.25.31:794][ 96]OBJ SavePackage: Generating thumbnails for [1] asset(s) in package [/Game/Textures/CharacterJumping] ([1] browsable assets)...
[2014.10.28-22.25.31:813][ 96]OBJ SavePackage:     Rendered thumbnail for [Texture2D /Game/Textures/CharacterJumping.CharacterJumping]
[2014.10.28-22.25.31:813][ 96]OBJ SavePackage: Finished generating thumbnails for package [/Game/Textures/CharacterJumping]
[2014.10.28-22.25.31:816][ 96]Cmd: OBJ SAVEPACKAGE PACKAGE="/Game/Textures/CharacterJumping" FILE="../../../../../../Users/Matt/Projects/gaem/Saved/Autosaves/Game/Textures/CharacterJumping_Auto1.uasset" SILENT=false AUTOSAVING=true
[2014.10.28-22.25.31:908][ 96]LogSavePackage: Save=72.200729ms
[2014.10.28-22.25.31:908][ 96]LogSavePackage: Moving '../../../../../../Users/Matt/Projects/gaem/Saved/CharacterJumping_Auto110A892CC4314CDA5574FEBA732A7B7BD.tmp' to '../../../../../../Users/Matt/Projects/gaem/Saved/Autosaves/Game/Textures/CharacterJumping_Auto1.uasset'
[2014.10.28-22.25.31:921][ 96]OBJ SavePackage: Generating thumbnails for [1] asset(s) in package [/Game/Textures/PrototypeTexture] ([1] browsable assets)...
[2014.10.28-22.25.31:947][ 96]OBJ SavePackage:     Rendered thumbnail for [Texture2D /Game/Textures/PrototypeTexture.PrototypeTexture]
[2014.10.28-22.25.31:947][ 96]OBJ SavePackage: Finished generating thumbnails for package [/Game/Textures/PrototypeTexture]
[2014.10.28-22.25.31:951][ 96]Cmd: OBJ SAVEPACKAGE PACKAGE="/Game/Textures/PrototypeTexture" FILE="../../../../../../Users/Matt/Projects/gaem/Saved/Autosaves/Game/Textures/PrototypeTexture_Auto1.uasset" SILENT=false AUTOSAVING=true
[2014.10.28-22.25.32:061][ 96]LogSavePackage: Save=91.834312ms
[2014.10.28-22.25.32:061][ 96]LogSavePackage: Moving '../../../../../../Users/Matt/Projects/gaem/Saved/PrototypeTexture_Auto1A0EE302F48D38AD768BFE090740F3F62.tmp' to '../../../../../../Users/Matt/Projects/gaem/Saved/Autosaves/Game/Textures/PrototypeTexture_Auto1.uasset'
[2014.10.28-22.25.32:073][ 96]OBJ SavePackage: Generating thumbnails for [1] asset(s) in package [/Game/Textures/2DBackground] ([1] browsable assets)...
[2014.10.28-22.25.32:094][ 96]OBJ SavePackage:     Rendered thumbnail for [Texture2D /Game/Textures/2DBackground.2DBackground]
[2014.10.28-22.25.32:094][ 96]OBJ SavePackage: Finished generating thumbnails for package [/Game/Textures/2DBackground]
[2014.10.28-22.25.32:097][ 96]Cmd: OBJ SAVEPACKAGE PACKAGE="/Game/Textures/2DBackground" FILE="../../../../../../Users/Matt/Projects/gaem/Saved/Autosaves/Game/Textures/2DBackground_Auto1.uasset" SILENT=false AUTOSAVING=true
[2014.10.28-22.25.33:124][ 96]LogSavePackage: Save=1005.397522ms
[2014.10.28-22.25.33:124][ 96]LogSavePackage: Moving '../../../../../../Users/Matt/Projects/gaem/Saved/2DBackground_Auto1CF44445D4921671071447098F05BCEE3.tmp' to '../../../../../../Users/Matt/Projects/gaem/Saved/Autosaves/Game/Textures/2DBackground_Auto1.uasset'
[2014.10.28-22.25.33:139][ 96]OBJ SavePackage: Generating thumbnails for [1] asset(s) in package [/Game/Textures/2DBackgroundBlockAtlas] ([1] browsable assets)...
[2014.10.28-22.25.33:163][ 96]OBJ SavePackage:     Rendered thumbnail for [Texture2D /Game/Textures/2DBackgroundBlockAtlas.2DBackgroundBlockAtlas]
[2014.10.28-22.25.33:163][ 96]OBJ SavePackage: Finished generating thumbnails for package [/Game/Textures/2DBackgroundBlockAtlas]
[2014.10.28-22.25.33:272][ 96]LogSavePackage: Save=86.006371ms
[2014.10.28-22.25.33:272][ 96]LogSavePackage: Moving '../../../../../../Users/Matt/Projects/gaem/Saved/2DBackgroundBlockAtlas_Auto164358E0D48D0EEF1C52B6F8B16CEA893.tmp' to '../../../../../../Users/Matt/Projects/gaem/Saved/Autosaves/Game/Textures/2DBackgroundBlockAtlas_Auto1.uasset'
[2014.10.28-22.25.33:285][ 96]OBJ SavePackage: Generating thumbnails for [1] asset(s) in package [/Game/Textures/2DBackgroundTile] ([1] browsable assets)...
[2014.10.28-22.25.33:315][ 96]OBJ SavePackage:     Rendered thumbnail for [Texture2D /Game/Textures/2DBackgroundTile.2DBackgroundTile]
[2014.10.28-22.25.33:315][ 96]OBJ SavePackage: Finished generating thumbnails for package [/Game/Textures/2DBackgroundTile]
[2014.10.28-22.25.33:318][ 96]Cmd: OBJ SAVEPACKAGE PACKAGE="/Game/Textures/2DBackgroundTile" FILE="../../../../../../Users/Matt/Projects/gaem/Saved/Autosaves/Game/Textures/2DBackgroundTile_Auto1.uasset" SILENT=false AUTOSAVING=true
[2014.10.28-22.25.33:354][ 96]LogSavePackage: Save=15.031981ms
[2014.10.28-22.25.33:354][ 96]LogSavePackage: Moving '../../../../../../Users/Matt/Projects/gaem/Saved/2DBackgroundTile_Auto1597C571649F4115A205D168CA4997D7D.tmp' to '../../../../../../Users/Matt/Projects/gaem/Saved/Autosaves/Game/Textures/2DBackgroundTile_Auto1.uasset'
[2014.10.28-22.25.33:362][ 96]LogFi