Log file open, 12/01/14 20:57:09
LogInit:Display: Running engine for game: gaem
LogInit: Version: 4.6.0-2357962+++depot+UE4-Releases+4.6
LogInit: API Version: 2357962
LogInit: Compiled (64-bit): Nov 12 2014 22:31:22
LogInit: Compiled with Visual C++: 18.00.21005.01
LogInit: Build Configuration: Development
LogInit: Branch Name: ++depot+UE4-Releases+4.6
LogInit: Command line:  
LogInit: Base directory: C:/Program Files/Unreal Engine/4.6/Engine/Binaries/Win64/
LogInit: Rocket: 1
[2014.12.02-01.57.09:133][  0]LogTaskGraph: Started task graph with 3 named threads and 6 total threads.
[2014.12.02-01.57.09:186][  0]LogOnline:Warning: No default platform service specified for OnlineSubsystem
[2014.12.02-01.57.09:250][  0]LogInit: Presizing for 0 objects not considered by GC, pre-allocating 0 bytes.
[2014.12.02-01.57.09:256][  0]LogInit: Object subsystem initialized
[2014.12.02-01.57.09:258][  0]LogConsoleResponse:Warning: Skipping Unknown console variable: 'UIScaleCurve = (EditorCurveData=(Keys=((Time=480.000000,Value=0.444000),(Time=720.000000,Value=0.666000),(Time=1080.000000,Value=1.000000),(Time=8640.000000,Value=8.000000))),ExternalCurve=None)'
[2014.12.02-01.57.09:258][  0]LogConsoleResponse:Warning:   Found in ini file 'C:/Users/Matt/Projects/gaem/Saved/Config/Windows/Engine.ini', in section '[/Script/Engine.RendererSettings]'
[2014.12.02-01.57.09:258][  0]LogConsoleManager:Warning: Console variable 'r.MSAA.CompositingSampleCount' wasn't set (Priority ProjectSetting < Scalability)
[2014.12.02-01.57.09:258][  0]LogInit: Selected Device Profile: [Windows]
[2014.12.02-01.57.09:258][  0]LogInit: Applying CVar settings loaded from the selected device profile: [Windows]
[2014.12.02-01.57.09:265][  0]LogInit: Computer: BIGRED
[2014.12.02-01.57.09:265][  0]LogInit: User: Matt
[2014.12.02-01.57.09:265][  0]LogInit: CPU Page size=4096, Cores=4
[2014.12.02-01.57.09:265][  0]LogInit: High frequency timer resolution =3.561796 MHz
[2014.12.02-01.57.09:265][  0]LogMemory: Memory total: Physical=15.7GB (16GB approx) Virtual=8192.0GB
[2014.12.02-01.57.09:265][  0]LogMemory: Platform Memory Stats for Windows
[2014.12.02-01.57.09:265][  0]LogMemory: Process Physical Memory: 48.55 MB used, 48.55 MB peak
[2014.12.02-01.57.09:265][  0]LogMemory: Process Virtual Memory: 24.18 MB used, 24.18 MB peak
[2014.12.02-01.57.09:265][  0]LogMemory: Physical Memory: 4276.18 MB used, 16066.05 MB total
[2014.12.02-01.57.09:265][  0]LogMemory: Virtual Memory: 264.46 MB used, 8388608.00 MB total
[2014.12.02-01.57.09:300][  0]LogD3D11RHI: Found D3D11 adapter 0: NVIDIA GeForce GTX 770 (Feature Level 11_0)
[2014.12.02-01.57.09:300][  0]LogD3D11RHI: Adapter has 1990MB of dedicated video memory, 0MB of dedicated system memory, and 2048MB of shared system memory, 1 output[s]
[2014.12.02-01.57.09:300][  0]LogD3D11RHI: Chosen D3D11 Adapter Id = 0
[2014.12.02-01.57.09:303][  0]LogRHI: Texture pool is 1361 MB (70% of 1945 MB)
[2014.12.02-01.57.09:310][  0]LogD3D11RHI: Async texture creation enabled
[2014.12.02-01.57.09:771][  0]LogTextLocalizationManager: The requested culture ('en_US') has no localization data; parent culture's ('en') localization data will be used.
[2014.12.02-01.57.09:877][  0]LogContentStreaming: Texture pool size is 0.000000MB
[2014.12.02-01.57.15:502][  0]LogTargetPlatformManager:Display: Building Assets For Windows
[2014.12.02-01.57.16:025][  0]LogTargetPlatformManager:Display: Building Assets For Windows
[2014.12.02-01.57.16:090][  0]LogDerivedDataCache:Display: Max Cache Size: 512 MB
[2014.12.02-01.57.16:219][  0]LogDerivedDataCache: Loaded boot cache 0.13s 39MB C:/Users/Matt/AppData/Local/UnrealEngine/4.6/DerivedDataCache/Boot.ddc.
[2014.12.02-01.57.16:219][  0]LogDerivedDataCache:Display: Loaded Boot cache: C:/Users/Matt/AppData/Local/UnrealEngine/4.6/DerivedDataCache/Boot.ddc
[2014.12.02-01.57.16:220][  0]LogDerivedDataCache: FDerivedDataBackendGraph:  Pak pak cache file ../../../../../../Users/Matt/Projects/gaem/DerivedDataCache/DDC.ddp not found, will not use a pak cache.
[2014.12.02-01.57.16:220][  0]LogDerivedDataCache: Unable to find inner node Pak for hierarchical cache Hierarchy.
[2014.12.02-01.57.16:280][  0]LogDerivedDataCache:Display: Pak cache opened for reading ../../../Engine/DerivedDataCache/DDC.ddp.
[2014.12.02-01.57.16:291][  0]LogDerivedDataCache: Using Local data cache path C:/Users/Matt/AppData/Local/UnrealEngine/Common/DerivedDataCache: Writable
[2014.12.02-01.57.16:554][  0]LogCollisionProfile:Warning: Profile (UI) - Custom Channel Name = 'Weapon' hasn't been found
[2014.12.02-01.57.16:554][  0]LogCollisionProfile:Warning: Profile (UI) - Custom Channel Name = 'None' hasn't been found
[2014.12.02-01.57.16:707][  0]LogMeshUtilities: No automatic mesh reduction module available
[2014.12.02-01.57.16:707][  0]LogMeshUtilities: No automatic mesh merging module available
[2014.12.02-01.57.17:089][  0]LogInit: WinSock: version 1.1 (2.2), MaxSocks=32767, MaxUdp=65467
[2014.12.02-01.57.17:183][  0]LogSlate:Warning: Failed to load font data from '../../../Engine/Content/Slate/Fonts/Roboto-Italic.ttf'
[2014.12.02-01.57.19:116][  0]UdpMessaging: Initializing bridge on interface 0.0.0.0:0 to multicast group 230.0.0.1:6666.
[2014.12.02-01.57.19:443][  0]LogDirectoryWatcher:Warning: Failed to begin reading directory changes for C:/Users/Matt/Projects/gaem/Binaries/Win64. Error: 0
[2014.12.02-01.57.19:649][  0]SourceControl: Info Source control is disabled
[2014.12.02-01.57.19:650][  0]SourceControl: Info Source control is disabled
[2014.12.02-01.57.19:659][  0]SourceControl: Info Source control is disabled
[2014.12.02-01.57.19:929][  0]LogObj: 23753 objects as part of root set at end of initial load.
[2014.12.02-01.57.19:929][  0]LogUObjectAllocator: 5167984 out of 0 bytes used by permanent object pool.
[2014.12.02-01.57.20:001][  0]LogEngine: Initializing Engine...
[2014.12.02-01.57.20:138][  0]LogInit: XAudio2 using 'Speakers (ASUS Xonar Essence STX Audio Device)' : 2 channels at 44.1 kHz using 16 bits per sample (channel mask 0x3)
[2014.12.02-01.57.20:175][  0]LogInit: FAudioDevice initialized.
[2014.12.02-01.57.20:206][  0]LogAIModule: Creating AISystem for world NewWorld
[2014.12.02-01.57.20:223][  0]LogDerivedDataCache: Saved boot cache 0.02s 39MB C:/Users/Matt/AppData/Local/UnrealEngine/4.6/DerivedDataCache/Boot.ddc.
[2014.12.02-01.57.20:225][  0]LogInit: Texture streaming: Enabled
[2014.12.02-01.57.20:268][  0]LogAnalytics: Creating configured Analytics provider AnalyticsET
[2014.12.02-01.57.20:268][  0]LogAnalytics: ET APIKey = Rocket.Release. APIServer = http://et2.epicgames.com/ET2/. AppVersion = 4.6.0-2357962+++depot+UE4-Releases+4.6
[2014.12.02-01.57.20:269][  0]LogAnalytics: SetUserId 29cd938a47b94f7ce2bf030cca733a32
[2014.12.02-01.57.20:269][  0]LogAnalytics: AnalyticsET::StartSession [Rocket.Release]
[2014.12.02-01.57.20:288][  0]LogInit: Transaction tracking system initialized
[2014.12.02-01.57.20:454][  0]BlueprintLog: New page: Editor Load
[2014.12.02-01.57.20:531][  0]LogAssetRegistry: FAssetRegistry took 0.0100 seconds to start up
[2014.12.02-01.57.20:531][  0]LogDirectoryWatcher:Warning: Failed to begin reading directory changes for ../../../Engine/Plugins/Experimental/CharacterAI/Content/. Error: 0
[2014.12.02-01.57.21:136][  0]LogTargetPlatformManager:Display: Building Assets For Windows
[2014.12.02-01.57.21:445][  0]LogTargetPlatformManager:Display: Building Assets For Windows
[2014.12.02-01.57.21:774][  0]LogConsoleResponse:Display: 
[2014.12.02-01.57.21:935][  0]LogCookOnTheFly:Display: Sandbox cleanup took 0.015 seconds
[2014.12.02-01.57.25:039][  0]LogCookOnTheFly:Display: Creating asset registry [is editor: 1]
[2014.12.02-01.57.25:039][  0]LogCookOnTheFly:Display: Done creating registry. It took  0.00s.
[2014.12.02-01.57.25:251][  0]SourceControl: Info Source control is disabled
[2014.12.02-01.57.25:251][  0]Cmd: MAP LOAD FILE="../../../../../../Users/Matt/Projects/gaem/Content/My2DMap.umap" TEMPLATE=0 SHOWPROGRESS=1
[2014.12.02-01.57.25:252][  0]LightingResults: New page: Lighting Build
[2014.12.02-01.57.25:264][  0]MapCheck: New page: Map Check
[2014.12.02-01.57.25:264][  0]LightingResults: New page: Lighting Build
[2014.12.02-01.57.25:269][  0]LogParticles: Destroying 0 GPU particle simulations for FXSystem 0x0000000015703600
[2014.12.02-01.57.25:430][  0]LogBlueprint:Error: [compiler] Error The current value of the ' Object Types ' pin is invalid: Array inputs (like 'Object Types') must have an input wired into them (try connecting a MakeArray node).
[2014.12.02-01.57.25:434][  0]LogBlueprint:Warning: [compiler] Warning [0018.55] Compile of Beam failed. 1 Fatal Issue(s) 0 Warning(s) [in 9 ms]
[2014.12.02-01.57.25:951][  0]LogEditorServer: Finished looking for orphan Actors (0.000 secs)
[2014.12.02-01.57.25:951][  0]LogAIModule: Creating AISystem for world My2DMap
[2014.12.02-01.57.25:951][  0]Cmd: MAP CHECKDEP
[2014.12.02-01.57.25:951][  0]MapCheck: New page: My2DMap - Dec 1, 2014, 3:57:25 PM
[2014.12.02-01.57.26:061][  0]MapCheck: Info Map check complete: 0 Error(s), 0 Warning(s), took 109.698ms to complete.
[2014.12.02-01.57.26:061][  0]LogFileHelpers: Loading map 'My2DMap' took 0.811
[2014.12.02-01.57.26:152][  0]LogCollectionManager: Loaded 0 collections in 0.001146 seconds
[2014.12.02-01.57.26:399][  0]LogCrashTracker: Crashtracker disabled due to settings.
[2014.12.02-01.57.26:404][  0]LogUObjectGlobals:Warning: Failed to find object 'Class None.'
[2014.12.02-01.57.26:428][  0]LogLoad: Full Startup: 19.54 seconds (BP compile: 0.14 seconds)
[2014.12.02-01.57.26:771][  0]LogContentBrowser:Verbose: The content browser source was changed by the sources view to '/Game/Particles'
[2014.12.02-01.57.26:899][  0]LogRenderer:Warning: Reallocating scene render targets to support 888x872.
[2014.12.02-01.57.27:438][  2]LogAssetRegistry: Asset discovery search completed in 6.9173 seconds
[2014.12.02-01.57.41:422][750]LogPhysics:Warning: PHYSX: ..\..\PhysXExtensions\src\ExtRigidBodyExt.cpp (234) 4 : computeMassAndInertia: Dynamic actor with illegal collision shapes
[2014.12.02-01.57.41:422][750]LogPhysics:Warning: PHYSX: ..\..\PhysXExtensions\src\ExtRigidBodyExt.cpp (283) 4 : PxRigidBodyExt::updateMassAndInertia: Mass and inertia computation failed, setting mass to 1 and inertia to (1,1,1)
[2014.12.02-01.57.41:451][750]LogLinker:Warning: Asset '../../../Engine/Content/EditorMaterials/Cascade/CASC_Lights.uasset' has been saved with empty engine version. The asset will be loaded but may be incompatible.
[2014.12.02-01.57.41:609][750]LogRenderer:Warning: Reallocating scene render targets to support 896x872.
[2014.12.02-01.57.41:617][750]LogRenderer:Warning: Reallocating scene render targets to support 1080x872.
[2014.12.02-01.57.50:581][748]LogTexture:Display: Building textures: ThumbnailTexture (BGRA8)
[2014.12.02-01.57.53:417][ 56]Cmd: OBJ SAVEPACKAGE PACKAGE="/Game/Particles/P_Beam" FILE="../../../../../../Users/Matt/Projects/gaem/Content/Particles/P_Beam.uasset" SILENT=true
[2014.12.02-01.57.53:606][ 56]LogTexture:Display: Building textures: ThumbnailTexture (DXT1)
[2014.12.02-01.57.54:637][ 56]LogSavePackage: Save=1032.678711ms
[2014.12.02-01.57.54:637][ 56]LogSavePackage: Moving '../../../../../../Users/Matt/Projects/gaem/Saved/P_Beam87E3087946A8A088A509BA98D70C0BF8.tmp' to '../../../../../../Users/Matt/Projects/gaem/Content/Particles/P_Beam.uasset'
[2014.12.02-01.57.55:360][136]LogCascade: Quitting Cascade. FXSystem=0x000000000EE80180
[2014.12.02-01.57.57:671][388]LogPlayLevel: PIE:  No blueprints needed recompiling
[2014.12.02-01.58.01:580][525]LogPlayLevel: PIE:  No blueprints needed recompiling
[2014.12.02-01.58.08:961][ 54]LogContentBrowser:Verbose: The content browser source was changed by the sources view to '/Game/Blueprints'
[2014.12.02-01.58.10:808][193]LogPropertyNode:Warning: UI Min (0.001) >= UI Max () for Ranged Numeric
[2014.12.02-01.58.10:812][193]LogPropertyNode:Warning: UI Min (0.001) >= UI Max () for Ranged Numeric
[2014.12.02-01.58.10:861][193]LogPropertyNode:Warning: UI Min (0.001) >= UI Max () for Ranged Numeric
[2014.12.02-01.58.10:861][193]LogPropertyNode:Warning: UI Min (0.001) >= UI Max () for Ranged Numeric
[2014.12.02-01.58.26:045][336]BlueprintLog: New page: Pre-PIE auto-recompile
[2014.12.02-01.58.26:048][336]LogPlayLevel: [PIE] Compiling Tutorial_BP_MacroLib before PIE...
[2014.12.02-01.58.26:081][336]LogActorComponent: UnregisterComponent: (/Engine/Transient.AIPerceptionComponent_0) Not registered. Aborting.
[2014.12.02-01.58.26:081][336]LogActorComponent: UnregisterComponent: (/Engine/Transient.CharacterMovementComponent_0) Not registered. Aborting.
[2014.12.02-01.58.26:098][336]LogParticles: Destroying 0 GPU particle simulations for FXSystem 0x000000000EE80180
[2014.12.02-01.58.26:104][336]LogPlayLevel: PIE:  Blueprint regeneration took 58 ms (1 blueprints)
[2014.12.02-01.58.26:669][336]PIE: New page: PIE session: My2DMap (Dec 1, 2014, 3:58:26 PM)
[2014.12.02-01.58.26:671][336]LogPlayLevel: PIE: StaticDuplicateObject took: (0.001467s)
[2014.12.02-01.58.26:671][336]LogPlayLevel: PIE: World Init took: (0.000333s)
[2014.12.02-01.58.26:672][336]LogPlayLevel: PIE: Created PIE world by copying editor world from /Game/My2DMap.My2DMap to /Game/UEDPIE_0_My2DMap.My2DMap (0.001990s)
[2014.12.02-01.58.26:721][336]LogWorld: Game class is 'PaperGameMode_C'
[2014.12.02-01.58.26:722][336]LogAIModule: Creating AISystem for world My2DMap
[2014.12.02-01.58.26:723][336]LogWorld: Bringing World /Game/UEDPIE_0_My2DMap.My2DMap up for play (max tick rate 0) at 2014.12.01-20.58.26
[2014.12.02-01.58.26:723][336]LogWorld: Bringing up level for play took: 0.001249
[2014.12.02-01.58.26:725][336]PIE: Info Play in editor start time for /Game/UEDPIE_0_My2DMap 0.87
[2014.12.02-01.58.29:230][626]LogParticles: Destroying 0 GPU particle simulations for FXSystem 0x000000000E103C40
[2014.12.02-01.58.43:801][846]BlueprintLog: New page: Compile Beam
[2014.12.02-01.58.43:842][846]LogActorComponent: UnregisterComponent: (/Engine/Transient.AIPerceptionComponent_1) Not registered. Aborting.
[2014.12.02-01.58.43:842][846]LogActorComponent: UnregisterComponent: (/Engine/Transient.CharacterMovementComponent_1) Not registered. Aborting.
[2014.12.02-01.58.43:898][846]Cmd: OBJ SAVEPACKAGE PACKAGE="/Game/Blueprints/Beam" FILE="../../../../../../Users/Matt/Projects/gaem/Content/Blueprints/Beam.uasset" SILENT=true
[2014.12.02-01.58.44:013][846]LogSavePackage: Save=16.364779ms
[2014.12.02-01.58.44:013][846]LogSavePackage: Moving '../../../../../../Users/Matt/Projects/gaem/Saved/Beam8EF0A9E044F3EFEFA10CC4ADFE06609A.tmp' to '../../../../../../Users/Matt/Projects/gaem/Content/Blueprints/Beam.uasset'
[2014.12.02-01.58.44:020][846]BlueprintEditorCompileResults: Info [0097.14] Compile of Beam successful! [in 206 ms]
[2014.12.02-01.58.45:812][997]LogPlayLevel: PIE:  No blueprints needed recompiling
[2014.12.02-01.58.45:812][997]PIE: New page: PIE session: My2DMap (Dec 1, 2014, 3:58:45 PM)
[2014.12.02-01.58.45:813][997]LogPlayLevel: PIE: StaticDuplicateObject took: (0.001130s)
[2014.12.02-01.58.45:813][997]LogPlayLevel: PIE: World Init took: (0.000334s)
[2014.12.02-01.58.45:813][997]LogPlayLevel: PIE: Created PIE world by copying editor world from /Game/My2DMap.My2DMap to /Game/UEDPIE_0_My2DMap.My2DMap (0.001589s)
[2014.12.02-01.58.45:842][997]LogWorld: Game class is 'PaperGameMode_C'
[2014.12.02-01.58.45:843][997]LogAIModule: Creating AISystem for world My2DMap
[2014.12.02-01.58.45:844][997]LogWorld: Bringing World /Game/UEDPIE_0_My2DMap.My2DMap up for play (max tick rate 0) at 2014.12.01-20.58.45
[2014.12.02-01.58.45:844][997]LogWorld: Bringing up level for play took: 0.001037
[2014.12.02-01.58.45:845][997]PIE: Info Play in editor start time for /Game/UEDPIE_0_My2DMap -0.011
[2014.12.02-01.58.51:073][623]LogBlueprintUserMessages: Hello
[2014.12.02-01.58.53:533][918]LogBlueprintUserMessages: Hello
[2014.12.02-01.58.56:308][251]LogBlueprintUserMessages: Hello
[2014.12.02-01.58.58:100][466]LogBlueprintUserMessages: Hello
[2014.12.02-01.59.26:110][827]LogBlueprintUserMessages: Hello
[2014.12.02-01.59.29:852][276]LogBlueprintUserMessages: Hello
[2014.12.02-01.59.34:910][883]LogBlueprintUserMessages: Hello
[2014.12.02-01.59.39:194][397]LogBlueprintUserMessages: Hello
[2014.12.02-01.59.39:294][409]LogBlueprintUserMessages: Hello
[2014.12.02-01.59.42:394][781]LogBlueprintUserMessages: Hello
[2014.12.02-02.00.23:670][726]LogParticles: Destroying 0 GPU particle simulations for FXSystem 0x000000002616EE80
[2014.12.02-02.00.33:155][336]LogRenderer:Warning: Reallocating scene render targets to support 1096x872.
[2014.12.02-02.00.36:192][637]LogPropertyNode:Warning: UI Min (0.001) >= UI Max () for Ranged Numeric
[2014.12.02-02.00.36:938][707]LogPropertyNode:Warning: UI Min (0.001) >= UI Max () for Ranged Numeric
[2014.12.02-02.00.37:475][759]LogPropertyNode:Warning: UI Min (0.001) >= UI Max () for Ranged Numeric
[2014.12.02-02.00.38:608][859]LogPropertyNode:Warning: UI Min (0.001) >= UI Max () for Ranged Numeric
[2014.12.02-02.00.39:193][911]LogPropertyNode:Warning: UI Min (0.001) >= UI Max () for Ranged Numeric
[2014.12.02-02.00.39:985][979]LogPropertyNode:Warning: UI Min (0.001) >= UI Max () for Ranged Numeric
[2014.12.02-02.00.40:868][ 56]LogPropertyNode:Warning: UI Min (0.001) >= UI Max () for Ranged Numeric
[2014.12.02-02.01.18:884][498]BlueprintLog: New page: Compile MyCharacter
[2014.12.02-02.01.18:958][498]LogPropertyNode:Warning: UI Min (0.001) >= UI Max () for Ranged Numeric
[2014.12.02-02.01.18:958][498]LogPropertyNode:Warning: UI Min (0.001) >= UI Max () for Ranged Numeric
[2014.12.02-02.01.19:000][498]LogActorComponent: UnregisterComponent: (/Engine/Transient.AIPerceptionComponent_2) Not registered. Aborting.
[2014.12.02-02.01.19:000][498]LogActorComponent: UnregisterComponent: (/Engine/Transient.CharacterMovementComponent_2) Not registered. Aborting.
[2014.12.02-02.01.19:047][498]LogPropertyNode:Warning: UI Min (0.001) >= UI Max () for Ranged Numeric
[2014.12.02-02.01.19:048][498]LogPropertyNode:Warning: UI Min (0.001) >= UI Max () for Ranged Numeric
[2014.12.02-02.01.19:127][498]Cmd: OBJ SAVEPACKAGE PACKAGE="/Game/Blueprints/MyCharacter" FILE="../../../../../../Users/Matt/Projects/gaem/Content/Blueprints/MyCharacter.uasset" SILENT=true
[2014.12.02-02.01.19:506][498]LogSavePackage: Save=281.719391ms
[2014.12.02-02.01.19:506][498]LogSavePackage: Moving '../../../../../../Users/Matt/Projects/gaem/Saved/MyCharacter1E5E2DEF4822E29C329A7281B4D4325C.tmp' to '../../../../../../Users/Matt/Projects/gaem/Content/Blueprints/MyCharacter.uasset'
[2014.12.02-02.01.19:512][498]BlueprintEditorCompileResults: Info [0252.63] Compile of MyCharacter successful! [in 597 ms]
[2014.12.02-02.01.21:160][623]BlueprintLog: New page: Pre-PIE auto-recompile
[2014.12.02-02.01.21:164][623]LogPlayLevel: [PIE] Compiling LiftBlueprint before PIE...
[2014.12.02-02.01.21:214][623]LogActorComponent: UnregisterComponent: (/Engine/Transient.CharacterMovementComponent_3) Not registered. Aborting.
[2014.12.02-02.01.21:228][623]LogPlayLevel: PIE:  Blueprint regeneration took 67 ms (1 blueprints)
[2014.12.02-02.01.21:228][623]PIE: New page: PIE session: My2DMap (Dec 1, 2014, 4:01:21 PM)
[2014.12.02-02.01.21:229][623]LogPlayLevel: PIE: StaticDuplicateObject took: (0.001277s)
[2014.12.02-02.01.21:230][623]LogPlayLevel: PIE: World Init took: (0.000347s)
[2014.12.02-02.01.21:230][623]LogPlayLevel: PIE: Created PIE world by copying editor world from /Game/My2DMap.My2DMap to /Game/UEDPIE_0_My2DMap.My2DMap (0.001745s)
[2014.12.02-02.01.21:260][623]LogWorld: Game class is 'PaperGameMode_C'
[2014.12.02-02.01.21:261][623]LogAIModule: Creating AISystem for world My2DMap
[2014.12.02-02.01.21:262][623]LogWorld: Bringing World /Game/UEDPIE_0_My2DMap.My2DMap up for play (max tick rate 0) at 2014.12.01-21.01.21
[2014.12.02-02.01.21:262][623]LogWorld: Bringing up level for play took: 0.001031
[2014.12.02-02.01.21:263][623]PIE: Info Play in editor start time for /Game/UEDPIE_0_My2DMap -0.593
[2014.12.02-02.01.24:234][967]LogBlueprintUserMessages: Hello
[2014.12.02-02.01.24:242][968]LogBlueprintUserMessages: Hello
[2014.12.02-02.01.25:217][ 85]LogBlueprintUserMessages: Hello
[2014.12.02-02.01.25:251][ 89]LogBlueprintUserMessages: Hello
[2014.12.02-02.01.25:684][141]LogBlueprintUserMessages: Hello
[2014.12.02-02.01.25:926][164]LogParticles: Destroying 0 GPU particle simulations for FXSystem 0x0000000006287A60
[2014.12.02-02.01.36:403][187]LogPropertyNode:Warning: UI Min (0) >= UI Max () for Ranged Numeric
[2014.12.02-02.01.36:404][187]LogPropertyNode:Warning: UI Min (0) >= UI Max () for Ranged Numeric
[2014.12.02-02.01.42:259][765]BlueprintLog: New page: Compile MyBullet
[2014.12.02-02.01.42:301][765]LogActorComponent: UnregisterComponent: (/Engine/Transient.AIPerceptionComponent_3) Not registered. Aborting.
[2014.12.02-02.01.42:301][765]LogActorComponent: UnregisterComponent: (/Engine/Transient.CharacterMovementComponent_4) Not registered. Aborting.
[2014.12.02-02.01.42:340][765]LogPropertyNode:Warning: UI Min (0.001) >= UI Max () for Ranged Numeric
[2014.12.02-02.01.42:340][765]LogPropertyNode:Warning: UI Min (0.001) >= UI Max () for Ranged Numeric
[2014.12.02-02.01.42:389][765]Cmd: OBJ SAVEPACKAGE PACKAGE="/Game/Blueprints/MyBullet" FILE="../../../../../../Users/Matt/Projects/gaem/Content/Blueprints/MyBullet.uasset" SILENT=true
[2014.12.02-02.01.42:497][765]LogSavePackage: Save=8.890459ms
[2014.12.02-02.01.42:497][765]LogSavePackage: Moving '../../../../../../Users/Matt/Projects/gaem/Saved/MyBulletA19F64DE4B1CE9742A42E9B780161853.tmp' to '../../../../../../Users/Matt/Projects/gaem/Content/Blueprints/MyBullet.uasset'
[2014.12.02-02.01.42:504][765]BlueprintEditorCompileResults: Info [0275.62] Compile of MyBullet successful! [in 241 ms]
[2014.12.02-02.01.42:909][805]Cmd: OBJ SAVEPACKAGE PACKAGE="/Game/Blueprints/MyBullet" FILE="../../../../../../Users/Matt/Projects/gaem/Content/Blueprints/MyBullet.uasset" SILENT=true
[2014.12.02-02.01.43:015][805]LogSavePackage: Save=8.854802ms
[2014.12.02-02.01.43:015][805]LogSavePackage: Moving '../../../../../../Users/Matt/Projects/gaem/Saved/MyBulletB572E6954F9DE7CB582277A1F582F149.tmp' to '../../../../../../Users/Matt/Projects/gaem/Content/Blueprints/MyBullet.uasset'
[2014.12.02-02.01.45:280][ 62]BlueprintLog: New page: Pre-PIE auto-recompile
[2014.12.02-02.01.45:303][ 62]LogPropertyNode:Warning: UI Min (0.001) >= UI Max () for Ranged Numeric
[2014.12.02-02.01.45:303][ 62]LogPropertyNode:Warning: UI Min (0.001) >= UI Max () for Ranged Numeric
[2014.12.02-02.01.45:319][ 62]LogActorComponent: UnregisterComponent: (/Engine/Transient.CharacterMovementComponent_5) Not registered. Aborting.
[2014.12.02-02.01.45:319][ 62]LogPlayLevel: [PIE] Compiling MyCharacter before PIE...
[2014.12.02-02.01.45:399][ 62]LogPropertyNode:Warning: UI Min (0.001) >= UI Max () for Ranged Numeric
[2014.12.02-02.01.45:399][ 62]LogPropertyNode:Warning: UI Min (0.001) >= UI Max () for Ranged Numeric
[2014.12.02-02.01.45:462][ 62]LogPropertyNode:Warning: UI Min (0.001) >= UI Max () for Ranged Numeric
[2014.12.02-02.01.45:463][ 62]LogPropertyNode:Warning: UI Min (0.001) >= UI Max () for Ranged Numeric
[2014.12.02-02.01.45:487][ 62]LogPlayLevel: [PIE] Compiling LiftBlueprint before PIE...
[2014.12.02-02.01.45:553][ 62]LogPlayLevel: PIE:  Blueprint regeneration took 272 ms (2 blueprints)
[2014.12.02-02.01.45:553][ 62]PIE: New page: PIE session: My2DMap (Dec 1, 2014, 4:01:45 PM)
[2014.12.02-02.01.45:554][ 62]LogPlayLevel: PIE: StaticDuplicateObject took: (0.001287s)
[2014.12.02-02.01.45:555][ 62]LogPlayLevel: PIE: World Init took: (0.000344s)
[2014.12.02-02.01.45:555][ 62]LogPlayLevel: PIE: Created PIE world by copying editor world from /Game/My2DMap.My2DMap to /Game/UEDPIE_0_My2DMap.My2DMap (0.001742s)
[2014.12.02-02.01.45:584][ 62]LogWorld: Game class is 'PaperGameMode_C'
[2014.12.02-02.01.45:585][ 62]LogAIModule: Creating AISystem for world My2DMap
[2014.12.02-02.01.45:586][ 62]LogWorld: Bringing World /Game/UEDPIE_0_My2DMap.My2DMap up for play (max tick rate 0) at 2014.12.01-21.01.45
[2014.12.02-02.01.45:586][ 62]LogWorld: Bringing up level for play took: 0.001043
[2014.12.02-02.01.45:587][ 62]PIE: Info Play in editor start time for /Game/UEDPIE_0_My2DMap -0.27
[2014.12.02-02.01.48:240][378]LogBlueprintUserMessages: Hello
[2014.12.02-02.01.48:398][397]LogBlueprintUserMessages: Hello
[2014.12.02-02.01.48:448][403]LogBlueprintUserMessages: Hello
[2014.12.02-02.01.48:507][410]LogBlueprintUserMessages: Hello
[2014.12.02-02.01.48:640][426]LogBlueprintUserMessages: Hello
[2014.12.02-02.01.52:244][855]LogActorComponent: UnregisterComponent: (/Engine/Transient.CharacterMovementComponent_6) Not registered. Aborting.
[2014.12.02-02.01.52:271][856]LogParticles: Destroying 0 GPU particle simulations for FXSystem 0x000000000C9DA3E0
[2014.12.02-02.01.59:391][483]LogEditorViewport: Clicking on Actor (LMB): PlayerStart (PlayerStart)
[2014.12.02-02.02.10:213][501]LogActorComponent: UnregisterComponent: (/Engine/Transient.AIPerceptionComponent_4) Not registered. Aborting.
[2014.12.02-02.02.10:213][501]LogActorComponent: UnregisterComponent: (/Engine/Transient.CharacterMovementComponent_7) Not registered. Aborting.
[2014.12.02-02.02.11:012][573]BlueprintLog: New page: Compile MyCharacter
[2014.12.02-02.02.11:089][573]LogPropertyNode:Warning: UI Min (0.001) >= UI Max () for Ranged Numeric
[2014.12.02-02.02.11:090][573]LogPropertyNode:Warning: UI Min (0.001) >= UI Max () for Ranged Numeric
[2014.12.02-02.02.11:131][573]LogActorComponent: UnregisterComponent: (/Engine/Transient.CharacterMovementComponent_8) Not registered. Aborting.
[2014.12.02-02.02.11:167][573]LogPropertyNode:Warning: UI Min (0.001) >= UI Max () for Ranged Numeric
[2014.12.02-02.02.11:168][573]LogPropertyNode:Warning: UI Min (0.001) >= UI Max () for Ranged Numeric
[2014.12.02-02.02.11:250][573]Cmd: OBJ SAVEPACKAGE PACKAGE="/Game/Blueprints/MyCharacter" FILE="../../../../../../Users/Matt/Projects/gaem/Content/Blueprints/MyCharacter.uasset" SILENT=true
[2014.12.02-02.02.11:625][573]LogSavePackage: Save=278.190826ms
[2014.12.02-02.02.11:625][573]LogSavePackage: Moving '../../../../../../Users/Matt/Projects/gaem/Saved/MyCharacter89EBF47E49DE48918A5E5A825D688DE0.tmp' to '../../../../../../Users/Matt/Projects/gaem/Content/Blueprints/MyCharacter.uasset'
[2014.12.02-02.02.11:631][573]BlueprintEditorCompileResults: Info [0304.75] Compile of MyCharacter successful! [in 586 ms]
[2014.12.02-02.02.12:730][678]BlueprintLog: New page: Pre-PIE auto-recompile
[2014.12.02-02.02.12:733][678]LogPlayLevel: [PIE] Compiling LiftBlueprint before PIE...
[2014.12.02-02.02.12:783][678]LogActorComponent: UnregisterComponent: (/Engine/Transient.CharacterMovementComponent_9) Not registered. Aborting.
[2014.12.02-02.02.12:797][678]LogPlayLevel: PIE:  Blueprint regeneration took 67 ms (1 blueprints)
[2014.12.02-02.02.12:797][678]PIE: New page: PIE session: My2DMap (Dec 1, 2014, 4:02:12 PM)
[2014.12.02-02.02.12:799][678]LogPlayLevel: PIE: StaticDuplicateObject took: (0.001320s)
[2014.12.02-02.02.12:799][678]LogPlayLevel: PIE: World Init took: (0.000346s)
[2014.12.02-02.02.12:799][678]LogPlayLevel: PIE: Created PIE world by copying editor world from /Game/My2DMap.My2DMap to /Game/UEDPIE_0_My2DMap.My2DMap (0.001779s)
[2014.12.02-02.02.12:824][678]LogWorld: Game class is 'PaperGameMode_C'
[2014.12.02-02.02.12:825][678]LogAIModule: Creating AISystem for world My2DMap
[2014.12.02-02.02.12:826][678]LogWorld: Bringing World /Game/UEDPIE_0_My2DMap.My2DMap up for play (max tick rate 0) at 2014.12.01-21.02.12
[2014.12.02-02.02.12:826][678]LogWorld: Bringing up level for play took: 0.001052
[2014.12.02-02.02.12:827][678]PIE: Info Play in editor start time for /Game/UEDPIE_0_My2DMap 0.97
[2014.12.02-02.02.15:694][ 20]LogBlueprintUserMessages: Hello
[2014.12.02-02.02.15:719][ 23]LogBlueprintUserMessages: Hello
[2014.12.02-02.02.15:753][ 27]LogBlueprintUserMessages: Hello
[2014.12.02-02.02.15:786][ 31]LogBlueprintUserMessages: Hello
[2014.12.02-02.02.15:844][ 38]LogBlueprintUserMessages: Hello
[2014.12.02-02.02.15:903][ 45]LogBlueprintUserMessages: Hello
[2014.12.02-02.02.15:961][ 52]LogBlueprintUserMessages: Hello
[2014.12.02-02.02.16:028][ 60]LogBlueprintUserMessages: Hello
[2014.12.02-02.02.16:262][ 88]LogBlueprintUserMessages: Hello
[2014.12.02-02.02.16:328][ 96]LogBlueprintUserMessages: Hello
[2014.12.02-02.02.16:387][103]LogBlueprintUserMessages: Hello
[2014.12.02-02.02.16:453][111]LogBlueprintUserMessages: Hello
[2014.12.02-02.02.16:511][118]LogBlueprintUserMessages: Hello
[2014.12.02-02.02.16:578][126]LogBlueprintUserMessages: Hello
[2014.12.02-02.02.16:645][134]LogBlueprintUserMessages: Hello
[2014.12.02-02.02.16:695][140]LogBlueprintUserMessages: Hello
[2014.12.02-02.02.16:754][147]LogBlueprintUserMessages: Hello
[2014.12.02-02.02.16:795][152]LogBlueprintUserMessages: Hello
[2014.12.02-02.02.16:845][158]LogBlueprintUserMessages: Hello
[2014.12.02-02.02.16:887][163]LogBlueprintUserMessages: Hello
[2014.12.02-02.02.16:928][168]LogBlueprintUserMessages: Hello
[2014.12.02-02.02.16:970][173]LogBlueprintUserMessages: Hello
[2014.12.02-02.02.17:003][177]LogBlueprintUserMessages: Hello
[2014.12.02-02.02.17:038][181]LogBlueprintUserMessages: Hello
[2014.12.02-02.02.17:079][186]LogBlueprintUserMessages: Hello
[2014.12.02-02.02.17:114][190]LogBlueprintUserMessages: Hello
[2014.12.02-02.02.17:148][194]LogBlueprintUserMessages: Hello
[2014.12.02-02.02.17:190][199]LogBlueprintUserMessages: Hello
[2014.12.02-02.02.17:232][204]LogBlueprintUserMessages: Hello
[2014.12.02-02.02.17:273][209]LogBlueprintUserMessages: Hello
[2014.12.02-02.02.17:315][214]LogBlueprintUserMessages: Hello
[2014.12.02-02.02.17:365][220]LogBlueprintUserMessages: Hello
[2014.12.02-02.02.17:415][226]LogBlueprintUserMessages: Hello
[2014.12.02-02.02.17:465][232]LogBlueprintUserMessages: Hello
[2014.12.02-02.02.17:515][238]LogBlueprintUserMessages: Hello
[2014.12.02-02.02.17:565][244]LogBlueprintUserMessages: Hello
[2014.12.02-02.02.17:615][250]LogBlueprintUserMessages: Hello
[2014.12.02-02.02.17:665][256]LogBlueprintUserMessages: Hello
[2014.12.02-02.02.17:715][262]LogBlueprintUserMessages: Hello
[2014.12.02-02.02.17:765][268]LogBlueprintUserMessages: Hello
[2014.12.02-02.02.17:815][274]LogBlueprintUserMessages: Hello
[2014.12.02-02.02.17:866][280]LogBlueprintUserMessages: Hello
[2014.12.02-02.02.17:916][286]LogBlueprintUserMessages: Hello
[2014.12.02-02.02.17:966][292]LogBlueprintUserMessages: Hello
[2014.12.02-02.02.18:016][298]LogBlueprintUserMessages: Hello
[2014.12.02-02.02.18:066][304]LogBlueprintUserMessages: Hello
[2014.12.02-02.02.18:116][310]LogBlueprintUserMessages: Hello
[2014.12.02-02.02.18:166][316]LogBlueprintUserMessages: Hello
[2014.12.02-02.02.18:216][322]LogBlueprintUserMessages: Hello
[2014.12.02-02.02.18:266][328]LogBlueprintUserMessages: Hello
[2014.12.02-02.02.18:316][334]LogBlueprintUserMessages: Hello
[2014.12.02-02.02.18:366][340]LogBlueprintUserMessages: Hello
[2014.12.02-02.02.18:416][346]LogBlueprintUserMessages: Hello
[2014.12.02-02.02.18:466][352]LogBlueprintUserMessages: Hello
[2014.12.02-02.02.18:516][358]LogBlueprintUserMessages: Hello
[2014.12.02-02.02.18:566][364]LogBlueprintUserMessages: Hello
[2014.12.02-02.02.18:616][370]LogBlueprintUserMessages: Hello
[2014.12.02-02.02.18:666][376]LogBlueprintUserMessages: Hello
[2014.12.02-02.02.18:716][382]LogBlueprintUserMessages: Hello
[2014.12.02-02.02.18:766][388]LogBlueprintUserMessages: Hello
[2014.12.02-02.02.18:816][394]LogBlueprintUserMessages: Hello
[2014.12.02-02.02.18:866][400]LogBlueprintUserMessages: Hello
[2014.12.02-02.02.18:916][406]LogBlueprintUserMessages: Hello
[2014.12.02-02.02.18:966][412]LogBlueprintUserMessages: Hello
[2014.12.02-02.02.19:016][418]LogBlueprintUserMessages: Hello
[2014.12.02-02.02.19:066][424]LogBlueprintUserMessages: Hello
[2014.12.02-02.02.19:116][430]LogBlueprintUserMessages: Hello
[2014.12.02-02.02.19:166][436]LogBlueprintUserMessages: Hello
[2014.12.02-02.02.19:217][442]LogBlueprintUserMessages: Hello
[2014.12.02-02.02.19:484][474]LogBlueprintUserMessages: Hello
[2014.12.02-02.02.24:029][ 18]LogBlueprintUserMessages: Hello
[2014.12.02-02.02.31:238][880]LogBlueprintUserMessages: Hello
[2014.12.02-02.02.31:374][896]LogBlueprintUserMessages: Hello
[2014.12.02-02.02.31:424][902]LogBlueprintUserMessages: Hello
[2014.12.02-02.02.31:474][908]LogBlueprintUserMessages: Hello
[2014.12.02-02.02.31:524][914]LogBlueprintUserMessages: Hello
[2014.12.02-02.02.31:583][921]LogBlueprintUserMessages: Hello
[2014.12.02-02.02.31:642][928]LogBlueprintUserMessages: Hello
[2014.12.02-02.02.31:700][935]LogBlueprintUserMessages: Hello
[2014.12.02-02.02.31:767][943]LogBlueprintUserMessages: Hello
[2014.12.02-02.02.31:842][952]LogBlueprintUserMessages: Hello
[2014.12.02-02.02.31:926][962]LogBlueprintUserMessages: Hello
[2014.12.02-02.02.34:420][260]LogBlueprintUserMessages: Hello
[2014.12.02-02.02.34:445][263]LogBlueprintUserMessages: Hello
[2014.12.02-02.02.34:479][267]LogBlueprintUserMessages: Hello
[2014.12.02-02.02.34:512][271]LogBlueprintUserMessages: Hello
[2014.12.02-02.02.34:554][276]LogBlueprintUserMessages: Hello
[2014.12.02-02.02.34:596][281]LogBlueprintUserMessages: Hello
[2014.12.02-02.02.34:638][286]LogBlueprintUserMessages: Hello
[2014.12.02-02.02.34:680][291]LogBlueprintUserMessages: Hello
[2014.12.02-02.02.34:689][292]LogBlueprintUserMessages: Hello
[2014.12.02-02.02.34:739][298]LogBlueprintUserMessages: Hello
[2014.12.02-02.02.34:790][304]LogBlueprintUserMessages: Hello
[2014.12.02-02.02.39:555][871]LogBlueprintUserMessages: Hello
[2014.12.02-02.02.39:699][888]LogBlueprintUserMessages: Hello
[2014.12.02-02.02.39:750][894]LogBlueprintUserMessages: Hello
[2014.12.02-02.02.39:801][900]LogBlueprintUserMessages: Hello
[2014.12.02-02.02.39:851][906]LogBlueprintUserMessages: Hello
[2014.12.02-02.02.39:902][912]LogBlueprintUserMessages: Hello
[2014.12.02-02.02.39:953][918]LogBlueprintUserMessages: Hello
[2014.12.02-02.02.40:004][924]LogBlueprintUserMessages: Hello
[2014.12.02-02.02.42:612][234]LogBlueprintUserMessages: Hello
[2014.12.02-02.02.42:990][279]LogBlueprintUserMessages: Hello
[2014.12.02-02.02.44:783][493]LogBlueprintUserMessages: Hello
[2014.12.02-02.02.47:000][755]LogBlueprintUserMessages: Hello
[2014.12.02-02.02.47:129][770]LogBlueprintUserMessages: Hello
[2014.12.02-02.02.47:181][776]LogBlueprintUserMessages: Hello
[2014.12.02-02.02.47:233][782]LogBlueprintUserMessages: Hello
[2014.12.02-02.02.47:287][788]LogBlueprintUserMessages: Hello
[2014.12.02-02.02.47:351][795]LogBlueprintUserMessages: Hello
[2014.12.02-02.02.47:946][865]LogBlueprintUserMessages: Hello
[2014.12.02-02.02.50:783][186]LogBlueprintUserMessages: Hello
[2014.12.02-02.02.50:932][202]LogBlueprintUserMessages: Hello
[2014.12.02-02.02.50:989][208]LogBlueprintUserMessages: Hello
[2014.12.02-02.02.51:047][214]LogBlueprintUserMessages: Hello
[2014.12.02-02.02.51:106][220]LogBlueprintUserMessages: Hello
[2014.12.02-02.02.51:181][228]LogBlueprintUserMessages: Hello
[2014.12.02-02.02.51:247][235]LogBlueprintUserMessages: Hello
[2014.12.02-02.02.51:323][243]LogBlueprintUserMessages: Hello
[2014.12.02-02.02.51:960][312]LogBlueprintUserMessages: Hello
[2014.12.02-02.02.52:668][390]LogBlueprintUserMessages: Hello
[2014.12.02-02.02.53:400][468]LogBlueprintUserMessages: Hello
[2014.12.02-02.02.53:418][470]LogBlueprintUserMessages: Hello
[2014.12.02-02.02.53:456][474]LogBlueprintUserMessages: Hello
[2014.12.02-02.02.53:512][480]LogBlueprintUserMessages: Hello
[2014.12.02-02.02.53:569][486]LogBlueprintUserMessages: Hello
[2014.12.02-02.02.53:626][492]LogBlueprintUserMessages: Hello
[2014.12.02-02.02.53:683][498]LogBlueprintUserMessages: Hello
[2014.12.02-02.03.22:693][216]LogBlueprintUserMessages: Hello
[2014.12.02-02.03.23:366][275]LogBlueprintUserMessages: Hello
[2014.12.02-02.03.23:602][296]LogBlueprintUserMessages: Hello
[2014.12.02-02.03.23:659][301]LogBlueprintUserMessages: Hello
[2014.12.02-02.03.23:705][305]LogBlueprintUserMessages: Hello
[2014.12.02-02.03.23:773][311]LogBlueprintUserMessages: Hello
[2014.12.02-02.03.24:567][380]LogBlueprintUserMessages: Hello
[2014.12.02-02.03.25:431][454]LogBlueprintUserMessages: Hello
[2014.12.02-02.03.26:192][520]LogBlueprintUserMessages: Hello
[2014.12.02-02.03.26:779][570]LogBlueprintUserMessages: Hello
[2014.12.02-02.03.27:243][609]LogBlueprintUserMessages: Hello
[2014.12.02-02.03.27:302][614]LogBlueprintUserMessages: Hello
[2014.12.02-02.03.27:777][654]LogBlueprintUserMessages: Hello
[2014.12.02-02.03.29:741][818]LogBlueprintUserMessages: Hello
[2014.12.02-02.03.30:318][866]LogBlueprintUserMessages: Hello
[2014.12.02-02.03.30:926][916]LogBlueprintUserMessages: Hello
[2014.12.02-02.03.30:991][921]LogBlueprintUserMessages: Hello
[2014.12.02-02.03.31:771][985]LogBlueprintUserMessages: Hello
[2014.12.02-02.03.32:539][ 48]LogBlueprintUserMessages: Hello
[2014.12.02-02.03.32:600][ 53]LogBlueprintUserMessages: Hello
[2014.12.02-02.03.33:901][160]LogBlueprintUserMessages: Hello
[2014.12.02-02.03.34:010][169]LogBlueprintUserMessages: Hello
[2014.12.02-02.03.35:106][258]LogBlueprintUserMessages: Hello
[2014.12.02-02.03.35:168][263]LogBlueprintUserMessages: Hello
[2014.12.02-02.03.35:240][269]LogBlueprintUserMessages: Hello
[2014.12.02-02.03.36:298][355]LogBlueprintUserMessages: Hello
[2014.12.02-02.03.36:360][360]LogBlueprintUserMessages: Hello
[2014.12.02-02.03.36:433][366]LogBlueprintUserMessages: Hello
[2014.12.02-02.03.37:526][454]LogBlueprintUserMessages: Hello
[2014.12.02-02.03.37:599][460]LogBlueprintUserMessages: Hello
[2014.12.02-02.03.37:673][466]LogBlueprintUserMessages: Hello
[2014.12.02-02.03.38:968][570]LogBlueprintUserMessages: Hello
[2014.12.02-02.03.39:005][573]LogBlueprintUserMessages: Hello
[2014.12.02-02.03.39:878][642]LogBlueprintUserMessages: Hello
[2014.12.02-02.03.39:941][647]LogBlueprintUserMessages: Hello
[2014.12.02-02.03.40:852][719]LogBlueprintUserMessages: Hello
[2014.12.02-02.03.40:878][721]LogBlueprintUserMessages: Hello
[2014.12.02-02.03.40:942][726]LogBlueprintUserMessages: Hello
[2014.12.02-02.03.41:704][785]LogBlueprintUserMessages: Hello
[2014.12.02-02.03.41:755][789]LogBlueprintUserMessages: Hello
[2014.12.02-02.03.41:805][793]LogBlueprintUserMessages: Hello
[2014.12.02-02.03.41:858][797]LogBlueprintUserMessages: Hello
[2014.12.02-02.03.41:909][801]LogBlueprintUserMessages: Hello
[2014.12.02-02.03.41:960][805]LogBlueprintUserMessages: Hello
[2014.12.02-02.03.42:011][809]LogBlueprintUserMessages: Hello
[2014.12.02-02.03.42:087][815]LogBlueprintUserMessages: Hello
[2014.12.02-02.03.43:782][945]LogBlueprintUserMessages: Hello
[2014.12.02-02.03.43:820][948]LogBlueprintUserMessages: Hello
[2014.12.02-02.03.43:899][954]LogBlueprintUserMessages: Hello
[2014.12.02-02.03.45:079][ 44]LogBlueprintUserMessages: Hello
[2014.12.02-02.03.45:171][ 51]LogBlueprintUserMessages: Hello
[2014.12.02-02.03.46:401][144]LogBlueprintUserMessages: Hello
[2014.12.02-02.03.46:494][151]LogBlueprintUserMessages: Hello
[2014.12.02-02.03.49:661][392]LogParticles: Destroying 0 GPU particle simulations for FXSystem 0x000000000CF694E0
[2014.12.02-02.03.50:419][459]Cmd: OBJ SAVEPACKAGE PACKAGE="/Game/My2DMap" FILE="../../../../../../Users/Matt/Projects/gaem/Content/My2DMap.umap" SILENT=true AUTOSAVING=false KEEPDIRTY=false
[2014.12.02-02.03.50:540][459]LogSavePackage: Save=11.012422ms
[2014.12.02-02.03.50:540][459]LogSavePackage: Moving '../../../../../../Users/Matt/Projects/gaem/Saved/My2DMap741DB3FD4E7B56CCAFE7E4B887F246E1.tmp' to '../../../../../../Users/Matt/Projects/gaem/Content/My2DMap.umap'
[2014.12.02-02.03.50:593][459]LogFileHelpers: Saving map 'My2DMap' took 0.299
[2014.12.02-02.06.33:147][435]LogContentBrowser:Verbose: The content browser source was changed by the sources view to '/Paper2D'
[2014.12.02-02.06.34:637][602]LogContentBrowser:Verbose: The content browser source was changed by the sources view to '/Game/Particles'
[2014.12.02-02.06.34:861][627]LogContentBrowser:Verbose: The content browser source was changed by the sources view to '/Game/StarterContent'
[2014.12.02-02.06.35:146][659]LogContentBrowser:Verbose: The content browser source was changed by the sources view to '/Game/Sprites'
[2014.12.02-02.07.50:283][377]LogActorComponent: UnregisterComponent: (/Engine/Transient.AIPerceptionComponent_5) Not registered. Aborting.
[2014.12.02-02.07.50:283][377]LogActorComponent: UnregisterComponent: (/Engine/Transient.CharacterMovementComponent_10) Not registered. Aborting.
[2014.12.02-02.07.50:294][377]LogParticles: Destroying 0 GPU particle simulations for FXSystem 0x0000000019299940
[2014.12.02-02.07.51:529][377]Cmd: OBJ SAVEPACKAGE PACKAGE="/Game/My2DMap" FILE="../../../../../../Users/Matt/Projects/gaem/Content/My2DMap.umap" SILENT=true AUTOSAVING=false KEEPDIRTY=false
[2014.12.02-02.07.51:652][377]LogSavePackage: Save=14.764742ms
[2014.12.02-02.07.51:652][377]LogSavePackage: Moving '../../../../../../Users/Matt/Projects/gaem/Saved/My2DMap3C320CDF48D76D4E838A3E9B7BCBCCBD.tmp' to '../../../../../../Users/Matt/Projects/gaem/Content/My2DMap.umap'
[2014.12.02-02.07.51:706][377]LogFileHelpers: Saving map 'My2DMap' took 0.300
[2014.12.02-02.07.52:290][378]Cmd: QUIT_EDITOR
[2014.12.02-02.07.52:558][378]LogExit: Preparing to exit.
[2014.12.02-02.07.53:259][378]LogExit: Editor shut down
[2014.12.02-02.07.53:259][378]LogExit: Transaction tracking system shut down
[2014.12.02-02.07.53:260][378]LogParticles: Destroying 0 GPU particle simulations for FXSystem 0x000000000E56BA60
[2014.12.02-02.07.53:260][378]LogParticles: Destroying 0 GPU particle simulations for FXSystem 0x000000001EEA3420
[2014.12.02-02.07.53:260][378]LogParticles: Destroying 0 GPU particle simulations for FXSystem 0x000000001DEA2700
[2014.12.02-02.07.53:260][378]LogParticles: Destroying 0 GPU particle simulations for FXSystem 0x000000001B3C7740
[2014.12.02-02.07.53:261][378]LogParticles: Destroying 0 GPU particle simulations for FXSystem 0x000000000DFDE160
[2014.12.02-02.07.53:261][378]LogParticles: Destroying 0 GPU particle simulations for FXSystem 0x00000000232F7E20
[2014.12.02-02.07.53:295][378]LogExit: Object subsystem successfully closed.
[2014.12.02-02.07.53:344][378]LogModuleManager: Shutting down and abandoning module DistCurveEditor (174)
[2014.12.02-02.07.53:344][378]LogModuleManager: Shutting down and abandoning module Cascade (173)
[2014.12.02-02.07.53:344][378]LogModuleManager: Shutting down and abandoning module AndroidDeviceDetection (172)
[2014.12.02-02.07.53:344][378]LogModuleManager: Shutting down and abandoning module CrashTracker (171)
[2014.12.02-02.07.53:344][378]LogModuleManager: Shutting down and abandoning module SuperSearch (170)
[2014.12.02-02.07.53:344][378]LogModuleManager: Shutting down and abandoning module SceneOutliner (169)
[2014.12.02-02.07.53:344][378]LogModuleManager: Shutting down and abandoning module EditorWidgets (168)
[2014.12.02-02.07.53:344][378]LogModuleManager: Shutting down and abandoning module CollectionManager (167)
[2014.12.02-02.07.53:344][378]LogModuleManager: Shutting down and abandoning module StatsViewer (166)
[2014.12.02-02.07.53:344][378]LogModuleManager: Shutting down and abandoning module FoliageEdit (165)
[2014.12.02-02.07.53:344][378]LogModuleManager: Shutting down and abandoning module LandscapeEditor (164)
[2014.12.02-02.07.53:344][378]LogModuleManager: Shutting down and abandoning module MeshPaint (163)
[2014.12.02-02.07.53:344][378]LogModuleManager: Shutting down and abandoning module ActorPickerMode (162)
[2014.12.02-02.07.53:344][378]LogModuleManager: Shutting down and abandoning module GeometryMode (161)
[2014.12.02-02.07.53:344][378]LogModuleManager: Shutting down and abandoning module TextureAlignMode (160)
[2014.12.02-02.07.53:344][378]LogModuleManager: Shutting down and abandoning module BspMode (159)
[2014.12.02-02.07.53:344][378]LogModuleManager: Shutting down and abandoning module PlacementMode (158)
[2014.12.02-02.07.53:344][378]LogModuleManager: Shutting down and abandoning module AutomationWorker (157)
[2014.12.02-02.07.53:344][378]LogModuleManager: Shutting down and abandoning module CharacterAI (156)
[2014.12.02-02.07.53:344][378]LogModuleManager: Shutting down and abandoning module GameProjectGeneration (155)
[2014.12.02-02.07.53:344][378]LogModuleManager: Shutting down and abandoning module IntroTutorials (154)
[2014.12.02-02.07.53:345][378]LogModuleManager: Shutting down and abandoning module EditorLiveStreaming (153)
[2014.12.02-02.07.53:345][378]LogModuleManager: Shutting down and abandoning module HardwareTargeting (152)
[2014.12.02-02.07.53:345][378]LogModuleManager: Shutting down and abandoning module DeviceProfileEditor (151)
[2014.12.02-02.07.53:345][378]LogModuleManager: Shutting down and abandoning module UndoHistory (150)
[2014.12.02-02.07.53:345][378]LogModuleManager: Shutting down and abandoning module GameplayTagsEditor (149)
[2014.12.02-02.07.53:345][378]LogModuleManager: Shutting down and abandoning module UserFeedback (148)
[2014.12.02-02.07.53:345][378]LogModuleManager: Shutting down and abandoning module XmlParser (147)
[2014.12.02-02.07.53:345][378]LogModuleManager: Shutting down and abandoning module Blutility (146)
[2014.12.02-02.07.53:345][378]LogModuleManager: Shutting down and abandoning module IOSPlatformEditor (145)
[2014.12.02-02.07.53:345][378]LogModuleManager: Shutting down and abandoning module IOSRuntimeSettings (144)
[2014.12.02-02.07.53:345][378]LogModuleManager: Shutting down and abandoning module AndroidPlatformEditor (143)
[2014.12.02-02.07.53:345][378]LogModuleManager: Shutting down and abandoning module AndroidRuntimeSettings (142)
[2014.12.02-02.07.53:345][378]LogModuleManager: Shutting down and abandoning module ProjectTargetPlatformEditor (141)
[2014.12.02-02.07.53:345][378]LogModuleManager: Shutting down and abandoning module ProjectSettingsViewer (140)
[2014.12.02-02.07.53:345][378]LogModuleManager: Shutting down and abandoning module InputBindingEditor (139)
[2014.12.02-02.07.53:345][378]LogModuleManager: Shutting down and abandoning module EditorSettingsViewer (138)
[2014.12.02-02.07.53:345][378]LogModuleManager: Shutting down and abandoning module SettingsEditor (137)
[2014.12.02-02.07.53:345][378]LogModuleManager: Shutting down and abandoning module ProjectLauncher (136)
[2014.12.02-02.07.53:345][378]LogModuleManager: Shutting down and abandoning module SessionFrontend (135)
[2014.12.02-02.07.53:345][378]LogModuleManager: Shutting down and abandoning module ProfilerClient (134)
[2014.12.02-02.07.53:345][378]LogModuleManager: Shutting down and abandoning module TargetDeviceServices (133)
[2014.12.02-02.07.53:345][378]LogModuleManager: Shutting down and abandoning module DeviceManager (132)
[2014.12.02-02.07.53:345][378]LogModuleManager: Shutting down and abandoning module AutomationController (131)
[2014.12.02-02.07.53:345][378]LogModuleManager: Shutting down and abandoning module AutomationWindow (130)
[2014.12.02-02.07.53:345][378]LogModuleManager: Shutting down and abandoning module Layers (129)
[2014.12.02-02.07.53:345][378]LogModuleManager: Shutting down and abandoning module ComponentVisualizers (128)
[2014.12.02-02.07.53:345][378]LogModuleManager: Shutting down and abandoning module DetailCustomizations (127)
[2014.12.02-02.07.53:345][378]LogModuleManager: Shutting down and abandoning module PackagesDialog (126)
[2014.12.02-02.07.53:345][378]LogModuleManager: Shutting down and abandoning module AssetRegistry (125)
[2014.12.02-02.07.53:390][378]LogModuleManager: Shutting down and abandoning module Persona (124)
[2014.12.02-02.07.53:390][378]LogModuleManager: Shutting down and abandoning module Kismet (123)
[2014.12.02-02.07.53:390][378]LogModuleManager: Shutting down and abandoning module GraphEditor (122)
[2014.12.02-02.07.53:390][378]LogModuleManager: Shutting down and abandoning module ClassViewer (121)
[2014.12.02-02.07.53:390][378]LogModuleManager: Shutting down and abandoning module Toolbox (120)
[2014.12.02-02.07.53:390][378]LogModuleManager: Shutting down and abandoning module ModuleUI (119)
[2014.12.02-02.07.53:390][378]LogModuleManager: Shutting down and abandoning module MovieSceneTools (118)
[2014.12.02-02.07.53:390][378]LogModuleManager: Shutting down and abandoning module OutputLog (117)
[2014.12.02-02.07.53:390][378]LogModuleManager: Shutting down and abandoning module GammaUI (116)
[2014.12.02-02.07.53:390][378]LogModuleManager: Shutting down and abandoning module Documentation (115)
[2014.12.02-02.07.53:390][378]LogModuleManager: Shutting down and abandoning module GameLiveStreaming (114)
[2014.12.02-02.07.53:390][378]LogModuleManager: Shutting down and abandoning module StreamingPauseRendering (113)
[2014.12.02-02.07.53:390][378]LogModuleManager: Shutting down and abandoning module HTTP (112)
[2014.12.02-02.07.53:390][378]LogModuleManager: Shutting down and abandoning module AnalyticsET (111)
[2014.12.02-02.07.53:390][378]LogModuleManager: Shutting down and abandoning module Analytics (110)
[2014.12.02-02.07.53:390][378]LogModuleManager: Shutting down and abandoning module AITestSuite (109)
[2014.12.02-02.07.53:390][378]LogModuleManager: Shutting down and abandoning module AIModule (108)
[2014.12.02-02.07.53:390][378]LogModuleManager: Shutting down and abandoning module ProfilerService (107)
[2014.12.02-02.07.53:508][378]LogModuleManager: Shutting down and abandoning module TaskGraph (106)
[2014.12.02-02.07.53:508][378]LogModuleManager: Shutting down and abandoning module Landscape (105)
[2014.12.02-02.07.53:508][378]LogModuleManager: Shutting down and abandoning module GameplayDebugger (104)
[2014.12.02-02.07.53:508][378]LogModuleManager: Shutting down and abandoning module SlateRemote (103)
[2014.12.02-02.07.53:508][378]LogModuleManager: Shutting down and abandoning module ScriptEditorPlugin (102)
[2014.12.02-02.07.53:508][378]LogModuleManager: Shutting down and abandoning module CustomMeshComponent (101)
[2014.12.02-02.07.53:508][378]LogModuleManager: Shutting down and abandoning module CableComponent (100)
[2014.12.02-02.07.53:508][378]LogModuleManager: Shutting down and abandoning module MessagingDebugger (99)
[2014.12.02-02.07.53:508][378]LogModuleManager: Shutting down and abandoning module MediaPlayerEditor (98)
[2014.12.02-02.07.53:508][378]LogModuleManager: Shutting down and abandoning module SpeedTreeImporter (97)
[2014.12.02-02.07.53:508][378]LogModuleManager: Shutting down and abandoning module PluginsEditor (96)
[2014.12.02-02.07.53:508][378]LogModuleManager: Shutting down and abandoning module EpicSurvey (95)
[2014.12.02-02.07.53:508][378]LogModuleManager: Shutting down and abandoning module DesktopPlatform (94)
[2014.12.02-02.07.53:508][378]LogModuleManager: Shutting down and abandoning module VisualStudioSourceCodeAccess (93)
[2014.12.02-02.07.53:508][378]LogModuleManager: Shutting down and abandoning module UObjectPlugin (92)
[2014.12.02-02.07.53:508][378]LogModuleManager: Shutting down and abandoning module SubversionSourceControl (91)
[2014.12.02-02.07.53:508][378]LogModuleManager: Shutting down and abandoning module SourceControl (90)
[2014.12.02-02.07.53:508][378]LogModuleManager: Shutting down and abandoning module PerforceSourceControl (89)
[2014.12.02-02.07.53:508][378]LogModuleManager: Shutting down and abandoning module BlankPlugin (88)
[2014.12.02-02.07.53:508][378]LogModuleManager: Shutting down and abandoning module SlateReflector (87)
[2014.12.02-02.07.53:508][378]LogModuleManager: Shutting down and abandoning module DirectoryWatcher (86)
[2014.12.02-02.07.53:508][378]LogModuleManager: Shutting down and abandoning module HotReload (85)
[2014.12.02-02.07.53:508][378]LogModuleManager: Shutting down and abandoning module MainFrame (84)
[2014.12.02-02.07.53:508][378]LogModuleManager: Shutting down and abandoning module LevelEditor (83)
[2014.12.02-02.07.53:509][378]LogModuleManager: Shutting down and abandoning module ViewportSnapping (82)
[2014.12.02-02.07.53:509][378]LogModuleManager: Shutting down and abandoning module SmartSnapping (81)
[2014.12.02-02.07.53:509][378]LogModuleManager: Shutting down and abandoning module PaperTiledImporter (80)
[2014.12.02-02.07.53:509][378]LogModuleManager: Shutting down and abandoning module PaperJsonImporter (79)
[2014.12.02-02.07.53:509][378]LogModuleManager: Shutting down and abandoning module ContentBrowser (78)
[2014.12.02-02.07.53:509][378]LogModuleManager: Shutting down and abandoning module Paper2DEditor (77)
[2014.12.02-02.07.53:509][378]LogModuleManager: Shutting down and abandoning module ScriptPlugin (76)
[2014.12.02-02.07.53:509][378]LogModuleManager: Shutting down and abandoning module UdpMessaging (75)
[2014.12.02-02.07.53:609][378]LogModuleManager: Shutting down and abandoning module Paper2D (74)
[2014.12.02-02.07.53:609][378]LogModuleManager: Shutting down and abandoning module UE4Game (73)
[2014.12.02-02.07.53:609][378]LogModuleManager: Shutting down and abandoning module WindowsMoviePlayer (72)
[2014.12.02-02.07.53:610][378]LogModuleManager: Shutting down and abandoning module Media (71)
[2014.12.02-02.07.53:610][378]LogModuleManager: Shutting down and abandoning module WmfMedia (70)
[2014.12.02-02.07.53:610][378]LogModuleManager: Shutting down and abandoning module OnlineBlueprintSupport (69)
[2014.12.02-02.07.53:610][378]LogModuleManager: Shutting down and abandoning module PropertyEditor (68)
[2014.12.02-02.07.53:610][378]LogModuleManager: Shutting down and abandoning module BehaviorTreeEditor (67)
[2014.12.02-02.07.53:610][378]LogModuleManager: Shutting down and abandoning module FunctionalTesting (66)
[2014.12.02-02.07.53:611][378]LogModuleManager: Shutting down and abandoning module CollisionAnalyzer (65)
[2014.12.02-02.07.53:611][378]LogModuleManager: Shutting down and abandoning module WorkspaceMenuStructure (64)
[2014.12.02-02.07.53:611][378]LogModuleManager: Shutting down and abandoning module MessageLog (63)
[2014.12.02-02.07.53:611][378]LogModuleManager: Shutting down and abandoning module Sequencer (62)
[2014.12.02-02.07.53:611][378]LogModuleManager: Shutting down and abandoning module AssetTools (61)
[2014.12.02-02.07.53:611][378]LogModuleManager: Shutting down and abandoning module UMGEditor (60)
[2014.12.02-02.07.53:611][378]LogModuleManager: Shutting down and abandoning module UMG (59)
[2014.12.02-02.07.53:611][378]LogModuleManager: Shutting down and abandoning module Slate (58)
[2014.12.02-02.07.53:611][378]LogModuleManager: Shutting down and abandoning module EditorStyle (57)
[2014.12.02-02.07.53:614][378]LogModuleManager: Shutting down and abandoning module SessionServices (56)
[2014.12.02-02.07.53:614][378]LogModuleManager: Shutting down and abandoning module SourceCodeAccess (55)
[2014.12.02-02.07.53:614][378]LogModuleManager: Shutting down and abandoning module HeadMountedDisplay (54)
[2014.12.02-02.07.53:614][378]LogModuleManager: Shutting down and abandoning module XAudio2 (53)
[2014.12.02-02.07.53:614][378]LogModuleManager: Shutting down and abandoning module Networking (51)
[2014.12.02-02.07.53:614][378]LogModuleManager: Shutting down and abandoning module Core (50)
[2014.12.02-02.07.53:614][378]LogModuleManager: Shutting down and abandoning module KismetCompiler (49)
[2014.12.02-02.07.53:614][378]LogModuleManager: Shutting down and abandoning module PhysXFormats (48)
[2014.12.02-02.07.53:614][378]LogModuleManager: Shutting down and abandoning module MeshUtilities (47)
[2014.12.02-02.07.53:615][378]LogModuleManager: Shutting down and abandoning module DerivedDataCache (46)
[2014.12.02-02.07.53:634][378]LogDerivedDataCache: Shutdown
[2014.12.02-02.07.53:634][378]LogModuleManager: Shutting down and abandoning module ShaderFormatOpenGL (45)
[2014.12.02-02.07.53:634][378]LogModuleManager: Shutting down and abandoning module ShaderFormatD3D (44)
[2014.12.02-02.07.53:634][378]LogModuleManager: Shutting down and abandoning module MetalShaderFormat (43)
[2014.12.02-02.07.53:634][378]LogModuleManager: Shutting down and abandoning module TextureFormatUncompressed (42)
[2014.12.02-02.07.53:634][378]LogModuleManager: Shutting down and abandoning module TextureFormatPVR (41)
[2014.12.02-02.07.53:634][378]LogModuleManager: Shutting down and abandoning module TextureFormatDXT (40)
[2014.12.02-02.07.53:634][378]LogModuleManager: Shutting down and abandoning module TextureFormatAndroid (39)
[2014.12.02-02.07.53:634][378]LogModuleManager: Shutting down and abandoning module AudioFormatOpus (38)
[2014.12.02-02.07.53:634][378]LogModuleManager: Shutting down and abandoning module AudioFormatOgg (37)
[2014.12.02-02.07.53:634][378]LogModuleManager: Shutting down and abandoning module AudioFormatADPCM (36)
[2014.12.02-02.07.53:634][378]LogModuleManager: Shutting down and abandoning module LinuxTargetPlatform (35)
[2014.12.02-02.07.53:634][378]LogModuleManager: Shutting down and abandoning module LinuxServerTargetPlatform (34)
[2014.12.02-02.07.53:634][378]LogModuleManager: Shutting down and abandoning module LinuxNoEditorTargetPlatform (33)
[2014.12.02-02.07.53:634][378]LogModuleManager: Shutting down and abandoning module Messaging (32)
[2014.12.02-02.07.53:634][378]LogModuleManager: Shutting down and abandoning module IOSTargetPlatform (31)
[2014.12.02-02.07.53:634][378]LogModuleManager: Shutting down and abandoning module Android_PVRTCTargetPlatform (30)
[2014.12.02-02.07.53:634][378]LogModuleManager: Shutting down and abandoning module Android_ETC2TargetPlatform (29)
[2014.12.02-02.07.53:634][378]LogModuleManager: Shutting down and abandoning module Android_ETC1TargetPlatform (28)
[2014.12.02-02.07.53:634][378]LogModuleManager: Shutting down and abandoning module Android_DXTTargetPlatform (27)
[2014.12.02-02.07.53:634][378]LogModuleManager: Shutting down and abandoning module Android_ATCTargetPlatform (26)
[2014.12.02-02.07.53:634][378]LogModuleManager: Shutting down and abandoning module AndroidTargetPlatform (25)
[2014.12.02-02.07.53:634][378]LogModuleManager: Shutting down and abandoning module WindowsTargetPlatform (24)
[2014.12.02-02.07.53:634][378]LogModuleManager: Shutting down and abandoning module WindowsServerTargetPlatform (23)
[2014.12.02-02.07.53:634][378]LogModuleManager: Shutting down and abandoning module WindowsNoEditorTargetPlatform (22)
[2014.12.02-02.07.53:634][378]LogModuleManager: Shutting down and abandoning module WindowsClientTargetPlatform (21)
[2014.12.02-02.07.53:634][378]LogModuleManager: Shutting down and abandoning module TargetPlatform (20)
[2014.12.02-02.07.53:634][378]LogModuleManager: Shutting down and abandoning module InputCore (19)
[2014.12.02-02.07.53:634][378]LogModuleManager: Shutting down and abandoning module Settings (18)
[2014.12.02-02.07.53:634][378]LogModuleManager: Shutting down and abandoning module ImageWrapper (17)
[2014.12.02-02.07.53:634][378]LogModuleManager: Shutting down and abandoning module OculusRift (14)
[2014.12.02-02.07.53:634][378]LogModuleManager: Shutting down and abandoning module ExampleDeviceProfileSelector (13)
[2014.12.02-02.07.53:634][378]LogModuleManager: Shutting down and abandoning module TextureCompressor (12)
[2014.12.02-02.07.53:634][378]LogModuleManager: Shutting down and abandoning module ShaderCore (11)
[2014.12.02-02.07.53:634][378]LogModuleManager: Shutting down and abandoning module SlateRHIRenderer (10)
[2014.12.02-02.07.53:635][378]LogModuleManager: Shutting down and abandoning module OpenGLDrv (9)
[2014.12.02-02.07.53:635][378]LogModuleManager: Shutting down and abandoning module D3D11RHI (8)
[2014.12.02-02.07.53:635][378]LogModuleManager: Shutting down and abandoning module Renderer (7)
[2014.12.02-02.07.53:635][378]LogModuleManager: Shutting down and abandoning module Engine (6)
[2014.12.02-02.07.53:635][378]LogModuleManager: Shutting down and abandoning module CoreUObject (5)
[2014.12.02-02.07.53:635][378]LogModuleManager: Shutting down and abandoning module NetworkFile (4)
[2014.12.02-02.07.53:635][378]LogModuleManager: Shutting down and abandoning module StreamingFile (3)
[2014.12.02-02.07.53:635][378]LogModuleManager: Shutting down and abandoning module SandboxFile (2)
[2014.12.02-02.07.53:635][378]LogModuleManager: Shutting down and abandoning module PakFile (1)
[2014.12.02-02.07.53:635][378]LogExit: Exiting.
[2014.12.02-02.07.53:639][378]Log file closed, 12/01/14 21:07:53
