Log file open, 11/11/14 20:03:53
LogInit:Display: Running engine for game: gaem
LogInit: Version: 4.5.1-2336687+++depot+UE4-Releases+4.5
LogInit: API Version: 2326478
LogInit: Compiled (64-bit): Oct 21 2014 22:32:40
LogInit: Compiled with Visual C++: 18.00.21005.01
LogInit: Build Configuration: Development
LogInit: Branch Name: ++depot+UE4-Releases+4.5
LogInit: Command line:  
LogInit: Base directory: C:/Program Files/Unreal Engine/4.5/Engine/Binaries/Win64/
LogInit: Rocket: 1
[2014.11.12-01.03.53:728][  0]LogTaskGraph: Started task graph with 3 named threads and 4 total threads.
[2014.11.12-01.03.53:758][  0]LogOnline:Warning: No default platform service specified for OnlineSubsystem
[2014.11.12-01.03.53:801][  0]LogInit: Presizing for 0 objects not considered by GC, pre-allocating 0 bytes.
[2014.11.12-01.03.53:808][  0]LogInit: Object subsystem initialized
[2014.11.12-01.03.53:810][  0]LogConsoleResponse:Warning: Skipping Unknown console variable: 'UIScaleRule = ShortestSide'
[2014.11.12-01.03.53:810][  0]LogConsoleResponse:Warning:   Found in ini file 'C:/Users/Matt/Projects/gaem/Saved/Config/Windows/Engine.ini', in section '[/Script/Engine.RendererSettings]'
[2014.11.12-01.03.53:810][  0]LogConsoleResponse:Warning: Skipping Unknown console variable: 'UIScaleCurve = (EditorCurveData=(Keys=((Time=480.000000,Value=0.444000),(Time=720.000000,Value=0.666000),(Time=1080.000000,Value=1.000000),(Time=8640.000000,Value=8.000000))),ExternalCurve=None)'
[2014.11.12-01.03.53:810][  0]LogConsoleResponse:Warning:   Found in ini file 'C:/Users/Matt/Projects/gaem/Saved/Config/Windows/Engine.ini', in section '[/Script/Engine.RendererSettings]'
[2014.11.12-01.03.53:810][  0]LogInit: Selected Device Profile: [Windows]
[2014.11.12-01.03.53:810][  0]LogInit: Applying CVar settings loaded from the selected device profile: [Windows]
[2014.11.12-01.03.53:815][  0]LogInit: Computer: BIGRED
[2014.11.12-01.03.53:815][  0]LogInit: User: Matt
[2014.11.12-01.03.53:816][  0]LogInit: CPU Page size=4096, Cores=4
[2014.11.12-01.03.53:816][  0]LogInit: High frequency timer resolution =3.561796 MHz
[2014.11.12-01.03.53:816][  0]LogMemory: Memory total: Physical=15.7GB (16GB approx) Virtual=8192.0GB
[2014.11.12-01.03.53:816][  0]LogMemory: Platform Memory Stats for Windows
[2014.11.12-01.03.53:816][  0]LogMemory: Process Physical Memory: 63.37 MB used, 63.37 MB peak
[2014.11.12-01.03.53:816][  0]LogMemory: Process Virtual Memory: 38.66 MB used, 38.66 MB peak
[2014.11.12-01.03.53:816][  0]LogMemory: Physical Memory: 4482.80 MB used, 16066.05 MB total
[2014.11.12-01.03.53:816][  0]LogMemory: Virtual Memory: 268.77 MB used, 8388608.00 MB total
[2014.11.12-01.03.53:842][  0]LogD3D11RHI: Found D3D11 adapter 0: NVIDIA GeForce GTX 770 (Feature Level 11_0)
[2014.11.12-01.03.53:842][  0]LogD3D11RHI: Adapter has 1990MB of dedicated video memory, 0MB of dedicated system memory, and 2048MB of shared system memory, 1 output[s]
[2014.11.12-01.03.53:842][  0]LogD3D11RHI: Chosen D3D11 Adapter Id = 0
[2014.11.12-01.03.53:845][  0]LogRHI: Texture pool is 1361 MB (70% of 1945 MB)
[2014.11.12-01.03.53:852][  0]LogD3D11RHI: Async texture creation enabled
[2014.11.12-01.03.54:201][  0]LogTextLocalizationManager: The requested culture ('en_US') has no localization data; parent culture's ('en') localization data will be used.
[2014.11.12-01.03.54:297][  0]LogContentStreaming: Texture pool size is 0.000000MB
[2014.11.12-01.03.58:025][  0]LogTargetPlatformManager:Display: Building Assets For Windows
[2014.11.12-01.03.58:442][  0]LogTargetPlatformManager:Display: Building Assets For Windows
[2014.11.12-01.03.58:499][  0]LogDerivedDataCache:Display: Max Cache Size: 512 MB
[2014.11.12-01.03.58:525][  0]LogDerivedDataCache: Loaded boot cache 0.03s 39MB C:/Users/Matt/AppData/Local/UnrealEngine/4.5/DerivedDataCache/Boot.ddc.
[2014.11.12-01.03.58:525][  0]LogDerivedDataCache:Display: Loaded Boot cache: C:/Users/Matt/AppData/Local/UnrealEngine/4.5/DerivedDataCache/Boot.ddc
[2014.11.12-01.03.58:525][  0]LogDerivedDataCache: FDerivedDataBackendGraph:  Pak pak cache file ../../../../../../Users/Matt/Projects/gaem/DerivedDataCache/DDC.ddp not found, will not use a pak cache.
[2014.11.12-01.03.58:525][  0]LogDerivedDataCache: Unable to find inner node Pak for hierarchical cache Hierarchy.
[2014.11.12-01.03.58:574][  0]LogDerivedDataCache:Display: Pak cache opened for reading ../../../Engine/DerivedDataCache/DDC.ddp.
[2014.11.12-01.03.58:585][  0]LogDerivedDataCache: Using Local data cache path C:/Users/Matt/AppData/Local/UnrealEngine/Common/DerivedDataCache: Writable
[2014.11.12-01.03.58:733][  0]LogMeshUtilities: No automatic mesh reduction module available
[2014.11.12-01.03.58:733][  0]LogMeshUtilities: No automatic mesh merging module available
[2014.11.12-01.03.58:894][  0]LogLinker:Warning: Asset '../../../Engine/Content/Functions/Engine_MaterialFunctions02/Texturing/FlipBook.uasset' has been saved with empty engine version. The asset will be loaded but may be incompatible.
[2014.11.12-01.03.58:897][  0]LogLinker:Warning: Asset '../../../Engine/Content/Functions/Engine_MaterialFunctions02/ExampleContent/Textures/flipbook.uasset' has been saved with empty engine version. The asset will be loaded but may be incompatible.
[2014.11.12-01.03.59:045][  0]LogInit: WinSock: version 1.1 (2.2), MaxSocks=32767, MaxUdp=65467
[2014.11.12-01.03.59:869][  0]UdpMessaging: Initializing bridge on interface 0.0.0.0:0 to multicast group 230.0.0.1:6666.
[2014.11.12-01.04.00:126][  0]LogDirectoryWatcher:Warning: Failed to begin reading directory changes for C:/Users/Matt/Projects/gaem/Binaries/Win64. Error: 0
[2014.11.12-01.04.00:274][  0]SourceControl: Info Source control is disabled
[2014.11.12-01.04.00:274][  0]SourceControl: Info Source control is disabled
[2014.11.12-01.04.00:283][  0]SourceControl: Info Source control is disabled
[2014.11.12-01.04.00:472][  0]LogObj: 22915 objects as part of root set at end of initial load.
[2014.11.12-01.04.00:472][  0]LogUObjectAllocator: 4803536 out of 0 bytes used by permanent object pool.
[2014.11.12-01.04.00:536][  0]LogEngine: Initializing Engine...
[2014.11.12-01.04.00:635][  0]LogInit: XAudio2 using 'Speakers (ASUS Xonar Essence STX Audio Device)' : 2 channels at 44.1 kHz using 16 bits per sample (channel mask 0x3)
[2014.11.12-01.04.00:643][  0]LogInit: FAudioDevice initialized.
[2014.11.12-01.04.00:671][  0]LogAIModule: Creating AISystem for world NewWorld
[2014.11.12-01.04.00:687][  0]LogDerivedDataCache: Saved boot cache 0.02s 39MB C:/Users/Matt/AppData/Local/UnrealEngine/4.5/DerivedDataCache/Boot.ddc.
[2014.11.12-01.04.00:689][  0]LogInit: Texture streaming: Enabled
[2014.11.12-01.04.00:747][  0]LogInit: Transaction tracking system initialized
[2014.11.12-01.04.00:885][  0]BlueprintLog: New page: Editor Load
[2014.11.12-01.04.00:935][  0]LogAssetRegistry: FAssetRegistry took 0.0102 seconds to start up
[2014.11.12-01.04.00:935][  0]LogDirectoryWatcher:Warning: Failed to begin reading directory changes for ../../../Engine/Plugins/Experimental/CharacterAI/Content/. Error: 0
[2014.11.12-01.04.01:405][  0]LogTargetPlatformManager:Display: Building Assets For Windows
[2014.11.12-01.04.01:653][  0]LogTargetPlatformManager:Display: Building Assets For Windows
[2014.11.12-01.04.01:962][  0]LogConsoleResponse:Display: 
[2014.11.12-01.04.02:200][  0]SourceControl: Info Source control is disabled
[2014.11.12-01.04.02:200][  0]Cmd: MAP LOAD FILE="../../../../../../Users/Matt/Projects/gaem/Content/My2DMap.umap" TEMPLATE=0 SHOWPROGRESS=1
[2014.11.12-01.04.02:201][  0]LightingResults: New page: Lighting Build
[2014.11.12-01.04.02:211][  0]MapCheck: New page: Map Check
[2014.11.12-01.04.02:211][  0]LightingResults: New page: Lighting Build
[2014.11.12-01.04.02:228][  0]LogParticles: Destroying 0 GPU particle simulations for FXSystem 0x0000000014FEEA20
[2014.11.12-01.04.02:514][  0]LogEditorServer: Finished looking for orphan Actors (0.000 secs)
[2014.11.12-01.04.02:514][  0]LogAIModule: Creating AISystem for world My2DMap
[2014.11.12-01.04.02:514][  0]Cmd: MAP CHECKDEP
[2014.11.12-01.04.02:514][  0]MapCheck: New page: My2DMap - Nov 11, 2014, 3:04:02 PM
[2014.11.12-01.04.02:627][  0]MapCheck: Info Map check complete: 0 Error(s), 0 Warning(s), took 113.104ms to complete.
[2014.11.12-01.04.02:627][  0]LogFileHelpers: Loading map 'My2DMap' took 0.427
[2014.11.12-01.04.02:696][  0]LogCollectionManager: Loaded 0 collections in 0.001169 seconds
[2014.11.12-01.04.02:806][  0]LogCrashTracker: Crashtracker disabled due to settings.
[2014.11.12-01.04.02:827][  0]LogUObjectGlobals:Warning: Failed to find object 'Class None.'
[2014.11.12-01.04.02:851][  0]LogLoad: Full Startup: 11.18 seconds (BP compile: 0.10 seconds)
[2014.11.12-01.04.03:192][  0]LogContentBrowser:Verbose: The content browser source was changed by the sources view to '/Game/Sprites'
[2014.11.12-01.04.03:345][  0]LogRenderer:Warning: Reallocating scene render targets to support 1016x872.
[2014.11.12-01.04.03:540][  1]LogAssetRegistry: Asset discovery search completed in 2.6163 seconds
[2014.11.12-01.04.19:254][133]BlueprintLog: New page: Compile MyCharacter
[2014.11.12-01.04.19:445][133]BlueprintEditorCompileResults: Info [0027.66] Compile of MyCharacter successful! [in 45 ms]
[2014.11.12-01.04.19:823][146]Cmd: OBJ SAVEPACKAGE PACKAGE="/Game/Blueprints/MyCharacter" FILE="../../../../../../Users/Matt/Projects/gaem/Content/Blueprints/MyCharacter.uasset" SILENT=true
[2014.11.12-01.04.20:160][146]LogSavePackage: Save=271.931641ms
[2014.11.12-01.04.20:161][146]LogSavePackage: Moving '../../../../../../Users/Matt/Projects/gaem/Saved/MyCharacter5A446B5E4E870C3E21662F8C9EED598C.tmp' to '../../../../../../Users/Matt/Projects/gaem/Content/Blueprints/MyCharacter.uasset'
[2014.11.12-01.04.21:189][253]BlueprintLog: New page: Pre-PIE auto-recompile
[2014.11.12-01.04.21:189][253]LogPlayLevel: [PIE] Compiling LiftBlueprint before PIE...
[2014.11.12-01.04.21:244][253]LogPlayLevel: [PIE] Compiling Tutorial_BP_MacroLib before PIE...
[2014.11.12-01.04.21:275][253]LogActorComponent: UnregisterComponent: (/Engine/Transient.CharacterMovementComponent_0) Not registered. Aborting.
[2014.11.12-01.04.21:299][253]LogPlayLevel: PIE:  Blueprint regeneration took 109 ms (2 blueprints)
[2014.11.12-01.04.21:299][253]PIE: New page: PIE session: My2DMap (Nov 11, 2014, 3:04:21 PM)
[2014.11.12-01.04.21:300][253]LogPlayLevel: PIE: StaticDuplicateObject took: (0.000818s)
[2014.11.12-01.04.21:301][253]LogPlayLevel: PIE: World Init took: (0.000360s)
[2014.11.12-01.04.21:301][253]LogPlayLevel: PIE: Created PIE world by copying editor world from /Game/My2DMap.My2DMap to /Game/UEDPIE_0_My2DMap.My2DMap (0.001283s)
[2014.11.12-01.04.21:340][253]LogWorld: Game class is 'PaperGameMode_C'
[2014.11.12-01.04.21:341][253]LogAIModule: Creating AISystem for world My2DMap
[2014.11.12-01.04.21:342][253]LogWorld: Bringing World /Game/UEDPIE_0_My2DMap.My2DMap up for play (max tick rate 0) at 2014.11.11-20.04.21
[2014.11.12-01.04.21:342][253]LogWorld: Bringing up level for play took: 0.000775
[2014.11.12-01.04.21:343][253]PIE: Info Play in editor start time for /Game/UEDPIE_0_My2DMap 0.615
[2014.11.12-01.04.26:285][822]LogParticles: Destroying 0 GPU particle simulations for FXSystem 0x000000001EB5D080
[2014.11.12-01.04.30:812][224]Cmd: OBJ SAVEPACKAGE PACKAGE="/Game/My2DMap" FILE="../../../../../../Users/Matt/Projects/gaem/Content/My2DMap.umap" SILENT=true AUTOSAVING=false KEEPDIRTY=false
[2014.11.12-01.04.30:898][224]LogSavePackage: Save=13.967392ms
[2014.11.12-01.04.30:898][224]LogSavePackage: Moving '../../../../../../Users/Matt/Projects/gaem/Saved/My2DMap42FA21F5489AC196F18F9987B3D511E6.tmp' to '../../../../../../Users/Matt/Projects/gaem/Content/My2DMap.umap'
[2014.11.12-01.04.30:934][224]LogFileHelpers: Saving map 'My2DMap' took 0.256
[2014.11.12-01.04.36:180][668]BlueprintLog: New page: Pre-PIE auto-recompile
[2014.11.12-01.04.36:221][668]LogPlayLevel: [PIE] Compiling MyCharacter before PIE...
[2014.11.12-01.04.36:356][668]LogPlayLevel: [PIE] Compiling LiftBlueprint before PIE...
[2014.11.12-01.04.36:435][668]LogPlayLevel: PIE:  Blueprint regeneration took 254 ms (2 blueprints)
[2014.11.12-01.04.36:435][668]PIE: New page: PIE session: My2DMap (Nov 11, 2014, 3:04:36 PM)
[2014.11.12-01.04.36:436][668]LogPlayLevel: PIE: StaticDuplicateObject took: (0.000802s)
[2014.11.12-01.04.36:436][668]LogPlayLevel: PIE: World Init took: (0.000349s)
[2014.11.12-01.04.36:436][668]LogPlayLevel: PIE: Created PIE world by copying editor world from /Game/My2DMap.My2DMap to /Game/UEDPIE_0_My2DMap.My2DMap (0.001254s)
[2014.11.12-01.04.36:462][668]LogWorld: Game class is 'PaperGameMode_C'
[2014.11.12-01.04.36:463][668]LogAIModule: Creating AISystem for world My2DMap
[2014.11.12-01.04.36:463][668]LogWorld: Bringing World /Game/UEDPIE_0_My2DMap.My2DMap up for play (max tick rate 0) at 2014.11.11-20.04.36
[2014.11.12-01.04.36:464][668]LogWorld: Bringing up level for play took: 0.000711
[2014.11.12-01.04.36:465][668]PIE: Info Play in editor start time for /Game/UEDPIE_0_My2DMap -0.264
[2014.11.12-01.04.43:247][355]LogParticles: Destroying 0 GPU particle simulations for FXSystem 0x000000001EA32F20
[2014.11.12-01.04.51:727][938]LogSlate:Warning: GetFontFace failed to load or process 'Roboto-Regular'
[2014.11.12-01.04.51:727][938]LogSlate:Warning: GetFontFace failed to load or process 'Roboto-Regular'
[2014.11.12-01.04.51:729][938]LogSlate:Warning: GetFontFace failed to load or process 'Roboto-Regular'
[2014.11.12-01.04.51:729][938]LogSlate:Warning: GetFontFace failed to load or process 'Roboto-Regular'
[2014.11.12-01.04.51:729][938]LogSlate:Warning: GetFontFace failed to load or process 'Roboto-Regular'
[2014.11.12-01.04.51:729][938]LogSlate:Warning: GetFontFace failed to load or process 'Roboto-Regular'
[2014.11.12-01.04.51:729][938]LogSlate:Warning: GetFontFace failed to load or process 'Roboto-Regular'
[2014.11.12-01.04.51:729][938]LogSlate:Warning: GetFontFace failed to load or process 'Roboto-Regular'
[2014.11.12-01.04.51:729][938]LogSlate:Warning: GetFontFace failed to load or process 'Roboto-Regular'
[2014.11.12-01.04.51:729][938]LogSlate:Warning: GetFontFace failed to load or process 'Roboto-Regular'
[2014.11.12-01.04.51:729][938]LogSlate:Warning: GetFontFace failed to load or process 'Roboto-Regular'
[2014.11.12-01.04.51:729][938]LogSlate:Warning: GetFontFace failed to load or process 'Roboto-Regular'
[2014.11.12-01.04.51:729][938]LogSlate:Warning: GetFontFace failed to load or process 'Roboto-Regular'
[2014.11.12-01.04.51:729][938]LogSlate:Warning: GetFontFace failed to load or process 'Roboto-Regular'
[2014.11.12-01.04.51:730][938]LogSlate:Warning: GetFontFace failed to load or process 'Roboto-Regular'
[2014.11.12-01.04.51:730][938]LogSlate:Warning: GetFontFace failed to load or process 'Roboto-Regular'
[2014.11.12-01.04.51:730][938]LogSlate:Warning: GetFontFace failed to load or process 'Roboto-Regular'
[2014.11.12-01.04.51:730][938]LogSlate:Warning: GetFontFace failed to load or process 'Roboto-Regular'
[2014.11.12-01.05.22:616][308]BlueprintLog: New page: Compile MyCharacter
[2014.11.12-01.05.22:784][308]BlueprintEditorCompileResults: Info [0091.02] Compile of MyCharacter successful! [in 41 ms]
[2014.11.12-01.05.23:606][359]Cmd: OBJ SAVEPACKAGE PACKAGE="/Game/Blueprints/MyCharacter" FILE="../../../../../../Users/Matt/Projects/gaem/Content/Blueprints/MyCharacter.uasset" SILENT=true
[2014.11.12-01.05.23:923][359]LogSavePackage: Save=270.871216ms
[2014.11.12-01.05.23:923][359]LogSavePackage: Moving '../../../../../../Users/Matt/Projects/gaem/Saved/MyCharacterB93AA02242DA7503F492D09D736A1FB4.tmp' to '../../../../../../Users/Matt/Projects/gaem/Content/Blueprints/MyCharacter.uasset'
[2014.11.12-01.05.27:734][683]BlueprintLog: New page: Pre-PIE auto-recompile
[2014.11.12-01.05.27:734][683]LogPlayLevel: [PIE] Compiling LiftBlueprint before PIE...
[2014.11.12-01.05.27:788][683]LogActorComponent: UnregisterComponent: (/Engine/Transient.CharacterMovementComponent_1) Not registered. Aborting.
[2014.11.12-01.05.27:812][683]LogPlayLevel: PIE:  Blueprint regeneration took 77 ms (1 blueprints)
[2014.11.12-01.05.27:812][683]PIE: New page: PIE session: My2DMap (Nov 11, 2014, 3:05:27 PM)
[2014.11.12-01.05.27:813][683]LogPlayLevel: PIE: StaticDuplicateObject took: (0.000829s)
[2014.11.12-01.05.27:813][683]LogPlayLevel: PIE: World Init took: (0.000364s)
[2014.11.12-01.05.27:813][683]LogPlayLevel: PIE: Created PIE world by copying editor world from /Game/My2DMap.My2DMap to /Game/UEDPIE_0_My2DMap.My2DMap (0.001317s)
[2014.11.12-01.05.27:838][683]LogWorld: Game class is 'PaperGameMode_C'
[2014.11.12-01.05.27:839][683]LogAIModule: Creating AISystem for world My2DMap
[2014.11.12-01.05.27:840][683]LogWorld: Bringing World /Game/UEDPIE_0_My2DMap.My2DMap up for play (max tick rate 0) at 2014.11.11-20.05.27
[2014.11.12-01.05.27:840][683]LogWorld: Bringing up level for play took: 0.000713
[2014.11.12-01.05.27:841][683]PIE: Info Play in editor start time for /Game/UEDPIE_0_My2DMap -0.888
[2014.11.12-01.05.47:773][236]LogParticles: Destroying 0 GPU particle simulations for FXSystem 0x0000000020087420
[2014.11.12-01.05.54:812][745]BlueprintLog: New page: Compile MyCharacter
[2014.11.12-01.05.55:000][745]BlueprintEditorCompileResults: Info [0123.22] Compile of MyCharacter successful! [in 44 ms]
[2014.11.12-01.05.55:356][758]Cmd: OBJ SAVEPACKAGE PACKAGE="/Game/Blueprints/MyCharacter" FILE="../../../../../../Users/Matt/Projects/gaem/Content/Blueprints/MyCharacter.uasset" SILENT=true
[2014.11.12-01.05.55:669][758]LogSavePackage: Save=269.662262ms
[2014.11.12-01.05.55:669][758]LogSavePackage: Moving '../../../../../../Users/Matt/Projects/gaem/Saved/MyCharacter88BB100B43EDB5DFED164CA34682E1FE.tmp' to '../../../../../../Users/Matt/Projects/gaem/Content/Blueprints/MyCharacter.uasset'
[2014.11.12-01.05.57:438][937]BlueprintLog: New page: Pre-PIE auto-recompile
[2014.11.12-01.05.57:438][937]LogPlayLevel: [PIE] Compiling LiftBlueprint before PIE...
[2014.11.12-01.05.57:490][937]LogActorComponent: UnregisterComponent: (/Engine/Transient.CharacterMovementComponent_2) Not registered. Aborting.
[2014.11.12-01.05.57:513][937]LogPlayLevel: PIE:  Blueprint regeneration took 75 ms (1 blueprints)
[2014.11.12-01.05.57:514][937]PIE: New page: PIE session: My2DMap (Nov 11, 2014, 3:05:57 PM)
[2014.11.12-01.05.57:514][937]LogPlayLevel: PIE: StaticDuplicateObject took: (0.000812s)
[2014.11.12-01.05.57:515][937]LogPlayLevel: PIE: World Init took: (0.000357s)
[2014.11.12-01.05.57:515][937]LogPlayLevel: PIE: Created PIE world by copying editor world from /Game/My2DMap.My2DMap to /Game/UEDPIE_0_My2DMap.My2DMap (0.001275s)
[2014.11.12-01.05.57:540][937]LogWorld: Game class is 'PaperGameMode_C'
[2014.11.12-01.05.57:542][937]LogAIModule: Creating AISystem for world My2DMap
[2014.11.12-01.05.57:542][937]LogWorld: Bringing World /Game/UEDPIE_0_My2DMap.My2DMap up for play (max tick rate 0) at 2014.11.11-20.05.57
[2014.11.12-01.05.57:543][937]LogWorld: Bringing up level for play took: 0.000720
[2014.11.12-01.05.57:544][937]PIE: Info Play in editor start time for /Game/UEDPIE_0_My2DMap 0.814
[2014.11.12-01.06.35:713][543]LogProjectileMovement:Warning: Bullet_C_131 is outside the world bounds!
[2014.11.12-01.06.35:816][543]LogOutputDevice: === Handled error: ===

Ensure condition failed: this->IsBound() [File:d:\buildfarm\buildmachine_++depot+ue4-releases+4.5\engine\source\runtime\core\public\delegates\DelegateSignatureImpl.inl] [Line: 2039]
Unable to bind delegate to '&UMovementComponent::PhysicsVolumeChanged' (function might not be marked as a UFUNCTION)
Stack: 
UE4Editor-Core.dll!UnknownFunction (0x000007fee8018f46) + 0 bytes [UnknownFile:0]
UE4Editor-Core.dll!UnknownFunction (0x000007fee7e97148) + 0 bytes [UnknownFile:0]
UE4Editor-Core.dll!UnknownFunction (0x000007fee7e973a7) + 0 bytes [UnknownFile:0]
UE4Editor-Engine.dll!UnknownFunction (0x000007fee5a3b5a7) + 0 bytes [UnknownFile:0]
UE4Editor-Engine.dll!UnknownFunction (0x000007fee5a3b648) + 0 bytes [UnknownFile:0]
UE4Editor-Engine.dll!UnknownFunction (0x000007fee5aa4604) + 0 bytes [UnknownFile:0]
UE4Editor-Engine.dll!UnknownFunction (0x000007fee5b1cce8) + 0 bytes [UnknownFile:0]
UE4Editor-Engine.dll!UnknownFunction (0x000007fee5b5462e) + 0 bytes [UnknownFile:0]
UE4Editor-Engine.dll!UnknownFunction (0x000007fee5654217) + 0 bytes [UnknownFile:0]
UE4Editor-Engine.dll!UnknownFunction (0x000007fee5663376) + 0 bytes [UnknownFile:0]
UE4Editor-Engine.dll!UnknownFunction (0x000007fee5d2f8b6) + 0 bytes [UnknownFile:0]
UE4Editor-Engine.dll!UnknownFunction (0x000007fee5d3badb) + 0 bytes [UnknownFile:0]
UE4Editor-Core.dll!UnknownFunction (0x000007fee7dc6514) + 0 bytes [UnknownFile:0]
UE4Editor-Core.dll!UnknownFunction (0x000007fee7dc669d) + 0 bytes [UnknownFile:0]
UE4Editor-Core.dll!UnknownFunction (0x000007fee7de47c5) + 0 bytes [UnknownFile:0]
UE4Editor-Engine.dll!UnknownFunction (0x000007fee5d740c5) + 0 bytes [UnknownFile:0]
UE4Editor-Engine.dll!UnknownFunction (0x000007fee5d5e599) + 0 bytes [UnknownFile:0]
UE4Editor-Engine.dll!UnknownFunction (0x000007fee5d61005) + 0 bytes [UnknownFile:0]
UE4Editor-Engine.dll!UnknownFunction (0x000007fee5a24d96) + 0 bytes [UnknownFile:0]
UE4Editor-Engine.dll!UnknownFunction (0x000007fee5a2bdcf) + 0 bytes [UnknownFile:0]
UE4Editor-UnrealEd.dll!UnknownFunction (0x000007fee386ebb2) + 0 bytes [UnknownFile:0]
UE4Editor-UnrealEd.dll!UnknownFunction (0x000007fee3ccf966) + 0 bytes [UnknownFile:0]
UE4Editor.exe!FEngineLoop::Tick() (0x000000013fbda8f4) + 0 bytes [d:\buildfarm\buildmachine_++depot+ue4-releases+4.5\engine\source\runtime\launch\private\launchengineloop.cpp:2129]
UE4Editor.exe!GuardedMain() (0x000000013fbcf9df) + 0 bytes [d:\buildfarm\buildmachine_++depot+ue4-releases+4.5\engine\source\runtime\launch\private\launch.cpp:133]
UE4Editor.exe!GuardedMainWrapper() (0x000000013fbcfa4a) + 5 bytes [d:\buildfarm\buildmachine_++depot+ue4-releases+4.5\engine\source\runtime\launch\private\windows\launchwindows.cpp:125]
UE4Editor.exe!WinMain() (0x000000013fbdbf19) + 17 bytes [d:\buildfarm\buildmachine_++depot+ue4-releases+4.5\engine\source\runtime\launch\private\windows\launchwindows.cpp:201]
UE4Editor.exe!__tmainCRTStartup() (0x000000013fbdcdc9) + 21 bytes [f:\dd\vctools\crt\crtw32\dllstuff\crtexe.c:618]
kernel32.dll!UnknownFunction (0x00000000774659ed) + 0 bytes [UnknownFile:0]
ntdll.dll!UnknownFunction (0x000000007769c541) + 0 bytes [UnknownFile:0]
ntdll.dll!UnknownFunction (0x000000007769c541) + 0 bytes [UnknownFile:0]

[2014.11.12-01.06.47:855][714]LogProjectileMovement:Warning: Bullet_C_280 is outside the world bounds!
[2014.11.12-01.06.47:860][714]LogOutputDevice: === Handled error: ===

Ensure condition failed: this->IsBound() [File:d:\buildfarm\buildmachine_++depot+ue4-releases+4.5\engine\source\runtime\core\public\delegates\DelegateSignatureImpl.inl] [Line: 2039]
Unable to bind delegate to '&UMovementComponent::PhysicsVolumeChanged' (function might not be marked as a UFUNCTION)
Stack: 
UE4Editor-Core.dll!UnknownFunction (0x000007fee8018f46) + 0 bytes [UnknownFile:0]
UE4Editor-Core.dll!UnknownFunction (0x000007fee7e97148) + 0 bytes [UnknownFile:0]
UE4Editor-Core.dll!UnknownFunction (0x000007fee7e973a7) + 0 bytes [UnknownFile:0]
UE4Editor-Engine.dll!UnknownFunction (0x000007fee5a3b5a7) + 0 bytes [UnknownFile:0]
UE4Editor-Engine.dll!UnknownFunction (0x000007fee5a3b648) + 0 bytes [UnknownFile:0]
UE4Editor-Engine.dll!UnknownFunction (0x000007fee5aa4604) + 0 bytes [UnknownFile:0]
UE4Editor-Engine.dll!UnknownFunction (0x000007fee5b1cce8) + 0 bytes [UnknownFile:0]
UE4Editor-Engine.dll!UnknownFunction (0x000007fee5b5462e) + 0 bytes [UnknownFile:0]
UE4Editor-Engine.dll!UnknownFunction (0x000007fee5654217) + 0 bytes [UnknownFile:0]
UE4Editor-Engine.dll!UnknownFunction (0x000007fee5663376) + 0 bytes [UnknownFile:0]
UE4Editor-Engine.dll!UnknownFunction (0x000007fee5d2f8b6) + 0 bytes [UnknownFile:0]
UE4Editor-Engine.dll!UnknownFunction (0x000007fee5d3badb) + 0 bytes [UnknownFile:0]
UE4Editor-Core.dll!UnknownFunction (0x000007fee7dc6514) + 0 bytes [UnknownFile:0]
UE4Editor-Core.dll!UnknownFunction (0x000007fee7dc669d) + 0 bytes [UnknownFile:0]
UE4Editor-Core.dll!UnknownFunction (0x000007fee7de47c5) + 0 bytes [UnknownFile:0]
UE4Editor-Engine.dll!UnknownFunction (0x000007fee5d740c5) + 0 bytes [UnknownFile:0]
UE4Editor-Engine.dll!UnknownFunction (0x000007fee5d5e599) + 0 bytes [UnknownFile:0]
UE4Editor-Engine.dll!UnknownFunction (0x000007fee5d61005) + 0 bytes [UnknownFile:0]
UE4Editor-Engine.dll!UnknownFunction (0x000007fee5a24d96) + 0 bytes [UnknownFile:0]
UE4Editor-Engine.dll!UnknownFunction (0x000007fee5a2bdcf) + 0 bytes [UnknownFile:0]
UE4Editor-UnrealEd.dll!UnknownFunction (0x000007fee386ebb2) + 0 bytes [UnknownFile:0]
UE4Editor-UnrealEd.dll!UnknownFunction (0x000007fee3ccf966) + 0 bytes [UnknownFile:0]
UE4Editor.exe!FEngineLoop::Tick() (0x000000013fbda8f4) + 0 bytes [d:\buildfarm\buildmachine_++depot+ue4-releases+4.5\engine\source\runtime\launch\private\launchengineloop.cpp:2129]
UE4Editor.exe!GuardedMain() (0x000000013fbcf9df) + 0 bytes [d:\buildfarm\buildmachine_++depot+ue4-releases+4.5\engine\source\runtime\launch\private\launch.cpp:133]
UE4Editor.exe!GuardedMainWrapper() (0x000000013fbcfa4a) + 5 bytes [d:\buildfarm\buildmachine_++depot+ue4-releases+4.5\engine\source\runtime\launch\private\windows\launchwindows.cpp:125]
UE4Editor.exe!WinMain() (0x000000013fbdbf19) + 17 bytes [d:\buildfarm\buildmachine_++depot+ue4-releases+4.5\engine\source\runtime\launch\private\windows\launchwindows.cpp:201]
UE4Editor.exe!__tmainCRTStartup() (0x000000013fbdcdc9) + 21 bytes [f:\dd\vctools\crt\crtw32\dllstuff\crtexe.c:618]
kernel32.dll!UnknownFunction (0x00000000774659ed) + 0 bytes [UnknownFile:0]
ntdll.dll!UnknownFunction (0x000000007769c541) + 0 bytes [UnknownFile:0]
ntdll.dll!UnknownFunction (0x000000007769c541) + 0 bytes [UnknownFile:0]

[2014.11.12-01.07.00:035][811]LogParticles: Destroying 0 GPU particle simulations for FXSystem 0x0000000021D61C60
[2014.11.12-01.08.58:174][797]LogContentBrowser:Verbose: The content browser source was changed by the sources view to '/Game/Flipbooks'
[2014.11.12-01.08.58:565][843]LogContentBrowser:Verbose: The content browser source was changed by the sources view to '/Game/Materials'
[2014.11.12-01.09.11:534][695]LogContentBrowser:Verbose: The content browser source was changed by the sources view to '/Engine'
[2014.11.12-01.09.44:031][916]LogProfile: Added a client
[2014.11.12-01.09.44:623][916]FunctionalTestingLog: New page: Functional Test
[2014.11.12-01.09.56:237][974]Cmd: OBJ SAVEPACKAGE PACKAGE="/Game/My2DMap" FILE="../../../../../../Users/Matt/Projects/gaem/Content/My2DMap.umap" SILENT=true AUTOSAVING=false KEEPDIRTY=false
[2014.11.12-01.09.56:339][974]LogSavePackage: Save=12.690788ms
[2014.11.12-01.09.56:339][974]LogSavePackage: Moving '../../../../../../Users/Matt/Projects/gaem/Saved/My2DMap6F6CD36840D91BF4138807919DE29EF4.tmp' to '../../../../../../Users/Matt/Projects/gaem/Content/My2DMap.umap'
[2014.11.12-01.09.58:676][183]Cmd: QUIT_EDITOR
[2014.11.12-01.09.58:908][183]LogExit: Preparing to exit.
[2014.11.12-01.09.59:118][183]LogExit: Editor shut down
[2014.11.12-01.09.59:118][183]LogExit: Transaction tracking system shut down
[2014.11.12-01.09.59:118][183]LogParticles: Destroying 0 GPU particle simulations for FXSystem 0x000000000E153A60
[2014.11.12-01.09.59:118][183]LogParticles: Destroying 0 GPU particle simulations for FXSystem 0x000000001F6D5580
[2014.11.12-01.09.59:118][183]LogParticles: Destroying 0 GPU particle simulations for FXSystem 0x000000001E7CEE80
[2014.11.12-01.09.59:118][183]LogParticles: Destroying 0 GPU particle simulations for FXSystem 0x0000000020804B80
[2014.11.12-01.09.59:119][183]LogParticles: Destroying 0 GPU particle simulations for FXSystem 0x00000000212EB9C0
[2014.11.12-01.09.59:133][183]LogExit: Object subsystem successfully closed.
[2014.11.12-01.09.59:187][183]LogModuleManager: Shutting down and abandoning module StaticMeshEditor (167)
[2014.11.12-01.09.59:187][183]LogModuleManager: Shutting down and abandoning module AndroidDeviceDetection (166)
[2014.11.12-01.09.59:187][183]LogModuleManager: Shutting down and abandoning module CrashTracker (165)
[2014.11.12-01.09.59:187][183]LogModuleManager: Shutting down and abandoning module SuperSearch (164)
[2014.11.12-01.09.59:187][183]LogModuleManager: Shutting down and abandoning module SceneOutliner (163)
[2014.11.12-01.09.59:187][183]LogModuleManager: Shutting down and abandoning module EditorWidgets (162)
[2014.11.12-01.09.59:187][183]LogModuleManager: Shutting down and abandoning module CollectionManager (161)
[2014.11.12-01.09.59:187][183]LogModuleManager: Shutting down and abandoning module StatsViewer (160)
[2014.11.12-01.09.59:187][183]LogModuleManager: Shutting down and abandoning module FoliageEdit (159)
[2014.11.12-01.09.59:187][183]LogModuleManager: Shutting down and abandoning module LandscapeEditor (158)
[2014.11.12-01.09.59:187][183]LogModuleManager: Shutting down and abandoning module MeshPaint (157)
[2014.11.12-01.09.59:187][183]LogModuleManager: Shutting down and abandoning module ActorPickerMode (156)
[2014.11.12-01.09.59:187][183]LogModuleManager: Shutting down and abandoning module GeometryMode (155)
[2014.11.12-01.09.59:187][183]LogModuleManager: Shutting down and abandoning module TextureAlignMode (154)
[2014.11.12-01.09.59:187][183]LogModuleManager: Shutting down and abandoning module BspMode (153)
[2014.11.12-01.09.59:187][183]LogModuleManager: Shutting down and abandoning module PlacementMode (152)
[2014.11.12-01.09.59:187][183]LogModuleManager: Shutting down and abandoning module AutomationWorker (151)
[2014.11.12-01.09.59:188][183]LogModuleManager: Shutting down and abandoning module CharacterAI (150)
[2014.11.12-01.09.59:188][183]LogModuleManager: Shutting down and abandoning module GameProjectGeneration (149)
[2014.11.12-01.09.59:188][183]LogModuleManager: Shutting down and abandoning module IntroTutorials (148)
[2014.11.12-01.09.59:188][183]LogModuleManager: Shutting down and abandoning module EditorLiveStreaming (147)
[2014.11.12-01.09.59:188][183]LogModuleManager: Shutting down and abandoning module HardwareTargeting (146)
[2014.11.12-01.09.59:188][183]LogModuleManager: Shutting down and abandoning module BehaviorTreeEditor (145)
[2014.11.12-01.09.59:188][183]LogModuleManager: Shutting down and abandoning module DeviceProfileEditor (144)
[2014.11.12-01.09.59:188][183]LogModuleManager: Shutting down and abandoning module UndoHistory (143)
[2014.11.12-01.09.59:188][183]LogModuleManager: Shutting down and abandoning module GameplayTagsEditor (142)
[2014.11.12-01.09.59:188][183]LogModuleManager: Shutting down and abandoning module UserFeedback (141)
[2014.11.12-01.09.59:188][183]LogModuleManager: Shutting down and abandoning module XmlParser (140)
[2014.11.12-01.09.59:188][183]LogModuleManager: Shutting down and abandoning module Blutility (139)
[2014.11.12-01.09.59:188][183]LogModuleManager: Shutting down and abandoning module IOSPlatformEditor (138)
[2014.11.12-01.09.59:188][183]LogModuleManager: Shutting down and abandoning module IOSRuntimeSettings (137)
[2014.11.12-01.09.59:188][183]LogModuleManager: Shutting down and abandoning module AndroidPlatformEditor (136)
[2014.11.12-01.09.59:188][183]LogModuleManager: Shutting down and abandoning module AndroidRuntimeSettings (135)
[2014.11.12-01.09.59:188][183]LogModuleManager: Shutting down and abandoning module ProjectTargetPlatformEditor (134)
[2014.11.12-01.09.59:188][183]LogModuleManager: Shutting down and abandoning module ProjectSettingsViewer (133)
[2014.11.12-01.09.59:188][183]LogModuleManager: Shutting down and abandoning module InputBindingEditor (132)
[2014.11.12-01.09.59:188][183]LogModuleManager: Shutting down and abandoning module EditorSettingsViewer (131)
[2014.11.12-01.09.59:188][183]LogModuleManager: Shutting down and abandoning module SettingsEditor (130)
[2014.11.12-01.09.59:188][183]LogModuleManager: Shutting down and abandoning module ProjectLauncher (129)
[2014.11.12-01.09.59:188][183]LogModuleManager: Shutting down and abandoning module SessionFrontend (128)
[2014.11.12-01.09.59:188][183]LogModuleManager: Shutting down and abandoning module ProfilerClient (127)
[2014.11.12-01.09.59:188][183]LogModuleManager: Shutting down and abandoning module TargetDeviceServices (126)
[2014.11.12-01.09.59:188][183]LogModuleManager: Shutting down and abandoning module DeviceManager (125)
[2014.11.12-01.09.59:188][183]LogModuleManager: Shutting down and abandoning module AutomationController (124)
[2014.11.12-01.09.59:188][183]LogModuleManager: Shutting down and abandoning module AutomationWindow (123)
[2014.11.12-01.09.59:188][183]LogModuleManager: Shutting down and abandoning module Layers (122)
[2014.11.12-01.09.59:188][183]LogModuleManager: Shutting down and abandoning module ComponentVisualizers (121)
[2014.11.12-01.09.59:188][183]LogModuleManager: Shutting down and abandoning module DetailCustomizations (120)
[2014.11.12-01.09.59:188][183]LogModuleManager: Shutting down and abandoning module PackagesDialog (119)
[2014.11.12-01.09.59:188][183]LogModuleManager: Shutting down and abandoning module AssetRegistry (118)
[2014.11.12-01.09.59:202][183]LogModuleManager: Shutting down and abandoning module Persona (117)
[2014.11.12-01.09.59:202][183]LogModuleManager: Shutting down and abandoning module Kismet (116)
[2014.11.12-01.09.59:202][183]LogModuleManager: Shutting down and abandoning module GraphEditor (115)
[2014.11.12-01.09.59:202][183]LogModuleManager: Shutting down and abandoning module ClassViewer (114)
[2014.11.12-01.09.59:202][183]LogModuleManager: Shutting down and abandoning module Toolbox (113)
[2014.11.12-01.09.59:202][183]LogModuleManager: Shutting down and abandoning module ModuleUI (112)
[2014.11.12-01.09.59:202][183]LogModuleManager: Shutting down and abandoning module MovieSceneTools (111)
[2014.11.12-01.09.59:202][183]LogModuleManager: Shutting down and abandoning module OutputLog (110)
[2014.11.12-01.09.59:202][183]LogModuleManager: Shutting down and abandoning module GammaUI (109)
[2014.11.12-01.09.59:202][183]LogModuleManager: Shutting down and abandoning module Documentation (108)
[2014.11.12-01.09.59:202][183]LogModuleManager: Shutting down and abandoning module GameLiveStreaming (107)
[2014.11.12-01.09.59:202][183]LogModuleManager: Shutting down and abandoning module StreamingPauseRendering (106)
[2014.11.12-01.09.59:202][183]LogModuleManager: Shutting down and abandoning module HTTP (105)
[2014.11.12-01.09.59:202][183]LogModuleManager: Shutting down and abandoning module AnalyticsET (104)
[2014.11.12-01.09.59:202][183]LogModuleManager: Shutting down and abandoning module Analytics (103)
[2014.11.12-01.09.59:202][183]LogModuleManager: Shutting down and abandoning module GameplayDebugger (102)
[2014.11.12-01.09.59:202][183]LogModuleManager: Shutting down and abandoning module AIModule (101)
[2014.11.12-01.09.59:202][183]LogModuleManager: Shutting down and abandoning module ProfilerService (100)
[2014.11.12-01.09.59:279][183]LogModuleManager: Shutting down and abandoning module TaskGraph (99)
[2014.11.12-01.09.59:279][183]LogModuleManager: Shutting down and abandoning module SlateRemote (98)
[2014.11.12-01.09.59:279][183]LogModuleManager: Shutting down and abandoning module ScriptEditorPlugin (97)
[2014.11.12-01.09.59:279][183]LogModuleManager: Shutting down and abandoning module CustomMeshComponent (96)
[2014.11.12-01.09.59:279][183]LogModuleManager: Shutting down and abandoning module CableComponent (95)
[2014.11.12-01.09.59:279][183]LogModuleManager: Shutting down and abandoning module MessagingDebugger (94)
[2014.11.12-01.09.59:279][183]LogModuleManager: Shutting down and abandoning module MediaPlayerEditor (93)
[2014.11.12-01.09.59:279][183]LogModuleManager: Shutting down and abandoning module SpeedTreeImporter (92)
[2014.11.12-01.09.59:279][183]LogModuleManager: Shutting down and abandoning module PluginsEditor (91)
[2014.11.12-01.09.59:279][183]LogModuleManager: Shutting down and abandoning module EpicSurvey (90)
[2014.11.12-01.09.59:279][183]LogModuleManager: Shutting down and abandoning module DesktopPlatform (89)
[2014.11.12-01.09.59:279][183]LogModuleManager: Shutting down and abandoning module VisualStudioSourceCodeAccess (88)
[2014.11.12-01.09.59:279][183]LogModuleManager: Shutting down and abandoning module UObjectPlugin (87)
[2014.11.12-01.09.59:279][183]LogModuleManager: Shutting down and abandoning module SubversionSourceControl (86)
[2014.11.12-01.09.59:279][183]LogModuleManager: Shutting down and abandoning module SourceControl (85)
[2014.11.12-01.09.59:279][183]LogModuleManager: Shutting down and abandoning module PerforceSourceControl (84)
[2014.11.12-01.09.59:279][183]LogModuleManager: Shutting down and abandoning module BlankPlugin (83)
[2014.11.12-01.09.59:279][183]LogModuleManager: Shutting down and abandoning module SlateReflector (82)
[2014.11.12-01.09.59:279][183]LogModuleManager: Shutting down and abandoning module DirectoryWatcher (81)
[2014.11.12-01.09.59:279][183]LogModuleManager: Shutting down and abandoning module HotReload (80)
[2014.11.12-01.09.59:279][183]LogModuleManager: Shutting down and abandoning module MainFrame (79)
[2014.11.12-01.09.59:279][183]LogModuleManager: Shutting down and abandoning module LevelEditor (78)
[2014.11.12-01.09.59:280][183]LogModuleManager: Shutting down and abandoning module ViewportSnapping (77)
[2014.11.12-01.09.59:280][183]LogModuleManager: Shutting down and abandoning module SmartSnapping (76)
[2014.11.12-01.09.59:280][183]LogModuleManager: Shutting down and abandoning module PaperTiledImporter (75)
[2014.11.12-01.09.59:280][183]LogModuleManager: Shutting down and abandoning module PaperJsonImporter (74)
[2014.11.12-01.09.59:280][183]LogModuleManager: Shutting down and abandoning module ContentBrowser (73)
[2014.11.12-01.09.59:280][183]LogModuleManager: Shutting down and abandoning module PropertyEditor (72)
[2014.11.12-01.09.59:280][183]LogModuleManager: Shutting down and abandoning module Paper2DEditor (71)
[2014.11.12-01.09.59:280][183]LogModuleManager: Shutting down and abandoning module ScriptPlugin (70)
[2014.11.12-01.09.59:280][183]LogModuleManager: Shutting down and abandoning module UdpMessaging (69)
[2014.11.12-01.09.59:380][183]LogModuleManager: Shutting down and abandoning module Paper2D (68)
[2014.11.12-01.09.59:380][183]LogModuleManager: Shutting down and abandoning module WindowsMoviePlayer (67)
[2014.11.12-01.09.59:382][183]LogModuleManager: Shutting down and abandoning module Media (66)
[2014.11.12-01.09.59:382][183]LogModuleManager: Shutting down and abandoning module WmfMedia (65)
[2014.11.12-01.09.59:382][183]LogModuleManager: Shutting down and abandoning module OnlineBlueprintSupport (64)
[2014.11.12-01.09.59:382][183]LogModuleManager: Shutting down and abandoning module FunctionalTesting (63)
[2014.11.12-01.09.59:382][183]LogModuleManager: Shutting down and abandoning module CollisionAnalyzer (62)
[2014.11.12-01.09.59:382][183]LogModuleManager: Shutting down and abandoning module WorkspaceMenuStructure (61)
[2014.11.12-01.09.59:382][183]LogModuleManager: Shutting down and abandoning module MessageLog (60)
[2014.11.12-01.09.59:382][183]LogModuleManager: Shutting down and abandoning module Sequencer (59)
[2014.11.12-01.09.59:382][183]LogModuleManager: Shutting down and abandoning module AssetTools (58)
[2014.11.12-01.09.59:382][183]LogModuleManager: Shutting down and abandoning module UMGEditor (57)
[2014.11.12-01.09.59:382][183]LogModuleManager: Shutting down and abandoning module UMG (56)
[2014.11.12-01.09.59:382][183]LogModuleManager: Shutting down and abandoning module Slate (55)
[2014.11.12-01.09.59:382][183]LogModuleManager: Shutting down and abandoning module EditorStyle (54)
[2014.11.12-01.09.59:383][183]LogModuleManager: Shutting down and abandoning module SessionServices (53)
[2014.11.12-01.09.59:383][183]LogModuleManager: Shutting down and abandoning module SourceCodeAccess (52)
[2014.11.12-01.09.59:383][183]LogModuleManager: Shutting down and abandoning module HeadMountedDisplay (51)
[2014.11.12-01.09.59:383][183]LogModuleManager: Shutting down and abandoning module XAudio2 (50)
[2014.11.12-01.09.59:383][183]LogModuleManager: Shutting down and abandoning module Networking (48)
[2014.11.12-01.09.59:383][183]LogModuleManager: Shutting down and abandoning module Core (47)
[2014.11.12-01.09.59:383][183]LogModuleManager: Shutting down and abandoning module KismetCompiler (46)
[2014.11.12-01.09.59:383][183]LogModuleManager: Shutting down and abandoning module PhysXFormats (45)
[2014.11.12-01.09.59:383][183]LogModuleManager: Shutting down and abandoning module MeshUtilities (44)
[2014.11.12-01.09.59:383][183]LogModuleManager: Shutting down and abandoning module DerivedDataCache (43)
[2014.11.12-01.09.59:475][183]LogDerivedDataCache: Shutdown
[2014.11.12-01.09.59:475][183]LogModuleManager: Shutting down and abandoning module ShaderFormatOpenGL (42)
[2014.11.12-01.09.59:475][183]LogModuleManager: Shutting down and abandoning module ShaderFormatD3D (41)
[2014.11.12-01.09.59:475][183]LogModuleManager: Shutting down and abandoning module MetalShaderFormat (40)
[2014.11.12-01.09.59:475][183]LogModuleManager: Shutting down and abandoning module TextureFormatUncompressed (39)
[2014.11.12-01.09.59:475][183]LogModuleManager: Shutting down and abandoning module TextureFormatPVR (38)
[2014.11.12-01.09.59:475][183]LogModuleManager: Shutting down and abandoning module TextureFormatDXT (37)
[2014.11.12-01.09.59:475][183]LogModuleManager: Shutting down and abandoning module TextureFormatAndroid (36)
[2014.11.12-01.09.59:475][183]LogModuleManager: Shutting down and abandoning module AudioFormatOpus (35)
[2014.11.12-01.09.59:475][183]LogModuleManager: Shutting down and abandoning module AudioFormatOgg (34)
[2014.11.12-01.09.59:475][183]LogModuleManager: Shutting down and abandoning module AudioFormatADPCM (33)
[2014.11.12-01.09.59:475][183]LogModuleManager: Shutting down and abandoning module Messaging (32)
[2014.11.12-01.09.59:475][183]LogModuleManager: Shutting down and abandoning module IOSTargetPlatform (31)
[2014.11.12-01.09.59:475][183]LogModuleManager: Shutting down and abandoning module Android_PVRTCTargetPlatform (30)
[2014.11.12-01.09.59:475][183]LogModuleManager: Shutting down and abandoning module Android_ETC2TargetPlatform (29)
[2014.11.12-01.09.59:475][183]LogModuleManager: Shutting down and abandoning module Android_ETC1TargetPlatform (28)
[2014.11.12-01.09.59:475][183]LogModuleManager: Shutting down and abandoning module Android_DXTTargetPlatform (27)
[2014.11.12-01.09.59:475][183]LogModuleManager: Shutting down and abandoning module Android_ATCTargetPlatform (26)
[2014.11.12-01.09.59:475][183]LogModuleManager: Shutting down and abandoning module AndroidTargetPlatform (25)
[2014.11.12-01.09.59:475][183]LogModuleManager: Shutting down and abandoning module WindowsTargetPlatform (24)
[2014.11.12-01.09.59:475][183]LogModuleManager: Shutting down and abandoning module WindowsServerTargetPlatform (23)
[2014.11.12-01.09.59:475][183]LogModuleManager: Shutting down and abandoning module WindowsNoEditorTargetPlatform (22)
[2014.11.12-01.09.59:475][183]LogModuleManager: Shutting down and abandoning module WindowsClientTargetPlatform (21)
[2014.11.12-01.09.59:475][183]LogModuleManager: Shutting down and abandoning module TargetPlatform (20)
[2014.11.12-01.09.59:475][183]LogModuleManager: Shutting down and abandoning module InputCore (19)
[2014.11.12-01.09.59:475][183]LogModuleManager: Shutting down and abandoning module Settings (18)
[2014.11.12-01.09.59:475][183]LogModuleManager: Shutting down and abandoning module ImageWrapper (17)
[2014.11.12-01.09.59:475][183]LogModuleManager: Shutting down and abandoning module OculusRift (14)
[2014.11.12-01.09.59:475][183]LogModuleManager: Shutting down and abandoning module ExampleDeviceProfileSelector (13)
[2014.11.12-01.09.59:475][183]LogModuleManager: Shutting down and abandoning module TextureCompressor (12)
[2014.11.12-01.09.59:475][183]LogModuleManager: Shutting down and abandoning module ShaderCore (11)
[2014.11.12-01.09.59:475][183]LogModuleManager: Shutting down and abandoning module SlateRHIRenderer (10)
[2014.11.12-01.09.59:476][183]LogModuleManager: Shutting down and abandoning module OpenGLDrv (9)
[2014.11.12-01.09.59:476][183]LogModuleManager: Shutting down and abandoning module D3D11RHI (8)
[2014.11.12-01.09.59:476][183]LogModuleManager: Shutting down and abandoning module Renderer (7)
[2014.11.12-01.09.59:476][183]LogModuleManager: Shutting down and abandoning module Engine (6)
[2014.11.12-01.09.59:476][183]LogModuleManager: Shutting down and abandoning module CoreUObject (5)
[2014.11.12-01.09.59:476][183]LogModuleManager: Shutting down and abandoning module NetworkFile (4)
[2014.11.12-01.09.59:476][183]LogModuleManager: Shutting down and abandoning module StreamingFile (3)
[2014.11.12-01.09.59:476][183]LogModuleManager: Shutting down and abandoning module SandboxFile (2)
[2014.11.12-01.09.59:476][183]LogModuleManager: Shutting down and abandoning module PakFile (1)
[2014.11.12-01.09.59:476][183]LogExit: Exiting.
[2014.11.12-01.09.59:494][183]Log file closed, 11/11/14 20:09:59
