Log file open, 11/04/14 17:25:09
LogInit:Display: Running engine for game: gaem
LogInit: Version: 4.5.1-2336687+++depot+UE4-Releases+4.5
LogInit: API Version: 2326478
LogInit: Compiled (64-bit): Oct 21 2014 22:32:40
LogInit: Compiled with Visual C++: 18.00.21005.01
LogInit: Build Configuration: Development
LogInit: Branch Name: ++depot+UE4-Releases+4.5
LogInit: Command line:  
LogInit: Base directory: C:/Program Files/Unreal Engine/4.5/Engine/Binaries/Win64/
LogInit: Rocket: 1
[2014.11.04-22.25.09:122][  0]LogTaskGraph: Started task graph with 3 named threads and 4 total threads.
[2014.11.04-22.25.09:152][  0]LogOnline:Warning: No default platform service specified for OnlineSubsystem
[2014.11.04-22.25.09:194][  0]LogInit: Presizing for 0 objects not considered by GC, pre-allocating 0 bytes.
[2014.11.04-22.25.09:201][  0]LogInit: Object subsystem initialized
[2014.11.04-22.25.09:203][  0]LogConsoleResponse:Warning: Skipping Unknown console variable: 'UIScaleRule = ShortestSide'
[2014.11.04-22.25.09:203][  0]LogConsoleResponse:Warning:   Found in ini file 'C:/Users/Matt/Projects/gaem/Saved/Config/Windows/Engine.ini', in section '[/Script/Engine.RendererSettings]'
[2014.11.04-22.25.09:203][  0]LogConsoleResponse:Warning: Skipping Unknown console variable: 'UIScaleCurve = (EditorCurveData=(Keys=((Time=480.000000,Value=0.444000),(Time=720.000000,Value=0.666000),(Time=1080.000000,Value=1.000000),(Time=8640.000000,Value=8.000000))),ExternalCurve=None)'
[2014.11.04-22.25.09:203][  0]LogConsoleResponse:Warning:   Found in ini file 'C:/Users/Matt/Projects/gaem/Saved/Config/Windows/Engine.ini', in section '[/Script/Engine.RendererSettings]'
[2014.11.04-22.25.09:204][  0]LogInit: Selected Device Profile: [Windows]
[2014.11.04-22.25.09:204][  0]LogInit: Applying CVar settings loaded from the selected device profile: [Windows]
[2014.11.04-22.25.09:209][  0]LogInit: Computer: BIGRED
[2014.11.04-22.25.09:209][  0]LogInit: User: Matt
[2014.11.04-22.25.09:209][  0]LogInit: CPU Page size=4096, Cores=4
[2014.11.04-22.25.09:209][  0]LogInit: High frequency timer resolution =3.561816 MHz
[2014.11.04-22.25.09:209][  0]LogMemory: Memory total: Physical=15.7GB (16GB approx) Virtual=8192.0GB
[2014.11.04-22.25.09:209][  0]LogMemory: Platform Memory Stats for Windows
[2014.11.04-22.25.09:209][  0]LogMemory: Process Physical Memory: 63.53 MB used, 63.53 MB peak
[2014.11.04-22.25.09:209][  0]LogMemory: Process Virtual Memory: 38.63 MB used, 38.63 MB peak
[2014.11.04-22.25.09:209][  0]LogMemory: Physical Memory: 4747.22 MB used, 16066.05 MB total
[2014.11.04-22.25.09:209][  0]LogMemory: Virtual Memory: 272.20 MB used, 8388608.00 MB total
[2014.11.04-22.25.09:280][  0]LogD3D11RHI: Found D3D11 adapter 0: NVIDIA GeForce GTX 770 (Feature Level 11_0)
[2014.11.04-22.25.09:280][  0]LogD3D11RHI: Adapter has 1990MB of dedicated video memory, 0MB of dedicated system memory, and 2048MB of shared system memory, 1 output[s]
[2014.11.04-22.25.09:280][  0]LogD3D11RHI: Chosen D3D11 Adapter Id = 0
[2014.11.04-22.25.09:283][  0]LogRHI: Texture pool is 1361 MB (70% of 1945 MB)
[2014.11.04-22.25.09:291][  0]LogD3D11RHI: Async texture creation enabled
[2014.11.04-22.25.09:648][  0]LogTextLocalizationManager: The requested culture ('en_US') has no localization data; parent culture's ('en') localization data will be used.
[2014.11.04-22.25.09:745][  0]LogContentStreaming: Texture pool size is 0.000000MB
[2014.11.04-22.25.13:472][  0]LogTargetPlatformManager:Display: Building Assets For Windows
[2014.11.04-22.25.13:890][  0]LogTargetPlatformManager:Display: Building Assets For Windows
[2014.11.04-22.25.13:946][  0]LogDerivedDataCache:Display: Max Cache Size: 512 MB
[2014.11.04-22.25.13:973][  0]LogDerivedDataCache: Loaded boot cache 0.03s 39MB C:/Users/Matt/AppData/Local/UnrealEngine/4.5/DerivedDataCache/Boot.ddc.
[2014.11.04-22.25.13:973][  0]LogDerivedDataCache:Display: Loaded Boot cache: C:/Users/Matt/AppData/Local/UnrealEngine/4.5/DerivedDataCache/Boot.ddc
[2014.11.04-22.25.13:973][  0]LogDerivedDataCache: FDerivedDataBackendGraph:  Pak pak cache file ../../../../../../Users/Matt/Projects/gaem/DerivedDataCache/DDC.ddp not found, will not use a pak cache.
[2014.11.04-22.25.13:973][  0]LogDerivedDataCache: Unable to find inner node Pak for hierarchical cache Hierarchy.
[2014.11.04-22.25.14:022][  0]LogDerivedDataCache:Display: Pak cache opened for reading ../../../Engine/DerivedDataCache/DDC.ddp.
[2014.11.04-22.25.14:033][  0]LogDerivedDataCache: Using Local data cache path C:/Users/Matt/AppData/Local/UnrealEngine/Common/DerivedDataCache: Writable
[2014.11.04-22.25.14:180][  0]LogMeshUtilities: No automatic mesh reduction module available
[2014.11.04-22.25.14:180][  0]LogMeshUtilities: No automatic mesh merging module available
[2014.11.04-22.25.14:341][  0]LogLinker:Warning: Asset '../../../Engine/Content/Functions/Engine_MaterialFunctions02/Texturing/FlipBook.uasset' has been saved with empty engine version. The asset will be loaded but may be incompatible.
[2014.11.04-22.25.14:343][  0]LogLinker:Warning: Asset '../../../Engine/Content/Functions/Engine_MaterialFunctions02/ExampleContent/Textures/flipbook.uasset' has been saved with empty engine version. The asset will be loaded but may be incompatible.
[2014.11.04-22.25.14:491][  0]LogInit: WinSock: version 1.1 (2.2), MaxSocks=32767, MaxUdp=65467
[2014.11.04-22.25.15:324][  0]UdpMessaging: Initializing bridge on interface 0.0.0.0:0 to multicast group 230.0.0.1:6666.
[2014.11.04-22.25.15:582][  0]LogDirectoryWatcher:Warning: Failed to begin reading directory changes for C:/Users/Matt/Projects/gaem/Binaries/Win64. Error: 0
[2014.11.04-22.25.15:730][  0]SourceControl: Info Source control is disabled
[2014.11.04-22.25.15:730][  0]SourceControl: Info Source control is disabled
[2014.11.04-22.25.15:738][  0]SourceControl: Info Source control is disabled
[2014.11.04-22.25.15:929][  0]LogObj: 22915 objects as part of root set at end of initial load.
[2014.11.04-22.25.15:929][  0]LogUObjectAllocator: 4803536 out of 0 bytes used by permanent object pool.
[2014.11.04-22.25.15:993][  0]LogEngine: Initializing Engine...
[2014.11.04-22.25.16:093][  0]LogInit: XAudio2 using 'Speakers (ASUS Xonar Essence STX Audio Device)' : 2 channels at 44.1 kHz using 16 bits per sample (channel mask 0x3)
[2014.11.04-22.25.16:101][  0]LogInit: FAudioDevice initialized.
[2014.11.04-22.25.16:130][  0]LogAIModule: Creating AISystem for world NewWorld
[2014.11.04-22.25.16:146][  0]LogDerivedDataCache: Saved boot cache 0.02s 39MB C:/Users/Matt/AppData/Local/UnrealEngine/4.5/DerivedDataCache/Boot.ddc.
[2014.11.04-22.25.16:148][  0]LogInit: Texture streaming: Enabled
[2014.11.04-22.25.16:206][  0]LogInit: Transaction tracking system initialized
[2014.11.04-22.25.16:349][  0]BlueprintLog: New page: Editor Load
[2014.11.04-22.25.16:398][  0]LogAssetRegistry: FAssetRegistry took 0.0101 seconds to start up
[2014.11.04-22.25.16:398][  0]LogDirectoryWatcher:Warning: Failed to begin reading directory changes for ../../../Engine/Plugins/Experimental/CharacterAI/Content/. Error: 0
[2014.11.04-22.25.16:872][  0]LogTargetPlatformManager:Display: Building Assets For Windows
[2014.11.04-22.25.17:123][  0]LogTargetPlatformManager:Display: Building Assets For Windows
[2014.11.04-22.25.17:427][  0]LogConsoleResponse:Display: 
[2014.11.04-22.25.17:667][  0]SourceControl: Info Source control is disabled
[2014.11.04-22.25.17:668][  0]Cmd: MAP LOAD FILE="../../../../../../Users/Matt/Projects/gaem/Content/My2DMap.umap" TEMPLATE=0 SHOWPROGRESS=1
[2014.11.04-22.25.17:668][  0]LightingResults: New page: Lighting Build
[2014.11.04-22.25.17:678][  0]MapCheck: New page: Map Check
[2014.11.04-22.25.17:678][  0]LightingResults: New page: Lighting Build
[2014.11.04-22.25.17:695][  0]LogParticles: Destroying 0 GPU particle simulations for FXSystem 0x0000000021006A20
[2014.11.04-22.25.17:850][  0]LogEditorServer: Finished looking for orphan Actors (0.000 secs)
[2014.11.04-22.25.17:851][  0]LogAIModule: Creating AISystem for world My2DMap
[2014.11.04-22.25.17:851][  0]Cmd: MAP CHECKDEP
[2014.11.04-22.25.17:851][  0]MapCheck: New page: My2DMap - Nov 4, 2014, 12:25:17 PM
[2014.11.04-22.25.17:950][  0]MapCheck: Info Map check complete: 0 Error(s), 0 Warning(s), took 99.595ms to complete.
[2014.11.04-22.25.17:950][  0]LogFileHelpers: Loading map 'My2DMap' took 0.283
[2014.11.04-22.25.18:033][  0]LogCollectionManager: Loaded 0 collections in 0.001155 seconds
[2014.11.04-22.25.18:144][  0]LogCrashTracker: Crashtracker disabled due to settings.
[2014.11.04-22.25.18:160][  0]LogUObjectGlobals:Warning: Failed to find object 'Class None.'
[2014.11.04-22.25.18:185][  0]LogLoad: Full Startup: 11.15 seconds (BP compile: 0.05 seconds)
[2014.11.04-22.25.18:527][  0]LogContentBrowser:Verbose: The content browser source was changed by the sources view to '/Game/Blueprints'
[2014.11.04-22.25.18:645][  0]LogRenderer:Warning: Reallocating scene render targets to support 920x872.
[2014.11.04-22.25.18:865][  1]LogAssetRegistry: Asset discovery search completed in 2.4781 seconds
[2014.11.04-22.28.39:087][859]LogRenderer:Warning: Reallocating scene render targets to support 976x872.
[2014.11.04-22.28.56:123][853]LogPropertyNode:Warning: UI Min (0) >= UI Max () for Ranged Numeric
[2014.11.04-22.28.56:123][853]LogPropertyNode:Warning: UI Min (0) >= UI Max () for Ranged Numeric
[2014.11.04-22.28.56:125][853]LogPropertyNode:Warning: UI Min (0) >= UI Max () for Ranged Numeric
[2014.11.04-22.28.56:126][853]LogPropertyNode:Warning: UI Min (0) >= UI Max () for Ranged Numeric
[2014.11.04-22.28.56:126][853]LogPropertyNode:Warning: UI Min (0) >= UI Max () for Ranged Numeric
[2014.11.04-22.28.56:126][853]LogPropertyNode:Warning: UI Min (0) >= UI Max () for Ranged Numeric
[2014.11.04-22.29.18:474][486]LogActorComponent: UnregisterComponent: (/Engine/Transient.CharacterMovementComponent_0) Not registered. Aborting.
[2014.11.04-22.29.56:429][880]LogActorComponent: UnregisterComponent: (/Engine/Transient.CharacterMovementComponent_1) Not registered. Aborting.
[2014.11.04-22.30.05:021][832]LogActorComponent: UnregisterComponent: (/Engine/Transient.CharacterMovementComponent_2) Not registered. Aborting.
[2014.11.04-22.30.14:636][936]BlueprintLog: New page: Compile MyCharacter
[2014.11.04-22.30.14:800][936]BlueprintEditorCompileResults: Info [0307.65] Compile of MyCharacter successful! [in 36 ms]
[2014.11.04-22.30.15:201][976]Cmd: OBJ SAVEPACKAGE PACKAGE="/Game/Blueprints/MyCharacter" FILE="../../../../../../Users/Matt/Projects/gaem/Content/Blueprints/MyCharacter.uasset" SILENT=true
[2014.11.04-22.30.15:528][976]LogSavePackage: Save=266.407074ms
[2014.11.04-22.30.15:528][976]LogSavePackage: Moving '../../../../../../Users/Matt/Projects/gaem/Saved/MyCharacter76114BD84D9B100A199E9F86550760A6.tmp' to '../../../../../../Users/Matt/Projects/gaem/Content/Blueprints/MyCharacter.uasset'
[2014.11.04-22.30.26:028][ 36]LogSlate:Warning: GetFontFace failed to load or process 'Roboto-Regular'
[2014.11.04-22.30.26:028][ 36]LogSlate:Warning: GetFontFace failed to load or process 'Roboto-Regular'
[2014.11.04-22.30.26:043][ 36]LogSlate:Warning: GetFontFace failed to load or process 'Roboto-Regular'
[2014.11.04-22.30.26:043][ 36]LogSlate:Warning: GetFontFace failed to load or process 'Roboto-Regular'
[2014.11.04-22.30.26:043][ 36]LogSlate:Warning: GetFontFace failed to load or process 'Roboto-Regular'
[2014.11.04-22.30.26:043][ 36]LogSlate:Warning: GetFontFace failed to load or process 'Roboto-Regular'
[2014.11.04-22.30.26:043][ 36]LogSlate:Warning: GetFontFace failed to load or process 'Roboto-Regular'
[2014.11.04-22.30.26:043][ 36]LogSlate:Warning: GetFontFace failed to load or process 'Roboto-Regular'
[2014.11.04-22.30.26:043][ 36]LogSlate:Warning: GetFontFace failed to load or process 'Roboto-Regular'
[2014.11.04-22.30.26:044][ 36]LogSlate:Warning: GetFontFace failed to load or process 'Roboto-Regular'
[2014.11.04-22.30.26:044][ 36]LogSlate:Warning: GetFontFace failed to load or process 'Roboto-Regular'
[2014.11.04-22.30.26:044][ 36]LogSlate:Warning: GetFontFace failed to load or process 'Roboto-Regular'
[2014.11.04-22.30.26:044][ 36]LogSlate:Warning: GetFontFace failed to load or process 'Roboto-Regular'
[2014.11.04-22.30.26:044][ 36]LogSlate:Warning: GetFontFace failed to load or process 'Roboto-Regular'
[2014.11.04-22.30.26:044][ 36]LogSlate:Warning: GetFontFace failed to load or process 'Roboto-Regular'
[2014.11.04-22.30.26:044][ 36]LogSlate:Warning: GetFontFace failed to load or process 'Roboto-Regular'
[2014.11.04-22.30.26:044][ 36]LogSlate:Warning: GetFontFace failed to load or process 'Roboto-Regular'
[2014.11.04-22.30.26:044][ 36]LogSlate:Warning: GetFontFace failed to load or process 'Roboto-Regular'
[2014.11.04-22.30.26:044][ 36]LogSlate:Warning: GetFontFace failed to load or process 'Roboto-Regular'
[2014.11.04-22.30.41:266][805]LogSlate:Warning: GetFontFace failed to load or process 'Roboto-Regular'
[2014.11.04-22.30.41:266][805]LogSlate:Warning: GetFontFace failed to load or process 'Roboto-Regular'
[2014.11.04-22.30.41:266][805]LogSlate:Warning: GetFontFace failed to load or process 'Roboto-Regular'
[2014.11.04-22.30.41:266][805]LogSlate:Warning: GetFontFace failed to load or process 'Roboto-Regular'
[2014.11.04-22.30.41:266][805]LogSlate:Warning: GetFontFace failed to load or process 'Roboto-Regular'
[2014.11.04-22.30.41:266][805]LogSlate:Warning: GetFontFace failed to load or process 'Roboto-Regular'
[2014.11.04-22.30.41:266][805]LogSlate:Warning: GetFontFace failed to load or process 'Roboto-Regular'
[2014.11.04-22.31.49:581][834]LogSlate:Warning: GetFontFace failed to load or process 'Roboto-Regular'
[2014.11.04-22.32.21:888][ 66]LogSlate:Warning: GetFontFace failed to load or process 'Roboto-Regular'
[2014.11.04-22.32.21:888][ 66]LogSlate:Warning: GetFontFace failed to load or process 'Roboto-Regular'
[2014.11.04-22.33.16:900][706]LogPropertyNode:Warning: UI Min (0) >= UI Max () for Ranged Numeric
[2014.11.04-22.33.16:901][706]LogPropertyNode:Warning: UI Min (0) >= UI Max () for Ranged Numeric
[2014.11.04-22.33.47:332][811]LogSlate:Warning: GetFontFace failed to load or process 'Roboto-Regular'
[2014.11.04-22.35.38:979][389]LogActorComponent: UnregisterComponent: (/Engine/Transient.CharacterMovementComponent_3) Not registered. Aborting.
[2014.11.04-22.35.39:017][389]LogFileHelpers: Editor autosave (incl. sublevels) for '/Game/My2DMap' took 0.037
[2014.11.04-22.35.39:028][389]OBJ SavePackage: Generating thumbnails for [0] asset(s) in package [/Game/Blueprints/MyHUD] ([1] browsable assets)...
[2014.11.04-22.35.39:038][389]OBJ SavePackage: Finished generating thumbnails for package [/Game/Blueprints/MyHUD]
[2014.11.04-22.35.39:040][389]Cmd: OBJ SAVEPACKAGE PACKAGE="/Game/Blueprints/MyHUD" FILE="../../../../../../Users/Matt/Projects/gaem/Saved/Autosaves/Game/Blueprints/MyHUD_Auto1.uasset" SILENT=false AUTOSAVING=true
[2014.11.04-22.35.39:090][389]LogSavePackage: Save=12.941994ms
[2014.11.04-22.35.39:090][389]LogSavePackage: Moving '../../../../../../Users/Matt/Projects/gaem/Saved/MyHUD_Auto11FBF60CA4DB5DD96269A17B5291FE767.tmp' to '../../../../../../Users/Matt/Projects/gaem/Saved/Autosaves/Game/Blueprints/MyHUD_Auto1.uasset'
[2014.11.04-22.35.39:096][389]LogFileHelpers: Auto-saving content packages took 0.079
[2014.11.04-22.37.09:833][726]LogActorComponent: UnregisterComponent: (/Engine/Transient.CharacterMovementComponent_4) Not registered. Aborting.
[2014.11.04-22.37.18:459][748]LogActorComponent: UnregisterComponent: (/Engine/Transient.CharacterMovementComponent_5) Not registered. Aborting.
[2014.11.04-22.37.27:055][733]BlueprintLog: New page: Compile MyCharacter
[2014.11.04-22.37.27:149][733]LogActorComponent: UnregisterComponent: (/Engine/Transient.CharacterMovementComponent_6) Not registered. Aborting.
[2014.11.04-22.37.27:227][733]BlueprintEditorCompileResults: Info [0740.07] Compile of MyCharacter successful! [in 34 ms]
[2014.11.04-22.37.27:449][752]Cmd: OBJ SAVEPACKAGE PACKAGE="/Game/Blueprints/MyCharacter" FILE="../../../../../../Users/Matt/Projects/gaem/Content/Blueprints/MyCharacter.uasset" SILENT=true
[2014.11.04-22.37.27:754][752]LogSavePackage: Save=272.061768ms
[2014.11.04-22.37.27:754][752]LogSavePackage: Moving '../../../../../../Users/Matt/Projects/gaem/Saved/MyCharacter940431E84292B77DC764DFAD6190E899.tmp' to '../../../../../../Users/Matt/Projects/gaem/Content/Blueprints/MyCharacter.uasset'
[2014.11.04-22.37.29:713][968]BlueprintLog: New page: Compile MyHUD
[2014.11.04-22.37.29:748][968]LogActorComponent: UnregisterComponent: (/Engine/Transient.CharacterMovementComponent_7) Not registered. Aborting.
[2014.11.04-22.37.29:777][968]BlueprintEditorCompileResults: Info [0742.68] Compile of MyHUD successful! [in 1 ms]
[2014.11.04-22.37.30:157][  6]Cmd: OBJ SAVEPACKAGE PACKAGE="/Game/Blueprints/MyHUD" FILE="../../../../../../Users/Matt/Projects/gaem/Content/Blueprints/MyHUD.uasset" SILENT=true
[2014.11.04-22.37.30:197][  6]LogSavePackage: Save=10.798705ms
[2014.11.04-22.37.30:197][  6]LogSavePackage: Moving '../../../../../../Users/Matt/Projects/gaem/Saved/MyHUD5C6AF578411A82B37C509BBA3A5F4E68.tmp' to '../../../../../../Users/Matt/Projects/gaem/Content/Blueprints/MyHUD.uasset'
[2014.11.04-22.37.41:177][137]BlueprintLog: New page: Compile MyHUD
[2014.11.04-22.37.41:242][137]BlueprintEditorCompileResults: Info [0754.14] Compile of MyHUD successful! [in 1 ms]
[2014.11.04-22.37.57:107][317]LogSlate:Warning: GetFontFace failed to load or process 'Roboto-Regular'
[2014.11.04-22.38.43:610][292]BlueprintLog: New page: Compile MyHUD
[2014.11.04-22.38.43:646][292]LogActorComponent: UnregisterComponent: (/Engine/Transient.CharacterMovementComponent_8) Not registered. Aborting.
[2014.11.04-22.38.43:694][292]BlueprintEditorCompileResults: Info [0816.57] Compile of MyHUD successful! [in 2 ms]
[2014.11.04-22.39.19:926][640]BlueprintLog: New page: Compile MyCharacter
[2014.11.04-22.39.20:015][640]LogActorComponent: UnregisterComponent: (/Engine/Transient.CharacterMovementComponent_9) Not registered. Aborting.
[2014.11.04-22.39.20:095][640]BlueprintEditorCompileResults: Info [0852.94] Compile of MyCharacter successful! [in 34 ms]
[2014.11.04-22.39.20:302][653]Cmd: OBJ SAVEPACKAGE PACKAGE="/Game/Blueprints/MyCharacter" FILE="../../../../../../Users/Matt/Projects/gaem/Content/Blueprints/MyCharacter.uasset" SILENT=true
[2014.11.04-22.39.20:602][653]LogSavePackage: Save=268.155914ms
[2014.11.04-22.39.20:602][653]LogSavePackage: Moving '../../../../../../Users/Matt/Projects/gaem/Saved/MyCharacterE67053484D88021203003EBFC56F1E73.tmp' to '../../../../../../Users/Matt/Projects/gaem/Content/Blueprints/MyCharacter.uasset'
[2014.11.04-22.39.22:564][861]BlueprintLog: New page: Compile MyHUD
[2014.11.04-22.39.22:601][861]LogActorComponent: UnregisterComponent: (/Engine/Transient.CharacterMovementComponent_10) Not registered. Aborting.
[2014.11.04-22.39.22:649][861]BlueprintEditorCompileResults: Info [0855.53] Compile of MyHUD successful! [in 1 ms]
[2014.11.04-22.39.22:877][880]Cmd: OBJ SAVEPACKAGE PACKAGE="/Game/Blueprints/MyHUD" FILE="../../../../../../Users/Matt/Projects/gaem/Content/Blueprints/MyHUD.uasset" SILENT=true
[2014.11.04-22.39.22:917][880]LogSavePackage: Save=11.353759ms
[2014.11.04-22.39.22:917][880]LogSavePackage: Moving '../../../../../../Users/Matt/Projects/gaem/Saved/MyHUDF0699A2D4308F98A971F86B157FB8107.tmp' to '../../../../../../Users/Matt/Projects/gaem/Content/Blueprints/MyHUD.uasset'
[2014.11.04-22.40.26:424][565]LogEditorTransaction: Undo Change Variable Type
[2014.11.04-22.40.26:484][565]LogActorComponent: UnregisterComponent: (/Engine/Transient.CharacterMovementComponent_11) Not registered. Aborting.
[2014.11.04-22.42.03:669][421]LogActorComponent: UnregisterComponent: (/Engine/Transient.CharacterMovementComponent_12) Not registered. Aborting.
[2014.11.04-22.42.04:288][493]LogActorComponent: UnregisterComponent: (/Engine/Transient.CharacterMovementComponent_13) Not registered. Aborting.
[2014.11.04-22.43.33:250][ 24]BlueprintLog: New page: Compile MyCharacter
[2014.11.04-22.43.33:348][ 24]LogActorComponent: UnregisterComponent: (/Engine/Transient.CharacterMovementComponent_14) Not registered. Aborting.
[2014.11.04-22.43.33:438][ 24]BlueprintEditorCompileResults: Info [1106.25] Compile of MyCharacter successful! [in 34 ms]
[2014.11.04-22.43.33:729][ 50]Cmd: OBJ SAVEPACKAGE PACKAGE="/Game/Blueprints/MyCharacter" FILE="../../../../../../Users/Matt/Projects/gaem/Content/Blueprints/MyCharacter.uasset" SILENT=true
[2014.11.04-22.43.34:029][ 50]LogSavePackage: Save=266.891937ms
[2014.11.04-22.43.34:029][ 50]LogSavePackage: Moving '../../../../../../Users/Matt/Projects/gaem/Saved/MyCharacter1D47E0424B8CED0602A263800EB6B5BC.tmp' to '../../../../../../Users/Matt/Projects/gaem/Content/Blueprints/MyCharacter.uasset'
[2014.11.04-22.43.35:199][174]BlueprintLog: New page: Compile MyHUD
[2014.11.04-22.43.35:206][174]LogBlueprint:Error: [compiler] Error This blueprint (self) is not a SceneComponent, therefore ' Target ' must have a connection
[2014.11.04-22.43.35:206][174]LogBlueprint:Warning: [compiler] Warning [1108.16] Compile of MyHUD failed. 1 Fatal Issue(s) 0 Warning(s) [in 1 ms]
[2014.11.04-22.43.35:266][174]LogActorComponent: UnregisterComponent: (/Engine/Transient.CharacterMovementComponent_15) Not registered. Aborting.
[2014.11.04-22.43.35:296][174]BlueprintEditorCompileResults:Error: Error This blueprint (self) is not a SceneComponent, therefore ' Target ' must have a connection
[2014.11.04-22.43.35:296][174]BlueprintEditorCompileResults:Warning: Warning [1108.16] Compile of MyHUD failed. 1 Fatal Issue(s) 0 Warning(s) [in 1 ms]
[2014.11.04-22.43.35:554][196]Cmd: OBJ SAVEPACKAGE PACKAGE="/Game/Blueprints/MyHUD" FILE="../../../../../../Users/Matt/Projects/gaem/Content/Blueprints/MyHUD.uasset" SILENT=true
[2014.11.04-22.43.35:595][196]LogSavePackage: Save=10.280711ms
[2014.11.04-22.43.35:595][196]LogSavePackage: Moving '../../../../../../Users/Matt/Projects/gaem/Saved/MyHUD456787AF47B9020A433E4D9A037CC2B3.tmp' to '../../../../../../Users/Matt/Projects/gaem/Content/Blueprints/MyHUD.uasset'
[2014.11.04-22.43.50:549][885]BlueprintLog: New page: Compile MyHUD
[2014.11.04-22.43.50:615][885]BlueprintEditorCompileResults: Info [1123.51] Compile of MyHUD successful! [in 1 ms]
[2014.11.04-22.43.50:950][917]Cmd: OBJ SAVEPACKAGE PACKAGE="/Game/Blueprints/MyHUD" FILE="../../../../../../Users/Matt/Projects/gaem/Content/Blueprints/MyHUD.uasset" SILENT=true
[2014.11.04-22.43.50:989][917]LogSavePackage: Save=10.453656ms
[2014.11.04-22.43.50:989][917]LogSavePackage: Moving '../../../../../../Users/Matt/Projects/gaem/Saved/MyHUD1E758D604C936FAC449FE9B40F0A64A1.tmp' to '../../../../../../Users/Matt/Projects/gaem/Content/Blueprints/MyHUD.uasset'
[2014.11.04-22.45.01:495][415]LogSlate:Warning: GetFontFace failed to load or process 'Roboto-Regular'
[2014.11.04-22.45.01:495][415]LogSlate:Warning: GetFontFace failed to load or process 'Roboto-Regular'
[2014.11.04-22.45.17:875][211]LogEditorTransaction: Undo Move Node
[2014.11.04-22.45.18:059][223]LogEditorTransaction: Undo Move Node
[2014.11.04-22.45.18:095][223]LogActorComponent: UnregisterComponent: (/Engine/Transient.CharacterMovementComponent_16) Not registered. Aborting.
[2014.11.04-22.45.18:299][228]LogEditorTransaction: Undo Create Pin Link
[2014.11.04-22.45.18:336][228]LogActorComponent: UnregisterComponent: (/Engine/Transient.CharacterMovementComponent_17) Not registered. Aborting.
[2014.11.04-22.45.18:643][252]LogEditorTransaction: Undo Move Node
[2014.11.04-22.45.18:680][252]LogActorComponent: UnregisterComponent: (/Engine/Transient.CharacterMovementComponent_18) Not registered. Aborting.
[2014.11.04-22.45.19:140][300]LogEditorTransaction: Undo Add Node
[2014.11.04-22.45.19:176][300]LogActorComponent: UnregisterComponent: (/Engine/Transient.CharacterMovementComponent_19) Not registered. Aborting.
[2014.11.04-22.45.20:036][394]LogEditorTransaction: Undo Move Node
[2014.11.04-22.45.20:073][394]LogActorComponent: UnregisterComponent: (/Engine/Transient.CharacterMovementComponent_20) Not registered. Aborting.
[2014.11.04-22.45.20:442][433]LogEditorTransaction: Undo Delete current selection
[2014.11.04-22.45.20:479][433]LogActorComponent: UnregisterComponent: (/Engine/Transient.CharacterMovementComponent_21) Not registered. Aborting.
[2014.11.04-22.45.39:331][315]LogActorComponent: UnregisterComponent: (/Engine/Transient.CharacterMovementComponent_22) Not registered. Aborting.
[2014.11.04-22.45.39:371][315]Cmd: OBJ SAVEPACKAGE PACKAGE="/Game/My2DMap" FILE="../../../../../../Users/Matt/Projects/gaem/Saved/Autosaves/Game/My2DMap_Auto2.umap" SILENT=true AUTOSAVING=true KEEPDIRTY=false
[2014.11.04-22.45.39:428][315]LogSavePackage: Save=13.263178ms
[2014.11.04-22.45.39:428][315]LogSavePackage: Moving '../../../../../../Users/Matt/Projects/gaem/Saved/My2DMap_Auto26CAC548C4CBC2D1A903A358389DF7820.tmp' to '../../../../../../Users/Matt/Projects/gaem/Saved/Autosaves/Game/My2DMap_Auto2.umap'
[2014.11.04-22.45.39:436][315]LogFileHelpers: Editor autosave (incl. sublevels) for '/Game/My2DMap' took 0.105
[2014.11.04-22.45.39:436][315]LogFileHelpers: Editor autosave (incl. sublevels) for all levels took 0.105
[2014.11.04-22.45.39:444][315]OBJ SavePackage: Generating thumbnails for [1] asset(s) in package [/Game/Blueprints/MyCharacter] ([1] browsable assets)...
[2014.11.04-22.45.39:462][315]OBJ SavePackage:     Rendered thumbnail for [Blueprint /Game/Blueprints/MyCharacter.MyCharacter]
[2014.11.04-22.45.39:462][315]OBJ SavePackage: Finished generating thumbnails for package [/Game/Blueprints/MyCharacter]
[2014.11.04-22.45.39:464][315]Cmd: OBJ SAVEPACKAGE PACKAGE="/Game/Blueprints/MyCharacter" FILE="../../../../../../Users/Matt/Projects/gaem/Saved/Autosaves/Game/Blueprints/MyCharacter_Auto2.uasset" SILENT=false AUTOSAVING=true
[2014.11.04-22.45.39:770][315]LogSavePackage: Save=270.847778ms
[2014.11.04-22.45.39:770][315]LogSavePackage: Moving '../../../../../../Users/Matt/Projects/gaem/Saved/MyCharacter_Auto2A34E3B1B44DFC2CEC002D7963937625F.tmp' to '../../../../../../Users/Matt/Projects/gaem/Saved/Autosaves/Game/Blueprints/MyCharacter_Auto2.uasset'
[2014.11.04-22.45.39:780][315]OBJ SavePackage: Generating thumbnails for [0] asset(s) in package [/Game/Blueprints/MyHUD] ([1] browsable assets)...
[2014.11.04-22.45.39:798][315]OBJ SavePackage: Finished generating thumbnails for package [/Game/Blueprints/MyHUD]
[2014.11.04-22.45.39:800][315]Cmd: OBJ SAVEPACKAGE PACKAGE="/Game/Blueprints/MyHUD" FILE="../../../../../../Users/Matt/Projects/gaem/Saved/Autosaves/Game/Blueprints/MyHUD_Auto2.uasset" SILENT=false AUTOSAVING=true
[2014.11.04-22.45.39:849][315]LogSavePackage: Save=14.020657ms
[2014.11.04-22.45.39:849][315]LogSavePackage: Moving '../../../../../../Users/Matt/Projects/gaem/Saved/MyHUD_Auto222C0FABF458B2DD827BBCD91B9FF5F1B.tmp' to '../../../../../../Users/Matt/Projects/gaem/Saved/Autosaves/Game/Blueprints/MyHUD_Auto2.uasset'
[2014.11.04-22.45.39:853][315]LogFileHelpers: Auto-saving content packages took 0.418
[2014.11.04-22.46.16:206][778]BlueprintLog: New page: Compile MyCharacter
[2014.11.04-22.46.16:295][778]LogActorComponent: UnregisterComponent: (/Engine/Transient.CharacterMovementComponent_23) Not registered. Aborting.
[2014.11.04-22.46.16:353][778]BlueprintEditorCompileResults: Info [1269.21] Compile of MyCharacter successful! [in 35 ms]
[2014.11.04-22.46.16:555][796]Cmd: OBJ SAVEPACKAGE PACKAGE="/Game/Blueprints/MyCharacter" FILE="../../../../../../Users/Matt/Projects/gaem/Content/Blueprints/MyCharacter.uasset" SILENT=true
[2014.11.04-22.46.16:857][796]LogSavePackage: Save=272.178284ms
[2014.11.04-22.46.16:857][796]LogSavePackage: Moving '../../../../../../Users/Matt/Projects/gaem/Saved/MyCharacterF2D78FB643E5A41D8E4333AB01E42E02.tmp' to '../../../../../../Users/Matt/Projects/gaem/Content/Blueprints/MyCharacter.uasset'
[2014.11.04-22.46.18:779][  6]Cmd: OBJ SAVEPACKAGE PACKAGE="/Game/Blueprints/MyHUD" FILE="../../../../../../Users/Matt/Projects/gaem/Content/Blueprints/MyHUD.uasset" SILENT=true
[2014.11.04-22.46.18:821][  6]LogSavePackage: Save=12.090462ms
[2014.11.04-22.46.18:821][  6]LogSavePackage: Moving '../../../../../../Users/Matt/Projects/gaem/Saved/MyHUDFAF7CCD745C89CB67CDC8C95B9A05E4B.tmp' to '../../../../../../Users/Matt/Projects/gaem/Content/Blueprints/MyHUD.uasset'
[2014.11.04-22.46.19:106][ 36]BlueprintLog: New page: Compile MyHUD
[2014.11.04-22.46.19:143][ 36]LogActorComponent: UnregisterComponent: (/Engine/Transient.CharacterMovementComponent_24) Not registered. Aborting.
[2014.11.04-22.46.19:174][ 36]BlueprintEditorCompileResults: Info [1272.06] Compile of MyHUD successful! [in 1 ms]
[2014.11.04-22.46.38:101][113]LogSlate:Warning: GetFontFace failed to load or process 'Roboto-Regular'
[2014.11.04-22.47.05:881][893]BlueprintLog: New page: Compile MyHUD
[2014.11.04-22.47.05:951][893]BlueprintEditorCompileResults: Info [1318.84] Compile of MyHUD successful! [in 1 ms]
[2014.11.04-22.47.06:399][936]Cmd: OBJ SAVEPACKAGE PACKAGE="/Game/Blueprints/MyHUD" FILE="../../../../../../Users/Matt/Projects/gaem/Content/Blueprints/MyHUD.uasset" SILENT=true
[2014.11.04-22.47.06:443][936]LogSavePackage: Save=11.173233ms
[2014.11.04-22.47.06:443][936]LogSavePackage: Moving '../../../../../../Users/Matt/Projects/gaem/Saved/MyHUDA088D0954BA117AE94FB1CB588867670.tmp' to '../../../../../../Users/Matt/Projects/gaem/Content/Blueprints/MyHUD.uasset'
[2014.11.04-22.47.14:615][692]Cmd: OBJ SAVEPACKAGE PACKAGE="/Game/My2DMap" FILE="../../../../../../Users/Matt/Projects/gaem/Content/My2DMap.umap" SILENT=true AUTOSAVING=false KEEPDIRTY=false
[2014.11.04-22.47.14:683][692]LogSavePackage: Save=12.601718ms
[2014.11.04-22.47.14:683][692]LogSavePackage: Moving '../../../../../../Users/Matt/Projects/gaem/Saved/My2DMapA428BFB844A3F6BA70ACB09FD0B38C95.tmp' to '../../../../../../Users/Matt/Projects/gaem/Content/My2DMap.umap'
[2014.11.04-22.47.14:715][692]LogFileHelpers: Saving map 'My2DMap' took 0.228
[2014.11.04-22.47.14:717][692]Cmd: OBJ SAVEPACKAGE PACKAGE="/Game/Blueprints/MyHUD" FILE="../../../../../../Users/Matt/Projects/gaem/Content/Blueprints/MyHUD.uasset" SILENT=true
[2014.11.04-22.47.14:760][692]LogSavePackage: Save=11.742043ms
[2014.11.04-22.47.14:760][692]LogSavePackage: Moving '../../../../../../Users/Matt/Projects/gaem/Saved/MyHUD16DF6CE843AFDA69710D21B004D84724.tmp' to '../../../../../../Users/Matt/Projects/gaem/Content/Blueprints/MyHUD.uasset'
[2014.11.04-22.47.16:392][876]BlueprintLog: New page: Pre-PIE auto-recompile
[2014.11.04-22.47.16:392][876]LogPlayLevel: [PIE] Compiling LiftBlueprint before PIE...
[2014.11.04-22.47.16:451][876]LogPlayLevel: [PIE] Compiling Tutorial_BP_MacroLib before PIE...
[2014.11.04-22.47.16:510][876]LogPlayLevel: PIE:  Blueprint regeneration took 117 ms (2 blueprints)
[2014.11.04-22.47.16:510][876]PIE: New page: PIE session: My2DMap (Nov 4, 2014, 12:47:16 PM)
[2014.11.04-22.47.16:511][876]LogPlayLevel: PIE: StaticDuplicateObject took: (0.000715s)
[2014.11.04-22.47.16:511][876]LogPlayLevel: PIE: World Init took: (0.000360s)
[2014.11.04-22.47.16:512][876]LogPlayLevel: PIE: Created PIE world by copying editor world from /Game/My2DMap.My2DMap to /Game/UEDPIE_0_My2DMap.My2DMap (0.001181s)
[2014.11.04-22.47.16:562][876]LogWorld: Game class is 'PaperGameMode_C'
[2014.11.04-22.47.16:564][876]LogAIModule: Creating AISystem for world My2DMap
[2014.11.04-22.47.16:564][876]LogWorld: Bringing World /Game/UEDPIE_0_My2DMap.My2DMap up for play (max tick rate 0) at 2014.11.04-17.47.16
[2014.11.04-22.47.16:564][876]LogWorld: Bringing up level for play took: 0.000737
[2014.11.04-22.47.16:566][876]PIE: Info Play in editor start time for /Game/UEDPIE_0_My2DMap -0.244
[2014.11.04-22.47.39:996][685]LogCharacterMovement: MyCharacter_C_11 is stuck and failed to move!
[2014.11.04-22.47.40:005][686]LogCharacterMovement: MyCharacter_C_11 is stuck and failed to move!
[2014.11.04-22.47.40:013][687]LogCharacterMovement: MyCharacter_C_11 is stuck and failed to move!
[2014.11.04-22.47.40:021][688]LogCharacterMovement: MyCharacter_C_11 is stuck and failed to move!
[2014.11.04-22.47.40:029][689]LogCharacterMovement: MyCharacter_C_11 is stuck and failed to move!
[2014.11.04-22.47.40:038][690]LogCharacterMovement: MyCharacter_C_11 is stuck and failed to move!
[2014.11.04-22.47.40:046][691]LogCharacterMovement: MyCharacter_C_11 is stuck and failed to move!
[2014.11.04-22.47.40:054][692]LogCharacterMovement: MyCharacter_C_11 is stuck and failed to move!
[2014.11.04-22.47.40:063][693]LogCharacterMovement: MyCharacter_C_11 is stuck and failed to move!
[2014.11.04-22.47.40:071][694]LogCharacterMovement: MyCharacter_C_11 is stuck and failed to move!
[2014.11.04-22.47.40:079][695]LogCharacterMovement: MyCharacter_C_11 is stuck and failed to move!
[2014.11.04-22.47.40:088][696]LogCharacterMovement: MyCharacter_C_11 is stuck and failed to move!
[2014.11.04-22.47.40:096][697]LogCharacterMovement: MyCharacter_C_11 is stuck and failed to move!
[2014.11.04-22.47.40:104][698]LogCharacterMovement: MyCharacter_C_11 is stuck and failed to move!
[2014.11.04-22.47.40:113][699]LogCharacterMovement: MyCharacter_C_11 is stuck and failed to move!
[2014.11.04-22.47.40:121][700]LogCharacterMovement: MyCharacter_C_11 is stuck and failed to move!
[2014.11.04-22.47.40:130][701]LogCharacterMovement: MyCharacter_C_11 is stuck and failed to move!
[2014.11.04-22.47.40:138][702]LogCharacterMovement: MyCharacter_C_11 is stuck and failed to move!
[2014.11.04-22.47.40:146][703]LogCharacterMovement: MyCharacter_C_11 is stuck and failed to move!
[2014.11.04-22.47.40:154][704]LogCharacterMovement: MyCharacter_C_11 is stuck and failed to move!
[2014.11.04-22.47.40:163][705]LogCharacterMovement: MyCharacter_C_11 is stuck and failed to move!
[2014.11.04-22.47.40:171][706]LogCharacterMovement: MyCharacter_C_11 is stuck and failed to move!
[2014.11.04-22.47.40:179][707]LogCharacterMovement: MyCharacter_C_11 is stuck and failed to move!
[2014.11.04-22.47.40:188][708]LogCharacterMovement: MyCharacter_C_11 is stuck and failed to move!
[2014.11.04-22.47.40:196][709]LogCharacterMovement: MyCharacter_C_11 is stuck and failed to move!
[2014.11.04-22.48.21:335][636]LogParticles: Destroying 0 GPU particle simulations for FXSystem 0x000000002D75D1C0
[2014.11.04-22.50.20:230][935]LogWindowsTextInputMethodSystem:Error: Deactivating a context failed while setting focus to the disabled TSF document manager.
[2014.11.04-22.50.25:601][935]LogWindowsTextInputMethodSystem:Error: Deactivating a context failed while setting focus to the disabled TSF document manager.
[2014.11.04-22.50.29:097][935]LogWindowsTextInputMethodSystem:Error: Deactivating a context failed while setting focus to the disabled TSF document manager.
[2014.11.04-22.51.35:424][935]LogWindowsTextInputMethodSystem:Error: Deactivating a context failed while setting focus to the disabled TSF document manager.
[2014.11.04-22.51.38:700][935]LogWindowsTextInputMethodSystem:Error: Deactivating a context failed while setting focus to the disabled TSF document manager.
[2014.11.04-22.51.47:519][904]LogActorComponent: UnregisterComponent: (/Engine/Transient.CharacterMovementComponent_25) Not registered. Aborting.
[2014.11.04-22.51.53:912][655]LogActorComponent: UnregisterComponent: (/Engine/Transient.CharacterMovementComponent_26) Not registered. Aborting.
[2014.11.04-22.52.30:426][563]LogActorComponent: UnregisterComponent: (/Engine/Transient.CharacterMovementComponent_27) Not registered. Aborting.
[2014.11.04-22.53.43:056][568]LogActorComponent: UnregisterComponent: (/Engine/Transient.CharacterMovementComponent_28) Not registered. Aborting.
[2014.11.04-22.54.08:659][582]LogActorComponent: UnregisterComponent: (/Engine/Transient.CharacterMovementComponent_29) Not registered. Aborting.
[2014.11.04-22.54.25:923][628]BlueprintLog: New page: Compile MyCharacter
[2014.11.04-22.54.26:014][628]LogActorComponent: UnregisterComponent: (/Engine/Transient.CharacterMovementComponent_30) Not registered. Aborting.
[2014.11.04-22.54.26:038][628]LogParticles: Destroying 0 GPU particle simulations for FXSystem 0x0000000024A37A60
[2014.11.04-22.54.26:087][628]BlueprintEditorCompileResults: Info [1758.92] Compile of MyCharacter successful! [in 35 ms]
[2014.11.04-22.54.26:864][712]Cmd: OBJ SAVEPACKAGE PACKAGE="/Game/Blueprints/MyCharacter" FILE="../../../../../../Users/Matt/Projects/gaem/Content/Blueprints/MyCharacter.uasset" SILENT=true
[2014.11.04-22.54.27:167][712]LogSavePackage: Save=267.718475ms
[2014.11.04-22.54.27:167][712]LogSavePackage: Moving '../../../../../../Users/Matt/Projects/gaem/Saved/MyCharacter077E162B4472DAE43F52BD8D28644BC4.tmp' to '../../../../../../Users/Matt/Projects/gaem/Content/Blueprints/MyCharacter.uasset'
[2014.11.04-22.56.03:873][894]LogActorComponent: UnregisterComponent: (/Engine/Transient.CharacterMovementComponent_31) Not registered. Aborting.
[2014.11.04-22.56.05:335][894]Cmd: OBJ SAVEPACKAGE PACKAGE="/Game/My2DMap" FILE="../../../../../../Users/Matt/Projects/gaem/Content/My2DMap.umap" SILENT=true AUTOSAVING=false KEEPDIRTY=false
[2014.11.04-22.56.05:400][894]LogSavePackage: Save=11.797633ms
[2014.11.04-22.56.05:400][894]LogSavePackage: Moving '../../../../../../Users/Matt/Projects/gaem/Saved/My2DMap2F7C069B41B48C4140E1F39E25C04B7E.tmp' to '../../../../../../Users/Matt/Projects/gaem/Content/My2DMap.umap'
[2014.11.04-22.56.05:432][894]LogFileHelpers: Saving map 'My2DMap' took 0.221
[2014.11.04-22.56.06:042][895]Cmd: QUIT_EDITOR
[2014.11.04-22.56.06:274][895]LogExit: Preparing to exit.
[2014.11.04-22.56.06:481][895]LogExit: Editor shut down
[2014.11.04-22.56.06:481][895]LogExit: Transaction tracking system shut down
[2014.11.04-22.56.06:482][895]LogParticles: Destroying 0 GPU particle simulations for FXSystem 0x00000000189513A0
[2014.11.04-22.56.06:482][895]LogParticles: Destroying 0 GPU particle simulations for FXSystem 0x0000000016033060
[2014.11.04-22.56.06:482][895]LogParticles: Destroying 0 GPU particle simulations for FXSystem 0x0000000027539300
[2014.11.04-22.56.06:482][895]LogParticles: Destroying 0 GPU particle simulations for FXSystem 0x0000000020AE89A0
[2014.11.04-22.56.06:497][895]LogExit: Object subsystem successfully closed.
[2014.11.04-22.56.06:550][895]LogModuleManager: Shutting down and abandoning module AndroidDeviceDetection (166)
[2014.11.04-22.56.06:550][895]LogModuleManager: Shutting down and abandoning module CrashTracker (165)
[2014.11.04-22.56.06:550][895]LogModuleManager: Shutting down and abandoning module SuperSearch (164)
[2014.11.04-22.56.06:550][895]LogModuleManager: Shutting down and abandoning module SceneOutliner (163)
[2014.11.04-22.56.06:550][895]LogModuleManager: Shutting down and abandoning module EditorWidgets (162)
[2014.11.04-22.56.06:550][895]LogModuleManager: Shutting down and abandoning module CollectionManager (161)
[2014.11.04-22.56.06:550][895]LogModuleManager: Shutting down and abandoning module StatsViewer (160)
[2014.11.04-22.56.06:550][895]LogModuleManager: Shutting down and abandoning module FoliageEdit (159)
[2014.11.04-22.56.06:550][895]LogModuleManager: Shutting down and abandoning module LandscapeEditor (158)
[2014.11.04-22.56.06:550][895]LogModuleManager: Shutting down and abandoning module MeshPaint (157)
[2014.11.04-22.56.06:550][895]LogModuleManager: Shutting down and abandoning module ActorPickerMode (156)
[2014.11.04-22.56.06:550][895]LogModuleManager: Shutting down and abandoning module GeometryMode (155)
[2014.11.04-22.56.06:550][895]LogModuleManager: Shutting down and abandoning module TextureAlignMode (154)
[2014.11.04-22.56.06:551][895]LogModuleManager: Shutting down and abandoning module BspMode (153)
[2014.11.04-22.56.06:551][895]LogModuleManager: Shutting down and abandoning module PlacementMode (152)
[2014.11.04-22.56.06:551][895]LogModuleManager: Shutting down and abandoning module AutomationWorker (151)
[2014.11.04-22.56.06:551][895]LogModuleManager: Shutting down and abandoning module CharacterAI (150)
[2014.11.04-22.56.06:551][895]LogModuleManager: Shutting down and abandoning module GameProjectGeneration (149)
[2014.11.04-22.56.06:551][895]LogModuleManager: Shutting down and abandoning module IntroTutorials (148)
[2014.11.04-22.56.06:551][895]LogModuleManager: Shutting down and abandoning module EditorLiveStreaming (147)
[2014.11.04-22.56.06:551][895]LogModuleManager: Shutting down and abandoning module HardwareTargeting (146)
[2014.11.04-22.56.06:551][895]LogModuleManager: Shutting down and abandoning module BehaviorTreeEditor (145)
[2014.11.04-22.56.06:551][895]LogModuleManager: Shutting down and abandoning module DeviceProfileEditor (144)
[2014.11.04-22.56.06:551][895]LogModuleManager: Shutting down and abandoning module UndoHistory (143)
[2014.11.04-22.56.06:551][895]LogModuleManager: Shutting down and abandoning module GameplayTagsEditor (142)
[2014.11.04-22.56.06:551][895]LogModuleManager: Shutting down and abandoning module UserFeedback (141)
[2014.11.04-22.56.06:551][895]LogModuleManager: Shutting down and abandoning module XmlParser (140)
[2014.11.04-22.56.06:551][895]LogModuleManager: Shutting down and abandoning module Blutility (139)
[2014.11.04-22.56.06:551][895]LogModuleManager: Shutting down and abandoning module IOSPlatformEditor (138)
[2014.11.04-22.56.06:551][895]LogModuleManager: Shutting down and abandoning module IOSRuntimeSettings (137)
[2014.11.04-22.56.06:551][895]LogModuleManager: Shutting down and abandoning module AndroidPlatformEditor (136)
[2014.11.04-22.56.06:551][895]LogModuleManager: Shutting down and abandoning module AndroidRuntimeSettings (135)
[2014.11.04-22.56.06:551][895]LogModuleManager: Shutting down and abandoning module ProjectTargetPlatformEditor (134)
[2014.11.04-22.56.06:551][895]LogModuleManager: Shutting down and abandoning module ProjectSettingsViewer (133)
[2014.11.04-22.56.06:551][895]LogModuleManager: Shutting down and abandoning module InputBindingEditor (132)
[2014.11.04-22.56.06:551][895]LogModuleManager: Shutting down and abandoning module EditorSettingsViewer (131)
[2014.11.04-22.56.06:551][895]LogModuleManager: Shutting down and abandoning module SettingsEditor (130)
[2014.11.04-22.56.06:551][895]LogModuleManager: Shutting down and abandoning module ProjectLauncher (129)
[2014.11.04-22.56.06:551][895]LogModuleManager: Shutting down and abandoning module SessionFrontend (128)
[2014.11.04-22.56.06:551][895]LogModuleManager: Shutting down and abandoning module ProfilerClient (127)
[2014.11.04-22.56.06:551][895]LogModuleManager: Shutting down and abandoning module TargetDeviceServices (126)
[2014.11.04-22.56.06:551][895]LogModuleManager: Shutting down and abandoning module DeviceManager (125)
[2014.11.04-22.56.06:551][895]LogModuleManager: Shutting down and abandoning module AutomationController (124)
[2014.11.04-22.56.06:552][895]LogModuleManager: Shutting down and abandoning module AutomationWindow (123)
[2014.11.04-22.56.06:552][895]LogModuleManager: Shutting down and abandoning module Layers (122)
[2014.11.04-22.56.06:552][895]LogModuleManager: Shutting down and abandoning module ComponentVisualizers (121)
[2014.11.04-22.56.06:552][895]LogModuleManager: Shutting down and abandoning module DetailCustomizations (120)
[2014.11.04-22.56.06:552][895]LogModuleManager: Shutting down and abandoning module PackagesDialog (119)
[2014.11.04-22.56.06:552][895]LogModuleManager: Shutting down and abandoning module AssetRegistry (118)
[2014.11.04-22.56.06:612][895]LogModuleManager: Shutting down and abandoning module Persona (117)
[2014.11.04-22.56.06:612][895]LogModuleManager: Shutting down and abandoning module Kismet (116)
[2014.11.04-22.56.06:612][895]LogModuleManager: Shutting down and abandoning module GraphEditor (115)
[2014.11.04-22.56.06:613][895]LogModuleManager: Shutting down and abandoning module ClassViewer (114)
[2014.11.04-22.56.06:613][895]LogModuleManager: Shutting down and abandoning module Toolbox (113)
[2014.11.04-22.56.06:613][895]LogModuleManager: Shutting down and abandoning module ModuleUI (112)
[2014.11.04-22.56.06:613][895]LogModuleManager: Shutting down and abandoning module MovieSceneTools (111)
[2014.11.04-22.56.06:613][895]LogModuleManager: Shutting down and abandoning module OutputLog (110)
[2014.11.04-22.56.06:613][895]LogModuleManager: Shutting down and abandoning module GammaUI (109)
[2014.11.04-22.56.06:613][895]LogModuleManager: Shutting down and abandoning module Documentation (108)
[2014.11.04-22.56.06:613][895]LogModuleManager: Shutting down and abandoning module GameLiveStreaming (107)
[2014.11.04-22.56.06:613][895]LogModuleManager: Shutting down and abandoning module StreamingPauseRendering (106)
[2014.11.04-22.56.06:613][895]LogModuleManager: Shutting down and abandoning module HTTP (105)
[2014.11.04-22.56.06:613][895]LogModuleManager: Shutting down and abandoning module AnalyticsET (104)
[2014.11.04-22.56.06:613][895]LogModuleManager: Shutting down and abandoning module Analytics (103)
[2014.11.04-22.56.06:613][895]LogModuleManager: Shutting down and abandoning module GameplayDebugger (102)
[2014.11.04-22.56.06:613][895]LogModuleManager: Shutting down and abandoning module AIModule (101)
[2014.11.04-22.56.06:613][895]LogModuleManager: Shutting down and abandoning module ProfilerService (100)
[2014.11.04-22.56.06:821][895]LogModuleManager: Shutting down and abandoning module TaskGraph (99)
[2014.11.04-22.56.06:821][895]LogModuleManager: Shutting down and abandoning module SlateRemote (98)
[2014.11.04-22.56.06:821][895]LogModuleManager: Shutting down and abandoning module ScriptEditorPlugin (97)
[2014.11.04-22.56.06:821][895]LogModuleManager: Shutting down and abandoning module CustomMeshComponent (96)
[2014.11.04-22.56.06:821][895]LogModuleManager: Shutting down and abandoning module CableComponent (95)
[2014.11.04-22.56.06:821][895]LogModuleManager: Shutting down and abandoning module MessagingDebugger (94)
[2014.11.04-22.56.06:821][895]LogModuleManager: Shutting down and abandoning module MediaPlayerEditor (93)
[2014.11.04-22.56.06:821][895]LogModuleManager: Shutting down and abandoning module SpeedTreeImporter (92)
[2014.11.04-22.56.06:821][895]LogModuleManager: Shutting down and abandoning module PluginsEditor (91)
[2014.11.04-22.56.06:821][895]LogModuleManager: Shutting down and abandoning module EpicSurvey (90)
[2014.11.04-22.56.06:821][895]LogModuleManager: Shutting down and abandoning module DesktopPlatform (89)
[2014.11.04-22.56.06:821][895]LogModuleManager: Shutting down and abandoning module VisualStudioSourceCodeAccess (88)
[2014.11.04-22.56.06:821][895]LogModuleManager: Shutting down and abandoning module UObjectPlugin (87)
[2014.11.04-22.56.06:821][895]LogModuleManager: Shutting down and abandoning module SubversionSourceControl (86)
[2014.11.04-22.56.06:821][895]LogModuleManager: Shutting down and abandoning module SourceControl (85)
[2014.11.04-22.56.06:821][895]LogModuleManager: Shutting down and abandoning module PerforceSourceControl (84)
[2014.11.04-22.56.06:821][895]LogModuleManager: Shutting down and abandoning module BlankPlugin (83)
[2014.11.04-22.56.06:821][895]LogModuleManager: Shutting down and abandoning module SlateReflector (82)
[2014.11.04-22.56.06:821][895]LogModuleManager: Shutting down and abandoning module DirectoryWatcher (81)
[2014.11.04-22.56.06:821][895]LogModuleManager: Shutting down and abandoning module HotReload (80)
[2014.11.04-22.56.06:821][895]LogModuleManager: Shutting down and abandoning module MainFrame (79)
[2014.11.04-22.56.06:821][895]LogModuleManager: Shutting down and abandoning module LevelEditor (78)
[2014.11.04-22.56.06:822][895]LogModuleManager: Shutting down and abandoning module ViewportSnapping (77)
[2014.11.04-22.56.06:822][895]LogModuleManager: Shutting down and abandoning module SmartSnapping (76)
[2014.11.04-22.56.06:822][895]LogModuleManager: Shutting down and abandoning module PaperTiledImporter (75)
[2014.11.04-22.56.06:822][895]LogModuleManager: Shutting down and abandoning module PaperJsonImporter (74)
[2014.11.04-22.56.06:822][895]LogModuleManager: Shutting down and abandoning module ContentBrowser (73)
[2014.11.04-22.56.06:822][895]LogModuleManager: Shutting down and abandoning module PropertyEditor (72)
[2014.11.04-22.56.06:822][895]LogModuleManager: Shutting down and abandoning module Paper2DEditor (71)
[2014.11.04-22.56.06:822][895]LogModuleManager: Shutting down and abandoning module ScriptPlugin (70)
[2014.11.04-22.56.06:822][895]LogModuleManager: Shutting down and abandoning module UdpMessaging (69)
[2014.11.04-22.56.06:922][895]LogModuleManager: Shutting down and abandoning module Paper2D (68)
[2014.11.04-22.56.06:922][895]LogModuleManager: Shutting down and abandoning module WindowsMoviePlayer (67)
[2014.11.04-22.56.06:923][895]LogModuleManager: Shutting down and abandoning module Media (66)
[2014.11.04-22.56.06:923][895]LogModuleManager: Shutting down and abandoning module WmfMedia (65)
[2014.11.04-22.56.06:924][895]LogModuleManager: Shutting down and abandoning module OnlineBlueprintSupport (64)
[2014.11.04-22.56.06:924][895]LogModuleManager: Shutting down and abandoning module FunctionalTesting (63)
[2014.11.04-22.56.06:924][895]LogModuleManager: Shutting down and abandoning module CollisionAnalyzer (62)
[2014.11.04-22.56.06:924][895]LogModuleManager: Shutting down and abandoning module WorkspaceMenuStructure (61)
[2014.11.04-22.56.06:924][895]LogModuleManager: Shutting down and abandoning module MessageLog (60)
[2014.11.04-22.56.06:924][895]LogModuleManager: Shutting down and abandoning module Sequencer (59)
[2014.11.04-22.56.06:924][895]LogModuleManager: Shutting down and abandoning module AssetTools (58)
[2014.11.04-22.56.06:924][895]LogModuleManager: Shutting down and abandoning module UMGEditor (57)
[2014.11.04-22.56.06:924][895]LogModuleManager: Shutting down and abandoning module UMG (56)
[2014.11.04-22.56.06:924][895]LogModuleManager: Shutting down and abandoning module Slate (55)
[2014.11.04-22.56.06:924][895]LogModuleManager: Shutting down and abandoning module EditorStyle (54)
[2014.11.04-22.56.06:925][895]LogModuleManager: Shutting down and abandoning module SessionServices (53)
[2014.11.04-22.56.06:925][895]LogModuleManager: Shutting down and abandoning module SourceCodeAccess (52)
[2014.11.04-22.56.06:925][895]LogModuleManager: Shutting down and abandoning module HeadMountedDisplay (51)
[2014.11.04-22.56.06:925][895]LogModuleManager: Shutting down and abandoning module XAudio2 (50)
[2014.11.04-22.56.06:925][895]LogModuleManager: Shutting down and abandoning module Networking (48)
[2014.11.04-22.56.06:925][895]LogModuleManager: Shutting down and abandoning module Core (47)
[2014.11.04-22.56.06:925][895]LogModuleManager: Shutting down and abandoning module KismetCompiler (46)
[2014.11.04-22.56.06:925][895]LogModuleManager: Shutting down and abandoning module PhysXFormats (45)
[2014.11.04-22.56.06:925][895]LogModuleManager: Shutting down and abandoning module MeshUtilities (44)
[2014.11.04-22.56.06:925][895]LogModuleManager: Shutting down and abandoning module DerivedDataCache (43)
[2014.11.04-22.56.07:000][895]LogDerivedDataCache: Shutdown
[2014.11.04-22.56.07:000][895]LogModuleManager: Shutting down and abandoning module ShaderFormatOpenGL (42)
[2014.11.04-22.56.07:000][895]LogModuleManager: Shutting down and abandoning module ShaderFormatD3D (41)
[2014.11.04-22.56.07:000][895]LogModuleManager: Shutting down and abandoning module MetalShaderFormat (40)
[2014.11.04-22.56.07:000][895]LogModuleManager: Shutting down and abandoning module TextureFormatUncompressed (39)
[2014.11.04-22.56.07:000][895]LogModuleManager: Shutting down and abandoning module TextureFormatPVR (38)
[2014.11.04-22.56.07:000][895]LogModuleManager: Shutting down and abandoning module TextureFormatDXT (37)
[2014.11.04-22.56.07:000][895]LogModuleManager: Shutting down and abandoning module TextureFormatAndroid (36)
[2014.11.04-22.56.07:000][895]LogModuleManager: Shutting down and abandoning module AudioFormatOpus (35)
[2014.11.04-22.56.07:000][895]LogModuleManager: Shutting down and abandoning module AudioFormatOgg (34)
[2014.11.04-22.56.07:000][895]LogModuleManager: Shutting down and abandoning module AudioFormatADPCM (33)
[2014.11.04-22.56.07:000][895]LogModuleManager: Shutting down and abandoning module Messaging (32)
[2014.11.04-22.56.07:000][895]LogModuleManager: Shutting down and abandoning module IOSTargetPlatform (31)
[2014.11.04-22.56.07:000][895]LogModuleManager: Shutting down and abandoning module Android_PVRTCTargetPlatform (30)
[2014.11.04-22.56.07:000][895]LogModuleManager: Shutting down and abandoning module Android_ETC2TargetPlatform (29)
[2014.11.04-22.56.07:000][895]LogModuleManager: Shutting down and abandoning module Android_ETC1TargetPlatform (28)
[2014.11.04-22.56.07:000][895]LogModuleManager: Shutting down and abandoning module Android_DXTTargetPlatform (27)
[2014.11.04-22.56.07:000][895]LogModuleManager: Shutting down and abandoning module Android_ATCTargetPlatform (26)
[2014.11.04-22.56.07:000][895]LogModuleManager: Shutting down and abandoning module AndroidTargetPlatform (25)
[2014.11.04-22.56.07:000][895]LogModuleManager: Shutting down and abandoning module WindowsTargetPlatform (24)
[2014.11.04-22.56.07:000][895]LogModuleManager: Shutting down and abandoning module WindowsServerTargetPlatform (23)
[2014.11.04-22.56.07:000][895]LogModuleManager: Shutting down and abandoning module WindowsNoEditorTargetPlatform (22)
[2014.11.04-22.56.07:000][895]LogModuleManager: Shutting down and abandoning module WindowsClientTargetPlatform (21)
[2014.11.04-22.56.07:000][895]LogModuleManager: Shutting down and abandoning module TargetPlatform (20)
[2014.11.04-22.56.07:000][895]LogModuleManager: Shutting down and abandoning module InputCore (19)
[2014.11.04-22.56.07:000][895]LogModuleManager: Shutting down and abandoning module Settings (18)
[2014.11.04-22.56.07:000][895]LogModuleManager: Shutting down and abandoning module ImageWrapper (17)
[2014.11.04-22.56.07:000][895]LogModuleManager: Shutting down and abandoning module OculusRift (14)
[2014.11.04-22.56.07:000][895]LogModuleManager: Shutting down and abandoning module ExampleDeviceProfileSelector (13)
[2014.11.04-22.56.07:000][895]LogModuleManager: Shutting down and abandoning module TextureCompressor (12)
[2014.11.04-22.56.07:000][895]LogModuleManager: Shutting down and abandoning module ShaderCore (11)
[2014.11.04-22.56.07:000][895]LogModuleManager: Shutting down and abandoning module SlateRHIRenderer (10)
[2014.11.04-22.56.07:001][895]LogModuleManager: Shutting down and abandoning module OpenGLDrv (9)
[2014.11.04-22.56.07:001][895]LogModuleManager: Shutting down and abandoning module D3D11RHI (8)
[2014.11.04-22.56.07:001][895]LogModuleManager: Shutting down and abandoning module Renderer (7)
[2014.11.04-22.56.07:001][895]LogModuleManager: Shutting down and abandoning module Engine (6)
[2014.11.04-22.56.07:001][895]LogModuleManager: Shutting down and abandoning module CoreUObject (5)
[2014.11.04-22.56.07:001][895]LogModuleManager: Shutting down and abandoning module NetworkFile (4)
[2014.11.04-22.56.07:001][895]LogModuleManager: Shutting down and abandoning module StreamingFile (3)
[2014.11.04-22.56.07:001][895]LogModuleManager: Shutting down and abandoning module SandboxFile (2)
[2014.11.04-22.56.07:001][895]LogModuleManager: Shutting down and abandoning module PakFile (1)
[2014.11.04-22.56.07:001][895]LogExit: Exiting.
[2014.11.04-22.56.07:005][895]Log file closed, 11/04/14 17:56:07
