Log file open, 11/23/14 21:22:54
LogInit:Display: Running engine for game: gaem
LogInit: Version: 4.6.0-2357962+++depot+UE4-Releases+4.6
LogInit: API Version: 2357962
LogInit: Compiled (64-bit): Nov 12 2014 22:31:22
LogInit: Compiled with Visual C++: 18.00.21005.01
LogInit: Build Configuration: Development
LogInit: Branch Name: ++depot+UE4-Releases+4.6
LogInit: Command line:  
LogInit: Base directory: C:/Program Files/Unreal Engine/4.6/Engine/Binaries/Win64/
LogInit: Rocket: 1
[2014.11.24-02.22.54:401][  0]LogTaskGraph: Started task graph with 3 named threads and 6 total threads.
[2014.11.24-02.22.54:454][  0]LogOnline:Warning: No default platform service specified for OnlineSubsystem
[2014.11.24-02.22.54:518][  0]LogInit: Presizing for 0 objects not considered by GC, pre-allocating 0 bytes.
[2014.11.24-02.22.54:524][  0]LogInit: Object subsystem initialized
[2014.11.24-02.22.54:526][  0]LogConsoleResponse:Warning: Skipping Unknown console variable: 'UIScaleCurve = (EditorCurveData=(Keys=((Time=480.000000,Value=0.444000),(Time=720.000000,Value=0.666000),(Time=1080.000000,Value=1.000000),(Time=8640.000000,Value=8.000000))),ExternalCurve=None)'
[2014.11.24-02.22.54:526][  0]LogConsoleResponse:Warning:   Found in ini file 'C:/Users/Matt/Projects/gaem/Saved/Config/Windows/Engine.ini', in section '[/Script/Engine.RendererSettings]'
[2014.11.24-02.22.54:526][  0]LogConsoleManager:Warning: Console variable 'r.MSAA.CompositingSampleCount' wasn't set (Priority ProjectSetting < Scalability)
[2014.11.24-02.22.54:526][  0]LogInit: Selected Device Profile: [Windows]
[2014.11.24-02.22.54:526][  0]LogInit: Applying CVar settings loaded from the selected device profile: [Windows]
[2014.11.24-02.22.54:533][  0]LogInit: Computer: BIGRED
[2014.11.24-02.22.54:533][  0]LogInit: User: Matt
[2014.11.24-02.22.54:533][  0]LogInit: CPU Page size=4096, Cores=4
[2014.11.24-02.22.54:533][  0]LogInit: High frequency timer resolution =3.561826 MHz
[2014.11.24-02.22.54:533][  0]LogMemory: Memory total: Physical=15.7GB (16GB approx) Virtual=8192.0GB
[2014.11.24-02.22.54:533][  0]LogMemory: Platform Memory Stats for Windows
[2014.11.24-02.22.54:533][  0]LogMemory: Process Physical Memory: 48.51 MB used, 48.51 MB peak
[2014.11.24-02.22.54:533][  0]LogMemory: Process Virtual Memory: 24.17 MB used, 24.17 MB peak
[2014.11.24-02.22.54:533][  0]LogMemory: Physical Memory: 4192.00 MB used, 16066.05 MB total
[2014.11.24-02.22.54:533][  0]LogMemory: Virtual Memory: 264.47 MB used, 8388608.00 MB total
[2014.11.24-02.22.54:569][  0]LogD3D11RHI: Found D3D11 adapter 0: NVIDIA GeForce GTX 770 (Feature Level 11_0)
[2014.11.24-02.22.54:569][  0]LogD3D11RHI: Adapter has 1990MB of dedicated video memory, 0MB of dedicated system memory, and 2048MB of shared system memory, 1 output[s]
[2014.11.24-02.22.54:569][  0]LogD3D11RHI: Chosen D3D11 Adapter Id = 0
[2014.11.24-02.22.54:572][  0]LogRHI: Texture pool is 1361 MB (70% of 1945 MB)
[2014.11.24-02.22.54:580][  0]LogD3D11RHI: Async texture creation enabled
[2014.11.24-02.22.55:043][  0]LogTextLocalizationManager: The requested culture ('en_US') has no localization data; parent culture's ('en') localization data will be used.
[2014.11.24-02.22.55:148][  0]LogContentStreaming: Texture pool size is 0.000000MB
[2014.11.24-02.23.00:610][  0]LogTargetPlatformManager:Display: Building Assets For Windows
[2014.11.24-02.23.01:116][  0]LogTargetPlatformManager:Display: Building Assets For Windows
[2014.11.24-02.23.01:179][  0]LogDerivedDataCache:Display: Max Cache Size: 512 MB
[2014.11.24-02.23.01:309][  0]LogDerivedDataCache: Loaded boot cache 0.13s 39MB C:/Users/Matt/AppData/Local/UnrealEngine/4.6/DerivedDataCache/Boot.ddc.
[2014.11.24-02.23.01:310][  0]LogDerivedDataCache:Display: Loaded Boot cache: C:/Users/Matt/AppData/Local/UnrealEngine/4.6/DerivedDataCache/Boot.ddc
[2014.11.24-02.23.01:310][  0]LogDerivedDataCache: FDerivedDataBackendGraph:  Pak pak cache file ../../../../../../Users/Matt/Projects/gaem/DerivedDataCache/DDC.ddp not found, will not use a pak cache.
[2014.11.24-02.23.01:310][  0]LogDerivedDataCache: Unable to find inner node Pak for hierarchical cache Hierarchy.
[2014.11.24-02.23.01:369][  0]LogDerivedDataCache:Display: Pak cache opened for reading ../../../Engine/DerivedDataCache/DDC.ddp.
[2014.11.24-02.23.01:381][  0]LogDerivedDataCache: Using Local data cache path C:/Users/Matt/AppData/Local/UnrealEngine/Common/DerivedDataCache: Writable
[2014.11.24-02.23.01:682][  0]LogCollisionProfile:Warning: Profile (UI) - Custom Channel Name = 'Weapon' hasn't been found
[2014.11.24-02.23.01:682][  0]LogCollisionProfile:Warning: Profile (UI) - Custom Channel Name = 'None' hasn't been found
[2014.11.24-02.23.01:838][  0]LogMeshUtilities: No automatic mesh reduction module available
[2014.11.24-02.23.01:838][  0]LogMeshUtilities: No automatic mesh merging module available
[2014.11.24-02.23.02:228][  0]LogInit: WinSock: version 1.1 (2.2), MaxSocks=32767, MaxUdp=65467
[2014.11.24-02.23.02:326][  0]LogSlate:Warning: Failed to load font data from '../../../Engine/Content/Slate/Fonts/Roboto-Italic.ttf'
[2014.11.24-02.23.04:352][  0]UdpMessaging: Initializing bridge on interface 0.0.0.0:0 to multicast group 230.0.0.1:6666.
[2014.11.24-02.23.04:683][  0]LogDirectoryWatcher:Warning: Failed to begin reading directory changes for C:/Users/Matt/Projects/gaem/Binaries/Win64. Error: 0
[2014.11.24-02.23.04:888][  0]SourceControl: Info Source control is disabled
[2014.11.24-02.23.04:888][  0]SourceControl: Info Source control is disabled
[2014.11.24-02.23.04:898][  0]SourceControl: Info Source control is disabled
[2014.11.24-02.23.05:165][  0]LogObj: 23753 objects as part of root set at end of initial load.
[2014.11.24-02.23.05:165][  0]LogUObjectAllocator: 5167984 out of 0 bytes used by permanent object pool.
[2014.11.24-02.23.05:238][  0]LogEngine: Initializing Engine...
[2014.11.24-02.23.05:375][  0]LogInit: XAudio2 using 'Speakers (ASUS Xonar Essence STX Audio Device)' : 2 channels at 44.1 kHz using 16 bits per sample (channel mask 0x3)
[2014.11.24-02.23.05:409][  0]LogInit: FAudioDevice initialized.
[2014.11.24-02.23.05:439][  0]LogAIModule: Creating AISystem for world NewWorld
[2014.11.24-02.23.05:455][  0]LogDerivedDataCache: Saved boot cache 0.02s 39MB C:/Users/Matt/AppData/Local/UnrealEngine/4.6/DerivedDataCache/Boot.ddc.
[2014.11.24-02.23.05:457][  0]LogInit: Texture streaming: Enabled
[2014.11.24-02.23.05:500][  0]LogAnalytics: Creating configured Analytics provider AnalyticsET
[2014.11.24-02.23.05:500][  0]LogAnalytics: ET APIKey = Rocket.Release. APIServer = http://et2.epicgames.com/ET2/. AppVersion = 4.6.0-2357962+++depot+UE4-Releases+4.6
[2014.11.24-02.23.05:501][  0]LogAnalytics: SetUserId 29cd938a47b94f7ce2bf030cca733a32
[2014.11.24-02.23.05:501][  0]LogAnalytics: AnalyticsET::StartSession [Rocket.Release]
[2014.11.24-02.23.05:521][  0]LogInit: Transaction tracking system initialized
[2014.11.24-02.23.05:685][  0]BlueprintLog: New page: Editor Load
[2014.11.24-02.23.05:761][  0]LogAssetRegistry: FAssetRegistry took 0.0102 seconds to start up
[2014.11.24-02.23.05:761][  0]LogDirectoryWatcher:Warning: Failed to begin reading directory changes for ../../../Engine/Plugins/Experimental/CharacterAI/Content/. Error: 0
[2014.11.24-02.23.06:358][  0]LogTargetPlatformManager:Display: Building Assets For Windows
[2014.11.24-02.23.06:649][  0]LogTargetPlatformManager:Display: Building Assets For Windows
[2014.11.24-02.23.06:972][  0]LogConsoleResponse:Display: 
[2014.11.24-02.23.07:133][  0]LogCookOnTheFly:Display: Sandbox cleanup took 0.014 seconds
[2014.11.24-02.23.10:221][  0]LogCookOnTheFly:Display: Creating asset registry [is editor: 1]
[2014.11.24-02.23.10:221][  0]LogCookOnTheFly:Display: Done creating registry. It took  0.00s.
[2014.11.24-02.23.10:438][  0]SourceControl: Info Source control is disabled
[2014.11.24-02.23.10:438][  0]Cmd: MAP LOAD FILE="../../../../../../Users/Matt/Projects/gaem/Content/My2DMap.umap" TEMPLATE=0 SHOWPROGRESS=1
[2014.11.24-02.23.10:439][  0]LightingResults: New page: Lighting Build
[2014.11.24-02.23.10:451][  0]MapCheck: New page: Map Check
[2014.11.24-02.23.10:451][  0]LightingResults: New page: Lighting Build
[2014.11.24-02.23.10:456][  0]LogParticles: Destroying 0 GPU particle simulations for FXSystem 0x00000000155F3600
[2014.11.24-02.23.11:109][  0]LogEditorServer: Finished looking for orphan Actors (0.000 secs)
[2014.11.24-02.23.11:109][  0]LogAIModule: Creating AISystem for world My2DMap
[2014.11.24-02.23.11:109][  0]Cmd: MAP CHECKDEP
[2014.11.24-02.23.11:110][  0]MapCheck: New page: My2DMap - Nov 23, 2014, 4:23:11 PM
[2014.11.24-02.23.11:217][  0]MapCheck: Info Map check complete: 0 Error(s), 0 Warning(s), took 107.075ms to complete.
[2014.11.24-02.23.11:217][  0]LogFileHelpers: Loading map 'My2DMap' took 0.779
[2014.11.24-02.23.11:295][  0]LogCollectionManager: Loaded 0 collections in 0.001142 seconds
[2014.11.24-02.23.11:540][  0]LogCrashTracker: Crashtracker disabled due to settings.
[2014.11.24-02.23.11:544][  0]LogUObjectGlobals:Warning: Failed to find object 'Class None.'
[2014.11.24-02.23.11:568][  0]LogLoad: Full Startup: 19.43 seconds (BP compile: 0.14 seconds)
[2014.11.24-02.23.11:911][  0]LogContentBrowser:Verbose: The content browser source was changed by the sources view to '/Game/Blueprints'
[2014.11.24-02.23.12:046][  0]LogRenderer:Warning: Reallocating scene render targets to support 888x872.
[2014.11.24-02.23.12:578][  2]LogAssetRegistry: Asset discovery search completed in 6.8278 seconds
[2014.11.24-02.23.16:890][267]LogPropertyNode:Warning: UI Min (0.001) >= UI Max () for Ranged Numeric
[2014.11.24-02.23.16:894][267]LogPropertyNode:Warning: UI Min (0.001) >= UI Max () for Ranged Numeric
[2014.11.24-02.23.16:943][267]LogPropertyNode:Warning: UI Min (0.001) >= UI Max () for Ranged Numeric
[2014.11.24-02.23.16:944][267]LogPropertyNode:Warning: UI Min (0.001) >= UI Max () for Ranged Numeric
[2014.11.24-02.23.19:819][552]BlueprintLog: New page: Pre-PIE auto-recompile
[2014.11.24-02.23.19:821][552]LogPlayLevel: [PIE] Compiling Tutorial_BP_MacroLib before PIE...
[2014.11.24-02.23.19:857][552]LogActorComponent: UnregisterComponent: (/Engine/Transient.AIPerceptionComponent_0) Not registered. Aborting.
[2014.11.24-02.23.19:857][552]LogActorComponent: UnregisterComponent: (/Engine/Transient.CharacterMovementComponent_0) Not registered. Aborting.
[2014.11.24-02.23.19:877][552]LogPlayLevel: PIE:  Blueprint regeneration took 57 ms (1 blueprints)
[2014.11.24-02.23.19:877][552]PIE: New page: PIE session: My2DMap (Nov 23, 2014, 4:23:19 PM)
[2014.11.24-02.23.19:878][552]LogPlayLevel: PIE: StaticDuplicateObject took: (0.001251s)
[2014.11.24-02.23.19:879][552]LogPlayLevel: PIE: World Init took: (0.000344s)
[2014.11.24-02.23.19:879][552]LogPlayLevel: PIE: Created PIE world by copying editor world from /Game/My2DMap.My2DMap to /Game/UEDPIE_0_My2DMap.My2DMap (0.001740s)
[2014.11.24-02.23.19:923][552]LogWorld: Game class is 'PaperGameMode_C'
[2014.11.24-02.23.19:925][552]LogAIModule: Creating AISystem for world My2DMap
[2014.11.24-02.23.19:925][552]LogWorld: Bringing World /Game/UEDPIE_0_My2DMap.My2DMap up for play (max tick rate 0) at 2014.11.23-21.23.19
[2014.11.24-02.23.19:926][552]LogWorld: Bringing up level for play took: 0.001216
[2014.11.24-02.23.19:927][552]PIE: Info Play in editor start time for /Game/UEDPIE_0_My2DMap 0.965
[2014.11.24-02.23.26:097][282]LogParticles: Destroying 0 GPU particle simulations for FXSystem 0x000000000E415940
[2014.11.24-02.24.14:458][362]BlueprintLog: New page: Compile Beam
[2014.11.24-02.24.14:503][362]LogActorComponent: UnregisterComponent: (/Engine/Transient.AIPerceptionComponent_1) Not registered. Aborting.
[2014.11.24-02.24.14:503][362]LogActorComponent: UnregisterComponent: (/Engine/Transient.CharacterMovementComponent_1) Not registered. Aborting.
[2014.11.24-02.24.14:576][362]Cmd: OBJ SAVEPACKAGE PACKAGE="/Game/Blueprints/Beam" FILE="../../../../../../Users/Matt/Projects/gaem/Content/Blueprints/Beam.uasset" SILENT=true
[2014.11.24-02.24.14:780][362]LogSavePackage: Save=15.401650ms
[2014.11.24-02.24.14:780][362]LogSavePackage: Moving '../../../../../../Users/Matt/Projects/gaem/Saved/Beam15BCDB2241657A4EE3531EB7A3922CED.tmp' to '../../../../../../Users/Matt/Projects/gaem/Content/Blueprints/Beam.uasset'
[2014.11.24-02.24.14:786][362]BlueprintEditorCompileResults: Info [0082.64] Compile of Beam successful! [in 312 ms]
[2014.11.24-02.24.16:326][504]LogPlayLevel: PIE:  No blueprints needed recompiling
[2014.11.24-02.24.16:326][504]PIE: New page: PIE session: My2DMap (Nov 23, 2014, 4:24:16 PM)
[2014.11.24-02.24.16:328][504]LogPlayLevel: PIE: StaticDuplicateObject took: (0.001218s)
[2014.11.24-02.24.16:328][504]LogPlayLevel: PIE: World Init took: (0.000355s)
[2014.11.24-02.24.16:328][504]LogPlayLevel: PIE: Created PIE world by copying editor world from /Game/My2DMap.My2DMap to /Game/UEDPIE_0_My2DMap.My2DMap (0.001677s)
[2014.11.24-02.24.16:357][504]LogWorld: Game class is 'PaperGameMode_C'
[2014.11.24-02.24.16:358][504]LogAIModule: Creating AISystem for world My2DMap
[2014.11.24-02.24.16:359][504]LogWorld: Bringing World /Game/UEDPIE_0_My2DMap.My2DMap up for play (max tick rate 0) at 2014.11.23-21.24.16
[2014.11.24-02.24.16:359][504]LogWorld: Bringing up level for play took: 0.001037
[2014.11.24-02.24.16:360][504]PIE: Info Play in editor start time for /Game/UEDPIE_0_My2DMap -0.603
[2014.11.24-02.24.20:738][ 23]LogParticles: Destroying 0 GPU particle simulations for FXSystem 0x0000000013A71300
[2014.11.24-02.24.24:304][290]BlueprintLog: New page: Compile Beam
[2014.11.24-02.24.24:345][290]LogActorComponent: UnregisterComponent: (/Engine/Transient.AIPerceptionComponent_2) Not registered. Aborting.
[2014.11.24-02.24.24:345][290]LogActorComponent: UnregisterComponent: (/Engine/Transient.CharacterMovementComponent_2) Not registered. Aborting.
[2014.11.24-02.24.24:418][290]Cmd: OBJ SAVEPACKAGE PACKAGE="/Game/Blueprints/Beam" FILE="../../../../../../Users/Matt/Projects/gaem/Content/Blueprints/Beam.uasset" SILENT=true
[2014.11.24-02.24.24:532][290]LogSavePackage: Save=14.433327ms
[2014.11.24-02.24.24:532][290]LogSavePackage: Moving '../../../../../../Users/Matt/Projects/gaem/Saved/BeamA025EA2548D06E3870C351BB4B8913BB.tmp' to '../../../../../../Users/Matt/Projects/gaem/Content/Blueprints/Beam.uasset'
[2014.11.24-02.24.24:540][290]BlueprintEditorCompileResults: Info [0092.40] Compile of Beam successful! [in 224 ms]
[2014.11.24-02.24.26:423][463]LogPlayLevel: PIE:  No blueprints needed recompiling
[2014.11.24-02.24.26:424][463]PIE: New page: PIE session: My2DMap (Nov 23, 2014, 4:24:26 PM)
[2014.11.24-02.24.26:425][463]LogPlayLevel: PIE: StaticDuplicateObject took: (0.001292s)
[2014.11.24-02.24.26:425][463]LogPlayLevel: PIE: World Init took: (0.000357s)
[2014.11.24-02.24.26:426][463]LogPlayLevel: PIE: Created PIE world by copying editor world from /Game/My2DMap.My2DMap to /Game/UEDPIE_0_My2DMap.My2DMap (0.001765s)
[2014.11.24-02.24.26:451][463]LogWorld: Game class is 'PaperGameMode_C'
[2014.11.24-02.24.26:452][463]LogAIModule: Creating AISystem for world My2DMap
[2014.11.24-02.24.26:453][463]LogWorld: Bringing World /Game/UEDPIE_0_My2DMap.My2DMap up for play (max tick rate 0) at 2014.11.23-21.24.26
[2014.11.24-02.24.26:453][463]LogWorld: Bringing up level for play took: 0.001049
[2014.11.24-02.24.26:454][463]PIE: Info Play in editor start time for /Game/UEDPIE_0_My2DMap -0.51
[2014.11.24-02.24.35:500][543]LogParticles: Destroying 0 GPU particle simulations for FXSystem 0x000000000FAF1580
[2014.11.24-02.24.44:614][174]BlueprintLog: New page: Compile Beam
[2014.11.24-02.24.44:655][174]LogActorComponent: UnregisterComponent: (/Engine/Transient.AIPerceptionComponent_3) Not registered. Aborting.
[2014.11.24-02.24.44:655][174]LogActorComponent: UnregisterComponent: (/Engine/Transient.CharacterMovementComponent_3) Not registered. Aborting.
[2014.11.24-02.24.44:726][174]Cmd: OBJ SAVEPACKAGE PACKAGE="/Game/Blueprints/Beam" FILE="../../../../../../Users/Matt/Projects/gaem/Content/Blueprints/Beam.uasset" SILENT=true
[2014.11.24-02.24.44:835][174]LogSavePackage: Save=14.019494ms
[2014.11.24-02.24.44:835][174]LogSavePackage: Moving '../../../../../../Users/Matt/Projects/gaem/Saved/BeamB979E7A0409B33C3FA4062AB82DEC9FE.tmp' to '../../../../../../Users/Matt/Projects/gaem/Content/Blueprints/Beam.uasset'
[2014.11.24-02.24.44:841][174]BlueprintEditorCompileResults: Info [0112.70] Compile of Beam successful! [in 216 ms]
[2014.11.24-02.24.46:537][335]LogPlayLevel: PIE:  No blueprints needed recompiling
[2014.11.24-02.24.46:537][335]PIE: New page: PIE session: My2DMap (Nov 23, 2014, 4:24:46 PM)
[2014.11.24-02.24.46:539][335]LogPlayLevel: PIE: StaticDuplicateObject took: (0.001271s)
[2014.11.24-02.24.46:539][335]LogPlayLevel: PIE: World Init took: (0.000345s)
[2014.11.24-02.24.46:539][335]LogPlayLevel: PIE: Created PIE world by copying editor world from /Game/My2DMap.My2DMap to /Game/UEDPIE_0_My2DMap.My2DMap (0.001726s)
[2014.11.24-02.24.46:567][335]LogWorld: Game class is 'PaperGameMode_C'
[2014.11.24-02.24.46:568][335]LogAIModule: Creating AISystem for world My2DMap
[2014.11.24-02.24.46:569][335]LogWorld: Bringing World /Game/UEDPIE_0_My2DMap.My2DMap up for play (max tick rate 0) at 2014.11.23-21.24.46
[2014.11.24-02.24.46:569][335]LogWorld: Bringing up level for play took: 0.001051
[2014.11.24-02.24.46:570][335]PIE: Info Play in editor start time for /Game/UEDPIE_0_My2DMap -0.394
[2014.11.24-02.25.05:851][642]LogParticles: Destroying 0 GPU particle simulations for FXSystem 0x000000000FAF19E0
[2014.11.24-02.25.09:628][ 83]LogContentBrowser:Verbose: The content browser source was changed by the sources view to '/Game/Particles'
[2014.11.24-02.25.11:386][282]LogPhysics:Warning: PHYSX: ..\..\PhysXExtensions\src\ExtRigidBodyExt.cpp (234) 4 : computeMassAndInertia: Dynamic actor with illegal collision shapes
[2014.11.24-02.25.11:386][282]LogPhysics:Warning: PHYSX: ..\..\PhysXExtensions\src\ExtRigidBodyExt.cpp (283) 4 : PxRigidBodyExt::updateMassAndInertia: Mass and inertia computation failed, setting mass to 1 and inertia to (1,1,1)
[2014.11.24-02.25.11:396][282]LogLinker:Warning: Asset '../../../Engine/Content/EditorMaterials/Cascade/CASC_Lights.uasset' has been saved with empty engine version. The asset will be loaded but may be incompatible.
[2014.11.24-02.25.11:559][282]LogRenderer:Warning: Reallocating scene render targets to support 896x872.
[2014.11.24-02.25.11:566][282]LogRenderer:Warning: Reallocating scene render targets to support 1080x872.
[2014.11.24-02.25.30:167][351]Cmd: OBJ SAVEPACKAGE PACKAGE="/Game/Particles/P_Beam" FILE="../../../../../../Users/Matt/Projects/gaem/Content/Particles/P_Beam.uasset" SILENT=true
[2014.11.24-02.25.30:277][351]LogSavePackage: Save=15.862650ms
[2014.11.24-02.25.30:277][351]LogSavePackage: Moving '../../../../../../Users/Matt/Projects/gaem/Saved/P_BeamDE49408C4867175528634B9EA438A66D.tmp' to '../../../../../../Users/Matt/Projects/gaem/Content/Particles/P_Beam.uasset'
[2014.11.24-02.25.33:053][673]LogPlayLevel: PIE:  No blueprints needed recompiling
[2014.11.24-02.25.33:053][673]PIE: New page: PIE session: My2DMap (Nov 23, 2014, 4:25:33 PM)
[2014.11.24-02.25.33:054][673]LogPlayLevel: PIE: StaticDuplicateObject took: (0.001288s)
[2014.11.24-02.25.33:055][673]LogPlayLevel: PIE: World Init took: (0.000365s)
[2014.11.24-02.25.33:055][673]LogPlayLevel: PIE: Created PIE world by copying editor world from /Game/My2DMap.My2DMap to /Game/UEDPIE_0_My2DMap.My2DMap (0.001776s)
[2014.11.24-02.25.33:086][673]LogWorld: Game class is 'PaperGameMode_C'
[2014.11.24-02.25.33:087][673]LogAIModule: Creating AISystem for world My2DMap
[2014.11.24-02.25.33:088][673]LogWorld: Bringing World /Game/UEDPIE_0_My2DMap.My2DMap up for play (max tick rate 0) at 2014.11.23-21.25.33
[2014.11.24-02.25.33:088][673]LogWorld: Bringing up level for play took: 0.001047
[2014.11.24-02.25.33:089][673]PIE: Info Play in editor start time for /Game/UEDPIE_0_My2DMap 0.124
[2014.11.24-02.25.46:184][238]LogActorComponent: UnregisterComponent: (/Engine/Transient.AIPerceptionComponent_4) Not registered. Aborting.
[2014.11.24-02.25.46:184][238]LogActorComponent: UnregisterComponent: (/Engine/Transient.CharacterMovementComponent_4) Not registered. Aborting.
[2014.11.24-02.25.46:195][238]LogParticles: Destroying 0 GPU particle simulations for FXSystem 0x000000001C4E68E0
[2014.11.24-02.25.48:940][473]Cmd: OBJ SAVEPACKAGE PACKAGE="/Game/Particles/P_Beam" FILE="../../../../../../Users/Matt/Projects/gaem/Content/Particles/P_Beam.uasset" SILENT=true
[2014.11.24-02.25.49:042][473]LogSavePackage: Save=5.933193ms
[2014.11.24-02.25.49:042][473]LogSavePackage: Moving '../../../../../../Users/Matt/Projects/gaem/Saved/P_Beam6CA5B5824414AB695D3ED3952D737E69.tmp' to '../../../../../../Users/Matt/Projects/gaem/Content/Particles/P_Beam.uasset'
[2014.11.24-02.26.30:898][ 99]Cmd: OBJ SAVEPACKAGE PACKAGE="/Game/Particles/P_Beam" FILE="../../../../../../Users/Matt/Projects/gaem/Content/Particles/P_Beam.uasset" SILENT=true
[2014.11.24-02.26.31:006][ 99]LogSavePackage: Save=14.741035ms
[2014.11.24-02.26.31:006][ 99]LogSavePackage: Moving '../../../../../../Users/Matt/Projects/gaem/Saved/P_BeamE651CB7E44BBFFD12AAEA5B4E6E79CCD.tmp' to '../../../../../../Users/Matt/Projects/gaem/Content/Particles/P_Beam.uasset'
[2014.11.24-02.26.34:179][452]LogPlayLevel: PIE:  No blueprints needed recompiling
[2014.11.24-02.26.34:179][452]PIE: New page: PIE session: My2DMap (Nov 23, 2014, 4:26:34 PM)
[2014.11.24-02.26.34:180][452]LogPlayLevel: PIE: StaticDuplicateObject took: (0.001256s)
[2014.11.24-02.26.34:181][452]LogPlayLevel: PIE: World Init took: (0.000349s)
[2014.11.24-02.26.34:181][452]LogPlayLevel: PIE: Created PIE world by copying editor world from /Game/My2DMap.My2DMap to /Game/UEDPIE_0_My2DMap.My2DMap (0.001710s)
[2014.11.24-02.26.34:210][452]LogWorld: Game class is 'PaperGameMode_C'
[2014.11.24-02.26.34:211][452]LogAIModule: Creating AISystem for world My2DMap
[2014.11.24-02.26.34:212][452]LogWorld: Bringing World /Game/UEDPIE_0_My2DMap.My2DMap up for play (max tick rate 0) at 2014.11.23-21.26.34
[2014.11.24-02.26.34:212][452]LogWorld: Bringing up level for play took: 0.001039
[2014.11.24-02.26.34:213][452]PIE: Info Play in editor start time for /Game/UEDPIE_0_My2DMap -0.753
[2014.11.24-02.26.41:384][306]LogParticles: Destroying 0 GPU particle simulations for FXSystem 0x00000000231EF600
[2014.11.24-02.26.43:627][481]Cmd: OBJ SAVEPACKAGE PACKAGE="/Game/Particles/P_Beam" FILE="../../../../../../Users/Matt/Projects/gaem/Content/Particles/P_Beam.uasset" SILENT=true
[2014.11.24-02.26.43:727][481]LogSavePackage: Save=5.923086ms
[2014.11.24-02.26.43:727][481]LogSavePackage: Moving '../../../../../../Users/Matt/Projects/gaem/Saved/P_BeamD19AA56A455C738670635F95B8108DE7.tmp' to '../../../../../../Users/Matt/Projects/gaem/Content/Particles/P_Beam.uasset'
[2014.11.24-02.27.39:201][548]Cmd: OBJ SAVEPACKAGE PACKAGE="/Game/Particles/P_Beam" FILE="../../../../../../Users/Matt/Projects/gaem/Content/Particles/P_Beam.uasset" SILENT=true
[2014.11.24-02.27.39:310][548]LogSavePackage: Save=14.873832ms
[2014.11.24-02.27.39:310][548]LogSavePackage: Moving '../../../../../../Users/Matt/Projects/gaem/Saved/P_BeamA64EB6ED477952D74319C6A7E7F5DB9E.tmp' to '../../../../../../Users/Matt/Projects/gaem/Content/Particles/P_Beam.uasset'
[2014.11.24-02.28.19:521][ 11]Cmd: OBJ SAVEPACKAGE PACKAGE="/Game/Particles/P_Beam" FILE="../../../../../../Users/Matt/Projects/gaem/Content/Particles/P_Beam.uasset" SILENT=true
[2014.11.24-02.28.19:630][ 11]LogSavePackage: Save=14.923525ms
[2014.11.24-02.28.19:630][ 11]LogSavePackage: Moving '../../../../../../Users/Matt/Projects/gaem/Saved/P_BeamC279F80F4D38DDF19A95A180FDE0B307.tmp' to '../../../../../../Users/Matt/Projects/gaem/Content/Particles/P_Beam.uasset'
[2014.11.24-02.28.22:121][290]LogPlayLevel: PIE:  No blueprints needed recompiling
[2014.11.24-02.28.22:122][290]PIE: New page: PIE session: My2DMap (Nov 23, 2014, 4:28:22 PM)
[2014.11.24-02.28.22:123][290]LogPlayLevel: PIE: StaticDuplicateObject took: (0.001317s)
[2014.11.24-02.28.22:124][290]LogPlayLevel: PIE: World Init took: (0.000366s)
[2014.11.24-02.28.22:124][290]LogPlayLevel: PIE: Created PIE world by copying editor world from /Game/My2DMap.My2DMap to /Game/UEDPIE_0_My2DMap.My2DMap (0.001795s)
[2014.11.24-02.28.22:149][290]LogWorld: Game class is 'PaperGameMode_C'
[2014.11.24-02.28.22:150][290]LogAIModule: Creating AISystem for world My2DMap
[2014.11.24-02.28.22:151][290]LogWorld: Bringing World /Game/UEDPIE_0_My2DMap.My2DMap up for play (max tick rate 0) at 2014.11.23-21.28.22
[2014.11.24-02.28.22:151][290]LogWorld: Bringing up level for play took: 0.001059
[2014.11.24-02.28.22:152][290]PIE: Info Play in editor start time for /Game/UEDPIE_0_My2DMap -0.815
[2014.11.24-02.28.33:258][615]LogParticles: Destroying 0 GPU particle simulations for FXSystem 0x00000000243CDC60
[2014.11.24-02.28.35:778][823]Cmd: OBJ SAVEPACKAGE PACKAGE="/Game/Particles/P_Beam" FILE="../../../../../../Users/Matt/Projects/gaem/Content/Particles/P_Beam.uasset" SILENT=true
[2014.11.24-02.28.35:879][823]LogSavePackage: Save=5.761090ms
[2014.11.24-02.28.35:879][823]LogSavePackage: Moving '../../../../../../Users/Matt/Projects/gaem/Saved/P_Beam77AA0FDB47D3C3852DD66483EB4685D0.tmp' to '../../../../../../Users/Matt/Projects/gaem/Content/Particles/P_Beam.uasset'
[2014.11.24-02.30.34:738][607]LogUObjectGlobals:Warning: Failed to find object 'Object None.'
[2014.11.24-02.30.51:383][758]BlueprintLog: New page: Compile Beam
[2014.11.24-02.30.51:479][758]Cmd: OBJ SAVEPACKAGE PACKAGE="/Game/Blueprints/Beam" FILE="../../../../../../Users/Matt/Projects/gaem/Content/Blueprints/Beam.uasset" SILENT=true
[2014.11.24-02.30.51:593][758]LogSavePackage: Save=15.705709ms
[2014.11.24-02.30.51:593][758]LogSavePackage: Moving '../../../../../../Users/Matt/Projects/gaem/Saved/Beam93529D0B40016B36B38BF7B0F901794E.tmp' to '../../../../../../Users/Matt/Projects/gaem/Content/Blueprints/Beam.uasset'
[2014.11.24-02.30.51:599][758]BlueprintEditorCompileResults: Info [0479.45] Compile of Beam successful! [in 205 ms]
[2014.11.24-02.30.51:849][771]Cmd: OBJ SAVEPACKAGE PACKAGE="/Game/Blueprints/Beam" FILE="../../../../../../Users/Matt/Projects/gaem/Content/Blueprints/Beam.uasset" SILENT=true
[2014.11.24-02.30.51:960][771]LogSavePackage: Save=15.916836ms
[2014.11.24-02.30.51:960][771]LogSavePackage: Moving '../../../../../../Users/Matt/Projects/gaem/Saved/Beam3745317541DC0EA6D122CCB709B0F433.tmp' to '../../../../../../Users/Matt/Projects/gaem/Content/Blueprints/Beam.uasset'
[2014.11.24-02.34.22:337][752]LogFileHelpers: Editor autosave (incl. sublevels) for '/Game/My2DMap' took 0.015
[2014.11.24-02.34.22:372][752]OBJ SavePackage: Generating thumbnails for [0] asset(s) in package [/Game/Blueprints/Beam] ([1] browsable assets)...
[2014.11.24-02.34.22:372][752]OBJ SavePackage: Finished generating thumbnails for package [/Game/Blueprints/Beam]
[2014.11.24-02.34.22:394][752]Cmd: OBJ SAVEPACKAGE PACKAGE="/Game/Blueprints/Beam" FILE="../../../../../../Users/Matt/Projects/gaem/Saved/Autosaves/Game/Blueprints/Beam_Auto1.uasset" SILENT=false AUTOSAVING=true
[2014.11.24-02.34.22:535][752]LogSavePackage: Save=45.026905ms
[2014.11.24-02.34.22:535][752]LogSavePackage: Moving '../../../../../../Users/Matt/Projects/gaem/Saved/Beam_Auto1C3FDD7A94AEB8FAAB716BA8E31F11CDF.tmp' to '../../../../../../Users/Matt/Projects/gaem/Saved/Autosaves/Game/Blueprints/Beam_Auto1.uasset'
[2014.11.24-02.34.22:545][752]LogFileHelpers: Auto-saving content packages took 0.207
[2014.11.24-02.35.35:308][382]BlueprintLog: New page: Compile Beam
[2014.11.24-02.35.35:328][382]LogBlueprint:Error: [compiler] Error The current value of the ' Object Types ' pin is invalid: Array inputs (like 'Object Types') must have an input wired into them (try connecting a MakeArray node).
[2014.11.24-02.35.35:403][382]LogBlueprint:Warning: [compiler] Warning [0763.25] Compile of Beam failed. 1 Fatal Issue(s) 0 Warning(s) [in 82 ms]
[2014.11.24-02.35.35:403][382]BlueprintEditorCompileResults:Error: Error The current value of the ' Object Types ' pin is invalid: Array inputs (like 'Object Types') must have an input wired into them (try connecting a MakeArray node).
[2014.11.24-02.35.35:403][382]BlueprintEditorCompileResults:Warning: Warning [0763.25] Compile of Beam failed. 1 Fatal Issue(s) 0 Warning(s) [in 82 ms]
[2014.11.24-02.35.54:707][875]LogCascade: Quitting Cascade. FXSystem=0x000000000E76A660
[2014.11.24-02.35.55:392][942]LogParticles: Destroying 0 GPU particle simulations for FXSystem 0x000000000E76A660
[2014.11.24-02.35.55:392][942]LogParticles: Destroying 0 GPU particle simulations for FXSystem 0x00000000125ABEC0
[2014.11.24-02.35.55:392][942]LogParticles: Destroying 0 GPU particle simulations for FXSystem 0x00000000201C9080
[2014.11.24-02.35.56:636][942]Cmd: OBJ SAVEPACKAGE PACKAGE="/Game/Blueprints/Beam" FILE="../../../../../../Users/Matt/Projects/gaem/Content/Blueprints/Beam.uasset" SILENT=true
[2014.11.24-02.35.56:750][942]LogSavePackage: Save=15.891287ms
[2014.11.24-02.35.56:750][942]LogSavePackage: Moving '../../../../../../Users/Matt/Projects/gaem/Saved/BeamC5172EF04DB709E8C41C0183723F72D8.tmp' to '../../../../../../Users/Matt/Projects/gaem/Content/Blueprints/Beam.uasset'
[2014.11.24-02.35.57:210][943]Cmd: QUIT_EDITOR
[2014.11.24-02.35.57:479][943]LogExit: Preparing to exit.
[2014.11.24-02.35.58:475][943]LogExit: Editor shut down
[2014.11.24-02.35.58:476][943]LogExit: Transaction tracking system shut down
[2014.11.24-02.35.58:476][943]LogParticles: Destroying 0 GPU particle simulations for FXSystem 0x000000000E97BA60
[2014.11.24-02.35.58:477][943]LogParticles: Destroying 0 GPU particle simulations for FXSystem 0x0000000019502C00
[2014.11.24-02.35.58:477][943]LogParticles: Destroying 0 GPU particle simulations for FXSystem 0x000000001ED5BE20
[2014.11.24-02.35.58:509][943]LogExit: Object subsystem successfully closed.
[2014.11.24-02.35.58:559][943]LogModuleManager: Shutting down and abandoning module DistCurveEditor (174)
[2014.11.24-02.35.58:559][943]LogModuleManager: Shutting down and abandoning module Cascade (173)
[2014.11.24-02.35.58:559][943]LogModuleManager: Shutting down and abandoning module AndroidDeviceDetection (172)
[2014.11.24-02.35.58:559][943]LogModuleManager: Shutting down and abandoning module CrashTracker (171)
[2014.11.24-02.35.58:559][943]LogModuleManager: Shutting down and abandoning module SuperSearch (170)
[2014.11.24-02.35.58:559][943]LogModuleManager: Shutting down and abandoning module SceneOutliner (169)
[2014.11.24-02.35.58:559][943]LogModuleManager: Shutting down and abandoning module EditorWidgets (168)
[2014.11.24-02.35.58:559][943]LogModuleManager: Shutting down and abandoning module CollectionManager (167)
[2014.11.24-02.35.58:559][943]LogModuleManager: Shutting down and abandoning module StatsViewer (166)
[2014.11.24-02.35.58:559][943]LogModuleManager: Shutting down and abandoning module FoliageEdit (165)
[2014.11.24-02.35.58:559][943]LogModuleManager: Shutting down and abandoning module LandscapeEditor (164)
[2014.11.24-02.35.58:559][943]LogModuleManager: Shutting down and abandoning module MeshPaint (163)
[2014.11.24-02.35.58:559][943]LogModuleManager: Shutting down and abandoning module ActorPickerMode (162)
[2014.11.24-02.35.58:559][943]LogModuleManager: Shutting down and abandoning module GeometryMode (161)
[2014.11.24-02.35.58:559][943]LogModuleManager: Shutting down and abandoning module TextureAlignMode (160)
[2014.11.24-02.35.58:559][943]LogModuleManager: Shutting down and abandoning module BspMode (159)
[2014.11.24-02.35.58:559][943]LogModuleManager: Shutting down and abandoning module PlacementMode (158)
[2014.11.24-02.35.58:559][943]LogModuleManager: Shutting down and abandoning module AutomationWorker (157)
[2014.11.24-02.35.58:559][943]LogModuleManager: Shutting down and abandoning module CharacterAI (156)
[2014.11.24-02.35.58:559][943]LogModuleManager: Shutting down and abandoning module GameProjectGeneration (155)
[2014.11.24-02.35.58:559][943]LogModuleManager: Shutting down and abandoning module IntroTutorials (154)
[2014.11.24-02.35.58:559][943]LogModuleManager: Shutting down and abandoning module EditorLiveStreaming (153)
[2014.11.24-02.35.58:559][943]LogModuleManager: Shutting down and abandoning module HardwareTargeting (152)
[2014.11.24-02.35.58:559][943]LogModuleManager: Shutting down and abandoning module DeviceProfileEditor (151)
[2014.11.24-02.35.58:559][943]LogModuleManager: Shutting down and abandoning module UndoHistory (150)
[2014.11.24-02.35.58:559][943]LogModuleManager: Shutting down and abandoning module GameplayTagsEditor (149)
[2014.11.24-02.35.58:559][943]LogModuleManager: Shutting down and abandoning module UserFeedback (148)
[2014.11.24-02.35.58:559][943]LogModuleManager: Shutting down and abandoning module XmlParser (147)
[2014.11.24-02.35.58:559][943]LogModuleManager: Shutting down and abandoning module Blutility (146)
[2014.11.24-02.35.58:559][943]LogModuleManager: Shutting down and abandoning module IOSPlatformEditor (145)
[2014.11.24-02.35.58:559][943]LogModuleManager: Shutting down and abandoning module IOSRuntimeSettings (144)
[2014.11.24-02.35.58:559][943]LogModuleManager: Shutting down and abandoning module AndroidPlatformEditor (143)
[2014.11.24-02.35.58:560][943]LogModuleManager: Shutting down and abandoning module AndroidRuntimeSettings (142)
[2014.11.24-02.35.58:560][943]LogModuleManager: Shutting down and abandoning module ProjectTargetPlatformEditor (141)
[2014.11.24-02.35.58:560][943]LogModuleManager: Shutting down and abandoning module ProjectSettingsViewer (140)
[2014.11.24-02.35.58:560][943]LogModuleManager: Shutting down and abandoning module InputBindingEditor (139)
[2014.11.24-02.35.58:560][943]LogModuleManager: Shutting down and abandoning module EditorSettingsViewer (138)
[2014.11.24-02.35.58:560][943]LogModuleManager: Shutting down and abandoning module SettingsEditor (137)
[2014.11.24-02.35.58:560][943]LogModuleManager: Shutting down and abandoning module ProjectLauncher (136)
[2014.11.24-02.35.58:560][943]LogModuleManager: Shutting down and abandoning module SessionFrontend (135)
[2014.11.24-02.35.58:560][943]LogModuleManager: Shutting down and abandoning module ProfilerClient (134)
[2014.11.24-02.35.58:560][943]LogModuleManager: Shutting down and abandoning module TargetDeviceServices (133)
[2014.11.24-02.35.58:560][943]LogModuleManager: Shutting down and abandoning module DeviceManager (132)
[2014.11.24-02.35.58:560][943]LogModuleManager: Shutting down and abandoning module AutomationController (131)
[2014.11.24-02.35.58:560][943]LogModuleManager: Shutting down and abandoning module AutomationWindow (130)
[2014.11.24-02.35.58:560][943]LogModuleManager: Shutting down and abandoning module Layers (129)
[2014.11.24-02.35.58:560][943]LogModuleManager: Shutting down and abandoning module ComponentVisualizers (128)
[2014.11.24-02.35.58:560][943]LogModuleManager: Shutting down and abandoning module DetailCustomizations (127)
[2014.11.24-02.35.58:560][943]LogModuleManager: Shutting down and abandoning module PackagesDialog (126)
[2014.11.24-02.35.58:560][943]LogModuleManager: Shutting down and abandoning module AssetRegistry (125)
[2014.11.24-02.35.58:622][943]LogModuleManager: Shutting down and abandoning module Persona (124)
[2014.11.24-02.35.58:622][943]LogModuleManager: Shutting down and abandoning module Kismet (123)
[2014.11.24-02.35.58:622][943]LogModuleManager: Shutting down and abandoning module GraphEditor (122)
[2014.11.24-02.35.58:622][943]LogModuleManager: Shutting down and abandoning module ClassViewer (121)
[2014.11.24-02.35.58:622][943]LogModuleManager: Shutting down and abandoning module Toolbox (120)
[2014.11.24-02.35.58:622][943]LogModuleManager: Shutting down and abandoning module ModuleUI (119)
[2014.11.24-02.35.58:622][943]LogModuleManager: Shutting down and abandoning module MovieSceneTools (118)
[2014.11.24-02.35.58:622][943]LogModuleManager: Shutting down and abandoning module OutputLog (117)
[2014.11.24-02.35.58:622][943]LogModuleManager: Shutting down and abandoning module GammaUI (116)
[2014.11.24-02.35.58:622][943]LogModuleManager: Shutting down and abandoning module Documentation (115)
[2014.11.24-02.35.58:622][943]LogModuleManager: Shutting down and abandoning module GameLiveStreaming (114)
[2014.11.24-02.35.58:622][943]LogModuleManager: Shutting down and abandoning module StreamingPauseRendering (113)
[2014.11.24-02.35.58:622][943]LogModuleManager: Shutting down and abandoning module HTTP (112)
[2014.11.24-02.35.58:622][943]LogModuleManager: Shutting down and abandoning module AnalyticsET (111)
[2014.11.24-02.35.58:622][943]LogModuleManager: Shutting down and abandoning module Analytics (110)
[2014.11.24-02.35.58:622][943]LogModuleManager: Shutting down and abandoning module AITestSuite (109)
[2014.11.24-02.35.58:622][943]LogModuleManager: Shutting down and abandoning module AIModule (108)
[2014.11.24-02.35.58:622][943]LogModuleManager: Shutting down and abandoning module ProfilerService (107)
[2014.11.24-02.35.58:753][943]LogModuleManager: Shutting down and abandoning module TaskGraph (106)
[2014.11.24-02.35.58:753][943]LogModuleManager: Shutting down and abandoning module Landscape (105)
[2014.11.24-02.35.58:753][943]LogModuleManager: Shutting down and abandoning module GameplayDebugger (104)
[2014.11.24-02.35.58:753][943]LogModuleManager: Shutting down and abandoning module SlateRemote (103)
[2014.11.24-02.35.58:753][943]LogModuleManager: Shutting down and abandoning module ScriptEditorPlugin (102)
[2014.11.24-02.35.58:753][943]LogModuleManager: Shutting down and abandoning module CustomMeshComponent (101)
[2014.11.24-02.35.58:753][943]LogModuleManager: Shutting down and abandoning module CableComponent (100)
[2014.11.24-02.35.58:753][943]LogModuleManager: Shutting down and abandoning module MessagingDebugger (99)
[2014.11.24-02.35.58:753][943]LogModuleManager: Shutting down and abandoning module MediaPlayerEditor (98)
[2014.11.24-02.35.58:753][943]LogModuleManager: Shutting down and abandoning module SpeedTreeImporter (97)
[2014.11.24-02.35.58:753][943]LogModuleManager: Shutting down and abandoning module PluginsEditor (96)
[2014.11.24-02.35.58:753][943]LogModuleManager: Shutting down and abandoning module EpicSurvey (95)
[2014.11.24-02.35.58:753][943]LogModuleManager: Shutting down and abandoning module DesktopPlatform (94)
[2014.11.24-02.35.58:753][943]LogModuleManager: Shutting down and abandoning module VisualStudioSourceCodeAccess (93)
[2014.11.24-02.35.58:753][943]LogModuleManager: Shutting down and abandoning module UObjectPlugin (92)
[2014.11.24-02.35.58:753][943]LogModuleManager: Shutting down and abandoning module SubversionSourceControl (91)
[2014.11.24-02.35.58:753][943]LogModuleManager: Shutting down and abandoning module SourceControl (90)
[2014.11.24-02.35.58:753][943]LogModuleManager: Shutting down and abandoning module PerforceSourceControl (89)
[2014.11.24-02.35.58:753][943]LogModuleManager: Shutting down and abandoning module BlankPlugin (88)
[2014.11.24-02.35.58:753][943]LogModuleManager: Shutting down and abandoning module SlateReflector (87)
[2014.11.24-02.35.58:753][943]LogModuleManager: Shutting down and abandoning module DirectoryWatcher (86)
[2014.11.24-02.35.58:753][943]LogModuleManager: Shutting down and abandoning module HotReload (85)
[2014.11.24-02.35.58:754][943]LogModuleManager: Shutting down and abandoning module MainFrame (84)
[2014.11.24-02.35.58:754][943]LogModuleManager: Shutting down and abandoning module LevelEditor (83)
[2014.11.24-02.35.58:754][943]LogModuleManager: Shutting down and abandoning module ViewportSnapping (82)
[2014.11.24-02.35.58:754][943]LogModuleManager: Shutting down and abandoning module SmartSnapping (81)
[2014.11.24-02.35.58:754][943]LogModuleManager: Shutting down and abandoning module PaperTiledImporter (80)
[2014.11.24-02.35.58:754][943]LogModuleManager: Shutting down and abandoning module PaperJsonImporter (79)
[2014.11.24-02.35.58:754][943]LogModuleManager: Shutting down and abandoning module ContentBrowser (78)
[2014.11.24-02.35.58:754][943]LogModuleManager: Shutting down and abandoning module Paper2DEditor (77)
[2014.11.24-02.35.58:754][943]LogModuleManager: Shutting down and abandoning module ScriptPlugin (76)
[2014.11.24-02.35.58:754][943]LogModuleManager: Shutting down and abandoning module UdpMessaging (75)
[2014.11.24-02.35.58:854][943]LogModuleManager: Shutting down and abandoning module Paper2D (74)
[2014.11.24-02.35.58:854][943]LogModuleManager: Shutting down and abandoning module UE4Game (73)
[2014.11.24-02.35.58:854][943]LogModuleManager: Shutting down and abandoning module WindowsMoviePlayer (72)
[2014.11.24-02.35.58:855][943]LogModuleManager: Shutting down and abandoning module Media (71)
[2014.11.24-02.35.58:855][943]LogModuleManager: Shutting down and abandoning module WmfMedia (70)
[2014.11.24-02.35.58:856][943]LogModuleManager: Shutting down and abandoning module OnlineBlueprintSupport (69)
[2014.11.24-02.35.58:856][943]LogModuleManager: Shutting down and abandoning module PropertyEditor (68)
[2014.11.24-02.35.58:856][943]LogModuleManager: Shutting down and abandoning module BehaviorTreeEditor (67)
[2014.11.24-02.35.58:856][943]LogModuleManager: Shutting down and abandoning module FunctionalTesting (66)
[2014.11.24-02.35.58:856][943]LogModuleManager: Shutting down and abandoning module CollisionAnalyzer (65)
[2014.11.24-02.35.58:856][943]LogModuleManager: Shutting down and abandoning module WorkspaceMenuStructure (64)
[2014.11.24-02.35.58:856][943]LogModuleManager: Shutting down and abandoning module MessageLog (63)
[2014.11.24-02.35.58:856][943]LogModuleManager: Shutting down and abandoning module Sequencer (62)
[2014.11.24-02.35.58:856][943]LogModuleManager: Shutting down and abandoning module AssetTools (61)
[2014.11.24-02.35.58:856][943]LogModuleManager: Shutting down and abandoning module UMGEditor (60)
[2014.11.24-02.35.58:856][943]LogModuleManager: Shutting down and abandoning module UMG (59)
[2014.11.24-02.35.58:856][943]LogModuleManager: Shutting down and abandoning module Slate (58)
[2014.11.24-02.35.58:856][943]LogModuleManager: Shutting down and abandoning module EditorStyle (57)
[2014.11.24-02.35.58:860][943]LogModuleManager: Shutting down and abandoning module SessionServices (56)
[2014.11.24-02.35.58:860][943]LogModuleManager: Shutting down and abandoning module SourceCodeAccess (55)
[2014.11.24-02.35.58:860][943]LogModuleManager: Shutting down and abandoning module HeadMountedDisplay (54)
[2014.11.24-02.35.58:860][943]LogModuleManager: Shutting down and abandoning module XAudio2 (53)
[2014.11.24-02.35.58:860][943]LogModuleManager: Shutting down and abandoning module Networking (51)
[2014.11.24-02.35.58:860][943]LogModuleManager: Shutting down and abandoning module Core (50)
[2014.11.24-02.35.58:860][943]LogModuleManager: Shutting down and abandoning module KismetCompiler (49)
[2014.11.24-02.35.58:860][943]LogModuleManager: Shutting down and abandoning module PhysXFormats (48)
[2014.11.24-02.35.58:860][943]LogModuleManager: Shutting down and abandoning module MeshUtilities (47)
[2014.11.24-02.35.58:860][943]LogModuleManager: Shutting down and abandoning module DerivedDataCache (46)
[2014.11.24-02.35.58:904][943]LogDerivedDataCache: Shutdown
[2014.11.24-02.35.58:904][943]LogModuleManager: Shutting down and abandoning module ShaderFormatOpenGL (45)
[2014.11.24-02.35.58:904][943]LogModuleManager: Shutting down and abandoning module ShaderFormatD3D (44)
[2014.11.24-02.35.58:904][943]LogModuleManager: Shutting down and abandoning module MetalShaderFormat (43)
[2014.11.24-02.35.58:904][943]LogModuleManager: Shutting down and abandoning module TextureFormatUncompressed (42)
[2014.11.24-02.35.58:904][943]LogModuleManager: Shutting down and abandoning module TextureFormatPVR (41)
[2014.11.24-02.35.58:904][943]LogModuleManager: Shutting down and abandoning module TextureFormatDXT (40)
[2014.11.24-02.35.58:904][943]LogModuleManager: Shutting down and abandoning module TextureFormatAndroid (39)
[2014.11.24-02.35.58:904][943]LogModuleManager: Shutting down and abandoning module AudioFormatOpus (38)
[2014.11.24-02.35.58:904][943]LogModuleManager: Shutting down and abandoning module AudioFormatOgg (37)
[2014.11.24-02.35.58:904][943]LogModuleManager: Shutting down and abandoning module AudioFormatADPCM (36)
[2014.11.24-02.35.58:904][943]LogModuleManager: Shutting down and abandoning module LinuxTargetPlatform (35)
[2014.11.24-02.35.58:904][943]LogModuleManager: Shutting down and abandoning module LinuxServerTargetPlatform (34)
[2014.11.24-02.35.58:904][943]LogModuleManager: Shutting down and abandoning module LinuxNoEditorTargetPlatform (33)
[2014.11.24-02.35.58:904][943]LogModuleManager: Shutting down and abandoning module Messaging (32)
[2014.11.24-02.35.58:904][943]LogModuleManager: Shutting down and abandoning module IOSTargetPlatform (31)
[2014.11.24-02.35.58:904][943]LogModuleManager: Shutting down and abandoning module Android_PVRTCTargetPlatform (30)
[2014.11.24-02.35.58:904][943]LogModuleManager: Shutting down and abandoning module Android_ETC2TargetPlatform (29)
[2014.11.24-02.35.58:904][943]LogModuleManager: Shutting down and abandoning module Android_ETC1TargetPlatform (28)
[2014.11.24-02.35.58:904][943]LogModuleManager: Shutting down and abandoning module Android_DXTTargetPlatform (27)
[2014.11.24-02.35.58:904][943]LogModuleManager: Shutting down and abandoning module Android_ATCTargetPlatform (26)
[2014.11.24-02.35.58:904][943]LogModuleManager: Shutting down and abandoning module AndroidTargetPlatform (25)
[2014.11.24-02.35.58:904][943]LogModuleManager: Shutting down and abandoning module WindowsTargetPlatform (24)
[2014.11.24-02.35.58:904][943]LogModuleManager: Shutting down and abandoning module WindowsServerTargetPlatform (23)
[2014.11.24-02.35.58:904][943]LogModuleManager: Shutting down and abandoning module WindowsNoEditorTargetPlatform (22)
[2014.11.24-02.35.58:904][943]LogModuleManager: Shutting down and abandoning module WindowsClientTargetPlatform (21)
[2014.11.24-02.35.58:904][943]LogModuleManager: Shutting down and abandoning module TargetPlatform (20)
[2014.11.24-02.35.58:904][943]LogModuleManager: Shutting down and abandoning module InputCore (19)
[2014.11.24-02.35.58:904][943]LogModuleManager: Shutting down and abandoning module Settings (18)
[2014.11.24-02.35.58:904][943]LogModuleManager: Shutting down and abandoning module ImageWrapper (17)
[2014.11.24-02.35.58:904][943]LogModuleManager: Shutting down and abandoning module OculusRift (14)
[2014.11.24-02.35.58:904][943]LogModuleManager: Shutting down and abandoning module ExampleDeviceProfileSelector (13)
[2014.11.24-02.35.58:904][943]LogModuleManager: Shutting down and abandoning module TextureCompressor (12)
[2014.11.24-02.35.58:905][943]LogModuleManager: Shutting down and abandoning module ShaderCore (11)
[2014.11.24-02.35.58:905][943]LogModuleManager: Shutting down and abandoning module SlateRHIRenderer (10)
[2014.11.24-02.35.58:905][943]LogModuleManager: Shutting down and abandoning module OpenGLDrv (9)
[2014.11.24-02.35.58:905][943]LogModuleManager: Shutting down and abandoning module D3D11RHI (8)
[2014.11.24-02.35.58:905][943]LogModuleManager: Shutting down and abandoning module Renderer (7)
[2014.11.24-02.35.58:905][943]LogModuleManager: Shutting down and abandoning module Engine (6)
[2014.11.24-02.35.58:905][943]LogModuleManager: Shutting down and abandoning module CoreUObject (5)
[2014.11.24-02.35.58:905][943]LogModuleManager: Shutting down and abandoning module NetworkFile (4)
[2014.11.24-02.35.58:905][943]LogModuleManager: Shutting down and abandoning module StreamingFile (3)
[2014.11.24-02.35.58:905][943]LogModuleManager: Shutting down and abandoning module SandboxFile (2)
[2014.11.24-02.35.58:905][943]LogModuleManager: Shutting down and abandoning module PakFile (1)
[2014.11.24-02.35.58:906][943]LogExit: Exiting.
[2014.11.24-02.35.58:909][943]Log file closed, 11/23/14 21:35:58
