Log file open, 10/29/14 20:59:13
LogInit:Display: Running engine for game: gaem
LogInit: Version: 4.5.1-2336687+++depot+UE4-Releases+4.5
LogInit: API Version: 2326478
LogInit: Compiled (64-bit): Oct 21 2014 22:32:40
LogInit: Compiled with Visual C++: 18.00.21005.01
LogInit: Build Configuration: Development
LogInit: Branch Name: ++depot+UE4-Releases+4.5
LogInit: Command line:  /Temp/Autosaves/Game/UEDPCMy2DMap -game -PIEVIACONSOLE -ResX=1280 -ResY=720  -Multiprocess -featureleveles2 -faketouches 
LogInit: Base directory: C:/Program Files/Unreal Engine/4.5/Engine/Binaries/Win64/
LogInit: Rocket: 1
[2014.10.30-00.59.13:128][  0]LogTaskGraph: Started task graph with 3 named threads and 4 total threads.
[2014.10.30-00.59.13:159][  0]LogOnline:Warning: No default platform service specified for OnlineSubsystem
[2014.10.30-00.59.13:204][  0]LogInit: Presizing for 0 objects not considered by GC, pre-allocating 0 bytes.
[2014.10.30-00.59.13:211][  0]LogInit: Object subsystem initialized
[2014.10.30-00.59.13:214][  0]LogConsoleResponse:Warning: Skipping Unknown console variable: 'UIScaleRule = ShortestSide'
[2014.10.30-00.59.13:214][  0]LogConsoleResponse:Warning:   Found in ini file 'C:/Users/Matt/Projects/gaem/Saved/Config/Windows/Engine.ini', in section '[/Script/Engine.RendererSettings]'
[2014.10.30-00.59.13:214][  0]LogConsoleResponse:Warning: Skipping Unknown console variable: 'UIScaleCurve = (EditorCurveData=(Keys=((Time=480.000000,Value=0.444000),(Time=720.000000,Value=0.666000),(Time=1080.000000,Value=1.000000),(Time=8640.000000,Value=8.000000))),ExternalCurve=None)'
[2014.10.30-00.59.13:214][  0]LogConsoleResponse:Warning:   Found in ini file 'C:/Users/Matt/Projects/gaem/Saved/Config/Windows/Engine.ini', in section '[/Script/Engine.RendererSettings]'
[2014.10.30-00.59.13:214][  0]LogInit: Selected Device Profile: [Windows]
[2014.10.30-00.59.13:214][  0]LogInit: Applying CVar settings loaded from the selected device profile: [Windows]
[2014.10.30-00.59.13:218][  0]LogInit: Computer: BIGRED
[2014.10.30-00.59.13:218][  0]LogInit: User: Matt
[2014.10.30-00.59.13:219][  0]LogInit: CPU Page size=4096, Cores=4
[2014.10.30-00.59.13:220][  0]LogInit: High frequency timer resolution =3.561787 MHz
[2014.10.30-00.59.13:220][  0]LogMemory: Memory total: Physical=15.7GB (16GB approx) Virtual=8192.0GB
[2014.10.30-00.59.13:220][  0]LogMemory: Platform Memory Stats for Windows
[2014.10.30-00.59.13:220][  0]LogMemory: Process Physical Memory: 63.52 MB used, 63.52 MB peak
[2014.10.30-00.59.13:220][  0]LogMemory: Process Virtual Memory: 38.59 MB used, 38.59 MB peak
[2014.10.30-00.59.13:220][  0]LogMemory: Physical Memory: 5402.55 MB used, 16066.05 MB total
[2014.10.30-00.59.13:220][  0]LogMemory: Virtual Memory: 272.20 MB used, 8388608.00 MB total
[2014.10.30-00.59.13:294][  0]LogD3D11RHI: Found D3D11 adapter 0: NVIDIA GeForce GTX 770 (Feature Level 11_0)
[2014.10.30-00.59.13:294][  0]LogD3D11RHI: Adapter has 1990MB of dedicated video memory, 0MB of dedicated system memory, and 2048MB of shared system memory, 1 output[s]
[2014.10.30-00.59.13:294][  0]LogD3D11RHI: Chosen D3D11 Adapter Id = 0
[2014.10.30-00.59.13:298][  0]LogRHI: Texture pool is 1361 MB (70% of 1945 MB)
[2014.10.30-00.59.13:306][  0]LogD3D11RHI: Async texture creation enabled
[2014.10.30-00.59.13:694][  0]LogTextLocalizationManager: The requested culture ('en_US') has no localization data; parent culture's ('en') localization data will be used.
[2014.10.30-00.59.13:799][  0]LogContentStreaming: Texture pool size is 1000.000000MB
[2014.10.30-00.59.17:466][  0]LogTargetPlatformManager:Display: Building Assets For Windows
[2014.10.30-00.59.17:930][  0]LogTargetPlatformManager:Display: Building Assets For Windows
[2014.10.30-00.59.17:990][  0]LogDerivedDataCache:Display: Max Cache Size: 512 MB
[2014.10.30-00.59.18:019][  0]LogDerivedDataCache: Loaded boot cache 0.03s 39MB C:/Users/Matt/AppData/Local/UnrealEngine/4.5/DerivedDataCache/Boot.ddc.
[2014.10.30-00.59.18:019][  0]LogDerivedDataCache:Display: Loaded Boot cache: C:/Users/Matt/App