Log file open, 11/09/14 02:18:10
LogInit:Display: Running engine for game: gaem
LogInit: Version: 4.5.1-2336687+++depot+UE4-Releases+4.5
LogInit: API Version: 2326478
LogInit: Compiled (64-bit): Oct 21 2014 22:32:40
LogInit: Compiled with Visual C++: 18.00.21005.01
LogInit: Build Configuration: Development
LogInit: Branch Name: ++depot+UE4-Releases+4.5
LogInit: Command line:  
LogInit: Base directory: C:/Program Files/Unreal Engine/4.5/Engine/Binaries/Win64/
LogInit: Rocket: 1
[2014.11.09-07.18.10:406][  0]LogTaskGraph: Started task graph with 3 named threads and 4 total threads.
[2014.11.09-07.18.10:437][  0]LogOnline:Warning: No default platform service specified for OnlineSubsystem
[2014.11.09-07.18.10:480][  0]LogInit: Presizing for 0 objects not considered by GC, pre-allocating 0 bytes.
[2014.11.09-07.18.10:486][  0]LogInit: Object subsystem initialized
[2014.11.09-07.18.10:489][  0]LogConsoleResponse:Warning: Skipping Unknown console variable: 'UIScaleRule = ShortestSide'
[2014.11.09-07.18.10:489][  0]LogConsoleResponse:Warning:   Found in ini file 'C:/Users/Matt/Projects/gaem/Saved/Config/Windows/Engine.ini', in section '[/Script/Engine.RendererSettings]'
[2014.11.09-07.18.10:489][  0]LogConsoleResponse:Warning: Skipping Unknown console variable: 'UIScaleCurve = (EditorCurveData=(Keys=((Time=480.000000,Value=0.444000),(Time=720.000000,Value=0.666000),(Time=1080.000000,Value=1.000000),(Time=8640.000000,Value=8.000000))),ExternalCurve=None)'
[2014.11.09-07.18.10:489][  0]LogConsoleResponse:Warning:   Found in ini file 'C:/Users/Matt/Projects/gaem/Saved/Config/Windows/Engine.ini', in section '[/Script/Engine.RendererSettings]'
[2014.11.09-07.18.10:489][  0]LogInit: Selected Device Profile: [Windows]
[2014.11.09-07.18.10:489][  0]LogInit: Applying CVar settings loaded from the selected device profile: [Windows]
[2014.11.09-07.18.10:494][  0]LogInit: Computer: BIGRED
[2014.11.09-07.18.10:494][  0]LogInit: User: Matt
[2014.11.09-07.18.10:495][  0]LogInit: CPU Page size=4096, Cores=4
[2014.11.09-07.18.10:495][  0]LogInit: High frequency timer resolution =3.561787 MHz
[2014.11.09-07.18.10:495][  0]LogMemory: Memory total: Physical=15.7GB (16GB approx) Virtual=8192.0GB
[2014.11.09-07.18.10:495][  0]LogMemory: Platform Memory Stats for Windows
[2014.11.09-07.18.10:495][  0]LogMemory: Process Physical Memory: 63.57 MB used, 63.57 MB peak
[2014.11.09-07.18.10:495][  0]LogMemory: Process Virtual Memory: 38.64 MB used, 38.64 MB peak
[2014.11.09-07.18.10:495][  0]LogMemory: Physical Memory: 5060.36 MB used, 16066.05 MB total
[2014.11.09-07.18.10:495][  0]LogMemory: Virtual Memory: 272.20 MB used, 8388608.00 MB total
[2014.11.09-07.18.10:565][  0]LogD3D11RHI: Found D3D11 adapter 0: NVIDIA GeForce GTX 770 (Feature Level 11_0)
[2014.11.09-07.18.10:565][  0]LogD3D11RHI: Adapter has 1990MB of dedicated video memory, 0MB of dedicated system memory, and 2048MB of shared system memory, 1 output[s]
[2014.11.09-07.18.10:565][  0]LogD3D11RHI: Chosen D3D11 Adapter Id = 0
[2014.11.09-07.18.10:569][  0]LogRHI: Texture pool is 1361 MB (70% of 1945 MB)
[2014.11.09-07.18.10:576][  0]LogD3D11RHI: Async texture creation enabled
[2014.11.09-07.18.10:937][  0]LogTextLocalizationManager: The requested culture ('en_US') has no localization data; parent culture's ('en') localization data will be used.
[2014.11.09-07.18.11:034][  0]LogContentStreaming: Texture pool size is 0.000000MB
[2014.11.09-07.18.15:145][  0]LogTargetPlatformManager:Display: Building Assets For Windows
[2014.11.09-07.18.15:585][  0]LogTargetPlatformManager:Display: Building Assets For Windows
[2014.11.09-07.18.15:645][  0]LogDerivedDataCache:Display: Max Cache Size: 512 MB
[2014.11.09-07.18.15:673][  0]LogDerivedDataCache: Loaded boot cache 0.03s 39MB C:/Users/Matt/AppData/Local/UnrealEngine/4.5/DerivedDataCache/Boot.ddc.
[2014.11.09-07.18.15:673][  0]LogDerivedDataCache:Display: Loaded Boot cache: C:/Users/Matt/AppData/Local/UnrealEngine/4.5/DerivedDataCache/Boot.ddc
[2014.11.09-07.18.15:673][  0]LogDerivedDataCache: FDerivedDataBackendGraph:  Pak pak cache file ../../../../../../Users/Matt/Projects/gaem/DerivedDataCache/DDC.ddp not found, will not use a pak cache.
[2014.11.09-07.18.15:673][  0]LogDerivedDataCache: Unable to find inner node Pak for hierarchical cache Hierarchy.
[2014.11.09-07.18.15:723][  0]LogDerivedDataCache:Display: Pak cache opened for reading ../../../Engine/DerivedDataCache/DDC.ddp.
[2014.11.09-07.18.15:734][  0]LogDerivedDataCache: Using Local data cache path C:/Users/Matt/AppData/Local/UnrealEngine/Common/DerivedDataCache: Writable
[2014.11.09-07.18.15:883][  0]LogMeshUtilities: No automatic mesh reduction module available
[2014.11.09-07.18.15:883][  0]LogMeshUtilities: No automatic mesh merging module available
[2014.11.09-07.18.16:052][  0]LogLinker:Warning: Asset '../../../Engine/Content/Functions/Engine_MaterialFunctions02/Texturing/FlipBook.uasset' has been saved with empty engine version. The asset will be loaded but may be incompatible.
[2014.11.09-07.18.16:055][  0]LogLinker:Warning: Asset '../../../Engine/Content/Functions/Engine_MaterialFunctions02/ExampleContent/Textures/flipbook.uasset' has been saved with empty engine version. The asset will be loaded but may be incompatible.
[2014.11.09-07.18.16:207][  0]LogInit: WinSock: version 1.1 (2.2), MaxSocks=32767, MaxUdp=65467
[2014.11.09-07.18.17:137][  0]UdpMessaging: Initializing bridge on interface 0.0.0.0:0 to multicast group 230.0.0.1:6666.
[2014.11.09-07.18.17:403][  0]LogDirectoryWatcher:Warning: Failed to begin reading directory changes for C:/Users/Matt/Projects/gaem/Binaries/Win64. Error: 0
[2014.11.09-07.18.17:561][  0]SourceControl: Info Source control is disabled
[2014.11.09-07.18.17:561][  0]SourceControl: Info Source control is disabled
[2014.11.09-07.18.17:571][  0]SourceControl: Info Source control is disabled
[2014.11.09-07.18.17:785][  0]LogObj: 22915 objects as part of root set at end of initial load.
[2014.11.09-07.18.17:785][  0]LogUObjectAllocator: 4803536 out of 0 bytes used by permanent object pool.
[2014.11.09-07.18.17:851][  0]LogEngine: Initializing Engine...
[2014.11.09-07.18.17:956][  0]LogInit: XAudio2 using 'Speakers (ASUS Xonar Essence STX Audio Device)' : 2 channels at 44.1 kHz using 16 bits per sample (channel mask 0x3)
[2014.11.09-07.18.17:962][  0]LogInit: FAudioDevice initialized.
[2014.11.09-07.18.17:994][  0]LogAIModule: Creating AISystem for world NewWorld
[2014.11.09-07.18.18:011][  0]LogDerivedDataCache: Saved boot cache 0.02s 39MB C:/Users/Matt/AppData/Local/UnrealEngine/4.5/DerivedDataCache/Boot.ddc.
[2014.11.09-07.18.18:014][  0]LogInit: Texture streaming: Enabled
[2014.11.09-07.18.18:076][  0]LogInit: Transaction tracking system initialized
[2014.11.09-07.18.18:224][  0]BlueprintLog: New page: Editor Load
[2014.11.09-07.18.18:276][  0]LogAssetRegistry: FAssetRegistry took 0.0095 seconds to start up
[2014.11.09-07.18.18:276][  0]LogDirectoryWatcher:Warning: Failed to begin reading directory changes for ../../../Engine/Plugins/Experimental/CharacterAI/Content/. Error: 0
[2014.11.09-07.18.18:794][  0]LogTargetPlatformManager:Display: Building Assets For Windows
[2014.11.09-07.18.19:068][  0]LogTargetPlatformManager:Display: Building Assets For Windows
[2014.11.09-07.18.19:392][  0]LogConsoleResponse:Display: 
[2014.11.09-07.18.19:636][  0]SourceControl: Info Source control is disabled
[2014.11.09-07.18.19:636][  0]Cmd: MAP LOAD FILE="../../../../../../Users/Matt/Projects/gaem/Content/My2DMap.umap" TEMPLATE=0 SHOWPROGRESS=1
[2014.11.09-07.18.19:636][  0]LightingResults: New page: Lighting Build
[2014.11.09-07.18.19:647][  0]MapCheck: New page: Map Check
[2014.11.09-07.18.19:647][  0]LightingResults: New page: Lighting Build
[2014.11.09-07.18.19:665][  0]LogParticles: Destroying 0 GPU particle simulations for FXSystem 0x0000000020ADAA20
[2014.11.09-07.18.19:896][  0]LogEditorServer: Finished looking for orphan Actors (0.000 secs)
[2014.11.09-07.18.19:896][  0]LogAIModule: Creating AISystem for world My2DMap
[2014.11.09-07.18.19:896][  0]Cmd: MAP CHECKDEP
[2014.11.09-07.18.19:896][  0]MapCheck: New page: My2DMap - Nov 8, 2014, 9:18:19 PM
[2014.11.09-07.18.20:003][  0]MapCheck: Info Map check complete: 0 Error(s), 0 Warning(s), took 106.791ms to complete.
[2014.11.09-07.18.20:003][  0]LogFileHelpers: Loading map 'My2DMap' took 0.367
[2014.11.09-07.18.20:078][  0]LogCollectionManager: Loaded 0 collections in 0.001204 seconds
[2014.11.09-07.18.20:277][  0]LogCrashTracker: Crashtracker disabled due to settings.
[2014.11.09-07.18.20:294][  0]LogUObjectGlobals:Warning: Failed to find object 'Class None.'
[2014.11.09-07.18.20:318][  0]LogLoad: Full Startup: 12.08 seconds (BP compile: 0.08 seconds)
[2014.11.09-07.18.20:660][  0]LogContentBrowser:Verbose: The content browser source was changed by the sources view to '/Game/Blueprints'
[2014.11.09-07.18.20:789][  0]LogRenderer:Warning: Reallocating scene render targets to support 1016x872.
[2014.11.09-07.18.20:999][  1]LogAssetRegistry: Asset discovery search completed in 2.7327 seconds
[2014.11.09-07.18.34:213][394]LogEditorViewport: Clicking on Actor (LMB): PaperSpriteActor (PrototypeTexture_Sprite_2)
[2014.11.09-07.18.40:802][149]LogContentBrowser:Verbose: The content browser source was changed by the sources view to '/Game/Data'
[2014.11.09-07.18.41:225][199]LogContentBrowser:Verbose: The content browser source was changed by the sources view to '/Game/Materials'
[2014.11.09-07.18.41:530][235]LogContentBrowser:Verbose: The content browser source was changed by the sources view to '/Game/Textures'
[2014.11.09-07.18.47:952][967]Cmd: BRUSH ADD SELECTNEWBRUSH
[2014.11.09-07.18.57:305][ 33]LogContentBrowser:Verbose: The content browser source was changed by the sources view to '/Game/Sprites'
[2014.11.09-07.18.57:637][ 66]LogContentBrowser:Verbose: The content browser source was changed by the sources view to '/Game/Materials'
[2014.11.09-07.19.14:247][901]LogGeometryMode:Warning: Unable to find 4 Edge(s) in new BSP
[2014.11.09-07.19.14:247][901]LogGeometryMode:Warning: Unable to resolve BoxBrush Brush in new BSP, see above
[2014.11.09-07.19.14:247][901]LogGeometryMode:Warning: Unable to find all previously selected geometry data, resetting selection
[2014.11.09-07.19.21:806][754]LogEditorViewport: Clicking on Actor (LMB): PaperSpriteActor (2DBackground_Sprite)
[2014.11.09-07.19.37:604][595]LogEditorViewport: Clicking on Actor (LMB): Brush (Box Brush)
[2014.11.09-07.19.49:661][981]LogEditorViewport: Clicking Background
[2014.11.09-07.20.24:114][779]LogPlayLevel: PIE:  No blueprints needed recompiling
[2014.11.09-07.20.24:115][779]PIE: New page: PIE session: My2DMap (Nov 8, 2014, 9:20:24 PM)
[2014.11.09-07.20.24:116][779]LogPlayLevel: PIE: StaticDuplicateObject took: (0.001600s)
[2014.11.09-07.20.24:117][779]LogPlayLevel: PIE: World Init took: (0.000395s)
[2014.11.09-07.20.24:117][779]LogPlayLevel: PIE: Created PIE world by copying editor world from /Game/My2DMap.My2DMap to /Game/UEDPIE_0_My2DMap.My2DMap (0.002137s)
[2014.11.09-07.20.24:159][779]LogWorld: Game class is 'PaperGameMode_C'
[2014.11.09-07.20.24:160][779]LogAIModule: Creating AISystem for world My2DMap
[2014.11.09-07.20.24:161][779]LogWorld: Bringing World /Game/UEDPIE_0_My2DMap.My2DMap up for play (max tick rate 0) at 2014.11.09-02.20.24
[2014.11.09-07.20.24:161][779]LogWorld: Bringing up level for play took: 0.001033
[2014.11.09-07.20.24:162][779]PIE: Info Play in editor start time for /Game/UEDPIE_0_My2DMap -0.534
[2014.11.09-07.20.31:317][629]LogActorComponent: UnregisterComponent: (/Engine/Transient.CharacterMovementComponent_0) Not registered. Aborting.
[2014.11.09-07.20.31:340][629]LogParticles: Destroying 0 GPU particle simulations for FXSystem 0x00000000283567A0
[2014.11.09-07.20.43:192][  5]LogEditorViewport: Clicking on Actor (LMB): PaperSpriteActor (PrototypeTexture_Sprite_3)
[2014.11.09-07.20.43:994][ 97]LogEditorViewport: Clicking on Actor (LMB): PaperSpriteActor (PrototypeTexture_Sprite_3)
[2014.11.09-07.20.46:858][430]LogContentBrowser:Verbose: The content browser source was changed by the sources view to '/Game/Flipbooks'
[2014.11.09-07.20.47:467][502]LogContentBrowser:Verbose: The content browser source was changed by the sources view to '/Game/Sprites'
[2014.11.09-07.20.47:708][524]LogContentBrowser:Verbose: The content browser source was changed by the sources view to '/Game/Textures'
[2014.11.09-07.20.48:254][586]LogContentBrowser:Verbose: The content browser source was changed by the sources view to '/Game/Sprites'
[2014.11.09-07.20.49:314][705]LogContentBrowser:Verbose: The content browser source was changed by the sources view to '/Game/Textures'
[2014.11.09-07.20.51:178][924]LogContentBrowser:Verbose: The content browser source was changed by the sources view to '/Game/Materials'
[2014.11.09-07.20.53:791][228]Cmd: TRANSACTION UNDO
[2014.11.09-07.20.53:791][228]LogEditorTransaction: Undo Create Actors
[2014.11.09-07.20.56:201][477]LogContentBrowser:Verbose: The content browser source was changed by the sources view to '/Game/Sprites'
[2014.11.09-07.21.01:117][  4]LogEditorViewport: Clicking on Actor (LMB): PaperSpriteActor (PrototypeTexture_Sprite_4)
[2014.11.09-07.21.01:640][ 60]LogEditorViewport: Clicking on Actor (LMB): PaperSpriteActor (PrototypeTexture_Sprite_4)
[2014.11.09-07.21.02:466][149]LogEditorViewport: Clicking on Actor (LMB): PaperSpriteActor (PrototypeTexture_Sprite_4)
[2014.11.09-07.21.02:807][184]Cmd: DELETE
[2014.11.09-07.21.02:808][184]Cmd: ACTOR DELETE
[2014.11.09-07.21.02:808][184]LogEditorActor: Deleted Actor: PaperSpriteActor
[2014.11.09-07.21.02:830][184]LogEditorActor: Deleted 1 Actors (0.022 secs)
[2014.11.09-07.21.20:454][ 46]LogEditorViewport: Clicking on Actor (LMB): PaperSpriteActor (PrototypeTexture_Sprite_3)
[2014.11.09-07.21.31:547][277]LogEditorViewport: Clicking Background
[2014.11.09-07.21.39:828][152]LogGeometryMode:Warning: Unable to find 4 Edge(s) in new BSP
[2014.11.09-07.21.39:828][152]LogGeometryMode:Warning: Unable to resolve BoxBrush Brush in new BSP, see above
[2014.11.09-07.21.39:828][152]LogGeometryMode:Warning: Unable to find all previously selected geometry data, resetting selection
[2014.11.09-07.21.45:014][708]LogGeometryMode:Warning: Unable to find 4 Edge(s) in new BSP
[2014.11.09-07.21.45:014][708]LogGeometryMode:Warning: Unable to resolve BoxBrush Brush in new BSP, see above
[2014.11.09-07.21.45:014][708]LogGeometryMode:Warning: Unable to find all previously selected geometry data, resetting selection
[2014.11.09-07.21.48:515][ 84]LogEditorViewport: Clicking Background
[2014.11.09-07.21.51:572][435]LogEditorViewport: Clicking Background
[2014.11.09-07.22.08:498][207]LogGeometryMode:Warning: Unable to find 4 Edge(s) in new BSP
[2014.11.09-07.22.08:498][207]LogGeometryMode:Warning: Unable to resolve BoxBrush Brush in new BSP, see above
[2014.11.09-07.22.08:498][207]LogGeometryMode:Warning: Unable to find all previously selected geometry data, resetting selection
[2014.11.09-07.22.22:821][287]LogEditorViewport: Clicking Background
[2014.11.09-07.22.22:988][296]LogEditorViewport: Clicking Background
[2014.11.09-07.22.23:115][307]LogEditorViewport: Clicking Background
[2014.11.09-07.22.25:968][540]Cmd: TRANSACTION UNDO
[2014.11.09-07.22.25:968][540]LogEditorTransaction: Undo Move Actors
[2014.11.09-07.22.26:368][544]Cmd: TRANSACTION UNDO
[2014.11.09-07.22.26:368][544]LogEditorTransaction: Undo Modifier [Pen]
[2014.11.09-07.22.26:922][576]Cmd: TRANSACTION UNDO
[2014.11.09-07.22.26:922][576]LogEditorTransaction: Undo Select Surfaces
[2014.11.09-07.22.27:413][626]Cmd: TRANSACTION UNDO
[2014.11.09-07.22.27:413][626]LogEditorTransaction: Undo Select Brush from Surface
[2014.11.09-07.22.28:074][699]Cmd: TRANSACTION UNDO
[2014.11.09-07.22.28:074][699]LogEditorTransaction: Undo Clicking Background
[2014.11.09-07.22.28:453][743]Cmd: TRANSACTION UNDO
[2014.11.09-07.22.28:453][743]LogEditorTransaction: Undo Clicking Background
[2014.11.09-07.22.28:786][782]Cmd: TRANSACTION UNDO
[2014.11.09-07.22.28:786][782]LogEditorTransaction: Undo Clicking Background
[2014.11.09-07.22.29:847][881]Cmd: TRANSACTION UNDO
[2014.11.09-07.22.29:847][881]LogEditorTransaction: Undo Move Actors
[2014.11.09-07.22.30:096][882]Cmd: TRANSACTION UNDO
[2014.11.09-07.22.30:096][882]LogEditorTransaction: Undo Move Actors
[2014.11.09-07.22.30:334][882]Cmd: TRANSACTION UNDO
[2014.11.09-07.22.30:334][882]LogEditorTransaction: Undo Move Actors
[2014.11.09-07.22.30:615][882]Cmd: TRANSACTION UNDO
[2014.11.09-07.22.30:615][882]LogEditorTransaction: Undo Move Actors
[2014.11.09-07.22.30:867][882]LogEditorViewport: Clicking Background
[2014.11.09-07.22.36:140][366]Cmd: TRANSACTION UNDO
[2014.11.09-07.22.36:140][366]LogEditorTransaction: Undo Edit Extrude Depth
[2014.11.09-07.22.38:218][539]LogEditorViewport: Clicking Background
[2014.11.09-07.22.40:660][711]LogEditorViewport: Clicking Background
[2014.11.09-07.22.41:296][763]LogPlayLevel: PIE:  No blueprints needed recompiling
[2014.11.09-07.22.41:296][763]PIE: New page: PIE session: My2DMap (Nov 8, 2014, 9:22:41 PM)
[2014.11.09-07.22.41:300][763]LogPlayLevel: PIE: StaticDuplicateObject took: (0.003785s)
[2014.11.09-07.22.41:301][763]LogPlayLevel: PIE: World Init took: (0.000391s)
[2014.11.09-07.22.41:301][763]LogPlayLevel: PIE: Created PIE world by copying editor world from /Game/My2DMap.My2DMap to /Game/UEDPIE_0_My2DMap.My2DMap (0.004312s)
[2014.11.09-07.22.41:326][763]LogWorld: Game class is 'PaperGameMode_C'
[2014.11.09-07.22.41:327][763]LogAIModule: Creating AISystem for world My2DMap
[2014.11.09-07.22.41:328][763]LogWorld: Bringing World /Game/UEDPIE_0_My2DMap.My2DMap up for play (max tick rate 0) at 2014.11.09-02.22.41
[2014.11.09-07.22.41:328][763]LogWorld: Bringing up level for play took: 0.001108
[2014.11.09-07.22.41:330][763]PIE: Info Play in editor start time for /Game/UEDPIE_0_My2DMap 0.633
[2014.11.09-07.23.50:036][898]LogParticles: Destroying 0 GPU particle simulations for FXSystem 0x000000001CCDC5E0
[2014.11.09-07.23.51:045][998]Cmd: OBJ SAVEPACKAGE PACKAGE="/Game/My2DMap" FILE="../../../../../../Users/Matt/Projects/gaem/Content/My2DMap.umap" SILENT=true AUTOSAVING=false KEEPDIRTY=false
[2014.11.09-07.23.51:142][998]LogSavePackage: Save=23.060896ms
[2014.11.09-07.23.51:142][998]LogSavePackage: Moving '../../../../../../Users/Matt/Projects/gaem/Saved/My2DMapC5FEA63A42D8D34EDC8310AC40D371B1.tmp' to '../../../../../../Users/Matt/Projects/gaem/Content/My2DMap.umap'
[2014.11.09-07.23.51:179][998]LogFileHelpers: Saving map 'My2DMap' took 0.250
[2014.11.09-07.23.51:915][ 29]Cmd: QUIT_EDITOR
[2014.11.09-07.23.52:154][ 29]LogExit: Preparing to exit.
[2014.11.09-07.23.53:258][ 29]LogExit: Editor shut down
[2014.11.09-07.23.53:258][ 29]LogExit: Transaction tracking system shut down
[2014.11.09-07.23.53:259][ 29]LogParticles: Destroying 0 GPU particle simulations for FXSystem 0x000000001B96B420
[2014.11.09-07.23.53:272][ 29]LogParticles: Destroying 0 GPU particle simulations for FXSystem 0x00000000263A0CC0
[2014.11.09-07.23.53:272][ 29]LogParticles: Destroying 0 GPU particle simulations for FXSystem 0x00000000170E2980
[2014.11.09-07.23.53:272][ 29]LogExit: Object subsystem successfully closed.
[2014.11.09-07.23.53:325][ 29]LogModuleManager: Shutting down and abandoning module AndroidDeviceDetection (166)
[2014.11.09-07.23.53:325][ 29]LogModuleManager: Shutting down and abandoning module CrashTracker (165)
[2014.11.09-07.23.53:325][ 29]LogModuleManager: Shutting down and abandoning module SuperSearch (164)
[2014.11.09-07.23.53:325][ 29]LogModuleManager: Shutting down and abandoning module SceneOutliner (163)
[2014.11.09-07.23.53:325][ 29]LogModuleManager: Shutting down and abandoning module EditorWidgets (162)
[2014.11.09-07.23.53:325][ 29]LogModuleManager: Shutting down and abandoning module CollectionManager (161)
[2014.11.09-07.23.53:325][ 29]LogModuleManager: Shutting down and abandoning module StatsViewer (160)
[2014.11.09-07.23.53:325][ 29]LogModuleManager: Shutting down and abandoning module FoliageEdit (159)
[2014.11.09-07.23.53:325][ 29]LogModuleManager: Shutting down and abandoning module LandscapeEditor (158)
[2014.11.09-07.23.53:325][ 29]LogModuleManager: Shutting down and abandoning module MeshPaint (157)
[2014.11.09-07.23.53:325][ 29]LogModuleManager: Shutting down and abandoning module ActorPickerMode (156)
[2014.11.09-07.23.53:325][ 29]LogModuleManager: Shutting down and abandoning module GeometryMode (155)
[2014.11.09-07.23.53:325][ 29]LogModuleManager: Shutting down and abandoning module TextureAlignMode (154)
[2014.11.09-07.23.53:325][ 29]LogModuleManager: Shutting down and abandoning module BspMode (153)
[2014.11.09-07.23.53:325][ 29]LogModuleManager: Shutting down and abandoning module PlacementMode (152)
[2014.11.09-07.23.53:325][ 29]LogModuleManager: Shutting down and abandoning module AutomationWorker (151)
[2014.11.09-07.23.53:325][ 29]LogModuleManager: Shutting down and abandoning module CharacterAI (150)
[2014.11.09-07.23.53:325][ 29]LogModuleManager: Shutting down and abandoning module GameProjectGeneration (149)
[2014.11.09-07.23.53:325][ 29]LogModuleManager: Shutting down and abandoning module IntroTutorials (148)
[2014.11.09-07.23.53:325][ 29]LogModuleManager: Shutting down and abandoning module EditorLiveStreaming (147)
[2014.11.09-07.23.53:325][ 29]LogModuleManager: Shutting down and abandoning module HardwareTargeting (146)
[2014.11.09-07.23.53:325][ 29]LogModuleManager: Shutting down and abandoning module BehaviorTreeEditor (145)
[2014.11.09-07.23.53:325][ 29]LogModuleManager: Shutting down and abandoning module DeviceProfileEditor (144)
[2014.11.09-07.23.53:325][ 29]LogModuleManager: Shutting down and abandoning module UndoHistory (143)
[2014.11.09-07.23.53:325][ 29]LogModuleManager: Shutting down and abandoning module GameplayTagsEditor (142)
[2014.11.09-07.23.53:325][ 29]LogModuleManager: Shutting down and abandoning module UserFeedback (141)
[2014.11.09-07.23.53:325][ 29]LogModuleManager: Shutting down and abandoning module XmlParser (140)
[2014.11.09-07.23.53:325][ 29]LogModuleManager: Shutting down and abandoning module Blutility (139)
[2014.11.09-07.23.53:325][ 29]LogModuleManager: Shutting down and abandoning module IOSPlatformEditor (138)
[2014.11.09-07.23.53:325][ 29]LogModuleManager: Shutting down and abandoning module IOSRuntimeSettings (137)
[2014.11.09-07.23.53:325][ 29]LogModuleManager: Shutting down and abandoning module AndroidPlatformEditor (136)
[2014.11.09-07.23.53:325][ 29]LogModuleManager: Shutting down and abandoning module AndroidRuntimeSettings (135)
[2014.11.09-07.23.53:325][ 29]LogModuleManager: Shutting down and abandoning module ProjectTargetPlatformEditor (134)
[2014.11.09-07.23.53:325][ 29]LogModuleManager: Shutting down and abandoning module ProjectSettingsViewer (133)
[2014.11.09-07.23.53:326][ 29]LogModuleManager: Shutting down and abandoning module InputBindingEditor (132)
[2014.11.09-07.23.53:326][ 29]LogModuleManager: Shutting down and abandoning module EditorSettingsViewer (131)
[2014.11.09-07.23.53:326][ 29]LogModuleManager: Shutting down and abandoning module SettingsEditor (130)
[2014.11.09-07.23.53:326][ 29]LogModuleManager: Shutting down and abandoning module ProjectLauncher (129)
[2014.11.09-07.23.53:326][ 29]LogModuleManager: Shutting down and abandoning module SessionFrontend (128)
[2014.11.09-07.23.53:326][ 29]LogModuleManager: Shutting down and abandoning module ProfilerClient (127)
[2014.11.09-07.23.53:326][ 29]LogModuleManager: Shutting down and abandoning module TargetDeviceServices (126)
[2014.11.09-07.23.53:326][ 29]LogModuleManager: Shutting down and abandoning module DeviceManager (125)
[2014.11.09-07.23.53:326][ 29]LogModuleManager: Shutting down and abandoning module AutomationController (124)
[2014.11.09-07.23.53:326][ 29]LogModuleManager: Shutting down and abandoning module AutomationWindow (123)
[2014.11.09-07.23.53:326][ 29]LogModuleManager: Shutting down and abandoning module Layers (122)
[2014.11.09-07.23.53:326][ 29]LogModuleManager: Shutting down and abandoning module ComponentVisualizers (121)
[2014.11.09-07.23.53:326][ 29]LogModuleManager: Shutting down and abandoning module DetailCustomizations (120)
[2014.11.09-07.23.53:326][ 29]LogModuleManager: Shutting down and abandoning module PackagesDialog (119)
[2014.11.09-07.23.53:326][ 29]LogModuleManager: Shutting down and abandoning module AssetRegistry (118)
[2014.11.09-07.23.53:351][ 29]LogModuleManager: Shutting down and abandoning module Persona (117)
[2014.11.09-07.23.53:351][ 29]LogModuleManager: Shutting down and abandoning module Kismet (116)
[2014.11.09-07.23.53:351][ 29]LogModuleManager: Shutting down and abandoning module GraphEditor (115)
[2014.11.09-07.23.53:351][ 29]LogModuleManager: Shutting down and abandoning module ClassViewer (114)
[2014.11.09-07.23.53:351][ 29]LogModuleManager: Shutting down and abandoning module Toolbox (113)
[2014.11.09-07.23.53:351][ 29]LogModuleManager: Shutting down and abandoning module ModuleUI (112)
[2014.11.09-07.23.53:351][ 29]LogModuleManager: Shutting down and abandoning module MovieSceneTools (111)
[2014.11.09-07.23.53:351][ 29]LogModuleManager: Shutting down and abandoning module OutputLog (110)
[2014.11.09-07.23.53:351][ 29]LogModuleManager: Shutting down and abandoning module GammaUI (109)
[2014.11.09-07.23.53:351][ 29]LogModuleManager: Shutting down and abandoning module Documentation (108)
[2014.11.09-07.23.53:351][ 29]LogModuleManager: Shutting down and abandoning module GameLiveStreaming (107)
[2014.11.09-07.23.53:351][ 29]LogModuleManager: Shutting down and abandoning module StreamingPauseRendering (106)
[2014.11.09-07.23.53:351][ 29]LogModuleManager: Shutting down and abandoning module HTTP (105)
[2014.11.09-07.23.53:351][ 29]LogModuleManager: Shutting down and abandoning module AnalyticsET (104)
[2014.11.09-07.23.53:351][ 29]LogModuleManager: Shutting down and abandoning module Analytics (103)
[2014.11.09-07.23.53:351][ 29]LogModuleManager: Shutting down and abandoning module GameplayDebugger (102)
[2014.11.09-07.23.53:351][ 29]LogModuleManager: Shutting down and abandoning module AIModule (101)
[2014.11.09-07.23.53:351][ 29]LogModuleManager: Shutting down and abandoning module ProfilerService (100)
[2014.11.09-07.23.53:592][ 29]LogModuleManager: Shutting down and abandoning module TaskGraph (99)
[2014.11.09-07.23.53:592][ 29]LogModuleManager: Shutting down and abandoning module SlateRemote (98)
[2014.11.09-07.23.53:592][ 29]LogModuleManager: Shutting down and abandoning module ScriptEditorPlugin (97)
[2014.11.09-07.23.53:592][ 29]LogModuleManager: Shutting down and abandoning module CustomMeshComponent (96)
[2014.11.09-07.23.53:592][ 29]LogModuleManager: Shutting down and abandoning module CableComponent (95)
[2014.11.09-07.23.53:592][ 29]LogModuleManager: Shutting down and abandoning module MessagingDebugger (94)
[2014.11.09-07.23.53:592][ 29]LogModuleManager: Shutting down and abandoning module MediaPlayerEditor (93)
[2014.11.09-07.23.53:592][ 29]LogModuleManager: Shutting down and abandoning module SpeedTreeImporter (92)
[2014.11.09-07.23.53:592][ 29]LogModuleManager: Shutting down and abandoning module PluginsEditor (91)
[2014.11.09-07.23.53:592][ 29]LogModuleManager: Shutting down and abandoning module EpicSurvey (90)
[2014.11.09-07.23.53:592][ 29]LogModuleManager: Shutting down and abandoning module DesktopPlatform (89)
[2014.11.09-07.23.53:592][ 29]LogModuleManager: Shutting down and abandoning module VisualStudioSourceCodeAccess (88)
[2014.11.09-07.23.53:592][ 29]LogModuleManager: Shutting down and abandoning module UObjectPlugin (87)
[2014.11.09-07.23.53:592][ 29]LogModuleManager: Shutting down and abandoning module SubversionSourceControl (86)
[2014.11.09-07.23.53:592][ 29]LogModuleManager: Shutting down and abandoning module SourceControl (85)
[2014.11.09-07.23.53:592][ 29]LogModuleManager: Shutting down and abandoning module PerforceSourceControl (84)
[2014.11.09-07.23.53:592][ 29]LogModuleManager: Shutting down and abandoning module BlankPlugin (83)
[2014.11.09-07.23.53:592][ 29]LogModuleManager: Shutting down and abandoning module SlateReflector (82)
[2014.11.09-07.23.53:592][ 29]LogModuleManager: Shutting down and abandoning module DirectoryWatcher (81)
[2014.11.09-07.23.53:592][ 29]LogModuleManager: Shutting down and abandoning module HotReload (80)
[2014.11.09-07.23.53:592][ 29]LogModuleManager: Shutting down and abandoning module MainFrame (79)
[2014.11.09-07.23.53:592][ 29]LogModuleManager: Shutting down and abandoning module LevelEditor (78)
[2014.11.09-07.23.53:593][ 29]LogModuleManager: Shutting down and abandoning module ViewportSnapping (77)
[2014.11.09-07.23.53:593][ 29]LogModuleManager: Shutting down and abandoning module SmartSnapping (76)
[2014.11.09-07.23.53:593][ 29]LogModuleManager: Shutting down and abandoning module PaperTiledImporter (75)
[2014.11.09-07.23.53:593][ 29]LogModuleManager: Shutting down and abandoning module PaperJsonImporter (74)
[2014.11.09-07.23.53:593][ 29]LogModuleManager: Shutting down and abandoning module ContentBrowser (73)
[2014.11.09-07.23.53:593][ 29]LogModuleManager: Shutting down and abandoning module PropertyEditor (72)
[2014.11.09-07.23.53:593][ 29]LogModuleManager: Shutting down and abandoning module Paper2DEditor (71)
[2014.11.09-07.23.53:593][ 29]LogModuleManager: Shutting down and abandoning module ScriptPlugin (70)
[2014.11.09-07.23.53:593][ 29]LogModuleManager: Shutting down and abandoning module UdpMessaging (69)
[2014.11.09-07.23.53:693][ 29]LogModuleManager: Shutting down and abandoning module Paper2D (68)
[2014.11.09-07.23.53:693][ 29]LogModuleManager: Shutting down and abandoning module WindowsMoviePlayer (67)
[2014.11.09-07.23.53:694][ 29]LogModuleManager: Shutting down and abandoning module Media (66)
[2014.11.09-07.23.53:694][ 29]LogModuleManager: Shutting down and abandoning module WmfMedia (65)
[2014.11.09-07.23.53:694][ 29]LogModuleManager: Shutting down and abandoning module OnlineBlueprintSupport (64)
[2014.11.09-07.23.53:694][ 29]LogModuleManager: Shutting down and abandoning module FunctionalTesting (63)
[2014.11.09-07.23.53:694][ 29]LogModuleManager: Shutting down and abandoning module CollisionAnalyzer (62)
[2014.11.09-07.23.53:694][ 29]LogModuleManager: Shutting down and abandoning module WorkspaceMenuStructure (61)
[2014.11.09-07.23.53:694][ 29]LogModuleManager: Shutting down and abandoning module MessageLog (60)
[2014.11.09-07.23.53:694][ 29]LogModuleManager: Shutting down and abandoning module Sequencer (59)
[2014.11.09-07.23.53:695][ 29]LogModuleManager: Shutting down and abandoning module AssetTools (58)
[2014.11.09-07.23.53:695][ 29]LogModuleManager: Shutting down and abandoning module UMGEditor (57)
[2014.11.09-07.23.53:695][ 29]LogModuleManager: Shutting down and abandoning module UMG (56)
[2014.11.09-07.23.53:695][ 29]LogModuleManager: Shutting down and abandoning module Slate (55)
[2014.11.09-07.23.53:695][ 29]LogModuleManager: Shutting down and abandoning module EditorStyle (54)
[2014.11.09-07.23.53:696][ 29]LogModuleManager: Shutting down and abandoning module SessionServices (53)
[2014.11.09-07.23.53:696][ 29]LogModuleManager: Shutting down and abandoning module SourceCodeAccess (52)
[2014.11.09-07.23.53:696][ 29]LogModuleManager: Shutting down and abandoning module HeadMountedDisplay (51)
[2014.11.09-07.23.53:696][ 29]LogModuleManager: Shutting down and abandoning module XAudio2 (50)
[2014.11.09-07.23.53:696][ 29]LogModuleManager: Shutting down and abandoning module Networking (48)
[2014.11.09-07.23.53:696][ 29]LogModuleManager: Shutting down and abandoning module Core (47)
[2014.11.09-07.23.53:696][ 29]LogModuleManager: Shutting down and abandoning module KismetCompiler (46)
[2014.11.09-07.23.53:696][ 29]LogModuleManager: Shutting down and abandoning module PhysXFormats (45)
[2014.11.09-07.23.53:696][ 29]LogModuleManager: Shutting down and abandoning module MeshUtilities (44)
[2014.11.09-07.23.53:696][ 29]LogModuleManager: Shutting down and abandoning module DerivedDataCache (43)
[2014.11.09-07.23.53:705][ 29]LogDerivedDataCache: Shutdown
[2014.11.09-07.23.53:705][ 29]LogModuleManager: Shutting down and abandoning module ShaderFormatOpenGL (42)
[2014.11.09-07.23.53:705][ 29]LogModuleManager: Shutting down and abandoning module ShaderFormatD3D (41)
[2014.11.09-07.23.53:705][ 29]LogModuleManager: Shutting down and abandoning module MetalShaderFormat (40)
[2014.11.09-07.23.53:705][ 29]LogModuleManager: Shutting down and abandoning module TextureFormatUncompressed (39)
[2014.11.09-07.23.53:705][ 29]LogModuleManager: Shutting down and abandoning module TextureFormatPVR (38)
[2014.11.09-07.23.53:705][ 29]LogModuleManager: Shutting down and abandoning module TextureFormatDXT (37)
[2014.11.09-07.23.53:705][ 29]LogModuleManager: Shutting down and abandoning module TextureFormatAndroid (36)
[2014.11.09-07.23.53:705][ 29]LogModuleManager: Shutting down and abandoning module AudioFormatOpus (35)
[2014.11.09-07.23.53:705][ 29]LogModuleManager: Shutting down and abandoning module AudioFormatOgg (34)
[2014.11.09-07.23.53:705][ 29]LogModuleManager: Shutting down and abandoning module AudioFormatADPCM (33)
[2014.11.09-07.23.53:705][ 29]LogModuleManager: Shutting down and abandoning module Messaging (32)
[2014.11.09-07.23.53:705][ 29]LogModuleManager: Shutting down and abandoning module IOSTargetPlatform (31)
[2014.11.09-07.23.53:705][ 29]LogModuleManager: Shutting down and abandoning module Android_PVRTCTargetPlatform (30)
[2014.11.09-07.23.53:705][ 29]LogModuleManager: Shutting down and abandoning module Android_ETC2TargetPlatform (29)
[2014.11.09-07.23.53:705][ 29]LogModuleManager: Shutting down and abandoning module Android_ETC1TargetPlatform (28)
[2014.11.09-07.23.53:705][ 29]LogModuleManager: Shutting down and abandoning module Android_DXTTargetPlatform (27)
[2014.11.09-07.23.53:705][ 29]LogModuleManager: Shutting down and abandoning module Android_ATCTargetPlatform (26)
[2014.11.09-07.23.53:705][ 29]LogModuleManager: Shutting down and abandoning module AndroidTargetPlatform (25)
[2014.11.09-07.23.53:705][ 29]LogModuleManager: Shutting down and abandoning module WindowsTargetPlatform (24)
[2014.11.09-07.23.53:705][ 29]LogModuleManager: Shutting down and abandoning module WindowsServerTargetPlatform (23)
[2014.11.09-07.23.53:705][ 29]LogModuleManager: Shutting down and abandoning module WindowsNoEditorTargetPlatform (22)
[2014.11.09-07.23.53:705][ 29]LogModuleManager: Shutting down and abandoning module WindowsClientTargetPlatform (21)
[2014.11.09-07.23.53:705][ 29]LogModuleManager: Shutting down and abandoning module TargetPlatform (20)
[2014.11.09-07.23.53:705][ 29]LogModuleManager: Shutting down and abandoning module InputCore (19)
[2014.11.09-07.23.53:705][ 29]LogModuleManager: Shutting down and abandoning module Settings (18)
[2014.11.09-07.23.53:705][ 29]LogModuleManager: Shutting down and abandoning module ImageWrapper (17)
[2014.11.09-07.23.53:705][ 29]LogModuleManager: Shutting down and abandoning module OculusRift (14)
[2014.11.09-07.23.53:705][ 29]LogModuleManager: Shutting down and abandoning module ExampleDeviceProfileSelector (13)
[2014.11.09-07.23.53:705][ 29]LogModuleManager: Shutting down and abandoning module TextureCompressor (12)
[2014.11.09-07.23.53:705][ 29]LogModuleManager: Shutting down and abandoning module ShaderCore (11)
[2014.11.09-07.23.53:705][ 29]LogModuleManager: Shutting down and abandoning module SlateRHIRenderer (10)
[2014.11.09-07.23.53:705][ 29]LogModuleManager: Shutting down and abandoning module OpenGLDrv (9)
[2014.11.09-07.23.53:705][ 29]LogModuleManager: Shutting down and abandoning module D3D11RHI (8)
[2014.11.09-07.23.53:705][ 29]LogModuleManager: Shutting down and abandoning module Renderer (7)
[2014.11.09-07.23.53:705][ 29]LogModuleManager: Shutting down and abandoning module Engine (6)
[2014.11.09-07.23.53:705][ 29]LogModuleManager: Shutting down and abandoning module CoreUObject (5)
[2014.11.09-07.23.53:705][ 29]LogModuleManager: Shutting down and abandoning module NetworkFile (4)
[2014.11.09-07.23.53:705][ 29]LogModuleManager: Shutting down and abandoning module StreamingFile (3)
[2014.11.09-07.23.53:705][ 29]LogModuleManager: Shutting down and abandoning module SandboxFile (2)
[2014.11.09-07.23.53:705][ 29]LogModuleManager: Shutting down and abandoning module PakFile (1)
[2014.11.09-07.23.53:706][ 29]LogExit: Exiting.
[2014.11.09-07.23.53:709][ 29]Log file closed, 11/09/14 02:23:53
